<?xml version="1.0" encoding="UTF-8"?>
<robot generator="Robot 7.0 (Python 3.12.0 on win32)" generated="2024-01-31T16:41:57.373725" rpa="false" schemaversion="5">
<suite id="s1" name="Appdemosstep" source="e:\[MySkill - Quality Assurance]\Latihan\Robot Framework\myskill-robotframework-mobile\step\appdemosstep.robot">
<kw name="Start Session Apps" owner="appDemosPages" type="SETUP">
<kw name="Open Application" owner="AppiumLibrary">
<arg>http://localhost:4723/wd/hub</arg>
<arg>platformName=Android</arg>
<arg>platformVersion=11.0</arg>
<arg>deviceName=emulator-5554</arg>
<arg>appPackage=io.appium.android.apis</arg>
<arg>appActivity=io.appium.android.apis.ApiDemos</arg>
<doc>Opens a new application to given Appium server.
Capabilities of appium server, Android and iOS,
Please check https://github.com/appium/appium/blob/master/docs/en/writing-running-appium/server-args.md
| *Option*            | *Man.* | *Description*     |
| remote_url          | Yes    | Appium server url |
| alias               | no     | alias             |
| strict_ssl          | No     | allows you to send commands to an invalid certificate host like a self-signed one. |</doc>
<status status="PASS" start="2024-01-31T16:41:57.846842" elapsed="15.574160"/>
</kw>
<status status="PASS" start="2024-01-31T16:41:57.845844" elapsed="15.576162"/>
</kw>
<test id="s1-t1" name="As a user i want to open Demos app" line="10">
<kw name="Page Should Contain Text" owner="AppiumLibrary">
<msg time="2024-01-31T16:42:14.013010" level="INFO">Current page contains text 'Accessibility'.</msg>
<arg>Accessibility</arg>
<doc>Verifies that current page contains `text`.</doc>
<status status="PASS" start="2024-01-31T16:42:13.425005" elapsed="0.593001"/>
</kw>
<kw name="Tap Accessibility" owner="appDemosPages">
<kw name="Tap" owner="AppiumLibrary">
<msg time="2024-01-31T16:42:14.021008" level="WARN">Keyword 'AppiumLibrary.Tap' is deprecated. Since selenium v4, use `Tap With Positions` keyword.</msg>
<msg time="2024-01-31T16:42:16.773475" level="INFO">xpath criteria: //android.widget.TextView[@content-desc="Accessibility"]</msg>
<arg>${accessibility}</arg>
<doc>*DEPRECATED!!* Since selenium v4, use `Tap With Positions` keyword.</doc>
<status status="PASS" start="2024-01-31T16:42:14.021008" elapsed="2.753466"/>
</kw>
<status status="PASS" start="2024-01-31T16:42:14.020009" elapsed="2.755464"/>
</kw>
<kw name="Sleep" owner="BuiltIn">
<msg time="2024-01-31T16:42:17.779248" level="INFO">Slept 1 second.</msg>
<arg>1</arg>
<doc>Pauses the test executed for the given time.</doc>
<status status="PASS" start="2024-01-31T16:42:16.777475" elapsed="1.002760"/>
</kw>
<kw name="Page Should Contain Text" owner="AppiumLibrary">
<msg time="2024-01-31T16:42:17.987233" level="INFO">Current page contains text 'Accessibility Node Provider'.</msg>
<arg>Accessibility Node Provider</arg>
<doc>Verifies that current page contains `text`.</doc>
<status status="PASS" start="2024-01-31T16:42:17.783242" elapsed="0.204994"/>
</kw>
<status status="PASS" start="2024-01-31T16:42:13.423009" elapsed="4.566226"/>
</test>
<test id="s1-t2" name="As a user i want to open Accessibility Node Provider" line="15">
<kw name="Tap Accessibility Node Provider" owner="appDemosPages">
<kw name="Tap" owner="AppiumLibrary">
<msg time="2024-01-31T16:42:17.997238" level="WARN">Keyword 'AppiumLibrary.Tap' is deprecated. Since selenium v4, use `Tap With Positions` keyword.</msg>
<msg time="2024-01-31T16:42:19.365038" level="INFO">xpath criteria: //android.widget.TextView[@content-desc="Accessibility Node Provider"]</msg>
<arg>${accessibility_node_provider}</arg>
<doc>*DEPRECATED!!* Since selenium v4, use `Tap With Positions` keyword.</doc>
<status status="PASS" start="2024-01-31T16:42:17.996240" elapsed="1.368798"/>
</kw>
<status status="PASS" start="2024-01-31T16:42:17.995233" elapsed="1.370798"/>
</kw>
<kw name="Page Should Contain Text" owner="AppiumLibrary">
<msg time="2024-01-31T16:42:19.639031" level="INFO">Current page contains text 'Enable TalkBack'.</msg>
<arg>Enable TalkBack</arg>
<doc>Verifies that current page contains `text`.</doc>
<status status="PASS" start="2024-01-31T16:42:19.367035" elapsed="0.271996"/>
</kw>
<status status="PASS" start="2024-01-31T16:42:17.993238" elapsed="1.647790"/>
</test>
<kw name="Close Apps" owner="appDemosPages" type="TEARDOWN">
<kw name="Capture Page Screenshot" owner="AppiumLibrary">
<msg time="2024-01-31T16:42:20.600659" level="INFO" html="true">&lt;/td&gt;&lt;/tr&gt;&lt;tr&gt;&lt;td colspan="3"&gt;&lt;img src="data:image/png;base64, iVBORw0KGgoAAAANSUhEUgAABDgAAAjoCAYAAAA5jhrUAAAAAXNSR0IArs4c6QAAAARzQklUCAgI
CHwIZIgAACAASURBVHic7N15XJV1/v//J4IsKgIKicsXJVHBJU1TQsUlkXRatLJPZovTou2rMzVN
5jhO1qcZtflkVjp90nK0XW1yacEtF3IXMzWXxH1BEERkUTq/P/zBBzjXdTgHDudw4eN+u3m7ca7r
Otf7LVy8uM7rer9fb5+YmBibAAAAAAAALKyetzsAAAAAAABQXSQ4AAAAAACA5ZHgAAAAAAAAlkeC
AwAAAAAAWB4JDgAAAAAAYHkkOAAAAAAAgOWR4AAAAAAAAJZHggMAAAAAAFgeCQ4AAAAAAGB5JDgA
AAAAAIDlkeAAAAAAAACWR4IDAAAAAABYHgkOAAAAAABgeSQ4AAAAAACA5ZHgAAAAAAAAlkeCAwAA
AAAAWB4JDgAAAAAAYHkkOAAAAAAAgOWR4AAAAAAAAJZHggMAAAAAAFgeCQ4AAAAAAGB5JDgAAAAA
AIDlkeAAAAAAAACWR4IDAAAAAABYHgkOAAAAAABgeSQ4AAAAAACA5ZHgAAAAAAAAlkeCAwAAAAAA
WB4JDgAAAAAAYHkkOAAAAAAAgOWR4AAAAAAAAJZHggMAAAAAAFgeCQ4AAAAAAGB5JDgAAAAAAIDl
keAAAAAAAACWR4IDAAAAAABYHgkOAAAAAABgeSQ4AAAAAACA5ZHgAAAAAAAAlkeCAwAAAAAAWB4J
DgAAAAAAYHkkOAAAAAAAgOWR4AAAAAAAAJZHggMAAAAAAFgeCQ4AAAAAAGB5JDgAAAAAAIDlkeAA
AAAAAACWR4IDAAAAAABYnp+3OwAAAAAAAKzl9ttvV8uWLR0eM336dA/15jKfmJgYm0dbBAAAAAAA
ljZv3jz16tXL4THt2rXzUG8uY4oKAAAAAACwPBIcAAAAAADA8piiAgAAAAAADMXFxenll19WfHx8
tc+1YcMGTZ48Wbt373ZDz+x5NcEREhKiZs2aKScnR6dOnfJWN9wqICBALVq00G+//aZjx47p0qVL
3u4SAAAAAABV4kytDVds2LBB9957r9vOV5bHV1G5/fbbdeutt6pTp04KDQ0t3Z6fn699+/Zp1apV
mjt3rrKzs93a7htvvKEOHTq4/L61a9dqypQpDo+JjY3V6NGjdd111ykqKkr16l2e+VNcXKyDBw9q
w4YN+vDDD3Xw4MEq9R0AAAAAAG9wZ3JDkltGgpjx2AiOmJgYvfHGG7rmmmsqPTYjI0OvvfaaFi9e
7Lb2v/vuO0VHR7v8vqVLl+qZZ54x3T9u3Dg9+OCD8vf3d3ie/Px8zZgxQzNnznS5DwAAAAAAeMO+
ffvcfs6aWl3FIyM42rdvr9mzZ+uqq64qt/3s2bPKyclRUFCQIiIiSkc+RERE6O9//7t8fX311Vdf
uaUPTZo0cct5ypo0aZLuvvvuctuKiop0+vRp+fj4KDIyUr6+vpKkoKAg/eEPf1DDhg01bdo0t/cF
AAAAAIArmUcSHFOnTi2X3Ni4caPefvttpaamlm6LiorSmDFjdOedd8rX11f169fX+PHjtW7dOp05
c6Za7QcFBSk4OLhc+8ePH3fqvWlpaYbbhw4dqpEjR5a+Lioq0uzZs/X++++XTq9p0aKFHn/8cf3X
f/2XfHx8JEljx47V+vXr9eOPP1b1vwMAAAAAACqo8QTH6NGjFRsbW/o6JSVFjz32mN1xhw8f1iuv
vKLc3FyNGTNGkhQaGqoHHnhA//jHP6rVh+jo6NLRIZL073//W8uWLavWOX//+9+XJi1sNpv++te/
6rPPPit3zPHjxzV+/HhlZmbq8ccflyT5+vrqoYceIsEBAAAAAIAb1av8kOoZPHhw6dcXLlzQxIkT
HR4/Y8YM5eTklL52R0GTli1blnt95MiRap0vNDRUnTt3Ln2dlpZml9wo680331R6enrp62uvvbZa
7QMAAAAAgPJqPMHRtm3b0q937txZ6XKweXl55YqYVExOVEVkZGTp18XFxdUukhITE1OuqOjmzZsr
fc+mTZtKvw4JCXHL/wsAAAAAAFxW41NUVqxYUZoM+Omnn5x6T9kRHI0aNTI9buLEiRo+fLguXbqk
Dz74QO+8847hcREREeXOXVhY6FQ/zISFhZV7ffbs2Urfk5WVVe51eHi4jh07Vq1+AAAAAACAy2o8
wfHyyy+7/J6ySY38/HzDY3r06KFRo0aV1sF48sknNX/+/NICn2WFh4eXfp2ZmelyfyqqmKwICQmp
9D1lj7HZbMrIyKh2PwAAAAAAwGU1PkXFVSEhIeWKku7cudPwuMaNG5cmNySpfv36pqM9yi4RW3ZF
lqCgILVv317t27dXQECA031MS0srN8rEmZoa11xzTenXx44dc3oVFwAAAAAAUDmPLBPrinHjxpUb
7fDpp58aHrdmzRqlpaWpa9eukqRvv/1WR48eNTy2adOmpV+fO3dOzz33nG644QZdffXVpdNnbDab
0tPTtX79er333ns6efKkaR8vXbqk77//XiNGjJB0eTTJTTfdpCVLlhgef/fdd6tjx46lrxcvXmx6
bgAAAAAA4DqfmJgYm7c7IV0uBPr0009rxIgRpSMzvvvuOz3xxBOm7/Hz89P111+vgoICh4U+U1JS
1Lp1a0mXExllR34YycnJ0cSJEx0mIpo1a6Z58+aVnvfChQuaPn265syZo0uXLkmSAgICNHbsWD3y
yCOlI0R27Nihe++913TqDQAAAAAAtUV1F+kw0q5dO7efU/JSguPBBx9Uz549JV2eWhIeHq62bdsq
MDCw9JhVq1bp2WefVV5eXrXb27x5s1N1MsoqKirSiy++6DDJERcXp3fffbfciig5OTmlxUOjoqLK
TZvZvXu3xowZU+lKMgAAAAAA1AZWSnB4ZYpKly5dlJSUZLjvwoULmjJliubOneuWtoKCgtS4cePS
17/99ptWrFihpUuXat++fcrNzVWbNm00cOBA3X777QoODpYk+fv76+WXX9bmzZtNp6vs3r1bw4cP
1z//+U/16dNH0uUaIkbJlIULF+rPf/5z6egOAAAAAADgPr5NmjSZ6OlGhwwZovbt2xvuq1+/vjp1
6qSAgABt2rTJLe3t379fWVlZunTpkqZMmaJp06Zp7969OnPmjHJzc3XkyBH98MMPWr16tQYOHFia
5GjQoIF8fHy0Zs0aw/NGRERo/PjxGjhwoOrVc1yvNTo6Wk2bNtXGjRtJcgAAAAAALOHpp592+zmn
T5/u9nNKXpqi0qdPH0VHR0uSAgMDFR4ers6dO6tHjx7y8/u/QSXLli2rkW+mI/3799fMmTPl6+sr
STpx4oT69etnd1xoaKg+/PDD0uKhNptNW7Zs0cqVK5Weni4/Pz/FxMRo8ODB5VaF+eGHH/TII4+Q
5AAAAAAA1HpWmqJSa4qMSlLXrl01efJkdejQoXTb66+/rg8++MCj/fj3v/+t+Pj40tc33XST9u7d
W+6YOXPmlE5LKS4u1uuvv64PP/zQ8HwvvfSSHnzwwdLXCxcu1AsvvFADPQcAAAAAwH2slOBwPK/C
w9LS0vTQQw/pzJkzpdvuuecej/dj/fr15V537ty53OuhQ4eWJjckad68eabJDelykuabb74pfX3r
rbeqR48ebuotAAAAAACoVQkOSTp16pS+/vrr0tdRUVHlRlN4wqFDh8q9DgsLK/f6d7/7XenXBQUF
mjFjRqXnfPvtt2WzXR4s4+vrq+HDh7uhpwAAAAAAQKqFCQ5J2rFjR7nXFUdQ1LSCgoJyr8vWBZGk
q6++uvTr9PR0ZWVlVXrOX375RSdOnCh9bVZkFQAAAAAAuK5Gl4lt2bKlhgwZUvp648aN+umnnyp9
X25ubrnXAQEBVWo/ICBAd955Z+nrTZs26Zdffqn0fU2aNCn3Oicnp9zrhg0bln59/vx5p/uTl5dX
+nWDBg2cfh8AAAAAAHCsRhMcTZs21Z/+9KfS1++++65TCY6mTZuWe+3MCAkjhYWFGjdunBo1aiRJ
mj17tl577bVK31d21RPp8jKzZZVNwISEhDjdn8aNG5d+7UpiBAAAAAAAOFajU1QOHjyooqKi0tfd
unVz6n0VC3Du2rWrWn0okZCQ4NR7EhMTS7/Ozs7W5s2by+0/efJk6dfR0dGKioqq9Jxdu3ZVs2bN
DM8BAAAAAACqp0YTHLm5ueXqacTHxys5Odnhe2JiYspNazl06JBdTQ5XrF69uvTr2NjYSldlefzx
xxUdHV36euXKlXbHlF1lxc/PT+PGjau0H88991y51z/88EOl7wEAAAAAAM6p8SKjH374YenqIfXq
1dN///d/67777jM8tl+/fpo5c2a5qRxz5841PffEiRO1fft2bd68WY8//rjhMfPnzy+37OyLL76o
Bx54wPDYxx9/XE899VTp6/z8fM2ZM8fuuM8++0zHjh0rff273/1OU6dOLTdCo0SrVq303nvvlVtW
du/evVq4cKHp/wsAAAAAALjGJyYmxlbTjfztb3/TyJEjy207ceKE9uzZo5ycHAUFBenqq69WTEyM
fHx8So9JSUnRY489ZnjOHj166OOPPy49/uLFi+rdu7eys7Ptjh0+fLhee+011a9fv1z7u3fv1rlz
5xQcHKyOHTuqefPm5d73z3/+03QJ2KSkJE2bNk1BQUGl2y5cuKCdO3fq9OnTkqTIyEh17txZgYGB
pcfk5OToySef1I8//mh4XgAAAAAAaot9+/a5/Zzt2rVz+zmlGi4yWuKVV15Rbm6uRo8eLX9/f0lS
8+bN7RIKJX777TctWrRIEyZMMD1n48aNyyVD6tevr0aNGhkmOBYtWiQfHx/9+c9/VmhoaKXt22w2
vf/++6bJDely8uX555/XhAkTSs/ToEED9erVy/Q9hw4d0oQJE0huAAAAAADgZh4ZwVGiW7duevDB
B5WYmFi6sklZRUVF2rx5sz766CMtX77c4bn8/Pz0ySefqGvXrpKkb7/9Vk8++aTD97Rq1UqPPvqo
kpOTFRYWZth+WlqaZs6cWa52hyNNmjTRmDFjNHToULVs2dLwmEOHDmnJkiV6//337ZbABQAAAACg
ttq6dauCg4Pddr7c3Fx1797dbecry6MJjhJ+fn66/vrr1aZNGwUHB+vChQs6ceKEUlNTXUoAlJyn
oKDAbqWTysTHx6tdu3YKDg5WXl6eMjIylJqaajgCxFmxsbG65pprSpeOPXv2rLZt26YDBw5U+ZwA
AAAAAHjL008/Xa5WZXVNnz5db731ltvOV5ZXEhwAAAAAAMAa4uPjFR8fX+3zbNiwQRs2bHBDj4yR
4AAAAAAAAJZX48vEAgAAAAAA1DQSHAAAAAAAwPJIcAAAAAAAAMsjwQEAAAAAACyPBAcAAAAAALA8
EhwAAAAAAMDySHAAAAAAAADLI8EBAAAAAAAsjwQHAAAAAACwPBIcAAAAAADA8khwAAAAAAAAyyPB
AQAAAAAALI8EBwAAAAAAsDwSHAAAAAAAwPJIcAAAAAAAAMsjwQEAAAAAACyPBAcAAAAAALA8EhwA
AAAAAMDySHAAAAAAAADLI8EBAAAAAAAsjwQHAAAAAACwPBIcAAAAAADA8khwAAAAAAAAyyPBAQAA
AAAALI8EBwAAAAAAsDwSHAAAAAAAwPJIcAAAAAAAAMsjwQEAAAAAACyPBAcAAAAAALA8EhwAAAAA
AMDySHAAAAAAAADLI8EBAAAAAAAsjwQHAAAAAACwPBIcAAAAAADA8khwAAAAAAAAyyPBAQAAAAAA
LI8EBwAAAAAAsDwSHAAAAAAAwPJIcAAAAAAAAMsjwQEAAAAAACyPBAcAAAAAALA8EhwAAAAAAMDy
SHAAAAAAAADLI8EBAAAAAAAsjwQHAAAAAACwPBIcAAAAAADA8khwAAAAAAAAyyPBAQAAAAAALI8E
BwAAAAAAsDwSHAAAAAAAwPJIcAAAAAAAAMsjwQEAAAAAACyPBAcAAAAAALA8EhwAAAAAAMDySHAA
AAAAAADLI8EBAAAAAAAsjwQHAAAAAACwPBIcAAAAAADA8khwAAAAAAAAyyPBAQAAAAAALI8EBwAA
AAAAsDwSHAAAAAAAwPJIcAAAAAAAAMsjwQEAAAAAACyPBAcAAAAAALA8EhwAAAAAAMDySHAAAAAA
AADLI8EBAAAAAAAsjwQHAAAAAACwPBIcAAAAAADA8khwAAAAAAAAyyPBAQAAAAAALI8EBwAAAAAA
sDwSHAAAAAAAwPJIcAAAAAAAAMsjwQEAAAAAACyPBAcAAAAAALA8EhwAAAAAAMDySHAAAAAAAADL
I8EBAAAAAAAsjwQHAAAAAACwPBIcAAAAAADA8khwAAAAAAAAyyPBAQAAAAAALI8EBwAAAAAAsDy/
oKAgb/cBAAAAAACgWhjBAQAAAAAALI8EBwAAAAAAsDwSHAAAAAAAwPJIcAAAAAAAAMsjwQEAAAAA
ACyPBAcAAAAAALA8EhwAAAAAAMDySHAAAAAAAADLI8EBAAAAAAAsjwQHAAAAAACwPBIcAAAAAADA
8khwAAAAAAAAyyPBAQAAAAAALI8EBwAAAAAAsDwSHAAAAAAAwPJIcAAAAAAAAMsjwQEAAAAAACyP
BAcAAAAAALA8EhwAAAAAAMDySHAAAAAAAADLI8EBAAAAAAAsjwQHAAAAAACwPBIcAAAAAADA8khw
AAAAAAAAyyPBAQAAAAAALI8EBwAAAAAAsDwSHAAAAAAAwPJIcAAAAAAAAMsjwQEAAAAAACyPBAcA
AAAAALA8EhwAAAAAAMDySHAAAAAAAADLI8EBAAAAAAAsjwQHAAAAAACwPBIcAAAAAADA8khwAAAA
AAAAyyPBAQAAAAAALI8EBwAAAAAAsDwSHAAAAAAAwPJIcAAAAAAAAMsjwQEAAAAAACyPBAcAAAAA
ALA8EhwAAAAAAMDySHAAAAAAAADLI8EBAAAAAAAsjwQHAAAAAACwPBIcAAAAAADA8khwAAAAAAAA
yyPBAQAAAAAALI8EBwAAAAAAsDwSHAAAAAAAwPJIcAAAAAAAAMsjwQEAAAAAACyPBAcAAAAAALA8
EhwAAAAAAMDySHAAAAAAAADL8/N2BwBU37XXXqumTZvabS8sLNSaNWu80KPKRUZGqnPnzob7du/e
rWPHjnm4RwCuNMROwHP69++v+vXr223PyMhQWlqaF3oEoC4iwQHUUg0bNpSfn59ycnIqPXbEiBHq
3r273fbMzEyP3qS70ufY2FiNGzfOcN/06dOdukl3pT0AVwZiJ7ETtdPTTz+tBg0a2G3fsGEDCQ4A
bnNFJTiioqIUEBBgtz0zM1NZWVle6BFgr1+/frr33nvVokUL1atXT6dPn9Znn32mpUuXertrpjzd
Zyt+jzwhMjJSwcHB5badP39eJ06cqNZ5iZ2wAivGBWJn7dOuXTvD7UVFRTp06FC1z28WTyVp3759
1T4/vM/sGqqMzWZTfn6+MjIyVFRU5OZeAVeOKybBERoaqv/5n/9RYGCg3b61a9dq8uTJXugVUF5s
bKyef/75cjc/zZo10+OPP67s7GytX7/ei70z5uk+W/F75CkTJkxQdHR0uW1z587V/Pnzq3xOYies
wIpxgdhZO7311luG24uLi/WXv/xFW7Zsqdb5x40bp/bt2xvuu/3225Wfn1+t88P7zK4hZ9lsNhUW
FiozM1MHDx7UL7/8otWrVysjI8NNPQTqtiumyOiQIUMMb9AlqXv37mrUqJGHewTYS05ONnyy4+vr
q+TkZC/0qHKe7rMVv0eeEBsbqzZt2pTbdvHiRX333XfVOi+xE1ZgxbhA7LQWX19fjRkzRr6+vt7u
Cuo4Hx8fBQYGqmXLlurbt68eeughzZo1S3/84x/Vtm1bb3cPqPWumBEcffr0Md3XoEEDJScna8GC
BR7sEWAvNDS0Svu8ydN9rm57sbGx8vHxsduenZ1d7akc3pSUlGT3//rpp5905syZap2X2AkrIHbW
fHt1NXa6onXr1rrvvvs0Z84cb3cFV5jAwEDdcMMN6t27t2bPnq3//Oc/3u4SUGtdEQmO2NjYSjOe
ffv25SYdXueoOFxtvYH0dJ+r297UqVNVr5794LXvv/9e06ZNq1bfvKlXr15229atW1etcxI7YRXE
zppvr67GTlcNGzZMa9as0YEDB7zdFVyBAgMD9dhjj6lNmzbVngoD1FVXxBSV5ORkw6cOZXXo0IFh
X/C6hQsXKjMz0257Xl6ePv30Uy/0qHKe7rMVv0c1rXfv3oqIiCi3LTc3V8uXL6/WeYmdsAorxgVi
pzUFBgZq7Nix3u4GrnBDhw7V6NGjvd0NoFaq8yM4fH19FR8fX+lx9erVU3Jyst59910P9AowlpWV
pT/84Q+655571KZNG/n6+urYsWP6+OOPlZ6e7u3uGfJ0n634PappAwYMsNu2detWFRYWVvmcxE5Y
iRXjArHTuq655hrdfPPNWrx4sbe7AgvJyMio9JqpX7++GjdurDZt2qh9+/amNbAk6c4779S+ffso
EAxUUOcTHAMGDFCTJk2cOjYhIYGbdHjdyZMnNXXqVG93wyWe7rMVv0c1JSgoSNdee63d9tWrV1fr
vMROWI0V4wKx07pGjRql1NRUw1ExgJELFy7os88+c/r48PBw3X///YY1tqTLDyLuvfdeEhxABXV+
ikr//v2dPjYiIsKl4wHA2wYNGmS3ksnp06eVmpparfMSOwHAXFhYmB5++GFvdwN12JkzZzRt2jSH
SZHo6GhWQQIqqNMJjvDwcHXt2tVw3/79+w23Dxw4sCa7BABuZbTKyYYNG6p1TmInAFSuX79+uv76
673dDdRxc+bM0a5du0z3GxUZB65kdXqKyo033ih/f3+77adPn9ann36ql19+2W5f165d1aRJE2Vl
ZdVIn7p27arY2Fg1a9ZMQUFBql+/vs6fP6/c3Fz9+uuv2rRpk86fP2/5Nps2baqePXsqKipKYWFh
8vPzU25urs6dO6dTp04pNTVV2dnZbm3zmmuuUadOndS0aVM1bNhQfn5+unDhgs6fP6/Dhw8rLS1N
J0+erNXtBQQEmE4LyM7OVn5+frX7fe2116pr164KCQlRcHCwioqKlJmZqf3792vjxo0ut+GJPle1
vfDwcNWvX9+p89avX1/Nmzcvt62wsFBZWVlq0qSJAgICDN+Xm5vr0u9PaGiogoKC3HKuZs2aqVOn
TuW22Ww2paSkOH0OI8RO77VJ7CR2urPPVW2vrsdOd6lXr54efvhhbdu2rVo1j9whMjJSPXr0UMuW
LRUWFqb69evr4sWLysvL08mTJ7Vz507t2bPH7e326NFDnTt3VkREhAIDA5WXl6fs7Gz9/PPP2rhx
o9vbq8gbMdMbvvjiC02YMMFwX8eOHQ23m/3+5efnl/uetGjRQv369dNVV12lRo0a6fz589q0aZPT
I0Hdfe01bNhQjRs3Ntx37tw55eXlOX0uR3Gv5O856p46neAwerIpSVu2bNHatWuVmZmppk2bltsX
GBio5ORkffLJJ27rR2RkpEaMGKGEhIRK57RfvHhRP/30k7788ktt3brVUm1Kl7PIw4cPV5cuXeTn
Z355PfbYY9q/f7+++uqratUKaNWqlYYPH66+ffsqJCTE4bE2m00HDhzQypUrtWTJkirdjNR0ewkJ
CXrxxRcN902fPl1Lly51uc8l7rrrLt18880KDw83PSY3N1dr167VvHnznJ5XXJN9rm57kydPVlRU
lFPnHTBggF2xzu3bt+ull17SqFGjdNNNNxm+74cfftDrr7/uXOcl/e1vf1NMTIzpPlfm0iYlJdl9
CPn111+1d+9ep89hhNhJ7CyL2EnsdMSKsdOdWrZsqdGjR2vWrFleaf+mm27S4MGD1a5dO8NlfMs6
efKk1q1bpy+++KJaH/p9fX115513aujQobrqqqtMjzt79qyWLVumTz/9VEVFRVVuz4inY6a3lSRq
QkND7faFhoaWJibKGjdunLp37253/KZNmzRhwgQFBwfrqaee0vXXX293LxEWFlZpgqOmrr2OHTtq
0qRJhvtSUlJcqiN0991366677jLc98477+jrr792+lywjjqb4OjcubPatGljuG/FihWSLq8yMHjw
YLv9ffr0cdtN+h133KFRo0apQYMGTh1fv359de/eXddee63WrFmjt956y6VMpbfabNKkiZ544gkl
JCRUuqxkSZtxcXGKi4tTcnKy3n77bZ04ccKlNocNG6b77rtPDRs2dOp4Hx8fxcTEKCYmRsnJyXrn
nXe0Y8eOWtueu0RGRurll182vTEsKzg4WEOHDlWvXr301ltveeTpixUsX75cv/vd7wyv7S5dujh9
noiICEVHRxvuy8zMdPkGPSEhwW5bdWtvEDuJnRURO4mdVVVbY2dVnD17Vo0aNTIc2XLTTTfphx9+
qJEREmZiY2P1xBNPOHV9loiMjNQdd9yhpKQkffjhh1q2bJnL7UZFRemPf/yjU+2GhYVp1KhR6tOn
j1577TWX2zLijZhZW5w4ccIwweHj46PmzZtr3759Tp0nICBALVq00F//+le1atXK8BibzWb6/pq+
9jZt2qTTp08bJs9ciRuOji8oKNDKlStdOheso87W4EhOTjYMfEePHtXOnTslyfTCbtu2reLi4qrd
hyeffFIPP/yw0zfLZfn4+Khfv36aOnWqIiIianWbMTExmjJlinr37u3UH5uKunfvrokTJ6pZs2ZO
v+fhhx/Wo48+6vQNc0WtW7fWpEmT1K9fv1rZnrv4+/tr8uTJLv0Rki4P+XzppZeY1/n/2717tw4f
Pmy4LywszOnvU2Jionx9fQ33uToCIDY2VldffXW5bZcuXar29BRiJ7HTEWKnY8TO8mpj7Kyqc+fO
mX4o8/f319ixYz3SD+ly7Y9XX33V5euzREhIiJ566ik9+uijLr0vKirK4UgaM61bt9bkyZMdjrRw
hjdiZm3iaNpaxWLjjgQGBmrcuHGmyQ1J+u233wy3e+ra27Rpk+F2o6m5jtpq166d4b60tDSvqYpH
8gAAIABJREFUTGuDZ9TJBIe/v7969uxpuK/sL8y2bdt0/Phxu2N8fHyqXZH4/vvvNx2W6YrWrVvr
5ZdfNp136u02o6Ki9Ne//tVu/q2roqKi9Je//MVw3n9FI0aM0B133FGt9qTLGeznnnvOtJiit9pz
p+DgYLVo0aJK7w0MDNSzzz7rcFj2lcTRE1lni8wZLeda4ocffnCpP4MGDbK7wfv555916tQpl85T
FrHTc20SO93fnjsRO92ntsXO6pgzZ45h7JOkuLg43X777TXeh549e+q5556rctKwhI+Pj4YNG6aH
HnrIqeN9fX31wgsvOJyS4kh4eLhTccqMN2JmbePoZ+7KcsVt27Y1rdvhiCevvVWrVpnuMxq9aqRv
376mtYRYWrduq5MJjoEDBxoO4bLZbKVDrEts3rzZ8Bzx8fGmTwsqExcXpxEjRjg85syZM9q7d692
7Nih9PR0FRcXmx7boUOHSv8AeaNNf39/jRs3zuE89YKCAu3bt087duzQ/v37VVBQYHpsdHS07r33
XodttmzZUiNHjjTdf/z4cS1ZskQffPCBZs2apc8//1w7d+40zUQHBgY6XObN0+3VNJvNppycHKWn
p+vo0aOVDqcPCwvT/fff76Heud+RI0f066+/lvtnJjs72+7YssNYU1JSTH9nnPng5e/vbzq64dSp
U6axyIzRk89169a5dI6KiJ2eaZPYSeys7epy7KyO/Px8zZ4923T4/siRIxUZGVlj7YeEhOjJJ59U
YGCg6TEFBQVKT08vjR3nzp1zeM7bbrtNvXv3rrTtUaNGqW3btg6PKSgo0LFjx3Tw4EFlZWWZ/j67
yhsxs7bx9fU1HXHx22+/uVSY2Zm/0RWvcU9fezt37tSRI0cM9zmb7DZLjObm5lq6HgsqVydrcJgN
ZU1PT7db4nD58uW65ZZb7J6EhoWF6YYbbtD333/vcvtjx441zRju379fH330kd3Qq+bNm+v++++3
K9RVIikpSYsXL1Z6enqtaXPMmDFq37694b6CggJ98cUXWrBgQbkhdUFBQbrtttt05513GgbJW265
RSkpKaZDWm+++WbTzPGyZcs0Y8YMwxupxMREPfvss4bDz2NiYjRgwADDbLGn26spNptNa9as0Vdf
fVVuqTFfX18NHDhQd999t+nTyoEDB2rx4sXVLlzpDa+++qrdtiVLlhgWw9q0aZOmTZtmeq7Dhw9r
3759io2NtdvXokULxcbGOpx/nZCQYHotuXqD3rt3b7unaHl5edWenkLs9EybxE5iZ21XV2OnO6xd
u1br1q1T37597fYFBwfr4YcfNvz+ucNjjz1mOoKioKBACxYs0Ndff12uiKOvr69uuOEG3XfffYZT
6Hx9ffXYY4/p559/Vk5OjuG5mzdvruHDh5v269y5c/r000/17bfflkv+xcTEaNiwYRo4cGCVE9+S
d2JmbZOcnGz6e3Dy5MlqFXEtLi5WZmZmaUKiUaNGdquLeOPa27hxo/7f//t/dtujo6MVGRlZaVLH
bJRKWlqa11c9Qs2qcyM4IiMjTQvKGA2T3Lt3rw4dOmR4vNnNqyP9+/c3/CMuXR4+/oc//MFwXtmJ
Eyf0xhtvaNGiRYbvDQgI0NChQ2tNm5GRkUpKSjLcV1hYqNdff13z5s2zmy+Yn5+v+fPna8aMGYZP
QAIDAx0OFTfLxu7fv19vvfWW6VOiNWvWaPbs2abnNcsge7q9mlBcXKx//etfev311+3WUS8uLlZK
SorGjRtn+nvg5+enIUOGeKKrtd6GDRtM9xnd7JZ13XXXme5z9QNb//797bZt27atWstKEjs90yax
k9h5JaotsdNdZs2aZfp0unfv3oYxurpiY2OVmJhouK+goECTJk3S3Llz7VaoKC4u1vfff6/nnntO
R48eNXx/eHi4w+k1Q4cONa1PdPbsWb3wwgtasGCB3cim/fv3a+rUqZo+fbouXrzo6L9nylsxszYJ
CQnRnXfeabr/559/rtJ58/Pz9dlnn2nMmDEaPXq0nnrqKT311FN64IEH9NZbb5Ue561rb+XKlYY/
O19fX9P+lLjuuusUFhZmuG/t2rUO3wvrq3MJjhtvvNHwaVxxcbHdEOsSZn94u3Tp4nIhIrP554WF
hXr77bcrzRjOnDnT7klpCbMhWd5o87bbbjMdpvb5559XWkE+JSXFtDCYoxtYs+GJ27dvd9ieJC1e
vFgZGRmG+8zmdHq6vZrwzTffaOHChQ6Pyc7O1ttvv236ocOsLsOVJiUlxfQmrbIhk2bJgyNHjpQW
73RGUFCQ4bJv1a0GTuz0TJvETmLnlag2xE53ysjI0Mcff2y4z8fHRw888EC16xRUNGzYMNOlOD/+
+GNt27bN4fszMzM1depU059DUlKSAgICDPc5ii0zZ840TfKV+Pbbb00TwpXxVsysLSIjIzVx4kTT
2FcyysxVZ8+e1SuvvKLZs2dXuqqMt669AwcO6MCBA4bv6datm8M2zWLv2bNnSXBcAepcgsOs8My+
fftMh6GtWLHC8Oakfv36uvHGG51uOyIiwvQP9fbt202HK1f07bffGm5v1aqVXVEkb7QpmT9xycjI
0Oeff+5Um0uXLjXcHh4ebvr0z6wolNkQ84rWrl2rrVu32v0z+z55uj13O3/+vMOnoWXt3LnT9ClA
eHi44YfqK82ZM2dMv0fR0dGmQ9Xj4uJMP/C7OsT6hhtusKuWnpGRUe2CWcTOmm9TInYSO69MtSF2
utuiRYtM/0/NmjXTAw884La2goKCTAuyHj9+XF9++aVT59mzZ49praYmTZpo4MCBdtvj4uLUsmVL
w/fs37/f6VoGH374ocO6GGa8FTO9JSgoSFFRUUpKStK4ceM0Y8YM05GG0uVVhMxWHHHkgw8+cGrk
hzevPcn8QUrHjh0dFvS+5pprDLdv3brVYR0t1A11qgZH165d1bp1a8N9joZHOpof2rt3b3300UdO
td+jRw/TOYY//vijU+eQpNTUVD3xxBN22319fRUVFVXuiaE32mzfvr3p07nU1FSn5wGuX79e58+f
N1zaKi4uzjAjnJuba5jl7d27tz7//PNKq0jPmjXLqb55qz13KywsrLQYXlmpqammfxTat2/vseX4
arP169cbPjnw9fVVv3799Mknn9jtM0se2Gw2LV++3KX2jW72qnJzUxax0zNtEjuJnVcyb8fOmvDe
e+9pypQphtf6jTfeqFWrVrlllEnPnj1NRzGsWbPGpQ9sy5YtM51G2KVLF33zzTfltjlaktOVkQPF
xcUuFx31ZsysCa1bt9aSJUscHmM2UsJIXl6e5syZ43I/srKynK7Z5c1rT7r8IGXkyJF2f68DAwPV
p08fw/9HixYtFBUVZdpn1H11KsExePBgw+2XLl2q9A/hhg0bDG/SW7dura5duyotLa3S9jt06GC4
vbi42KUb5szMTL333nuGN98V12z2RpuOnkZt2bLF6Taly4WRjNbSvvrqqw2PP3DggOHSexEREZo6
daq++OILfffdd9UqtuTN9rwtNTVVY8eONVxf3uwD8JVmxYoV+v3vf284H7l79+6GN+lmIwUOHjxo
OvzSSEREhN3Nps1mq3ZxUWKnZ9okdhI7r2TejJ01Zf/+/frPf/5jWB/Bz89PjzzyiJ566qlqt+Ou
JIMk7dixQ6dOnTIcGWNUyNMspthstmqv3FUZb8bMmuJKAsORwsJCTZ061XSapCNmqwAZ8ea1J10e
JfLLL78YFgzt0aOH4f1P3759Db/PGRkZDh/aoO6oMwmOgIAA0/lWu3btMp3PWyIlJUWjRo0yHD47
ePBgp27SzYZYZmVl2RXeqcxXX33l1HHeaNMsK2qz2RQeHu7S0HSzQG+0VKUkfffdd+rVq5fhTWSz
Zs30xBNP6P7779euXbu0a9cubdu2Tfv27XO6P95uz9tOnTql7Oxsw8JMRhWwr0R5eXlKS0szfLLY
vn17hYSElKsGHh4ebrq0nqsjL5KTk+1iVHp6unbv3u3SecoidnquTWJnzbXnbcTOynkzdtakf//7
37r++usNV3uIiYnRyJEjDZM3rjBbHvTcuXNVSvQcPnzY8EOm0SoZRolK6XL9mWPHjrnctiu8GTNr
s5LEempqao235c1rr8SPP/5omODo3Lmz4fFmiVFvT2uD59SZBEdSUpIaN25suM+Zp3FnzpzRrl27
DH8pevXqpYCAgEoLzplVmM7Kyqq0/aryRptmhbN8fHzc8qRCkulwuPXr12vFihUaNGiQ6XuDg4MV
Hx+v+Ph4PfDAA8rMzNT+/fu1adMmrV692u6pqiOebq82yMzMNLxJNys+diVau3at4U16QECAEhMT
tXjx4tJtiYmJhk/3S1ZhcIXRPNjqPo0gdnquTWJnzbVXGxA7K+et2FmTioqK9P7772vChAmG/R0x
YoTWrl1ruoqEM4ymVkjS6dOnq3Q+s6KS/v7+atq0abkpZGZ1DiqbZuYO3oyZtdHFixf1448/aubM
mR75/kvevfZKLF++XPfee69dbafw8HB169atXPHqgIAAxcXFGbbhbL0YWF+dKTLar18/w+0FBQWm
KwBUZJYJDQ4ONh3CXZbZDXNViio5yxttursyuBFHhYOmTJmi7777zukhdk2bNlV8fLyefPJJzZ07
Vy+++KLDgk3ebs/bzIaMO/qZXGlWr15t+pS/4pKGZgXM9u3b59INb/v27e2eZhYXF+u7775z+hxG
iJ2ea5PYWbPteRuxs3LeiJ2esHHjRtMPTw0bNtTYsWOrdX6zeFXVpcEvXLhgui8yMrLca7PrtzrL
kjvL2zGzNrh48aLS09O1cOFCPfroo3rttdc8ltyQvHvtlcjKyjKtZVMxYZqQkGD4Mz127JhTI0pR
N9SJERwtW7Y0nSNWWFjodJbXrOCcdPlDQNknC0bMqsPXZLVeb7TpiadRjn4WkvTmm29q69atuuee
ewyHhZoJDAzUgAEDlJiYqFWrVmn27NlO/aHwdHvedOnSJcPtZqsiXImKi4u1detW3XDDDXb7Onbs
KH9/fxUVFcnf39/0SUJlS9tVlJSUZDfcf9euXZUu7+YIsdOzbRI7iZ1XOm/ETk/53//9X1177bWG
o3h69uyppKSkKo88MYsdZstuVsbRqLqKIxrMrt+qtu2K2hAz3cmZJUovXryoCxcuKC8vTydPnlRa
WppHkklmvHntlZWammpYk6ViceeKidISTE+5stSJBMeNN95oGqBCQkLUp0+farfRsWNHtWrVyuFT
A7Nfdj+/mvs2e6PN2mL16tVavXq1kpKSNHjwYMXFxTm9BKGvr68GDRqkuLg4TZ48Wb/++muta89b
zG5m6koxQHdZvXq14U16cHCwEhIStHr1al1//fWGwzsvXbrk9OiIEvHx8Xbbqlvgjdjp2TZrC2Jn
zSB2OsfTsdNTsrKyNHfuXD399NOG+0ePHl3lKYVmHwqd/T2qyNEHydzc3HKvza7fqrZ9JTt37pze
eecdb3fDJd689spauXKlHnzwQbvRGVFRUeXuMYzqcthstlobN1Az6sSdXO/evWu8DV9fXw0ZMkTv
v/++6TFmw65qMgNdm9osKChw2/JLZQuNVSYlJUUpKSlq2rSp+vXrp44dO+rqq69W8+bNDQvcldWi
RQu98MILeuaZZyqtE+Ct9jzNm8NRrWTjxo06ffq0YWGs+Ph4rV692vRJwu7du3Xq1Cmn20pISLBr
58KFC9Weh07srB1tEjuJnVcST8ZOT1u2bJkSExMNp9eEh4drzJgxVTqvWeyo6vQKR++rOFLK7Pr1
xNSO2hYzr0TevPbKKilSXLEWWb169ZSYmKiPP/5YsbGxhgVMDx06pL1791apv7Amyyc4evbsqZYt
W3qkrYSEhCrdpJut4e0O3mjTrPCbn5+f3n77ba89rcrMzNTChQu1cOFCSVLz5s0VHx+v6667Tl27
djV9Mtu6dWuNGDFC8+bNq9XteYrZtcNNur1NmzbppptustvepUsXSeYVvl1ZhlSS+vfvb7dt27Zt
ysvLc+k8ZRE7iZ0liJ3uQex0nqdipzfMmjVLb775puGT6htuuMHlVZok89jhaOUJR5o3b264/dKl
S04nOJo2bVqltl1RW2PmlcSb115Fa9euNSy23q1bN3388ceGBYyl2rXqEjzD8kVGjYY51pQWLVoY
DhMvYbZcVpMmTWrsptkbbZoFID8/P4drlnvaiRMntGjRIo0fP15PPvmkdu3aZXqso59rbW2vJrRs
2VLBwcGG+2rzUzNvMRvyGB4erqFDhxr+IS8sLHRpqGRAQIDh71V1n14RO4mdZoidriN2usYTsdNb
0tPTtWDBAsN9vr6+VUoMHDlyxHB748aNTZfSdcRs+VWjuHjy5EnDY0NDQ02X23YXq8TMusyb115F
a9as0blz5+y2d+jQQY0aNbKrxyFJv/32m5YvX+5yP2Ftlh7BERQUZDqM8dKlSw7ncjlSr149hYSE
GO4bNGiQ6RzKvXv3aujQoXbbfX191atXL33zzTdO9+GVV14xnBs/d+7ccutOe6PNnTt36pZbbjE8
R58+fWrsCUvPnj0N1zE/evRopYHx0KFDGj9+vN5++23DP8hGT7I93V5t4OjDw6FDhzzYE2vYtWuX
Dh06pNatW9vtu+eeewzf8/PPP7v0BC8pKcnug1NmZma1ljsjdhI7JWKnOxE7XeOJ2OlN8+fPV0JC
gqKjo91yvp9//lnDhg0z3JeYmFguzlSmc+fOhsP4JRnWuNm/f7/halg+Pj7q27evPvvsM6fbdpW3
Yib+jzevvYqKioq0detWDRgwoNz2gIAAJSUlKSYmxu49+/fvJwZfgSyd4EhOTjZdn3nVqlWaOnVq
lc7r6+urefPmGd6o9+jRQ40aNTIcsrVlyxZdunTJcHjt9ddf7/QNc6dOnUznxr/77rteb3PDhg0q
KCgwHH7Zt29fzZ8/3+WVHaKionTy5EmHww2ff/55hYaG2m3/z3/+Y9dHI/n5+UpNTdUdd9xht69B
gwYKCgoqNxTT0+3VhAYNGpiuK26kV69epvscPVW9km3cuNHwJt3sKd369etdOr9Roc/qriJA7CR2
SsROR4idNa+mY6c3FRcXa9asWXr11VfdskrH5s2bTWNHYmKi5s6d6/QKUEZTg0r89NNPdtvS0tJk
s9kM6+QkJiY6neAIDg52+XvhrZiJ/+PNa8/ImjVr7BIcknTHHXcY/j2vrasuoWZZeopKYmKi6b4f
fvihyuctLi7Wtm3bDPc1aNBAycnJhvsyMjJM11ju1q2b2rRp41T7N998s+H2nJwcu6Gu3mizsLBQ
W7ZsMTw+MDDQtIK4mdatW+vVV1/VX/7ylyoVH2rXrp3TbZkVp7t48aLdDbOn26sJQUFBevjhh506
tnPnzqbzno8dO1ZnbtJtNpvh9qpWBE9JSXH6j/uFCxe0atUqp88dERFh+DOp7jBtYiexUyJ2OkLs
tGel2FkbbN++Xd9//71bzpWfn286WqFFixaGyUAjsbGxpqtjZWZmGg7lP3TokPbv32/4npiYGKen
Oz7yyCMuF3H2VszE//HmtWdk/fr1OnPmjN328PBwu23FxcVMT7lCWTbBERUVpdjYWMN9p0+frnZB
GUfDv/v27Wu6z+yPWUBAgJ566qlKA+ott9xi+uFj69attabNL774wvTGpFu3bvrTn/7kVKY+ISFB
kyZNUkREhLp3765JkyaZPlk2+zDSoUMHwyKMRszmbGZlZXm9vZrSv3//Sm/UIyIi9Mwzz5j+zOpS
BrygoMBwe1XnEh8+fNj05q+iHTt2uFQYdPDgwXYfHg4dOqSdO3e61MeyiJ3ebZPYSey0KivFztri
gw8+UEZGhlvO9dVXX5nGjlGjRqlnz54O3x8REaFx48aZJqRWrlxpOqph7dq1pucdO3ZspcnL++67
TwMHDnR4jBlvxEyU581rz4hZ0quiPXv2mNaQKfH73/9e7733nj755BP961//0qOPPuowETdo0CC9
+eabmj9/vj766CONHz/etK6IJI0YMULvvPOOPvnkE33wwQd67rnnTKfywn0sm+AYMmSIaUDbvHlz
tc//448/mv5R6tChg2lhndWrV2v37t2G+zp27Khp06YZ3uBFRUXpj3/8ox599FHD/1dxcbGWLl1a
a9rcs2ePwyKH/fv314wZMzRkyBDDDwl9+/bV+PHj9fLLL5erxNy5c2e9+uqrhsObv/32W8MbrHr1
6unZZ5/VyJEj5e/vb9ifRo0a6YUXXjD9YLdjxw6vt1dTfHx8dMcdd+jvf/+7+vfvX+5nHRwcrNtv
v13Tpk1Tq1atDN9fUFCgJUuWeKq7Nc6sIni7du00duzYcgUmnb1xd3Ye8Lp165w6roRRRfDqzjkm
dnq3TWInsdOqrBQ7a4vc3Fx9+OGHbjmXo9gREBCgV155RWPHjrX73gcFBemWW27Rm2++aXqtZmRk
6MsvvzRte8mSJaZxPSQkRK+//rruv/9+u/oKvXv31uTJkzVq1CjDujzO8EbMRHnevPaMrFy50qnj
zOp+lXjiiSd01113qXXr1goJCVGrVq00bNgwvfTSS4bH9+vXT88//7xiY2MVFhamiIgI9enTR3/7
298Mi5OPHDlSDz30kKKjoxUSEqLmzZsrOTlZkyZNcqr/qDrL1uAwWiaohLMXfmU2b95sWISuXr16
Sk5ONp1LPGvWLL3xxhuGN3Bt2rTRn/70Jz3xxBPKyspSYWGhgoODFRkZaTi/scQ333zj8KmtN9qc
MWOGYmJiTINW69at9cwzz+iRRx7RmTNndOHCBTVs2FChoaFq2LCh6XlbtGihJk2a2BUTO3z4sJYs
WWI4HC4wMFCjR4/Wrbfeql27duno0aPKz89XUFCQWrVqpS5duqhx48aG7RUWFmrx4sV22z3dXk3r
0qWLunTpouLiYmVnZ6tevXpq3LhxpU8+li5d6lR1a6tIT083LHLl4+Oj2267TcOHD9eFCxfk5+en
c+fO6f7776/0nCkpKRo1apTDodq5ubkuTf+IiYmxSwYUFxdXe8gzsdP7bRI7iZ1WZJXYWdssX75c
/fr1c1inxVnvvPOO4uLiDH8O9evX12233aZbb71VGRkZOn/+vAICAhQeHu5wNFpxcbHee+89hwVc
8/LyNH/+fD3zzDOG+xs2bKi7775bd911l86fP6+ioiKFhIRUefpSRZ6OmbDnrWvPSFpamo4fP+4w
kVpUVORwekpISIiGDBliuC8+Pl5du3a1G4145513GibqrrrqKt16662aM2dOue233Xab4fnbt2+v
pKQkpaSkmPYP1WPJBEdCQoLpOspHjx6t1vDtslatWmV4k17SB7Ob9D179uizzz7Tvffea3ru4OBg
0yXlKtqxY4f+9a9/OTzGG22eP39e06ZN08SJE01vSKXLN7Rmf5Qqys/P19SpU02rKc+ePVtt27ZV
t27dDPeHhYWZzvEz8+WXX2rv3r21oj13Ky4utrsJd2WZuuPHj2v+/Pk10TWv2bJli8MVD3x8fBze
EBk5c+aMfv75Z9PrRLo8ZcGVIZiDBw+2+xC9Z8+ean1gInbWjjaJncROK7JK7KyNZs2apU6dOrn8
/akoNzdX06dP1/jx4w2LPkqXr9PIyEinz7lo0SKnCrh+8803SkhIcJioKUn+uZs3YibK8+a1Z2Tz
5s269dZbTffv3LnT4ZTG9u3bGxYlLdG2bVu7BIfZ/ZNkv/xty5YtHV6r7lphCcYsOUVl0KBBpvuq
O3+8rB07dph+mIiIiFC/fv1M3ztv3jx99dVXpkW5nLV9+3ZNmjTJtOCat9vcvXu3/vznP+v48ePV
alO6fKMzadIkh0PKiouL9dprr7mlaJvNZtPChQs1d+7cWtOeu61atcrpOc4VnTt3TlOmTLHkvGdH
auqpamV/pF0dYm30QaK6qwgQO2tPm8RO97bnbsROe1aJnbXRsWPH9Pnnn7vlXFu2bNE//vGPKi/n
XaLk9+r99993+j1Tpkyp8u/FkSNHTGsTOcPTMRP2vHntVbR8+XKHf7Mrm/5WWT0no/+jo5hecV9W
VpbDIspmU/7gHpZLcDRq1EjXXnut4T6bzeb2armOCoRVVjDpvffe07vvvlulQFBYWKhPPvlEL730
kks3Sd5o88CBA3rxxRe1atUqXbp0yeV2bTabfvzxRz3//PPavn17pcfn5ubqhRde0OLFi52uwF5R
VlaW3nrrLc2aNavWtedOZ86c0cSJE12et37s2DFNnDjRtD6BlRUXF2vKlCk6e/asW8+7YsUK09Ud
srKyHM4hrig+Pt5uGGhBQUG1pqcQOx0jdjqH2OkYsdN17oydtdmnn36qffv2ueVc69ev10svvVTl
BOLZs2f1z3/+0+Xfq9zcXI0fP97lhPiePXs0YcIEl5d0rcjTMRP2vHXtVbR3716lp6cb7isoKKh0
yu2BAwdMR++cPXtWqampdtvN6pT99ttvdtPo8vPzTQtuFxQU1Jm4VltZbopKcnKyGjRoYLjv4MGD
OnDggFvbW7FihYYPH24437pbt24KDQ11OHfs66+/1rp163T77bcrISGh0sJb2dnZSk1N1YIFC3T0
6NEq9dkbbZ45c0ZvvPGGvvzyS91xxx3q1KmTIiIiHL6noKBAu3bt0qJFi1z+Y1lcXKwZM2Zo2bJl
uu2229SjRw+FhYU5fI/NZtPhw4e1Zs0aLVmyxKU5f55uz13Onj2rzMxMvfjii7rpppt0yy23KCoq
yrR+QGZmplasWKGPP/7YI0sxesuePXs0btw4PfTQQ+rVq5fpPGFXbqDy8vKUlpZmWOPC1adWRmu8
b9++vVpPTYidlSN2GiN2EjtL1PbYWdvNnDlTr7/+ultqUxw4cEDjxo3TgAEDNGTIEHXs2NHheW02
m44cOaJ169ZpwYIFVX6CnJOTowkTJujGG2/UsGHDHA61P3bsmJYuXaoFCxZIkluSY55WlaNLAAAg
AElEQVSOmbDnrWuvoo0bNxpef2lpaU61MWPGDL3wwgvlHiiVJGCM3j979my1atVK11xzTem2wsJC
ffrpp4bX1cyZM/XnP/9ZrVu3Lt2Wm5urWbNmVfmeAc7x6dKlS/XG5MIlV199tTp16qRmzZqpQYMG
8vPz0/nz55WTk6Pdu3fXSIV4b7QpXV7zOjY2ViEhIQoODpa/v7/y8/OVk5Oj9PR07dixw61DtGJi
YtSlSxeFhISoUaNGpe1duHBBR48eVVpamuHa2VZpz11K5sWHhYWpcePGunjxojIzM/XLL784vfRW
XRIZGamePXuqVatWCgoKUn5+vs6fP6+DBw9qy5YtLn1YmTZtmuLi4uy2T5gwwembqoCAAM2dO9eu
5sMbb7yhVatWOd2XuobYSez0NmJnebUtdl7pGjVqpB49eqhVq1YKCwuTv7+/iouLlZeXpxMnTuin
n37S4cOH3d5uTEyMunXrpmbNmikgIEDnz59Xdna2duzYoT179ri9PSOejpkoz1vXnjv4+/vruuuu
U0REhLKzs7Vx48ZKY1fnzp0VHR2toqIibd++XadOnXJ4fM+ePdWiRQvl5uZq06ZN1Z7ig8qR4AAA
N2jTpo1mzJhhV2H79OnTGj16tNPnGTp0qJ5++uly286ePav77ruvysP8AaC2clfsBABAsmANDgCo
jW688UbD5cPM5mya6du3r+E5SG4AqIvcFTsBAJAsWIMDAGqboKAgJSYmGu6rrNBVRZs2bdJPP/1U
bpujgp0AYFXujJ0AAEgkOACg2h5++GE1bdrUbvuhQ4e0c+dOl861aNEid3ULAGo1d8ZOAAAkEhwA
UGUtW7bUqFGjTJc9XbFihYd7BAC1H7ETAFBTSHAAgJMGDBigYcOGSZIaN26sZs2aydfX1/DYjIwM
ff31157sHgDUSsROAICnkOAAACeFhoYqNjbWqWM///xzl5ZJBIC6itgJAPAUVlEBADdbt24dTyAB
wEXETgBAdZHgAAA32r59u958801vdwMALIXYCQBwB6aoAIAbFBUV6ZtvvtG7777r7a4AgGUQOwEA
7uTTpUsXm7c7AQBW0LZtWw0aNEitWrVSo0aNJEk5OTk6cOCAVq1apaNHj3q5hwBQ+xA7AQCeQoID
AAAAAABYHjU4AAAAAACA5ZHgAAAAAAAAlkeCAwAAAAAAWB4JDgAAAAAAYHkkOAAAAAAAgOWR4AAA
AAAAAJZHggMAAAAAAFgeCQ4AAAAAAGB5JDgAAAAAAIDlkeAAAAAAAACWR4IDAAAAAABYHgkOAAAA
AABgeSQ4AAAAAACA5ZHgAAAAAAAAlkeCAwAAAAAAWB4JDgAAAAAAYHkkOAAAAAAAgOWR4AAAAAAA
AJZHggMAAAAAAFgeCQ4AAAAAAGB5JDgAAAAAAIDlkeAAAAAAAACWR4IDAAAAAABYHgkOAAAAAABg
eSQ4AAAAAACA5ZHgAAAAAAAAlkeCAwAAAAAAWB4JDgAAAAAAYHkkOAAAAAAAgOWR4AAAAAAAAJZH
ggMAAAAAAFgeCQ4AAAAAAGB5JDgAAAAAAIDlkeAAAAAAAACWR4IDAAAAAABYHgkOAAAAAABgeSQ4
AAAAAACA5ZHgAAAAAAAAlkeCAwAAAAAAWB4JDgAAAAAAYHkkOAAAAAAAgOWR4AAAAAAAAJbnc+jQ
IZvNZlPJv7JKXvv4+HijbwAAAAAAAKb5CR8fn9J/fn5+fuWSGxWTHBXfCAAAAAAA4AnO5ChKExy+
vr6e6hcAAAAAAECN8PPz8/v/2LvToKjOfH/gX+hmaZZmF4kLiigioKhsLkTjrsSoiWP2SjJZ5k7l
ztx7582tujU1727V1FTNm9TcqVwdkxkzyWRR4xJxAXU0CqJEQRFENhdaNpEG2YRu+L/g3+f26b2b
c7r76PdTZZWn6T59+jzPeZ7n/M6zAHAcFSEiIiIiIiIi8kemnhxCDw4GOIiIiIiIiIhIaYQAR2Bg
IMbHxzm/BhEREREREREpUkBAANSmyThMLHtyMPBBRERERERERL7mLF4h9OCw9wYiIiIiIiIiIl9z
FK8Q9eBwNgcHAx9ERERERERE5G2uxivU5uvGEhERERERERH5E1fjFWoGNoiIiIiIiIhI6dSuvpGB
ECIiIiIiIiLyNmdDVEzYg8PM8PAwenp6hO34+HgEBQVJsu+2tjbh/xEREYiMjJRkv88aZ+fRMg3j
4uIQHBzsteN7GvGcykPO8uZZw/LVNcxzzzZ/TP/29na0trbi8ePHMBgMCA8Px+zZs5GUlOTT4yJ6
mvj62mcdTVLhEBUPtLW14S9/+Yuw/R//8R9ISEiY9H6NRiP+9Kc/Cdvbtm1Dfn7+pPf7rHHlPHZ2
duJ///d/he1f//rXmDp1qteO8WnEcyoPy/Lm3/7t35CYmOjDI1Imlq+uk6uOI2WwLMt9mf56vR4/
/PADamtrrf62ZcsWPPfccz44KiLlGh0dhVqttnkDKHfZ7+i73amjHe2HyB2iISrnz59HV1fXpHY4
e/ZsLFmyZFL7IO8wGo04dOiQ5PvNz8/H9OnTJd+vr7hyXQQGBiIkJATh4eGYMmUKnnvuOURFRXnp
CIlYfhORMuj1euzevRt6vd7m3zUajZePiEjZjh07hosXL0Kr1eLNN9/EjBkzFPfdvvwN9PRRmy8R
29raipqamkntMDIyUrGRN8vjNi2h66/7nazx8XH89NNPku934cKFsvw+V86jHOdap9Phxo0bbn9u
0aJFWL16teJ7O/hr/lU6qc+rp/nUnBLLb+ZP1/FcPdv8Jf1PnTolCm7Mnj0bixYtQlRUFIxGI+Lj
45kviVzU0dGBixcvAgD6+vpw/vx5vPXWW6L3yHXtS/XdruyHyJK9+TgCAgImenBwqVgi6VVXV6O6
uhqvv/46Fi5c6OvDISJ6qhgMBpw7d07YnjdvHp/6+blHjx6hqqpK2F68eDFeeeUVqFQqHx4VkXJZ
zqXhzTnSpPpuV/fDMp/MOYpb2F1FJSEhAbt27XL7y8LCwtz+DPmGWq3Gxx9/7PA9jx8/xr59+4Tt
tWvXYv78+Q4/ExMTI8nx+SN718X4+DiePHmCrq4uVFdX4+7du8Lf/vGPfyA+Pp5jislrWH7Ts2Bs
bAylpaXCdkxMDBu7fu7Bgwei7VWrVjG4QTQJsbGx2LlzJ65evQqtVot169Yp7rtd3Q/LfHKV3QBH
cHDwUzWPAlkLCAhwmsaWY2RjY2Of6Xzh7LpITU1Ffn4+Lly4gOPHjwuv//Of/8Qbb7zhjUMkYvlN
RH7p8ePHwv9VKhXi4+N9eDRET4elS5di6dKliv5uX/4GevoE+voAiJ42gYGBeP7557FgwQLhtdra
WgwNDfnwqIiIiHxrZGRE+L9Wq2XvDSIikhwDHEQyycrKEv5vNBrtzhhPREREREREk2d3iIpUuru7
RRNKvfDCCwgMDMTQ0BDq6upQX1+Pzs5ODAwMICoqCrNmzUJGRgZmzZrl1vf09fWhrq4Od+7cQUdH
B/r6+qDRaBAXF4eZM2ciPT0dSUlJHv2Ghw8fora2Fo2NjXj06BHGxsYQFxeH2bNnIyMjA4mJiR7t
15n79++jtrYWLS0tePToEUJDQxETE4Pk5GSkpaVh2rRpsnyvHORMn8m4du0aHj16JGzPmTPH7bxn
T0REhGj7yZMnTj8jx3kaGRlBY2MjGhoa0NHRgZ6eHgQEBAh5KT09XdIxjHKdUynOjbfKo56eHty8
eRMNDQ14+PAhgInhXampqViwYIGk68/L5erVq+jp6RG2c3JyHC59bDAYcOHCBRiNRgATQ+BWrlwp
TBbW1dWF69evA5gYQlNYWAhgYvb0uro6NDc3o7u7GwAQFxeHlJQULFiwAFOmTJHl9929exe3b9/G
vXv3oNfrYTAYEBsbi6SkJKSmpiI1NRVqteMq0jI/rVy5EiEhIaivr0d1dTV0Oh2Gh4exZs0a5Ofn
29yHP5TzntZx9+/fx+3bt4XtzMxMl+rDixcvYnh4GMDEvC/Lli1z+VgvX74sDHMw5TWT2tpaUZ7N
zs5GXFycw/1JkQ/a29tx8+ZNYXvFihUIDQ11+Jmamhp0dHQAmFi9KC8vz+H7AfnKcqnLP0sVFRXo
7+8HANH8VMPDwzh9+rTovQsXLhSVj1JcY6bvnWw6d3R0iFYaXLt2rXCMtbW1aGpqwqNHjzAyMoL4
+HgkJycjMzPTql4yGo24c+eOkAe6u7sREhKCKVOmYM6cOcjKyrJqP0hBCe0LOfK41GXs3bt3cevW
Ldy7dw89PT0wGAzQarWYNm0aZs2ahfT0dKfXv5T7Gxsbw9mzZ4Xt1NRUJCcnu/Tdk72/mcx3u7of
T8p8X9RN5F9kD3D09/eLJoQpLCzE3bt3cejQIdFNEDAxNrO1tRUXLlxAXl4eioqKnM7IazQacfHi
RZSUlMBgMIj+NjAwgIcPH6K+vh4lJSXIy8vDxo0bXZ5Ib3x8HOfOnUNpaanVvnt6etDY2IiSkhKs
X78eq1evRmCgNB1ient7UVxcLNwMmDx+/BhdXV24ffs2SkpKsGzZMmzYsMGtgtTb5EyfySovL8eR
I0eE7SVLlmD16tWS7d9USJpYzhJtTq7z1NDQgKNHj6Krq8vqbz09PWhubsbZs2excOFCbN26ddKN
KjnOqZTnRu7yCJiojIuLi60CWo8ePRLKjHXr1vn9xFhJSUk4ePCg0KDo7e3Fyy+/bPf9lZWVOHny
pLD94osvis7X48ePhXMfEhKC5cuX48yZMzhz5ozVvh49eoSGhgaUlpZi3bp1eP755yUrX7u7u1Fc
XIza2lqrv+n1ejQ3N+PixYuYNm0aioqKMHv2bLv7ssxPixcvxvHjx1FRUSF6X29vr9Vn/aGcn2wd
Fx4eLvr9RqMRGzZscPidfX19+OGHH4RtZ++3VFNTg4aGBpt/u3nzpijQkJqaajfAIWU+6OnpEZ0H
RzfaJk1NTbh06RIAYO7cuU4DHHKV5bdv38bhw4clK/9suXHjBpqamqxeHxoaEp03YGLJWPMAx2Su
MUDadO7r67OqPy5evIgzZ85YXT+9vb1oamrCmTNnRNdPd3c3Dh06hMbGRqv9d3V14ebNmygtLcXP
fvYzpxO6u0op7Qup9yd1Gdvb24ujR4+Kyhjzfep0Oly+fBlarRbbt29Henq6V/Y3Pj4uypcRERFO
gwxS3d948t3u7seTMt8XdRP5F68PUbl69So+++wzq8rU0uXLl0WNZVsMBgMOHjyI48ePiy7QkJAQ
TJ8+HdHR0Vb7/PLLL61uPO05efIkTpw4YXXxWyopKcGpU6dc2qcznZ2d2L17t1WBHBMTY1XhlJeX
Y//+/RgdHZXku6Umd/pMxk8//SS6Ec/MzMT27dslHQ9sHj3WaDR2n9rLdZ6uX7+Ozz77zKqxEBMT
A61Wa/XePXv2oK+vz6XfZosc51TuPCRleQQAP/74I77//nuHvXWMRiNOnjwpmoTWHyUlJYlmMr9y
5Qqam5ttvlev14vKwJSUFBQUFNjd95MnT7B//36bwQ1zpnNleRPkqba2NuzevdvqZicsLMyqd4pO
p8PevXtRXV3t8v5PnTpldeMFWC9l5i/l/GTruNjYWKSlpQnbVVVVVk/YLFnmIalu4twhdz6Qmlxl
+bVr1/D5559LVv55g6vXGCB/Oh84cACnTp1y6fqpqKhAZ2cn/vd//9dmcMPc4OAg/v73v+P+/fsu
H4s9SmlfSL0/qctYvV6Pzz//3CoYERUVhdjYWNFrfX192LdvH65du+a1/bnLF/c33qTUuomkI3sP
DkuHDx8GMHHzs3LlSkyZMgWhoaHo7+9HfX09iouLhckYy8rKkJeXZ7db0blz53D16lVhOzc3FytW
rMCUKVOEyq6rqwtnz54VCobm5maUlZVhzZo1To/VVCkuW7YMubm5iImJQXBwMPr7+9HU1IQTJ04I
Bey5c+eQkpKCefPmeXhmJiLpX375pdDYCAsLw+bNm5GRkQGNRgNgIrJaUVEhrAN98+ZNXLp0Seju
7U/kTh9P1dTUYP/+/cL23LlzsXPnToc9LNxVV1eHK1euCNuFhYV2n37JcZ7a2trw7bffCtvx8fHY
vHkz5syZg5CQEAATTw8qKyuFm8fOzk7s378f7777rttPy+U6p3LnISnLo+bmZhQXFwvbYWFh2Lhx
I+bNmwetVguDwYDu7m5cvXoVFy5cgE6n8+ykeNGKFStQW1srNLSLi4vxL//yL1ZduUtLS4XzpFar
8dJLLzkNbFVVVSEoKAhr167FggULhOWl9Xo9ampqUFpaKjRIzp49i5SUFKSmpnr8W/r7+7Fv3z6h
zA4KCsLGjRuRmZkp3OwMDQ2hoaEBx48fh16vh9FoxNdff43o6GiXnkqZbo4SExORnZ2N6OhojI+P
i26m/Kmcl6KOy87ORn19vXDcOp0OM2fOtPudpvcCwHPPPed2l/g33ngD4+PjACa6s//+978X/rZ9
+3YsXLhQ2LZV5nojH0hJzrLc1CVcivLPkbfeektIs4sXLwrDUqKjo/HrX/9a9F5nvURcucYA76Tz
9evXERkZibVr12LevHmIjIxEYGAgenp6UF1djTNnzghl2PHjxxEVFYXHjx8jPj4eGzduxOzZsxEW
FoahoSF0d3ejvLxcqMeMRiNKSkrw85//3OlxOKKE9oXU+5OjjD127JgwpEylUmHr1q3IysoSgiXD
w8O4desWjh49isHBQQDAwYMHMX36dJsPt6Ten7u8fX8zGZ6W+d6um8i/+GSS0U2bNuHNN99EcnIy
NBoNAgICEBkZiZycHLz22mui99rq1ghMFHbm47VeeOEFvPzyy0hMTBRF8hMSEvDKK6+ILsyysjKn
kTyTXbt24aWXXkJSUhJCQ0MRGBgIrVaLxYsX46OPPkJ4eLjw3uPHj2NsbMyl/dpSWlqKzs5OABNP
/D/44APk5OQIBTIwEX3etGmTqNv/6dOnhfGt/sJb6eOu27dv4+uvvxa2k5OT8dprrwmV6GSMjY2h
o6MDJ0+exL59+4TXs7KysHLlSpufkeM8jY+Po7i4WPhbVFQU3nvvPSxYsED0O6OiorB27Vrs2rVL
eK2hoQF1dXVu/W65zqm38pAU5dHY2JgouKHRaPDhhx8iLy8P0dHRCAwMRHBwMJKSklBUVIQ333zT
pWPztaCgILz00kvCtk6nEwXuAKCxsRE//fSTsL1hwwaXboI0Gg0++ugjrFq1CgkJCVCr1VCr1YiP
j8fq1avx7rvvit5/4sSJSZWvppsYYKJB+f7772PFihWiGyONRoOFCxfiF7/4hWj5ygMHDohWf3Bk
/fr1+NWvfoXVq1cjOzsbixcvRkpKivB3fyvnJ1vHzZ07VxTwunXrlt3vGh4eFs1hsHjxYrePNzQ0
FBqNRvhnLigoSPQ3W0E2b+UDKXijLJei/HPGPM3Mg94BAQGi9LKXZpacXWOAd9I5OjoaH374IfLz
8xETEwO1Wo3AwEDExcVhzZo1eOWVV4T3jo6O4uHDh4iPj8cHH3yAzMxMhIeHIyAgAGFhYZgxYwZ2
7dqF5cuXC59paGgQ5iXyhBLaF3LkcanLWMu5VzZt2oT8/HxRT5DQ0FBkZ2eL6i2DwSAKLsm1P095
8/5mMjwt871dN5F/sduDo7u7G3/7299c3pFWq8WOHTucvi8vLw+rVq2y+/d58+YhMTFRiGzae8qp
0+lEha+j7tAqlQrLly8XhgwMDAygq6sLU6dOdXisq1evdpjJ4+LisGnTJhw4cADAxERj9+7d82hC
rvb2dmE8LjAxft1R9HDFihW4ePEiRkdH8eTJE9TW1ro0SZm3eCN93NXS0oK///3vwnElJSXhjTfe
cGvOj46ODvzxj3+0en18fBx9fX1WXRxXrlyJ9evX2+3JIMd5unfvnqgL7LZt26y6PJpbvHgxbt26
JXTlrKqqQkZGht33m5PinNrjjTwkVXl0584d0d82bdrk8LszMzOxZs0ap0M0PCVl+T19+nSsW7dO
eHJ26tQppKenIzo6GiMjIzh27Jjw3tmzZ7s8Kde2bdswffp0u39PTU3FqlWrhCdsOp0OOp3Oo7lL
2tvbRQ3DDRs2OHxCGx0djR07dmDPnj0AJp5w3rhxA0uXLnX4Pfn5+Q57DvlbOS9FHRceHo5FixYJ
Qa5r165h7dq1Nm9U79y5I+oSbd6F2Bu8lQ+kIndZLlX5503OrjHAe+m8efNmh0/TFy1ahNLSUtEQ
oM2bNzucrDk3NxdlZWXCdmdnp9OJcu1RQvtC6v3JUcaagiUmmZmZdvc3Y8YM5OXl4fLlywAmHgBt
3LhR1v15wpv3N76ipLqJpGc3wGHqHuUqV2chNo9O25OcnCxUqKaZcy3NnTsXv/3tb4Vt80ijLZYF
pitj9F2J4GVmZuLIkSPCjW19fb1HBcCNGzeE/2u1WlGXK1siIiKQl5eHixcvApiITPpTgMMb6eOO
1tZWfPHFF0I6xcfH4+2337Ya2+mMwWAQVsVwJicnB88//7zDLrdynCfzKHRiYqJL3Qqzs7OFBkN9
fT3GxsacDlOR6pza4408JFV5ZP4USaPRYNGiRU73O2fOHNkCHFKX34WFhairqxNWLDh9+jReeeUV
lJeXo729HcD/dbN1thKByXPPPef0PXl5eUKAA5jIm54EOMzHYYeGhiI3N9fpZ1JSUpCWliZ0Wy0v
L3cpwOGIv5XzUtVxWVlZQiNSr9ejtbXV5g2l+URxs2bN8vpqQt7KB1KRuyyXqvzzJlcmcPVWOjsr
NwMDAzFr1iwhwBESEuI0DS2DGabhCZ5QQvtC6v3JUcaahkeYOOvJUFBQIExWa2tuGKn35wlv3t/4
klLqJpKe1+fgcGVsv3m3NNP4T0tBQUFuje+3bHS7MmGbKwVJaGgoMjIyhGXMPJ0UyvxmJCsry6Wb
BPPKtaWlBUajUdJJMifDG+njqq6uLuzbt0/IS1qtFm+//bYw5l8ulZWVqKmpwZYtW+w2sOQ4T+aT
m6anp7uUJ2bMmIGdO3cK20aj0eG16o1z6o08JFV51NLSIvw/KytLkiFP/iQ4OBjbtm3Dn//8ZwAT
efu5554TLfG4YcMGycesxsbGIiUlRZj868GDBx7tx/yayM7Oturmas+iRYuEGx6dTofe3l6HT1+d
ldtSlvMjIyNOJ4cE4LAnkVR1XEpKCsLDwzEwMABg4ndaNiINBoNoAsfs7Gzh/1L8Fld4Kx9IRe6y
XKryz5tcuWb8KZ3NezNOnTrV6fEHBQVBrVYLT5NdWV7e0b78vX0h9f7kaEtb3uyeP38eW7dutXus
SUlJDutCqffnCW/e3/jSZOsmUi67V35iYiLefvttl3ck1RJ+gPjCs4x0OmIa46jX6/HkyROMjo4K
n59MFNwZ80aX+RrvrhoeHhY13CMiIlwad2lecA8PD6O/v98rjS5P+SJ9BgcHcezYMeHJU1hYGN55
5x1MmTLFo/1NmzYNv/zlL23+zWg0YmhoCG1tbSgrK0NDQwOGh4dx8OBBjI6OuvS0DJjceRocHBR1
f3T1hiAiIsLlp5JSn1N3+CIPOSuPRkZGRF23XemZIDc5yu8ZM2bghRdeEMZ0m6+Yk5yc7HL+dldy
crIQ4PCkfB0aGhKljzs9QCzTsqury+MyVupyvrOzE//zP//j9PP//d//Pen62VkdFxQUhKVLl+L8
+fMAJrqNr1u3TtRg1+l0QiMTgOhJrTd+i7/kA1d5oyx3haftMV/x53R29em7nOfcn9oXUu9PrrZ0
UlIS5s+fLwRPKioqoNPpkJubi9mzZyM+Pt6tnhVS709Ok72/8bXJ1k2kXHYDHGq12uNxf96m0+lQ
WVmJqqoqrywxasm8S77BYMDIyIhb68VbVionT570aEm2yUT65eTL9Pn++++thpRM9um6vSi7SqVC
cHAwoqKikJqaiiNHjggTMhYXFyM1NdVhEECK82T5OWddUj0hxzl1xtfXuCOWk9FJNURnMuQqv1ev
Xo26ujphWAowke+3bdvm8tAUd5k3NAcHB93uqWb51NmdGxbLtDRvBLlLyeW8K3VcRkaG0Ii01RXY
/EltWlqa7D3oLPlLPnCVN8ryp5HS0tlb/LF9IfX+5Cxjd+zYgW+//VaYaLe1tRWtra0AJuZwSU9P
R0pKCubMmeNSjyGp9yeXyd7f+AN/r5tIHl4foiIlo9GIU6dOCRnXklqtFkVBpRz2YM7yYh8dHXWr
AJDquORaecRT/pA+ljfig4ODOHDgAN577z1Jl4W1pFarsWHDBty4cQPDw8MwGo2orKzEli1brN4r
5XmyvNmWoyLy5jn1hzzkjOU5lzNf+VpwcDBeeOEF/OMf/xBey8nJkXU5NVvlqzsBDsvGqjvXhGVa
Tia4IHU5r9Fo8Pzzzzt9vxS9K12p40zLF3Z1dQEQdwUeHx8XjY23HBfvjd/iL/nAVd4oy59GSktn
uflz+0Lq/cnZltZqtXj33XdRXV2N8+fPi3qe6PV6lJeXo7y8HGq1GgUFBSgoKHD4kEHq/cllsvc3
/mAydRMpl6IDHD/88INotuSMjAwsWbIEU6dORWRkpKiy6unpwR/+8AdZjsOyMJxsgzIjIwPR0dFu
fy40NHRS3ys1f0kflUqFxYsXo7KyEsDEGMvS0lJs3rxZlu8ziYiIQHp6urC2fG1trc0Ah5TnyfLG
T65lvbx1Tv0lDzlieb37aik1bzAYDKioqBC9Vl1djcLCQtkaX5blq7vzDFn2LHEnfSzfK2UvlcmW
83FxcbKXYSau1HGBgYFYunQpTpw4AWBixnpTV+D29nahcQlYdwH2xm/x13xgj7fK8qeN0tJZbv7c
vpA7j0vdllar1Vi6dCmys7PR2tqK27dvo6GhQTQ3hcFgwIULF1BRUYFt27Y5HC4m9f7kIPX9jS9M
pm4i5VJs6d3S0iIqtLdu3SrbGHBnLLtEuhvdtOzen5OTg/nz50/6uHzJn9Jn13eUyBMAACAASURB
VK5dWLhwIcbGxoSl486fP4/k5GQsWLBA1u+Oj48X/t/d3W3VvU/q82SZl+SaFM4b59Sf8pAj3jrn
/uDSpUvCfBgmw8PDOHbsGN566y1ZGj/m3Y7VarXbPWQs08eduVos3zuZrsJKLuddrePS09OFRmRv
b6/QFdjUDRuYeEIWEREh38Ha4S/5wFXPUrkiJaWls5z8vX0h9/7kKmNVKhWSk5ORnJyM9evXY2Bg
AA8ePEBtbS2uXLkCo9GI0dFR7N+/H2FhYUhPT/fq/qQ02fsbf+HPdRPJQ3mhuP+vtrZW+L+cE9y5
wrzLfmJiottPGMPDw0WfMY8mKpW/pM+OHTuELmdFRUVITEwU/nbgwAGXZu6XkuXEUVKfp/DwcFGj
TI7f561z6i95yBmNRiMap2q5xv3ToqOjQzSeeeXKlcITzrq6OmEpNqmZn09PhsJERESIVjIwLXnp
CssJ6jx5Gmii5HLe1TpuypQpSElJEbZNk+jdvHlTeC0rK0umo3RMznwgx4SA3ijLn0b+cr37A39v
X8ixP1+UseHh4Zg7dy62bduGjz/+WNQDxHylMV/tbzIme3/jL/y5biJ5KDbAYT5T8syZM312HGNj
Y6irqxO2TWtVuyMoKAipqanCtvn+lMpf0sf8u8PCwvCzn/1MuCkbHBwUVjiRi3kFa9kdFJD+PKlU
KsydO1fYvnfvnkuf6+vrQ0VFhfDP0Tnx1jn1lzzkijlz5gj/Ny0z+DQxGAw4cuSIsHThrFmzsGnT
Jqxdu1Z4T3FxsUsz1rtjdHRUVB7aWr/emcDAQKSlpQnbNTU1Ln/WfPIxjUYzqZWClFrOu1vHmS+x
d+3aNXR1deHOnTsAJs6B+bXiTXLmA8tyXYryzxtl+dPIX653f+Dv7Qup9ydHGTsyMoKGhgbhn2n1
OHuSkpKwZs0aYVun06G/v1+2/clJivsbf+KvdRPJQ7EBDvPJn1y52D2J5La1tTl9z507d0SNek8L
APNudC0tLVbdwO0ZHh72y7G53kgfT0ybNg0vvviisN3U1IQzZ87I8l16vV4UHTZvdJnIcZ7M89L1
69fR09Pj9DMtLS04dOgQDh06hJKSEreGAch1Tv01D9li3kjT6XQuNdScNWz8ieXQlKKiIqhUKixf
vlzowWMaquJqeWQKljhSX18v6jbuafmakZEh/F+n07lUvvb39wtzzADA0qVLJ/30yt/KeTnqOPNy
rre3F6dOnRK2Fy1a5NNu/3LlA8sx+65c2729vU7f4+2y/GnhL9e7rymhfSHn/qQoY41GIz777DPh
n3kQzB7LnobmQUap9+cpb97f+At/rptIeooNcJhPaFdfX4++vj677+3o6MChQ4dEr7mytvixY8cc
PpEcHR0VdRcLDQ31eIKaRYsWibpVHjlyxGmFNDIygm+++Qbfffed343P9Ub6eCovLw+LFy8Wtv/5
z38K3dWkMjw8jMOHD4sqIltzU8hxntLT00V56fTp0w5vjoaHh/Hjjz8K255MYiXHOfXnPGRp/vz5
osqxpKTE4Q28Xq9HcXGxNw5t0iyHphQWFmL69OkAJsbjmge33BmqcvbsWYf5cmhoSFS+hoWFiZ7O
uSMtLU00H86JEyecLpVYWloqCq7k5OR49N3m/K2cl6OO02q1opnozZ+gm994SsHyBtRZw1+ufGA5
wa6zXlzV1dUuPV32RVn+NPCX693XlNC+kHp/UpexGo1G9GT/6tWrTlcsNB9WqVarRcvfSr0/T3nz
/kZK7pb55rxZN5HvKTbAYR6JGxwcxOHDh60K75GREVRWVmL37t1WUWFXLoq+vj58/vnnNiPA/f39
+P7770V/W7t2rccrmWg0GhQVFQnbHR0d+OKLL+xGWdva2vDZZ5/h1q1bqKqqwvHjxz36Xrl4I308
FRAQgBdffFHU/XT//v0uPTlwZGxsDL29vbh+/Tr27NkjusGfO3euzR4ccpyn0NBQ0YoEP/30E06d
OmXzvd3d3fjqq6+g0+kATOTDgoICF3/x/5HjnPpzHrKk0Wiwfv16YbuxsREHDhyw2bC6e/cu9u7d
67Cx6S+MRiOOHj0qBGuio6OxevVq0XtSU1NFNwPFxcUujaW+ceMGvvvuO5vn6PHjx9i/fz/a29uF
19avX+/xBGdqtRrbtm0Ttu/fv49vvvkGer3e6r0jIyMoLi4WrRazfv160VwznvK3cl6uOs7WUnsa
jUY0BloKKpVKdCNbX1/v8GZBrnwQGhoqCmCfO3cOVVVVVjdqQ0ND+PHHH/H111+79Pt8UZY/Dfzl
evc1JbQvpN6fHGXsypUrhf83Nzfj8OHDNvPS+Pg4bt++jZKSEuG1JUuWWNVbUu/PE968v5GSu2W+
JW/VTeR7dldR0el0+N3vfuf2DufMmYN33nlnUgfliqysLJSXl6O1tRXAxGRKDQ0NSE1NRWRkJHp6
eqDT6YSIfEhIiNvd9eLj4/Hw4UPs2bMHM2bMwLRp0xAaGioMPTAvgGfNmoW8vLxJ/aYlS5agra0N
Fy5cADAxHvGTTz5Beno6kpOTERISgv7+fty7dw8NDQ3C5xISErBu3bpJfbfUvJE+k2GaO+LTTz+F
0WjEwMAADh48iHfeecfh0nCOrgt7N9TTp0/Hrl27bK4wIdd5WrJkCZqamlBVVQVgosFdXV2NzMxM
REdHY2xsDG1tbbh+/bpQOahUKuzatQsxMTF2f78jnp5Te/w9D1nKzc1FfX298PS2qqoKNTU1yMjI
QExMDEZGRtDa2ioMXwkNDXX6VNFTUpXfly5dEs0yvmXLFtHTMZN169ahtrYWg4ODwlCVN9980+mq
KlVVVbh58yays7MRFxeHwMBAPHz4ENXV1aK0nDNnzqSfRqempmLjxo1Cb5Rbt26hsbERWVlZwuRp
er0eVVVVGBgYED6XkZGBwsLCSX23OX8q5+Wq4+bMmWOVvxcvXizLDPxpaWnCRHh1dXX405/+hNTU
VIyOjmLhwoVWDVe58sGKFSuESR2NRiO++eYbXLhwAbNnz0ZAQAB6e3tRX18vyteu8EVZ/jTwl+vd
l5TSvpBjf1KWsfPnz8eyZctQXl4OALhy5QquXLmCzMxMTJ06FaGhoejr68OdO3dEw1PDwsKsHgjI
sT9PePv+RkrulvnmvFk3kW85vOvw5AmoO5G0yQgKCsLrr7+OL774QnjKZzkhnUliYiJee+017N69
W+h+Zv5k0J733nsPX375JR48eID79++L1qY2N23aNLz++uuSXCBbtmxBRESEsJwRMHEB2+vOmpaW
hpdfflm0ioM/8Eb6TNb06dNRVFSEI0eOAJh46n727FnRk3hb3LkuCgsLsWbNGruRb7nOU2BgIF5+
+WUEBATg2rVrACaGRZgqfEtarRY7d+4UzSXhCU/PqS1KyEPm1Go1Xn31VXz11VdobGwEMDHPRHV1
tc3j3bFjBz799FPZjmey5XdnZ6doaMqCBQuQmZlp83NRUVHYuHEjvv/+ewATDelr1645DErs3LkT
p06dQl9fH65cuWL3fTNmzMBrr70myVwCq1evRnBwMIqLi2E0GmEwGITrw5acnBy89NJLks9j4C/l
vFx1XGhoKJYsWYKysjLhNbmW5M7NzUVlZaVwY9be3i5c+7Z6zQHy5IOUlBRs2bJFNPRMp9MJT5vN
ZWdnIyoqCufOnXP6+3xVlj8N/OV69xWltC/kyONSl7FbtmyBSqUSHVNNTY3dSWzj4+Pxxhtv2A0y
Sr0/d/ni/kYqnpT5Jt6sm8i33H+s6kdiY2Px0UcfoaysDGVlZVZrmMfFxSE/Px/5+fkIDg7G/Pnz
hcLzxo0bePHFF+1OIhUVFYXY2Fj84he/QHl5OS5fvmzV7ToqKgr5+flYsWKFZBd/QEAAVq1ahfT0
dFy6dAnV1dU213GfNm0aCgoKkJ2d7dHTcW+QM32kkp+fj7t37wo3oWfOnEFycrJHYw3DwsIQFRWF
pKQkzJw5E2lpaS4tMyfXeQoKCsKuXbuQnZ2NiooK0ZJxJpGRkcjLy0NeXp5kN09SnlMl5CFzGo0G
77zzDq5cuYKysjLREmvAxBCP/Px8FBQU+PUEdqahKaYgiVqtxqZNmxwuh7l06VJUVVWhpaUFwMQY
35SUFLsNspkzZ+JXv/oVysrKUFlZaTUxY1RUFJYtW4Zly5ZJ2rhavnw55s6di/Lycpvlq0qlEp6w
yTWruj+U83LXcenp6UIjUqvVerQCjisSExPx85//HEeOHLEKJjiah0eOfFBYWIikpCScPXvWZtfv
GTNmYOXKlcjMzBQ1sJ3xVVn+NPCH692XlNK+kHp/UpexarUaRUVFSE9PF47P1jxbCQkJyMvLQ05O
jsMhHVLvzx2+ur+Riqdlvom36ibyrYCRkRHvzcQnI4PBgIcPHwoFWHh4OBISEpx2kXbV2NiYsP+x
sTGEhYUhPj5e9uCCwWBAd3c3hoeHMTo6iuDgYGi1WsWtzy53+jwt5DxPg4OD6O3tFZ7OKC0NlJaH
xsbG0NXVhYGBAQQEBCAsLMyvj1duzc3N2LNnj7D9m9/8BgkJCQAmAipdXV0YGhrC+Pi4cK7kDgKZ
ytehoSEYjUaEhYUhOjra67Op+0M5L3Udd/nyZaFHz6pVq7Bp0yYpD9fK2NgYOjs70d/fD5VKhcjI
SMTGxrp0vcmRD/R6PXp7ezE6OoqQkBBotVpERUV5vD9zSi/LfcVfrndfUVL7Qur9SV3GjoyMCPsz
Go1+tz93+Or+ZrI8LfO9XTeRbzw1AQ4iIvJfjgIc9PTZs2eP0Ivhl7/8JWbOnOnjIyIiomcd66Zn
A8P9REREJJm2tjahARkXFycsK0xEROQrrJueHQxwEBERkWTOnz8v/D83N5dDJ4iIyOdYNz07/HuA
FRERESlCf38/zp8/Lyz3GBISguzsbB8fFRERPctYNz17GOAgIiIijzQ3N6O8vBx9fX148OCBaCWA
9evXSzaxJhERkatYNz3bGOAgIiIijzx58gQ1NTVWry9duhQFBQU+OCIiInrWsW56tjHAQUREslOr
1YiPjxe2Ofb16RAQECDaDgsLw5o1a1BQUCD7Mr9ERES2sG56tnGZWCIiIvLI2NgYurq6MDw8jODg
YMTHxyMoKMjXh0VERM8w1k3PNgY4iIiIiIiIiEjx2EeYiIiIiIiIiBSPAQ4iIiIiIiIiUjwGOIiI
iIiIiIhI8RjgICIiIiIiIiLFY4CDiIiIiIiIiBSPAQ4iIiIiIiIiUjy1rw+ASG7Dw8Po6ekRtrkW
NklFaXlLacf7NGlraxP+HxERgcjISB8ejf9jXiUiIiJPMMDhwOjoKNRqNQICAnx9KDQJHR0d+PTT
T4Xt3/zmN0hISPDhEdHTQml5S2nH+7QwGo345JNPhO3t27cjPz/fh0fk/x48eIA9e/YI2//+7/+O
xMREHx4RERERKQEDHHYcO3YMFy5cQFRUFN58803MmDHD14f0VDIajTh06JDk+83Pz8f06dMl3y8R
ERERERH5JwY4bOjo6MCFCxcAAL29vTh37hzeeustHx/V02lsbAyVlZWS7zcrK0vyfRIREREREZH/
UlyAw2Aw4Ny5c8L2vHnznPaucPczluN8g4ODPTxaImXx5Poi32F6ERERERH9H8UFOMbGxlBaWips
x8TEOG3Qu/uZ2NhY7Ny5E1evXoVWq8W6desmf+Bkk1qtxscff+zwPY8fP8a+ffuE7bVr12L+/PkO
PxMTEyPJ8T1rPLm+yHeYXkRERERE/0dxAQ5vWbp0KZYuXerrw3jqBQQEOJ0rQ6/Xi7ZjY2M5vwYR
ERERERGJBPr6AIiIiIiIiIiIJosBDiIiIiIiIiJSPLtDVO7evYtbt27h3r176OnpgcFggFarxbRp
0zBr1iykp6cjNDTUrS+7f/8+amtr0dLSgkePHiE0NBQxMTFITk5GWloapk2bZvNzly9fxuPHjwFM
LCtqrra2Fj09PcJ2dnY24uLiPPqMydjYGM6ePStsp6amIjk5WbSP7u5uVFVVCdsvvPACAgMDMTQ0
hLq6OtTX16OzsxMDAwOIiorCrFmzkJGRgVmzZrlyqkTfU1tbi8bGRjx8+BAAEBcXhzlz5mDBggVI
SEgAAJw5cwbj4+MAgNzcXGi1Wof7lSN9lUbqtPI0f5t4K09Zmsy1Ysvdu3dx+/Zt3Lt3D3q9HgaD
AbGxsUhKSkJqaipSU1OhVjseHdfe3o6bN28K2ytWrHCaH2tqatDR0QEAiIyMRF5ensP3A8DIyAga
GxvR0NCAjo4O9PT0ICAgQEi39PR0j+a0kDPNpE4vOY53steCp+RITynys6ek+G7LcmXlypUICQlB
fX09qqurodPpMDw8jDVr1iA/P9/mPqROz56eHty8eRMNDQ1CvRYbG4vU1FRRvSYXqeu/7u5u3Lx5
E01NTeju7sbY2BhiY2ORkpKC9PR0JCUlWU0InJ+fj4iICNF+vFXu9fX1oa6uDnfu3EFHRwf6+vqg
0WgQFxeHmTNnCsfs7DdPNl8B0ucttm2IiMiqZdTb24ujR4+KKlmTx48fQ6fT4fLly9Bqtdi+fTvS
09Odfklvby+Ki4tx/fp1q/11dXXh9u3bKCkpwbJly7BhwwaryqempgYNDQ02933z5k3RsaampiIu
Ls6jz5iMj4+LJu6LiIiwCnD09/eL3lNYWIi7d+/i0KFDePTokdXvbG1txYULF5CXl4eioiKXVmYp
Ly/H8ePHMTo6Knr90aNHaGhoQElJCdatW4fly5ejpKRE+HtGRobdAIcc6atEt2/fxuHDhyVJq8nm
bxNv5ClbJnOtmOvu7kZxcTFqa2ut/qbX69Hc3IyLFy9i2rRpKCoqwuzZs+0eU09Pj+hcOGogmzQ1
NeHSpUsAgLlz5zpt6Dc0NODo0aPo6uqy+f3Nzc04e/YsFi5ciK1bt1rdjNgjZd6yRar0kuN4pboW
PCF1ekqZn90l5XdbliuLFy/G8ePHUVFRIXpfb2+v1WflSM/Lly+juLgYT548Eb3+6NEjNDY2CvWa
HJPlSl3/jY+P4+LFizh58iQMBoPobz09PWhqakJJSQkKCwuxbNkyUTosXLjQKg/KXe4ZjUZcvHgR
JSUlVsc7MDCAhw8for6+HiUlJcjLy8PGjRsRFhZmc1+TyVem16XMW2zbEBGRiSjAodfr8de//lV4
GmASFRUFlUolagD39fVh37592LVrFxYvXmz3Czo7O/G3v/3NqvEcExODJ0+eYHBwUHitvLwcfX19
ePXVV62WavV3V69exeHDh52+7/Lly1Cr1di6davD9505c0YUtLDFaDTi5MmTNhv0tsiRvkp07do1
UQ8de1xJKznzt9R5Sk5tbW3461//ir6+PtHrYWFhCAoKEjVydTod9u7di5/97GdYtGiRtw8VAHD9
+nX84x//sHo9JiYGRqNR9DuuX7+O9vZ2vP/++057RkmZt7xBKdeCM1Knpy/zs9zfferUKVRXV1u9
HhAQINqWIz1//PFHFBcXOzw+U70mdS8fOeq/0tJSnDlzxup1rVaL0dFRDA0NAZj43Xfv3pXol3jG
YDDg+++/x9WrV0Wvh4SEICEhAf39/aIJvS9fvoyHDx/i7bffdilw5Wq+AqTPW2zbEBGROVGA49ix
Y0IFoVKpsHXrVmRlZQkR/OHhYdy6dQtHjx4VKqCDBw9i+vTpNruUDgwM4MsvvxQql7CwMGzevBkZ
GRnQaDQAJp5YVFRUCF03b968iUuXLqGwsFDYzxtvvCEMvxgZGcHvf/974W/bt2/HwoULhW3TE0ZP
PjMZphvRzMxMrFy5ElOmTEFoaCj6+/tRX1+P4uJiobFTVlaGvLw8JCYm2tyX6SmWiUajwaZNmzBv
3jyh4fTo0SNcvXoVFy5csGqw2CN1+iqV6YZusmklVf62R8o85chkr5X+/n7s27dPuCELCgrCxo0b
kZmZiaioKAATQyAaGhpw/Phx6PV6GI1GfP3114iOjrbqHSW3trY2fPvtt8J2fHw8Nm/ejDlz5iAk
JATAxNPAyspK4QllZ2cn9u/fj3fffReBgfanLpIqbzkiZdmmlGvBEanT05f52RvfbboJTUxMRHZ2
NqKjozE+Pi7sH5AnPZubm0XBjbCwMGzcuFGo1wwGA7q7u4V6TafTuXv6HJK6/quvrxcFN8LDw1FU
VIT58+cL50iv16OmpgYnT57EvXv3JP097jp37pyorZCbm4sVK1ZgypQpQhCiq6sLZ8+exbVr1wBM
pFlZWRnWrFnjdP+u5CtAnrzFtg0REZkTAhwdHR2oqakR/rBp0yar7pGhoaHCmO4///nPACaeCly9
ehUbN2602nlpaSk6OzsBTNykf/DBB1bjOmNiYrBp0yYEBATgn//8JwDg9OnTWLx4sdB90/zpgUql
En0+KChIqBQtj9Xdz0zWpk2bsGrVKtFrkZGRyMnJgVarxeeffy683tTUZPNGYWxsTNQIDA0NxYcf
fig6byEhIUhKSkJRURGSk5Px5ZdfOj02OdJXyaRIK6nyt9zH6cxkrxXTjZbp8++//77VjZZGo8HC
hQsxc+ZM7N27Vxh3f+DAAfzrv/6rJEFGV4yPj6O4uFiYuyIqKgrvvfceYmNjRe+LiorC2rVrERsb
K9w8NzQ0oK6uDhkZGQ6/Q+40k7psU8q1YIsc6enL/Oyt716/fj1WrVpllX9MpE5Py3pNo9Hgww8/
xNSpU4XXgoOD3a7XXCV1/WcwGGzW05bXRnR0NFauXIlZs2Zh7969GB4eluw3uaO3t1fUU+uFF17A
hg0brN6XkJCAV155BQMDA7h9+zaAicCmo7xizlm+AqTPW2zbEBGRJeHRlanCMcnMzLT7oRkzZojG
eZoqQnPt7e3CuFAAePHFFx1OWrVixQqh++GTJ09sjj32Z3l5eVY3CebmzZsnavzYezp1584dtLW1
CdsbNmxweN4yMzOxbt06p8cndfoqmRRp5Y38LVWeklN7e7voqeCGDRscPkWOjo7Gjh07hO2uri7c
uHFD1mM0d+/ePTQ2Ngrb27Zts7oZNrd48WJRjwjzSfVsUUKamVPKtWCP1Onpy/zsre/Oz8/HmjVr
7N6EypGed+7cEeWdTZs2iYIbljIzM13qNeAqqeu/lpYW0T43btzoMFA5ffp0FBUVuXPIktLpdKIJ
iQsKCuy+V6VSYfny5cL2wMCAS8NgneUrQJ68xbYNERFZEgIcpi7PJmNjYw4/WFBQgFdffRWvvvoq
nn/+eau/mze0tFqtqFFpS0REhKjiuXXrluMj9zPmDQJ7zBurplUQLNXX1wv/DwoKQnZ2ttP9zp07
1+l7pE5fJZMirbyRv6XKU3IynyAuNDQUubm5Tj+TkpKCtLQ0Ybu8vFyWY7PF/ElfYmIi5s2b5/Qz
5tdgfX29w2tHCWlmTinXgj1Sp6cv87O3vtvZxJVypGddXZ3wf41G49J8IXPmzHH6HldJXf+Z19Om
3gHOxMTEuHi00ps7dy5++9vfCv+czSVkGSR0peeJKxOiypG32LYhIiJLwhAVy3GI58+fx9atW+1G
45OSkhxG3s0roqysLJeW0TOfVKylpQVGo9GlbpH+wNG4fBPTeHAAwrh2S+YTkWVmZko2lEbq9FUy
KdLKG/lbqjwlJ/MnYNnZ2S7n10WLFgk3CTqdDr29vVZjteVgfrzp6ekulS8zZszAzp07hW2j0Wg3
bZSQZuaUci3YI3V6+jI/e+u7naWPHOnZ0tIi2qd5nvIGqeu/5uZm4f+ZmZl+v+xoUFCQW5P5Wqa5
5UpurnzGFjnyFts2RERkSahdkpKSMH/+fKECqqiogE6nQ25uLmbPno34+Hibs2HbMjw8jAcPHgjb
ERER6O7udn4wZpXd8PAw+vv7vXLT4y3m58/yqQMw0dA2D3BIOYu8lOn7LHCUVv6Uv53lKTkNDQ2J
up27s6zjc889J9ru6uqS/VofHBwUdWd21EXeXEREBJYuXSrZcfgyzTzhr9eC1Onpy/zsL9eSHOk5
MjIi+m2Wx+sNUtZ/IyMjomGkUq/24i2jo6N4+PAh9Ho9njx5gtHRUeH6Nl/FRCpylRVs2xARkSVR
+HzHjh349ttv0dTUBABobW1Fa2srgInxvunp6UhJScGcOXMcPl2yrBxPnjyJkydPun1wT548cfsz
SjYyMiLalvqGT6r0fdYxf0+wfJrvTn617CI9MDAgyTE5YtnNOjw8XPbvfNr58lqQOj19mZ/95VqS
Iz0t6zVnwyPkIlX9J3c9LTedTofKykpUVVV5ddJTOcsKtm2IiMicKMCh1Wrx7rvvorq6GufPnxc9
HdPr9SgvL0d5eTnUajUKCgpQUFCAuLg4q5260p3RFeaTYj0LLBtO7nQpdYVU6fusY/6eYNnQdGfl
CMu87Y1gj+X15a2VW55mvrwWpE5PX+Znf7mW5EhPues1V0lV//nL73GX0WjEqVOncP78eZt/V6vV
op4OUuUFqfdnq6xg24aIiMxZDYBUq9VYunQpsrOz0draitu3b6OhoQH3798X3mMwGHDhwgVUVFRg
27ZtTrtvZ2RkIDo62u2D8/dxrVKzHDMqxw2wHOn7rHtW87fl+Glnk7s5eq8rY7Eny/L6cud4yTXe
vBakTk9f5md/vZakSE/LeV58ed1JUf/50+9xxw8//CBawSQjIwNLlizB1KlTERkZKQrU9PT04A9/
+IOsxyN1WcG2DRERmdhtCalUKiQnJyM5ORnr16/HwMAAHjx4gNraWly5cgVGoxGjo6PYv38/wsLC
kJ6eLnzWcgKxnJwczJ8/X75f8ZSwfGonZ/fRyaTvs475e4LleXBn3Lble73RbdjyeH09wefTwJfX
gtTp6cv87C/Xkhzp6Y/XnZTtG3/4Pc60tLSIghtbt251aQUlKXmrrGDbhoiInE+h//+Fh4dj7ty5
2LZtGz7++GNRFP306dNW7zV/uubKGuo0EeAw7zZpub67nNxJ32cd8/eE8DSrnQAAIABJREFUiIgI
hIWFCdsdHR0uf9ZycjnLJ3lyTAoXHh4uuvl79OiR5N/xrPHltSB1esqZn/35u83JkZ4ajUY074Y3
6zVXuVP/hYaGIjIyUtiW8vfINRlmbW2t8P/k5GSvBzcA35UVbNsQET17AoGJMaUNDQ3Cv8ePHzv8
UFJSEtasWSNs63Q69Pf3C9tBQUFITU0Vtuvq6qQ+7qdWSkqK8H9ba757Qur0fdYxf08IDAxEWlqa
sF1TU+PyZ82XxNRoNJgyZYro75bj2qUYv61SqTB37lxh+969ey59rq+vDxUVFcI/qcemK5kvrwWp
01PO/OyML7/bnFzpOWfOHOH/piVtvUXq+i8gIED0e6TM83KUewBEq5fMnDlTkn26S468xbYNERHZ
EghMzPXw2WefCf/MG0z2WK4jblkRm3c9bGlpEa0b78jw8LBixrTKwbwB0NHRgTt37jj9jF6vd/h3
OdL3Wcf8PSEjI0P4v06nc+k89Pf3o7KyUtheunSp1XwKluOsnTVcAaC3t9fpe8zT7fr16+jp6XH6
mZaWFhw6dAiHDh1CSUmJYiYV9BZfXgtSp6dc+dkVvvxuc3Kkp3kgSqfTuRSMcuWad4Uc9Z/572lr
axMt7+7oOJyRq9wzn3jWlRt6uXpXSJ232LYhIiJbAoGJpz7mTySuXr3qtDI275apVqutluhbtGiR
qMvtkSNHnFasIyMj+Oabb/Ddd9/ZHddq2XhzpXLy5DO+Mm/ePNF5KykpcXi8vb29KC4udrhPOdL3
WSdX/vY1d6+VtLQ0xMfHC9snTpxwOndMaWmpaN6AnJwcq/dYznDv7KlvdXW1S08E09PTRel2+vRp
hzfZw8PD+PHHH4Vtf5uUzh/KNl9eC1Knp1z52RW+/G5zcqTn/PnzRcOJSkpKYDAY7O5Pr9c7rddc
JUf9l5aWJgqMlZaWOvw9IyMjLg2HkKvcM99vfX09+vr67L63o6MDhw4dEr02Pj7u9DtcIXXeYtuG
iIhsEebgWLlypfBic3MzDh8+bLNnwPj4OG7fvo2SkhLhtSVLllhNkKnRaFBUVCRsd3R04IsvvkBb
W5vNA2lra8Nnn32GW7duoaqqCsePH7f5PpVKJWoE1tfXO63QPPmMr4SGhmL9+vXCdnNzMw4ePGiz
EXDv3j3s3bvXpSc4UqcvMNGY+OMf/4hPPvkEDQ0NTo/haSJX/vY1d68VtVqNbdu2Cdv379/HN998
YzNvjYyMoLi4GBUVFcJr69evR2JiotV7Q0NDsWDBAmH73LlzqKqqsrp5HRoawo8//oivv/7apd8X
GhqKzZs3C9s//fQTTp06ZTMw0N3dja+++go6nQ7ARJoXFBS49D3e4g9lmy+vBanTU6787Apffrc5
OdJTo9GI6rXGxkYcOHDAZr129+5d7N271+FNuLukrv/Cw8Otfs/hw4dtBne6u7vxxRdfuNRrRa5y
z3z40+DgIA4fPmx1fkdGRlBZWYndu3db9YSSKnAqR95i24aIiCwJq6jMnz8fy5YtQ3l5OQDgypUr
uHLlCjIzMzF16lSEhoair68Pd+7cEVXUYWFhWL16tc2dL1myBG1tbbhw4QKAiRvyTz75BOnp6UhO
TkZISAj6+/tx7949USWSkJCAdevW2T3otLQ0PHz4EMDEOM4//elPSE1NxejoKBYuXCiax2Iyn/GV
nJwc3Lp1S3h6U1VVhZqaGmRkZCAmJgYjIyPQ6XQudYs1kTp9Hz9+jIMHDwo3U19//TX+67/+a9Ld
o5VErvzta+5eK6mpqdi4cSNOnjwJYGLumMbGRmRlZSExMREqlQp6vR5VVVUYGBgQPpeRkYHCwkK7
x7FixQphcjyj0YhvvvkGFy5cwOzZsxEQEIDe3l7U19eLul+7YsmSJWhqakJVVRWAiZuI6upqZGZm
Ijo6GmNjY2hra8P169eF/K1SqbBr1y7ExMS49V3e4A9lmy+vBanTU6787Apffrc5OdIzNzcX9fX1
Duu11tZWof4JDQ2VbCUxOdo3BQUFuHXrljDMorKyErW1tcjOzkZMTAwMBgPa29tRXV3t1rHKUe5l
ZWWhvLwcra2tACYmHW1oaEBqaioiIyPR09MDnU4n9AYKCQlxe1iLq6TOW2zbEBGRJdEysVu2bIFK
pRIqHmBisjN7E57Fx8fjjTfecNjo37JlCyIiInDixAnhtbq6OrvdKtPS0vDyyy+LZl23lJubi8rK
SqECbm9vR3t7u/B5qT7jK2q1Grt27cJXX32FpqYmABPrt9tqKE2dOhWFhYX47rvvnO5XyvQdGRkR
PSkeHByE0Wh85hoBcuRvX/PkWlm9ejWCg4NRXFwMo9EIg8GAa9eu2f2OnJwcvPTSSw7ns0hJScGW
LVtEXdV1Op3wBN5cdnY2oqKicO7cOae/LzAwEC+//DICAgKEY9Tr9aLrwpxWq8XOnTtF4+79ib+U
bb66FuRITznys6t8+d3mpE5PtVqNV199FV999RUaGxsB2K/XEhMTsWPHDnz66acS/JIJUrdvgoKC
8Prrr+Pvf/+78LBhcHAQZWVlVu+NjY1Fbm6uELhyRI5yz3SsX3zxhVA2jI6O2kzLxMREvPbaa9i9
e7fQI8X0GalInbfYtiEiInOiAIdarUZRURHS09NRUVGB2tpam+NKExISkJeXh5ycHKtJsSwFBARg
1apVSE9Px6VLl1BdXS0aM2wybdo0FBQUIDs7G2q12sae/k9iYiJ+/vOf48iRI1aVvr2xop58xpfC
wsLw7rvv4sqVKygrKxOe0JpotVoUFBSgoKDAakIwe0vNSZm+cXFxyM/PF7pIb9q0yWZXz6edHPnb
1zy9VpYvX465c+eivLzc5nlQqVTC0zbzcdOOFBYWIikpCWfPnrU5Id2MGTOwcuVKZGZm2ryxsCco
KAi7du1Cdna2cC1YioyMRF5eHvLy8vw6IOUvZZsvrwU50lOO/OwqX363iRzpqdFo8M4779it16Kj
o5Gfn4+CggLJbyjlaN9ERETg/fffR0VFBS5dumS1ZG94eDjy8vKwfPlyt5b+laPci42NxUcffYSy
sjKUlZVZpaWpTs/Pz0dwcDDmz58vBNZu3LiBF198UbI0kTpvsW1DRETmAkZGRuy2gEdGRtDd3Y3h
4WEYjUYEBwdDq9UiOjra4y80GAzCPkdHRye1z7GxMXR2dqK/vx8qlQqRkZGIjY1FYGCgpJ/xtbGx
MXR1dQldksPDw5GQkCAcc2NjI/bu3Su8/z//8z9dOp9SpG9PTw9UKpVf3wB6k5T529cmc62YzsPQ
0BCMRiPCwsIQHR0tmmjQXXq9Hr29vRgdHUVISAi0Wi2ioqI83p+5wcFB9Pb2Ck8sLa8xJfC3ss2X
14LU6SlHflbCd9s6DqnS07xeCwgIQFhYmFevOanbN6bfMzg4iPHxcWg0GiQkJAg35k1NTfjLX/4i
vP83v/kNEhISnO5XjnLPYDDg4cOHQlDB1+Wd1HmLbRsiomebwwAHKUNFRYUw67lKpcLvfvc7PnEg
IiLyE54GOIiIiMg9ynk8+Yxpa2tzeTWE69evC/+fN28egxtERERERET0zGGAww+1t7fjL3/5C44c
OYKRkRGH7718+bJojO7ChQvlPjwiIiIiIiIiv+Pfsx0+g8bGxrB//34MDg7i8uXL0Ol02LBhA2bP
ni2aJb+3txcVFRU4e/as8Nr06dORmZnpi8MmIiIiIiIi8ikGOPxMYGAgtmzZgn379uHJkyfQ6XT4
/PPPERYWhqlTpyIsLAx6vV5Yz94kKioKr732mt+v0EFEREREREQkB94N+6GUlBT84he/wA8//CAM
PxkcHLS5XBwwsUb89u3bFblSBxEREREREZEUGODwU0lJSfjggw9w//59NDY2oqGhAffv3xcmHo2J
icH8+fORmZmJlJQUHx8tERER2aNSqRAfHy9sK2kJaiIiIiXhMrEKMjY2huHhYQQFBYnm4yAiIiIi
IiJ61jHAQURERERERESKxz6SRERERERERKR4DHAQERERERERkeIxwEFEREREREREiscABxERERER
EREpHgMcRERERERERKR4DHAQERERERERkeIxwEFEREREREREiscABxEREREREREpHgMcRERERERE
RKR4DHAQERERERERkeIxwEFEREREREREiscABxEREREREREpHgMcRERERERERKR4DHAQERERERER
keIxwEFEREREREREiscABxEREREREREpHgMcRERERERERKR4DHAQERERERERkeIxwEFERERERERE
iscABxEREREREREpHgMcRERERERERKR4DHAQERERERERkeIxwEFEREREREREiscABxEREREREREp
HgMcRERERERERKR4DHAQERERERERkeIxwEFEREREREREiscABxEREREREREpHgMcRERERERERKR4
DHAQERERERERkeIxwEFEREREREREiscABxEREREREREpHgMcRERERERERKR4DHAQERERERERkeIx
wEFEREREREREiscABxEREREREREpHgMcRERERERERKR4DHAQERERERERkeIxwEFEREREREREiscA
BxEREREREREpHgMcRERERERERKR4DHAQERERERERkeIxwEFEREREREREiscABxEREREREREpHgMc
RERERERERKR4DHAQERERERERkeIxwEFEREREREREiscABxEREREREREpHgMcRERERERERKR4DHAQ
ERERERERkeIxwEFEREREREREiscABxEREREREREpHgMcRERERERERKR4DHAQERERERERkeIxwEFE
REREREREiscABxEREREREREpHgMcRERERERERKR4DHAQERERERERkeIxwEFEREREREREiscABxER
EREREREpHgMcRERERERERKR4DHAQERERERERkeIxwEFEREREREREiscABxEREREREREpHgMcRERE
RERERKR4DHAQERERERERkeIxwEFEREREREREiscABxEREREREREpHgMcRERERERERKR4DHAQERER
ERERkeIxwEFEREREREREiscABxEREREREREpHgMcRERERERERKR4DHAQERERERERkeIxwEFERERE
REREiscABxEREREREREpHgMcRERERERERKR4DHAQERERERERkeIxwEFEREREREREiscABxERERER
EREpHgMcRERERERERKR4DHAQERERERERkeIxwEFEREREREREiscABxEREREREREpHgMcRERERERE
RKR4DHAQERERERERkeIxwEFEREREREREiscABxEREREREREpHgMcRERERERERKR4DHAQERERERER
keIxwEFEREREREREiscABxEREREREREpHgMcRERERERERKR4DHAQERERERERkeIxwEFERERERERE
iscABxEREREREREpHgMcRERERERERKR4DHAQERERERERkeIxwEFEREREREREiscABxEREREREREp
HgMcRERERERERKR4DHAQERERERERkeIxwEFEREREREREiscABxEREREREREpHgMcRERERERERKR4
DHAQERERERERkeIxwEFEREREREREiscABxEREREREREpHgMcRERERERERKR4DHAQERERERERkeIx
wEFEREREREREiscABxEREREREREpHgMcRERERERERKR4DHAQERERERERkeIxwEFEREREREREiscA
BxEREREREREpHgMcRERERERERKR4DHAQERERERERkeIxwEFEREREREREiscABxEREREREREpHgMc
RERERERERKR4DHAQERERERERkeIxwEFEREREREREiscABxEREREREREpHgMcRERERERERKR4DHAQ
0f9j1w5SGASCKAoSybVFgreehXoIDcOTqhP8Ra8eDQAAkCdwAAAAAHkCBwAAAJAncAAAAAB5AgcA
AACQJ3AAAAAAeQIHAAAAkCdwAAAAAHkCBwAAAJAncAAAAAB5AgcAAACQJ3AAAAAAeQIHAAAAkCdw
AAAAAHnfZd9nb+CFftvsBbySw+IP1vWYPQEAgAf44AAAAADyBA4AAAAgT+AAAAAA8gQOAAAAIE/g
AAAAAPIEDgAAACBP4AAAAADyBA4AAAAgT+AAAAAA8gQOAAAAIE/gAAAAAPIEDgAAACBP4AAAAADy
BA4AAAAgT+AAAAAA8gQOAAAAIE/gAAAAAPIEDgAAACBP4AAAAADyBA4AAAAgT+AAAAAA8gQOAAAA
IE/gAAAAAPIEDgAAACBP4AAAAADyBA4AAAAgT+AAAAAA8gQOAAAAIE/gAAAAAPIEDgAAACBP4AAA
AADyBA4AAAAgT+AAAAAA8gQOAAAAIE/gAAAAAPIEDgAAACBP4AAAAADyBA4AAAAgT+AAAAAA8gQO
AAAAIE/gAAAAAPIEDgAAACBP4AAAAADyBA4AAAAgT+AAAAAA8gQOAAAAIE/gAAAAAPIEDgAAACBP
4AAAAADyBA4AAAAgT+AAAAAA8gQOAAAAIE/gAAAAAPIEDgAAACBP4AAAAADyBA4AAAAgT+AAAAAA
8gQOAAAAIE/gAAAAAPIEDgAAACBP4AAAAADyBA4AAAAgT+AAAAAA8gQOAAAAIE/gAAAAAPIEDgAA
ACBP4AAAAADyBA4AAAAgT+AAAAAA8gQOAAAAIE/gAAAAAPIEDgAAACBP4AAAAADyBA4AAAAgT+AA
AAAA8gQOAAAAIE/gAAAAAPIEDgAAACBP4AAAAADyBA4AAAAgT+AAAAAA8gQOAAAAIE/gAAAAAPIE
DgAAACBP4AAAAADyBA4AAAAgT+AAAAAA8gQOAAAAIE/gAAAAAPIEDgAAACBP4AAAAADyBA4AAAAg
T+AAAAAA8gQOAAAAIE/gAAAAAPIEDgAAACBP4AAAAADyBA4AAAAgT+AAAAAA8gQOAAAAIE/gAAAA
APIEDgAAACBP4AAAAADyBA4AAAAgT+AAAAAA8gQOAAAAIE/gAAAAAPIEDgAAACBP4AAAAADyBA4A
AAAgT+AAAAAA8gQOAAAAIE/gAAAAAPIEDgAAACBP4AAAAADyBA4AAAAgT+AAAAAA8gQOAAAAIE/g
AAAAAPIEDgAAACBP4AAAAADyBA4AAAAgT+AAAAAA8gQOAAAAIE/gAAAAAPIEDgAAACBP4AAAAADy
BA4AAAAgT+AAAAAA8gQOAAAAIE/gAAAAAPIEDgAAACBP4AAAAADyBA4AAAAgT+AAAAAA8gQOAAAA
IE/gAAAAAPIEDgAAACBP4AAAAADyBA4AAAAgT+AAAAAA8gQOAAAAIE/gAAAAAPIEDgAAACBP4AAA
AADyBA4AAAAgT+AAAAAA8gQOAAAAIE/gAAAAAPI+Y4xz9ggAAACAO3xwAAAAAHkCBwAAAJAncAAA
AAB5AgcAAACQJ3AAAAAAeQIHAAAAkCdwAAAAAHkCBwAAAJAncAAAAAB5AgcAAACQJ3AAAAAAeQIH
AAAAkCdwAAAAAHkCBwAAAJAncAAAAAB5AgcAAACQJ3AAAAAAeQIHAAAAkCdwAAAAAHkCBwAAAJAn
cAAAAAB5AgcAAACQJ3AAAAAAeQIHAAAAkCdwAAAAAHkCBwAAAJAncAAAAAB5AgcAAACQJ3AAAAAA
eQIHAAAAkCdwAAAAAHkCBwAAAJAncAAAAAB5AgcAAACQJ3AAAAAAeQIHAAAAkCdwAAAAAHkCBwAA
AJAncAAAAAB5AgcAAACQJ3AAAAAAeQIHAAAAkCdwAAAAAHkCBwAAAJAncAAAAAB5AgcAAACQJ3AA
AAAAeQIHAAAAkCdwAAAAAHkCBwAAAJAncAAAAAB5AgcAAACQJ3AAAAAAeQIHAAAAkCdwAAAAAHkC
BwAAAJAncAAAAAB5AgcAAACQJ3AAAAAAeQIHAAAAkCdwAAAAAHkCBwAAAJAncAAAAAB5AgcAAACQ
J3AAAAAAeQIHAAAAkCdwAAAAAHkCBwAAAJAncAAAAAB5AgcAAACQJ3AAAAAAeQIHAAAAkCdwAAAA
AHkCBwAAAJAncAAAAAB5AgcAAACQJ3AAAAAAeQIHAAAAkCdwAAAAAHkCBwAAAJAncAAAAAB5AgcA
AACQJ3AAAAAAeQIHAAAAkCdwAAAAAHkCBwAAAJAncAAAAAB5AgcAAACQJ3AAAAAAeQIHAAAAkCdw
AAAAAHkCBwAAAJAncAAAAAB5AgcAAACQJ3AAAAAAeQIHAAAAkCdwAAAAAHkCBwAAAJAncAAAAAB5
AgcAAACQJ3AAAAAAeQIHAAAAkCdwAAAAAHkCBwAAAJAncAAAAAB5AgcAAACQJ3AAAAAAeQIHAAAA
kCdwAAAAAHkCBwAAAJAncAAAAAB5AgcAAACQJ3AAAAAAeQIHAAAAkCdwAAAAAHkCBwAAAJAncAAA
AAB5AgcAAACQJ3AAAAAAeQIHAAAAkCdwAAAAAHkCBwAAAJAncAAAAAB5AgcAAACQJ3AAAAAAeQIH
AAAAkCdwAAAAAHkCBwAAAJAncAAAAAB5AgcAAACQJ3AAAAAAeQIHAAAAkCdwAAAAAHkCBwAAAJAn
cAAAAAB5AgcAAACQJ3AAAAAAeQIHAAAAkCdwAAAAAHkCBwAAAJAncAAAAAB5AgcAAACQJ3AAAAAA
eQIHAAAAkCdwAAAAAHkCBwAAAJAncAAAAAB5AgcAAACQJ3AAAAAAeQIHAAAAkCdwAAAAAHkCBwAA
AJAncAAAAAB5AgcAAACQJ3AAAAAAeQIHAAAAkCdwAAAAAHkCBwAAAJAncAAAAAB5AgcAAACQJ3AA
AAAAeQIHAAAAkCdwAAAAAHkCBwAAAJAncAAAAAB5AgcAAACQJ3AAAAAAeQIHAAAAkCdwAAAAAHkC
BwAAAJAncAAAAAB5AgcAAACQJ3AAAAAAeQIHAAAAkCdwAAAAAHkCBwAAAJAncAAAAAB5AgcAAACQ
J3AAAAAAeQIHAAAAkCdwAAAAAHkCBwAAAJAncAAAAAB5AgcAAACQJ3AAAAAAeQIHAAAAkCdwAAAA
AHkCBwAAAJAncAAAAAB5AgcAAACQJ3AAAAAAeQIHAAAAkCdwAAAAAHkCBwAAAJAncAAAAAB5AgcA
AACQJ3AAAAAAeQIHAAAAkCdwAAAAAHkCBwAAAJAncAAAAAB5AgcAAACQJ3AAAAAAeQIHAAAAkCdw
AAAAAHkCBwAAAJAncAAAAAB5AgcAAACQJ3AAAAAAeQIHAAAAkCdwAAAAAHkCBwAAAJAncAAAAAB5
AgcAAACQJ3AAAAAAeQIHAAAAkCdwAAAAAHkCBwAAAJAncAAAAAB5AgcAAACQJ3AAAAAAeQIHAAAA
kCdwAAAAAHkCBwAAAJAncAAAAAB5AgcAAACQJ3AAAAAAeQIHAAAAkCdwAAAAAHkCBwAAAJAncAAA
AAB5AgcAAACQJ3AAAAAAeQIHAAAAkCdwAAAAAHkCBwAAAJAncAAAAAB5AgcAAACQJ3AAAAAAeQIH
AAAAkCdwAAAAAHkCBwAAAJAncAAAAAB5AgcAAACQJ3AAAAAAeQIHAAAAkCdwAAAAAHkCBwAAAJAn
cAAAAAB5AgcAAACQJ3AAAAAAeQIHAAAAkCdwAAAAAHkCBwAAAJAncAAAAAB5AgcAAACQJ3AAAAAA
eQIHAAAAkCdwAAAAAHkCBwAAAJAncAAAAAB5AgcAAACQJ3AAAAAAeQIHAAAAkCdwAAAAAHkCBwAA
AJAncAAAAAB5AgcAAACQJ3AAAAAAeQIHAAAAkCdwAAAAAHkCBwAAAJAncAAAAAB5AgcAAACQJ3AA
AAAAeQIHAAAAkCdwAAAAAHkCBwAAAJAncAAAAAB5AgcAAACQJ3AAAAAAeQIHAAAAkCdwAAAAAHkC
BwAAAJAncAAAAAB5AgcAAACQJ3AAAAAAeQIHAAAAkCdwAAAAAHkCBwAAAJAncAAAAAB5AgcAAACQ
J3AAAAAAeQIHAAAAkCdwAAAAAHkCBwAAAJAncAAAAAB5AgcAAACQJ3AAAAAAeQIHAAAAkCdwAAAA
AHkCBwAAAJAncAAAAAB5AgcAAACQJ3AAAAAAeQIHAAAAkCdwAAAAAHkCBwAAAJAncAAAAAB5AgcA
AACQJ3AAAAAAeQIHAAAAkCdwAAAAAHkCBwAAAJAncAAAAAB5AgcAAACQJ3AAAAAAeQIHAAAAkCdw
AAAAAHkCBwAAAJAncAAAAAB5AgcAAACQJ3AAAAAAeQIHAAAAkCdwAAAAAHkCBwAAAJAncAAAAAB5
AgcAAACQJ3AAAAAAeQIHAAAAkCdwAAAAAHkCBwAAAJAncAAAAAB5AgcAAACQJ3AAAAAAeQIHAAAA
kCdwAAAAAHkCBwAAAJAncAAAAAB5AgcAAACQJ3AAAAAAeQIHAAAAkCdwAAAAAHkCBwAAAJAncAAA
AAB5AgcAAACQJ3AAAAAAeQIHAAAAkCdwAAAAAHkCBwAAAJAncAAAAAB5AgcAAACQJ3AAAAAAeQIH
AAAAkCdwAAAAAHkCBwAAAJAncAAAAAB5AgcAAACQJ3AAAAAAeQIHAAAAkCdwAAAAAHkCBwAAAJAn
cAAAAAB5AgcAAACQJ3AAAAAAeQIHAAAAkCdwAAAAAHkCBwAAAJAncAAAAAB5AgcAAACQJ3AAAAAA
eQIHAAAAkCdwAAAAAHkCBwAAAJAncAAAAAB5AgcAAACQJ3AAAAAAeQIHAAAAkCdwAAAAAHkCBwAA
AJAncAAAAAB5AgcAAACQJ3AAAAAAeQIHAAAAkCdwAAAAAHkCBwAAAJAncAAAAAB5AgcAAACQJ3AA
AAAAeQIHAAAAkCdwAAAAAHkCBwAAAJAncAAAAAB5AgcAAACQJ3AAAAAAeQIHAAAAkCdwAAAAAHkC
BwAAAJAncAAAAAB5AgcAAACQJ3AAAAAAeQIHAAAAkCdwAAAAAHkCBwAAAJAncAAAAAB5AgcAAACQ
J3AAAAAAeQIHAAAAkCdwAAAAAHkCBwAAAJAncAAAAAB5AgcAAAA1s/LbAAAgAElEQVSQJ3AAAAAA
eQIHAAAAkCdwAAAAAHkCBwAAAJAncAAAAAB5AgcAAACQJ3AAAAAAeQIHAAAAkCdwAAAAAHkCBwAA
AJAncAAAAAB5AgcAAACQJ3AAAAAAeQIHAAAAkCdwAAAAAHkCBwAAAJAncAAAAAB5AgcAAACQJ3AA
AAAAeQIHAAAAkCdwAAAAAHkCBwAAAJAncAAAAAB5AgcAAACQJ3AAAAAAeQIHAAAAkCdwAAAAAHkC
BwAAAJAncAAAAAB5AgcAAACQJ3AAAAAAeQIHAAAAkCdwAAAAAHkCBwAAAJAncAAAAAB5AgcAAACQ
J3AAAAAAeQIHAAAAkCdwAAAAAHkCBwAAAJAncAAAAAB5AgcAAACQJ3AAAAAAeQIHAAAAkCdwAAAA
AHkCBwAAAJAncAAAAAB5AgcAAACQJ3AAAAAAeQIHAAAAkCdwAAAAAHkCBwAAAJAncAAAAAB5AgcA
AACQJ3AAAAAAeQIHAAAAkCdwAAAAAHkCBwAAAJAncAAAAAB5AgcAAACQJ3AAAAAAeQIHAAAAkCdw
AAAAAHkCBwAAAJAncAAAAAB5AgcAAACQJ3AAAAAAeQIHAAAAkCdwAAAAAHkCBwAAAJAncAAAAAB5
AgcAAACQJ3AAAAAAeQIHAAAAkCdwAAAAAHkCBwAAAJAncAAAAAB5AgcAAACQJ3AAAAAAeQIHAAAA
kCdwAAAAAHkCBwAAAJAncAAAAAB5AgcAAACQJ3AAAAAAeQIHAAAAkCdwAAAAAHkCBwAAAJAncAAA
AAB5AgcAAACQJ3AAAAAAeQIHAAAAkCdwAAAAAHkCBwAAAJAncAAAAAB5AgcAAACQJ3AAAAAAeQIH
AAAAkCdwAAAAAHkCBwAAAJAncAAAAAB5AgcAAACQJ3AAAAAAeQIHAAAAkCdwAAAAAHkCBwAAAJAn
cAAAAAB5AgcAAACQJ3AAAAAAeQIHAAAAkCdwAAAAAHkCBwAAAJAncAAAAAB5AgcAAACQJ3AAAAAA
eQIHAAAAkCdwAAAAAHkCBwAAAJAncAAAAAB5AgcAAACQJ3AAAAAAeQIHAAAAkCdwAAAAAHkCBwAA
AJAncAAAAAB5AgcAAACQJ3AAAAAAeQIHAAAAkCdwAAAAAHkCBwAAAJAncAAAAAB5AgcAAACQJ3AA
AAAAeQIHAAAAkCdwAAAAAHkCBwAAAJAncAAAAAB5AgcAAACQJ3AAAAAAeQIHAAAAkCdwAAAAAHkC
BwAAAJAncAAAAAB5AgcAAACQJ3AAAAAAeQIHAAAAkCdwAAAAAHkCBwAAAJAncAAAAAB5AgcAAACQ
J3AAAAAAeQIHAAAAkCdwAAAAAHkCBwAAAJAncAAAAAB5AgcAAACQJ3AAAAAAeQIHAAAAkCdwAAAA
AHkCBwAAAJAncAAAAAB5AgcAAACQJ3AAAAAAeQIHAAAAkCdwAAAAAHkCBwAAAJAncAAAAAB5AgcA
AACQJ3AAAAAAeQIHAAAAkCdwAAAAAHkCBwAAAJAncAAAAAB5AgcAAACQJ3AAAAAAeQIHAAAAkCdw
AAAAAHkCBwAAAJAncAAAAAB5AgcAAACQJ3AAAAAAeQIHAAAAkCdwAAAAAHkCBwAAAJAncAAAAAB5
AgcAAACQJ3AAAAAAeQIHAAAAkCdwAAAAAHkCBwAAAJAncAAAAAB5AgcAAACQJ3AAAAAAeQIHAAAA
kCdwAAAAAHkCBwAAAJAncAAAAAB5AgcAAACQJ3AAAAAAeQIHAAAAkCdwAAAAAHkCBwAAAJAncAAA
AAB5AgcAAACQJ3AAAAAAeQIHAAAAkCdwAAAAAHkCBwAAAJAncAAAAAB5AgcAAACQJ3AAAAAAeQIH
AAAAkCdwAAAAAHkCBwAAAJAncAAAAAB5AgcAAACQJ3AAAAAAeQIHAAAAkCdwAAAAAHkCBwAAAJAn
cAAAAAB5AgcAAACQJ3AAAAAAeQIHAAAAkCdwAAAAAHkCBwAAAJAncAAAAAB5AgcAAACQJ3AAAAAA
eQIHAAAAkCdwAAAAAHkCBwAAAJAncAAAAAB5AgcAAACQJ3AAAAAAeQIHAAAAkCdwAAAAAHkCBwAA
AJAncAAAAAB5AgcAAACQJ3AAAAAAeQIHAAAAkCdwAAAAAHkCBwAAAJAncAAAAAB5AgcAAACQJ3AA
AAAAeQIHAAAAkCdwAAAAAHkCBwAAAJAncAAAAAB5AgcAAACQJ3AAAAAAeQIHAAAAkCdwAAAAAHkC
BwAAAJAncAAAAAB5AgcAAACQJ3AAAAAAeQIHAAAAkCdwAAAAAHkCBwAAAJAncAAAAAB5AgcAAACQ
J3AAAAAAeQIHAAAAkCdwAAAAAHkCBwAAAJAncAAAAAB5AgcAAACQJ3AAAAAAeQIHAAAAkCdwAAAA
AHkCBwAAAJAncAAAAAB5AgcAAACQJ3AAAAAAeQIHAAAAkCdwAAAAAHkCBwAAAJAncAAAAAB5AgcA
AACQJ3AAAAAAeQIHAAAAkCdwAAAAAHkCBwAAAJAncAAAAAB5AgcAAACQJ3AAAAAAeQIHAAAAkCdw
AAAAAHkCBwAAAJAncAAAAAB5AgcAAACQJ3AAAAAAeQIHAAAAkCdwAAAAAHkCBwAAAJAncAAAAAB5
AgcAAACQJ3AAAAAAeQIHAAAAkCdwAAAAAHkCBwAAAJAncAAAAAB5AgcAAACQJ3AAAAAAeQIHAAAA
kCdwAAAAAHkCBwAAAJAncAAAAAB5AgcAAACQJ3AAAAAAeQIHAAAAkCdwAAAAAHkCBwAAAJAncAAA
AAB5AgcAAACQJ3AAAAAAeQIHAAAAkCdwAAAAAHkCBwAAAJAncAAAAAB5AgcAAACQJ3AAAAAAeQIH
AAAAkCdwAAAAAHkCBwAAAJAncAAAAAB5AgcAAACQJ3AAAAAAeQIHAAAAkCdwAAAAAHkCBwAAAJAn
cAAAAAB5AgcAAACQJ3AAAAAAeQIHAAAAkCdwAAAAAHkCBwAAAJAncAAAAAB5AgcAAACQJ3AAAAAA
eQIHAAAAkCdwAAAAAHkCBwAAAJAncAAAAAB5AgcAAACQJ3AAAAAAeQIHAAAAkCdwAAAAAHkCBwAA
AJAncAAAAAB5AgcAAACQJ3AAAAAAeQIHAAAAkCdwAAAAAHkCBwAAAJAncAAAAAB5AgcAAACQJ3AA
AAAAeQIHAAAAkCdwAAAAAHkCBwAAAJAncAAAAAB5AgcAAACQJ3AAAAAAeQIHAAAAkCdwAAAAAHkC
BwAAAJAncAAAAAB5AgcAAACQJ3AAAAAAeQIHAAAAkCdwAAAAAHkCBwAAAJAncAAAAAB5AgcAAACQ
J3AAAAAAeQIHAAAAkCdwAAAAAHkCBwAAAJAncAAAAAB5AgcAAACQJ3AAAAAAeQIHAAAAXO3dP2xV
9/3/8TcO+I9sC0tliBnS2yUSqgcjRWqldrgsGVjidGnLYpMlVRhwpg5FwlESqapUQaq2yoQhA2WL
vWQF1EQqS3FUIqQsdiMFMiD1Itu1DQa+Q5XoJwG/ULB97qt5PFZsn9fmw9PnfC7xBA4AAAAgnsAB
AAAAxBM4AAAAgHgCBwAAABBP4AAAAADiCRwAAABAPIEDAAAAiCdwAAAAAPEEDgAAACCewAEAAADE
EzgAAACAeAIHAAAAEE/gAAAAAOIJHAAAAEA8gQMAAACIJ3AAAAAA8QQOAAAAIJ7AAQAAAMQTOAAA
AIB4AgcAAAAQT+AAAAAA4gkcAAAAQDyBAwAAAIgncAAAAADxBA4AAAAgnsABAAAAxBM4AAAAgHgC
BwAAABBP4AAAAADiCRwAAABAPIEDAAAAiCdwAAAAAPEEDgAAACCewAEAAADEEzgAAACAeAIHAAAA
EE/gAAAAAOIJHAAAAEA8gQMAAACIJ3AAAAAA8QQOAAAAIJ7AAQAAAMQTOAAAAIB4AgcAAAAQT+AA
AAAA4gkcAAAAQDyBAwAAAIgncAAAAADxBA4AAAAgnsABAAAAxBM4AAAAgHgCBwAAABBP4AAAAADi
CRwAAABAPIEDAAAAiCdwAAAAAPEEDgAAACCewAEAAADEEzgAAACAeAIHAAAAEE/gAAAAAOIJHAAA
AEA8gQMAAACIJ3AAAAAA8QQOAAAAIJ7AAQAAAMQTOAAAAIB4AgcAAAAQT+AAAAAA4gkcAAAAQDyB
AwAAAIgncAAAAADxBA4AAAAgnsABAAAAxBM4AAAAgHgCBwAAABBP4AAAAADiCRwAAABAPIEDAAAA
iCdwAAAAAPEEDgAAACCewAEAAADEEzgAAACAeAIHAAAAEE/gAAAAAOIJHAAAAEA8gQMAAACIJ3AA
AAAA8QQOAAAAIJ7AAQAAAMQTOAAAAIB4AgcAAAAQT+AAAAAA4gkcAAAAQDyBAwAAAIgncAAAAADx
BA4AAAAgnsABAAAAxBM4AAAAgHgCBwAAABBP4AAAAADiCRwAAABAPIEDAAAAiCdwAAAAAPEEDgAA
ACCewAEAAADEEzgAAACAeAIHAAAAEE/gAAAAAOIJHAAAAEA8gQMAAACIJ3AAAAAA8QQOAAAAIJ7A
AQAAAMQTOAAAAIB4AgcAAAAQT+AAAAAA4gkcAAAAQDyBAwAAAIgncAAAAADxBA4AAAAgnsABAAAA
xBM4AAAAgHgCBwAAABBP4AAAAADiCRwAAABAPIEDAAAAiCdwAAAAAPEEDgAAACCewAEAAADEEzgA
AACAeAIHAAAAEE/gAAAAAOIJHAAAAEA8gQMAAACIJ3AAAAAA8QQOAAAAIJ7AAQAAAMQTOAAAAIB4
AgcAAAAQT+AAAAAA4gkcAAAAQDyBAwAAAIgncAAAAADxBA4AAAAgnsABAAAAxBM4AAAAgHgCBwAA
ABBP4AAAAADiCRwAAABAPIEDAAAAiCdwAAAAAPEEDgAAACCewAEAAADEEzgAAACAeAIHAAAAEE/g
AAAAAOIJHAAAAEA8gQMAAACIJ3AAAAAA8QQOAAAAIJ7AAQAAAMQTOAAAAIB4AgcAAAAQT+AAAAAA
4gkcAAAAQDyBAwAAAIgncAAAAADxBA4AAAAgnsABAAAAxBM4AAAAgHgCBwAAABBP4AAAAADiCRwA
AABAPIEDAAAAiCdwAAAAAPEEDgAAACCewAEAAADEEzgAAACAeAIHAAAAEE/gAAAAAOIJHAAAAEA8
gQMAAACIJ3AAAAAA8QQOAAAAIJ7AAQAAAMQTOAAAAIB4AgcAAAAQT+AAAAAA4gkcAAAAQDyBAwAA
AIgncAAAAADxBA4AAAAgnsABAAAAxBM4AAAAgHgCBwAAABBP4AAAAADiCRwAAABAPIEDAAAAiCdw
AAAAAPEEDgAAACCewAEAAADEEzgAAACAeAIHAAAAEE/gAAAAAOIJHAAAAEA8gQMAAACIJ3AAAAAA
8QQOAAAAIJ7AAQAAAMQTOAAAAIB4AgcAAAAQT+AAAAAA4gkcAAAAQDyBAwAAAIgncAAAAADxBA4A
AAAgnsABAAAAxBM4AAAAgHgCBwAAABBP4AAAAADiCRwAAABAPIEDAAAAiCdwAAAAAPEEDgAAACCe
wAEAAADEEzgAAACAeAIHAAAAEE/gAAAAAOIJHAAAAEA8gQMAAACIJ3AAAAAA8QQOAAAAIJ7AAQAA
AMQTOAAAAIB4AgcAAAAQT+AAAAAA4gkcAAAAQDyBAwAAAIgncAAAAADxBA4AAAAgnsABAAAAxBM4
AAAAgHgCBwAAABBP4AAAAADiCRwAAABAPIEDAAAAiCdwAAAAAPEEDgAAACCewAEAAADEEzgAAACA
eAIHAAAAEE/gAAAAAOIJHAAAAEA8gQMAAACIJ3AAAAAA8QQOAAAAIJ7AAQAAAMQTOAAAAIB4AgcA
AAAQT+AAAAAA4gkcAAAAQDyBAwAAAIgncAAAAADxBA4AAAAgnsABAAAAxBM4AAAAgHgCBwAAABBP
4AAAAADiCRwAAABAPIEDAAAAiCdwAAAAAPEEDgAAACCewAEAAADEEzgAAACAeAIHAAAAEE/gAAAA
AOIJHAAAAEA8gQMAAACIJ3AAAAAA8QQOAAAAIJ7AAQAAAMQTOAAAAIB4AgcAAAAQT+AAAAAA4gkc
AAAAQDyBAwAAAIgncAAAAADxBA4AAAAgnsABAAAAxBM4AAAAgHgCBwAAABBP4AAAAADiCRwAAABA
PIEDAAAAiCdwAAAAAPEEDgAAACCewAEAAADEEzgAAACAeAIHAAAAEE/gAAAAAOIJHAAAAEA8gQMA
AACIJ3AAAAAA8QQOAAAAIJ7AAQAAAMQTOAAAAIB4AgcAAAAQT+AAAAAA4gkcAAAAQDyBAwAAAIgn
cAAAAADxBA4AAAAgnsABAAAAxBM4AAAAgHgCBwAAABBP4AAAAADiCRwAAABAPIEDAAAAiCdwAAAA
APEEDgAAACCewAEAAADEEzgAAACAeAIHAAAAEE/gAAAAAOIJHAAAAEA8gQMAAACIJ3AAAAAA8QQO
AAAAIJ7AAQAAAMQTOAAAAIB4AgcAAAAQT+AAAAAA4gkcAAAAQDyBAwAAAIgncAAAAADxBA4AAAAg
nsABAAAAxBM4AAAAgHgCBwAAABBP4AAAAADiCRwAAABAPIEDAAAAiCdwAAAAAPEEDgAAACCewAEA
AADEEzgAAACAeAIHAAAAEE/gAAAAAOIJHAAAAEA8gQMAAACIJ3AAAAAA8QQOAAAAIJ7AAQAAAMQT
OAAAAIB4AgcAAAAQT+AAAAAA4gkcAAAAQDyBAwAAAIgncAAAAADxBA4AAAAgnsABAAAAxBM4AAAA
gHgCBwAAABBP4AAAAADiCRwAAABAPIEDAAAAiCdwAAAAAPEEDgAAACCewAEAAADEEzgAAACAeAIH
AAAAEE/gAAAAAOIJHAAAAEA8gQMAAACIJ3AAAAAA8QQOAAAAIJ7AAQAAAMQTOAAAAIB4AgcAAAAQ
T+AAAAAA4gkcAAAAQDyBAwAAAIgncAAAAADxBA4AAAAgnsABAAAAxBM4AAAAgHgCBwAAABBP4AAA
AADiCRwAAABAPIEDAAAAiCdwAAAAAPEEDgAAACCewAEAAADEEzgAAACAeAIHAAAAEE/gAAAAAOIJ
HAAAAEA8gQMAAACIJ3AAAAAA8QQOAAAAIJ7AAQAAAMQTOAAAAIB4AgcAAAAQT+AAAAAA4gkcAAAA
QDyBAwAAAIgncAAAAADxBA4AAAAgnsABAAAAxBM4AAAAgHgCBwAAABBP4AAAAADiCRwAAABAPIED
AAAAiCdwAAAAAPEEDgAAACCewAEAAADEEzgAAACAeAIHAAAAEE/gAAAAAOIJHAAAAEA8gQMAAACI
J3AAAAAA8QQOAAAAIJ7AAQAAAMQTOAAAAIB4AgcAAAAQT+AAAAAA4gkcAAAAQDyBAwAAAIgncAAA
AADxBA4AAAAgnsABAAAAxBM4AAAAgHgCBwAAABBP4AAAAADiCRwAAABAPIEDAAAAiCdwAAAAAPEE
DgAAACCewAEAAADEEzgAAACAeAIHAAAAEE/gAAAAAOIJHAAAAEA8gQMAAACIJ3AAAAAA8QQOAAAA
IJ7AAQAAAMQTOAAAAIB4AgcAAAAQT+AAAAAA4gkcAAAAQDyBAwAAAIgncAAAAADxBA4AAAAgnsAB
AAAAxBM4AAAAgHgCBwAAABBP4AAAAADiCRwAAABAPIEDAAAAiCdwAAAAAPEEDgAAACCewAEAAADE
EzgAAACAeAIHAAAAEE/gAAAAAOIJHAAAAEA8gQMAAACIJ3AAAAAA8QQOAAAAIJ7AAQAAAMQTOAAA
AIB4AgcAAAAQT+AAAAAA4gkcAAAAQDyBAwAAAIgncAAAAADxBA4AAAAgnsABAAAAxBM4AAAAgHgC
BwAAABBP4AAAAADiCRwAAABAPIEDAAAAiCdwAAAAAPEEDgAAACCewAEAAADEEzgAAACAeAIHAAAA
EE/gAAAAAOIJHAAAAEA8gQMAAACIJ3AAAAAA8QQOAAAAIJ7AAQAAAMQTOAAAAIB4AgcAAAAQT+AA
AAAA4gkcAAAAQDyBAwAAAIgncAAAAADxBA4AAAAgnsABAAAAxBM4AAAAgHgCBwAAABBP4AAAAADi
CRwAAABAPIEDAAAAiCdwAAAAAPEEDgAAACCewAEAAADEEzgAAACAeAIHAAAAEE/gAAAAAOIJHAAA
AEA8gQMAAACIJ3AAAAAA8QQOAAAAIJ7AAQAAAMQTOAAAAIB4AgcAAAAQT+AAAAAA4gkcAAAAQDyB
AwAAAIgncAAAAADxBA4AAAAgnsABAAAAxBM4AAAAgHgCBwAAABBP4AAAAADiCRwAAABAPIEDAAAA
iCdwAAAAAPEEDgAAACCewAEAAADEEzgAAACAeAIHAAAAEE/gAAAAAOIJHAAAAEA8gQMAAACIJ3AA
AAAA8QQOAAAAIJ7AAQAAAMQTOAAAAIB4AgcAAAAQT+AAAAAA4gkcAAAAQDyBAwAAAIgncAAAAADx
BA4AAAAgnsABAAAAxBM4AAAAgHgCBwAAABBP4AAAAADiCRwAAABAPIEDAAAAiCdwAAAAAPEEDgAA
ACCewAEAAADEEzgAAACAeAIHAAAAEE/gAAAAAOIJHAAAAEA8gQMAAACIJ3AAAAAA8QQOAAAAIJ7A
AQAAAMQTOAAAAIB4AgcAAAAQT+AAAAAA4gkcAAAAQDyBAwAAAIgncAAAAADxBA4AAAAgnsABAAAA
xBM4AAAAgHgCBwAAABBP4AAAAADiCRwAAABAPIEDAAAAiCdwAAAAAPEEDgAAACCewAEAAADEEzgA
AACAeAIHAAAAEE/gAAAAAOIJHAAAAEA8gQMAAACIJ3AAAAAA8QQOAAAAIJ7AAQAAAMQTOAAAAIB4
AgcAAAAQT+AAAAAA4gkcAAAAQDyBAwAAAIgncAAAAADxBA4AAAAgnsABAAAAxBM4AAAAgHgCBwAA
ABBP4AAAAADiCRwAAABAPIEDAAAAiCdwAAAAAPEEDgAAACCewAEAAADEEzgAAACAeAIHAAAAEE/g
AAAAAOIJHAAAAEA8gQMAAACIJ3AAAAAA8QQOAAAAIJ7AAQAAAMQTOAAAAIB4AgcAAAAQT+AAAAAA
4gkcAAAAQDyBAwAAAIgncAAAAADxBA4AAAAgnsABAAAAxBM4AAAAgHgCBwAAABBP4AAAAADiCRwA
AABAPIEDAAAAiCdwAAAAAPEEDgAAACCewAEAAADEEzgAAACAeAIHAAAAEE/gAAAAAOLtqqoHTY8A
AAAAeBae4AAAAADiCRwAAABAPIEDAAAAiCdwAAAAAPEEDgAAACCewAEAAADEEzgAAACAeAIHAAAA
EE/gAAAAAOIJHAAAAEA8gQMAAACIJ3AAAAAA8QQOAAAAIJ7AAQAAAMQTOAAAAIB4AgcAAAAQT+AA
AAAA4gkcAAAAQDyBAwAAAIgncAAAAADxBA4AAAAgnsABAAAAxBM4AAAAgHgCBwAAABBP4AAAAADi
CRwAAABAPIEDAAAAiCdwAAAAAPEEDgAAACCewAEAAADEEzgAAACAeAIHAAAAEE/gAAAAAOIJHAAA
AEA8gQMAAACIJ3AAAAAA8QQOAAAAIJ7AAQAAAMQTOAAAAIB4AgcAAAAQT+AAAAAA4gkcAAAAQDyB
AwAAAIi3u+kBwNNrtVr1yiuvVFXV/Px8LS0tNTsIAACgIbuq6kHTI4D/3smTJ2t6erpGRkaqqqrT
6dShQ4dqYWGh4WXAd1lPT08NDAzU4OBgDQwMVG9vb+3atauqqh48eFB37typtbW1Wl1drbW1tbp/
/37DiwGA/xUCB4Rpt9s1OztbrVbroX+7fPlytdvtHd8EfLf19PTU0NBQ7d27t/bt21cHDhyoH/7w
h/Xiiy/W888/X729vVVVdefOnfrqq6/q888/r88++6yuX79et27dqn/961/173//W+wAtl2r1apT
p07VxMRE01O+MTc3V2+++aYncWELCBwQotVq1ezs7LcGjK//Ugqw3b4OG6Ojo/Xyyy/Xq6++Wi+9
9FINDw8/0fcvLy/X3/72t7pw4UJ98skndfPmzVpZWRE6gG3RarXq6tWr3zz92k06nU4dPHhQ5IBn
JHBAlxsZGanjx4/XzMzME329wAHshL6+vhodHa1f/vKX9dprr1Wr1ardu5/uaK/Nzc1aWlqqM2fO
1F/+8pe6efNmbWxsbPFi4Ltubm7um7PLutH8/HxXPVkCiQQO6GKTk5M1MzPzyNdRHkfgALZbf39/
HT58uE6cOFFjY2O1Z8+eLfm5d+/erWvXrtU777xTH330Ua2vr2/JzwWo+s85QN3OfRw8G4EDutD4
+HidOnXqqc7T8IsR2E67d++ud955p44dO1ZDQ0Pbco2VlZX605/+VCdOnKjNzc1tuQbw3ZMQOA4e
POjAeHgGPiYWusjIyEidOnWqpqammp4C8Eh//OMfa3Jysvr7+7ftGkNDQ3X8+PEaGRmpX/3qV9t2
HYBu043ng0CSnqYHAP9x/PjxWlxcFDeArrR79+56//33tz1ufK2/v78mJyfr/ffff+qzPQCA7xaB
AxrWbrfr6tWrdfr0adUe6Er9/f317rvv7ljc+H+vOzk5We++++6OXhcAyCRwQENarVZ9+OGHdfHi
xRofH296DsAj9fX11eHDh+uNN95oJDL09/fXG2+8UYcPH66+vr4dvz4AkEPggAacPHmyrl696qPA
gK7W09NTo6OjdeLEiW07UPRJDA0N1YkTJ2p0dLR6ety6AACP5i4BdtDExEQtLi7WzMyM11GArjc0
NFRHjhypsbGxpqfU2NhYHTlypNHQAgB0N4EDdkCr1aqLFy/Whx9+WK1Wq+k5AN/q66c3jh49Wnv2
7Gl6Tu3Zs6eOHj1a+/fv9xQHAPBI7hBgG339sa+Li4vVbrebngPwxIaHh+vll1/uqijbarXqJz/5
SQ0ODjY9BQDoQgIHbJPJyclaXFys6enppqcA/Nf27t1br776ald9ROvu3bvr5z//uVf8AIBHEjhg
i7Xb7bp48WKdPXvWTTgQqaenp773ve/VSy+91PSUh/z4x/aZpm8AAAbqSURBVD+uffv2eU0FAHiI
uwPYIiMjIzU7O1sXL170OgoQbWBgoA4cOFDDw8NNT3nI8PBwHThwoAYGBpqeAgB0GYEDtsDJkydr
cXGxpqammp4C8MwGBwe74pNTHmdsbMw5HADAQ7rnxVoI1G63a3Z2tqsO4QN4VgMDA/Xiiy82PeOx
Xnjhherr62t6BgDQZQQOeEqzs7Oe2AD+J/X29tbzzz/f9IzH2r9/f/X29jY9AwDoMl5RgafQbrfF
DeB/1q5du7o6IAwNDdVzzz3X9AwAoMsIHPAUHCIKAADQXQQOeApzc3NNTwDYNg8ePKg7d+40PeOx
VlZW6t69e03PAAC6jMABT2FhYaHOnTvX9AyAbXHnzp366quvmp7xWDdu3OjqAAMANEPggKc0NTVV
hw4dqk8//bTpKQBbam1trT7//POmZzzWF198URsbG03PAAC6jMABz+DSpUs1Pj5eb775Zt2+fbvp
OQBbYnV1ta5du9b0jMe6du1ara6uNj0DAOgyAgdsgdOnT1er1ar33nuv6SkAz2xtba2uX79ey8vL
TU95yPLycl2/fr3W1taangIAdBmBA7ZIp9Op6enpOnjwYF2+fLnpOQBP7f79+3Xr1q26cuVK01Me
cuXKlbp161bdv3+/6SkAQJcROGCLLSwsVLvdrqNHj9Y///nPpucAPJVOp1MXLlzoqk8ruXfvXl24
cKE6nU7TUwCALiRwwDY5e/ZsjY+P11tvvdX0FID/2urqan388ce1tLTU9JRvLC0t1SeffOL8DQDg
kQQO2EadTqdmZmbqBz/4Qc3Pzzc9B+CJ3b9/v27evFlnzpypu3fvNj2n7t69W2fOnKkbN254PQUA
eCSBA3bA0tJSTUxM1KFDh7y2AsRYWVmp8+fP12effdb0lPrHP/5R58+fr5WVlaanAABdSuCAHXTp
0qVqtVr11ltv+VhZoOt9/RTH22+/3WhYWF5erl//+tf15ZdfenoDAHgsgQMaMDMzU61Wq86dO9f0
FID/r42Njfroo4/qz3/+c62vr+/49dfX1+u3v/1t/fWvf+2KV2UAgO4lcEBDOp1OTU1N1aFDh+rT
Tz9teg7AY62vr9dvfvOb+uCDD2pjY2PHrruxsVEffPBB/e53v9vR6wIAmQQOaNilS5dqfHy8jh49
6rUVoGttbm7W66+/XufOnduRJznW19fr3Llz9frrr9fm5ua2Xw8AyCdwQJc4e/ZstVqteu+995qe
AvBYx44dqz/84Q/beibH8vJyvf3223Xs2LFtuwYA8L9H4IAu0ul0anp6ug4ePFiXL19ueg7AQzY3
N+vkyZM1OTlZCwsLW3ouxt27d+vvf/97/exnP6vf//73ntwAvnM6nU7TEyDarqp60PQI4NEmJibq
9OnT9f3vf/+Jv2fXrl3buAjgP/r6+mp0dLSOHDlSr732WrVarXruueee6mfdu3evlpaW6syZM3X+
/Pn68ssvHSgKbLkHD7r/vz3u4+DZCBzQ5UZGRmp6erqmp6dr79693/r1fjECO6Wnp6eGhoZqdHS0
fvrTn9YvfvGL+tGPflTDw8NP9P3Ly8t15cqVunDhQn388cd18+bNWllZ8VGwwLaYm5urV155pekZ
jzU/P18TExNNz4BoAgeEaLVadfr06W/9xSxwADutp6enBgcHa2RkpPbt21cHDhyosbGxeuGFF2r/
/v01NDRUVVUrKyt148aN+uKLL+ratWt1/fr1unXrVnU6nVpdXRU2gG3VarVqYWHhif5gtNNu375d
4+PjtbS01PQUiCZwQJh2u11nz5595Gsryj/QtJ6enhoYGKjBwcHq6+ur3t7eb15duXfvXt25c6c2
NjZqdXW11tbWRA1gRz3pH4x20vz8fE1PT4sbsAUEDgg1PT1dMzMz3/wV4vbt29Vut2thYaHhZQAA
3W98fLxGRkYau36n03HfBltM4IBgIyMjNTU1VZ1Op+bm5py8DQAAfGcJHAAAAEC8nqYHAAAAADwr
gQMAAACIJ3AAAAAA8QQOAAAAIJ7AAQAAAMQTOAAAAIB4AgcAAAAQT+AAAAAA4gkcAAAAQDyBAwAA
AIgncAAAAADxBA4AAAAgnsABAAAAxBM4AAAAgHgCBwAAABBP4AAAAADiCRwAAABAPIEDAAAAiCdw
AAAAAPEEDgAAACCewAEAAADEEzgAAACAeAIHAAAAEE/gAAAAAOIJHAAAAEA8gQMAAACIJ3AAAAAA
8QQOAAAAIJ7AAQAAAMQTOAAAAIB4AgcAAAAQT+AAAAAA4gkcAAAAQDyBAwAAAIgncAAAAADxBA4A
AAAgnsABAAAAxBM4AAAAgHgCBwAAABBP4AAAAADiCRwAAABAPIEDAAAAiPd/wZx4lm1sRnAAAAAA
SUVORK5CYII=
" width="800px"&gt;</msg>
<doc>Takes a screenshot of the current page and embeds it into the log.</doc>
<status status="PASS" start="2024-01-31T16:42:19.648031" elapsed="0.961626"/>
</kw>
<kw name="Quit Application" owner="AppiumLibrary">
<msg time="2024-01-31T16:42:20.611658" level="WARN">Keyword 'AppiumLibrary.Quit Application' is deprecated. in selenium v4, check `Close Application` keyword.</msg>
<kw name="Capture Page Screenshot" owner="AppiumLibrary">
<msg time="2024-01-31T16:42:21.446658" level="INFO" html="true">&lt;/td&gt;&lt;/tr&gt;&lt;tr&gt;&lt;td colspan="3"&gt;&lt;img src="data:image/png;base64, iVBORw0KGgoAAAANSUhEUgAABDgAAAjoCAYAAAA5jhrUAAAAAXNSR0IArs4c6QAAAARzQklUCAgI
CHwIZIgAACAASURBVHic7N15XJV1/v//J4IsKgIKicsXJVHBJU1TQsUlkXRatLJPZovTou2rMzVN
5jhO1qcZtflkVjp90nK0XW1yacEtF3IXMzWXxH1BEERkUTq/P/zBBzjXdTgHDudw4eN+u3m7ca7r
Otf7LVy8uM7rer9fb5+YmBibAAAAAAAALKyetzsAAAAAAABQXSQ4AAAAAACA5ZHgAAAAAAAAlkeC
AwAAAAAAWB4JDgAAAAAAYHkkOAAAAAAAgOWR4AAAAAAAAJZHggMAAAAAAFgeCQ4AAAAAAGB5JDgA
AAAAAIDlkeAAAAAAAACWR4IDAAAAAABYHgkOAAAAAABgeSQ4AAAAAACA5ZHgAAAAAAAAlkeCAwAA
AAAAWB4JDgAAAAAAYHkkOAAAAAAAgOWR4AAAAAAAAJZHggMAAAAAAFgeCQ4AAAAAAGB5JDgAAAAA
AIDlkeAAAAAAAACWR4IDAAAAAABYHgkOAAAAAABgeSQ4AAAAAACA5ZHgAAAAAAAAlkeCAwAAAAAA
WB4JDgAAAAAAYHkkOAAAAAAAgOWR4AAAAAAAAJZHggMAAAAAAFgeCQ4AAAAAAGB5JDgAAAAAAIDl
keAAAAAAAACWR4IDAAAAAABYHgkOAAAAAABgeSQ4AAAAAACA5ZHgAAAAAAAAlkeCAwAAAAAAWB4J
DgAAAAAAYHkkOAAAAAAAgOWR4AAAAAAAAJZHggMAAAAAAFgeCQ4AAAAAAGB5JDgAAAAAAIDlkeAA
AAAAAACWR4IDAAAAAABYnp+3OwAAAAAAAKzl9ttvV8uWLR0eM336dA/15jKfmJgYm0dbBAAAAAAA
ljZv3jz16tXL4THt2rXzUG8uY4oKAAAAAACwPBIcAAAAAADA8piiAgAAAAAADMXFxenll19WfHx8
tc+1YcMGTZ48Wbt373ZDz+x5NcEREhKiZs2aKScnR6dOnfJWN9wqICBALVq00G+//aZjx47p0qVL
3u4SAAAAAABV4kytDVds2LBB9957r9vOV5bHV1G5/fbbdeutt6pTp04KDQ0t3Z6fn699+/Zp1apV
mjt3rrKzs93a7htvvKEOHTq4/L61a9dqypQpDo+JjY3V6NGjdd111ykqKkr16l2e+VNcXKyDBw9q
w4YN+vDDD3Xw4MEq9R0AAAAAAG9wZ3JDkltGgpjx2AiOmJgYvfHGG7rmmmsqPTYjI0OvvfaaFi9e
7Lb2v/vuO0VHR7v8vqVLl+qZZ54x3T9u3Dg9+OCD8vf3d3ie/Px8zZgxQzNnznS5DwAAAAAAeMO+
ffvcfs6aWl3FIyM42rdvr9mzZ+uqq64qt/3s2bPKyclRUFCQIiIiSkc+RERE6O9//7t8fX311Vdf
uaUPTZo0cct5ypo0aZLuvvvuctuKiop0+vRp+fj4KDIyUr6+vpKkoKAg/eEPf1DDhg01bdo0t/cF
AAAAAIArmUcSHFOnTi2X3Ni4caPefvttpaamlm6LiorSmDFjdOedd8rX11f169fX+PHjtW7dOp05
c6Za7QcFBSk4OLhc+8ePH3fqvWlpaYbbhw4dqpEjR5a+Lioq0uzZs/X++++XTq9p0aKFHn/8cf3X
f/2XfHx8JEljx47V+vXr9eOPP1b1vwMAAAAAACqo8QTH6NGjFRsbW/o6JSVFjz32mN1xhw8f1iuv
vKLc3FyNGTNGkhQaGqoHHnhA//jHP6rVh+jo6NLRIZL073//W8uWLavWOX//+9+XJi1sNpv++te/
6rPPPit3zPHjxzV+/HhlZmbq8ccflyT5+vrqoYceIsEBAAAAAIAb1av8kOoZPHhw6dcXLlzQxIkT
HR4/Y8YM5eTklL52R0GTli1blnt95MiRap0vNDRUnTt3Ln2dlpZml9wo680331R6enrp62uvvbZa
7QMAAAAAgPJqPMHRtm3b0q937txZ6XKweXl55YqYVExOVEVkZGTp18XFxdUukhITE1OuqOjmzZsr
fc+mTZtKvw4JCXHL/wsAAAAAAFxW41NUVqxYUZoM+Omnn5x6T9kRHI0aNTI9buLEiRo+fLguXbqk
Dz74QO+8847hcREREeXOXVhY6FQ/zISFhZV7ffbs2Urfk5WVVe51eHi4jh07Vq1+AAAAAACAy2o8
wfHyyy+7/J6ySY38/HzDY3r06KFRo0aV1sF48sknNX/+/NICn2WFh4eXfp2ZmelyfyqqmKwICQmp
9D1lj7HZbMrIyKh2PwAAAAAAwGU1PkXFVSEhIeWKku7cudPwuMaNG5cmNySpfv36pqM9yi4RW3ZF
lqCgILVv317t27dXQECA031MS0srN8rEmZoa11xzTenXx44dc3oVFwAAAAAAUDmPLBPrinHjxpUb
7fDpp58aHrdmzRqlpaWpa9eukqRvv/1WR48eNTy2adOmpV+fO3dOzz33nG644QZdffXVpdNnbDab
0tPTtX79er333ns6efKkaR8vXbqk77//XiNGjJB0eTTJTTfdpCVLlhgef/fdd6tjx46lrxcvXmx6
bgAAAAAA4DqfmJgYm7c7IV0uBPr0009rxIgRpSMzvvvuOz3xxBOm7/Hz89P111+vgoICh4U+U1JS
1Lp1a0mXExllR34YycnJ0cSJEx0mIpo1a6Z58+aVnvfChQuaPn265syZo0uXLkmSAgICNHbsWD3y
yCOlI0R27Nihe++913TqDQAAAAAAtUV1F+kw0q5dO7efU/JSguPBBx9Uz549JV2eWhIeHq62bdsq
MDCw9JhVq1bp2WefVV5eXrXb27x5s1N1MsoqKirSiy++6DDJERcXp3fffbfciig5OTmlxUOjoqLK
TZvZvXu3xowZU+lKMgAAAAAA1AZWSnB4ZYpKly5dlJSUZLjvwoULmjJliubOneuWtoKCgtS4cePS
17/99ptWrFihpUuXat++fcrNzVWbNm00cOBA3X777QoODpYk+fv76+WXX9bmzZtNp6vs3r1bw4cP
1z//+U/16dNH0uUaIkbJlIULF+rPf/5z6egOAAAAAADgPr5NmjSZ6OlGhwwZovbt2xvuq1+/vjp1
6qSAgABt2rTJLe3t379fWVlZunTpkqZMmaJp06Zp7969OnPmjHJzc3XkyBH98MMPWr16tQYOHFia
5GjQoIF8fHy0Zs0aw/NGRERo/PjxGjhwoOrVc1yvNTo6Wk2bNtXGjRtJcgAAAAAALOHpp592+zmn
T5/u9nNKXpqi0qdPH0VHR0uSAgMDFR4ers6dO6tHjx7y8/u/QSXLli2rkW+mI/3799fMmTPl6+sr
STpx4oT69etnd1xoaKg+/PDD0uKhNptNW7Zs0cqVK5Weni4/Pz/FxMRo8ODB5VaF+eGHH/TII4+Q
5AAAAAAA1HpWmqJSa4qMSlLXrl01efJkdejQoXTb66+/rg8++MCj/fj3v/+t+Pj40tc33XST9u7d
W+6YOXPmlE5LKS4u1uuvv64PP/zQ8HwvvfSSHnzwwdLXCxcu1AsvvFADPQcAAAAAwH2slOBwPK/C
w9LS0vTQQw/pzJkzpdvuuecej/dj/fr15V537ty53OuhQ4eWJjckad68eabJDelykuabb74pfX3r
rbeqR48ebuotAAAAAACoVQkOSTp16pS+/vrr0tdRUVHlRlN4wqFDh8q9DgsLK/f6d7/7XenXBQUF
mjFjRqXnfPvtt2WzXR4s4+vrq+HDh7uhpwAAAAAAQKqFCQ5J2rFjR7nXFUdQ1LSCgoJyr8vWBZGk
q6++uvTr9PR0ZWVlVXrOX375RSdOnCh9bVZkFQAAAAAAuK5Gl4lt2bKlhgwZUvp648aN+umnnyp9
X25ubrnXAQEBVWo/ICBAd955Z+nrTZs26Zdffqn0fU2aNCn3Oicnp9zrhg0bln59/vx5p/uTl5dX
+nWDBg2cfh8AAAAAAHCsRhMcTZs21Z/+9KfS1++++65TCY6mTZuWe+3MCAkjhYWFGjdunBo1aiRJ
mj17tl577bVK31d21RPp8jKzZZVNwISEhDjdn8aNG5d+7UpiBAAAAAAAOFajU1QOHjyooqKi0tfd
unVz6n0VC3Du2rWrWn0okZCQ4NR7EhMTS7/Ozs7W5s2by+0/efJk6dfR0dGKioqq9Jxdu3ZVs2bN
DM8BAAAAAACqp0YTHLm5ueXqacTHxys5Odnhe2JiYspNazl06JBdTQ5XrF69uvTr2NjYSldlefzx
xxUdHV36euXKlXbHlF1lxc/PT+PGjau0H88991y51z/88EOl7wEAAAAAAM6p8SKjH374YenqIfXq
1dN///d/67777jM8tl+/fpo5c2a5qRxz5841PffEiRO1fft2bd68WY8//rjhMfPnzy+37OyLL76o
Bx54wPDYxx9/XE899VTp6/z8fM2ZM8fuuM8++0zHjh0rff273/1OU6dOLTdCo0SrVq303nvvlVtW
du/evVq4cKHp/wsAAAAAALjGJyYmxlbTjfztb3/TyJEjy207ceKE9uzZo5ycHAUFBenqq69WTEyM
fHx8So9JSUnRY489ZnjOHj166OOPPy49/uLFi+rdu7eys7Ptjh0+fLhee+011a9fv1z7u3fv1rlz
5xQcHKyOHTuqefPm5d73z3/+03QJ2KSkJE2bNk1BQUGl2y5cuKCdO3fq9OnTkqTIyEh17txZgYGB
pcfk5OToySef1I8//mh4XgAAAAAAaot9+/a5/Zzt2rVz+zmlGi4yWuKVV15Rbm6uRo8eLX9/f0lS
8+bN7RIKJX777TctWrRIEyZMMD1n48aNyyVD6tevr0aNGhkmOBYtWiQfHx/9+c9/VmhoaKXt22w2
vf/++6bJDely8uX555/XhAkTSs/ToEED9erVy/Q9hw4d0oQJE0huAAAAAADgZh4ZwVGiW7duevDB
B5WYmFi6sklZRUVF2rx5sz766CMtX77c4bn8/Pz0ySefqGvXrpKkb7/9Vk8++aTD97Rq1UqPPvqo
kpOTFRYWZth+WlqaZs6cWa52hyNNmjTRmDFjNHToULVs2dLwmEOHDmnJkiV6//337ZbABQAAAACg
ttq6dauCg4Pddr7c3Fx1797dbecry6MJjhJ+fn66/vrr1aZNGwUHB+vChQs6ceKEUlNTXUoAlJyn
oKDAbqWTysTHx6tdu3YKDg5WXl6eMjIylJqaajgCxFmxsbG65pprSpeOPXv2rLZt26YDBw5U+ZwA
AAAAAHjL008/Xa5WZXVNnz5db731ltvOV5ZXEhwAAAAAAMAa4uPjFR8fX+3zbNiwQRs2bHBDj4yR
4AAAAAAAAJZX48vEAgAAAAAA1DQSHAAAAAAAwPJIcAAAAAAAAMsjwQEAAAAAACyPBAcAAAAAALA8
EhwAAAAAAMDySHAAAAAAAADLI8EBAAAAAAAsjwQHAAAAAACwPBIcAAAAAADA8khwAAAAAAAAyyPB
AQAAAAAALI8EBwAAAAAAsDwSHAAAAAAAwPJIcAAAAAAAAMsjwQEAAAAAACyPBAcAAAAAALA8EhwA
AAAAAMDySHAAAAAAAADLI8EBAAAAAAAsjwQHAAAAAACwPBIcAAAAAADA8khwAAAAAAAAyyPBAQAA
AAAALI8EBwAAAAAAsDwSHAAAAAAAwPJIcAAAAAAAAMsjwQEAAAAAACyPBAcAAAAAALA8EhwAAAAA
[...]
BA4AAAAgT+AAAAAA8gQOAAAAIE/gAAAAAPIEDgAAACBP4AAAAADyBA4AAAAgT+AAAAAA8gQOAAAA
IE/gAAAAAPIEDgAAACBP4AAAAADyBA4AAAAgT+AAAAAA8gQOAAAAIE/gAAAAAPIEDgAAACBP4AAA
AADyBA4AAAAgT+AAAAAA8gQOAAAAIE/gAAAAAPIEDgAAACBP4AAAAADyBA4AAAAgT+AAAAAA8gQO
AAAAIE/gAAAAAPIEDgAAACBP4AAAAADyBA4AAAAgT+AAAAAA8gQOAAAAIE/gAAAAAPIEDgAAACBP
4AAAAADyBA4AAAAgT+AAAAAA8gQOAAAAIE/gAAAAAPIEDgAAACBP4AAAAADyBA4AAAAgT+AAAAAA
8gQOAAAAIE/gAAAAAPIEDgAAACBP4AAAAADyBA4AAAAgT+AAAAAA8gQOAAAAIE/gAAAAAPIEDgAA
ACBP4AAAAADyBA4AAAAgT+AAAAAA8gQOAAAAIE/gAAAAAPIEDgAAACBP4AAAAADyBA4AAAAgT+AA
AAAA8gQOAAAAIE/gAAAAAPIEDgAAACBP4AAAAADyBA4AAAAgT+AAAAAA8gQOAAAAIE/gAAAAAPIE
DgAAACBP4AAAAADyBA4AAAAgT+AAAAAA8gQOAAAAIE/gAAAAAPIEDgAAACBP4AAAAADyBA4AAAAg
T+AAAAAA8gQOAAAAIE/gAAAAAPIEDgAAACBP4AAAAADyBA4AAAAgT+AAAAAA8gQOAAAAIE/gAAAA
APIEDgAAACBP4AAAAADyBA4AAAAgT+AAAAAA8gQOAAAAIE/gAAAAAPIEDgAAACBP4AAAAADyBA4A
AAAgT+AAAAAA8gQOAAAAIE/gAAAAAPIEDgAAACBP4AAAAADyBA4AAAAgT+AAAAAA8gQOAAAAIE/g
AAAAAPIEDgAAACBP4AAAAADyBA4AAAAgT+AAAAAA8gQOAAAAIE/gAAAAAPIEDgAAACBP4AAAAADy
BA4AAAAgT+AAAAAA8gQOAAAAIE/gAAAAAPIEDgAAACBP4AAAAADyBA4AAAAgT+AAAAAA8gQOAAAA
IE/gAAAAAPIEDgAAACBP4AAAAADyBA4AAAAgT+AAAAAA8gQOAAAAIE/gAAAAAPIEDgAAACBP4AAA
AADyBA4AAAAgT+AAAAAA8gQOAAAAIE/gAAAAAPI+Y4xz9ggAAACAO3xwAAAAAHkCBwAAAJAncAAA
AAB5AgcAAACQJ3AAAAAAeQIHAAAAkCdwAAAAAHkCBwAAAJAncAAAAAB5AgcAAACQJ3AAAAAAeQIH
AAAAkCdwAAAAAHkCBwAAAJAncAAAAAB5AgcAAACQJ3AAAAAAeQIHAAAAkCdwAAAAAHkCBwAAAJAn
cAAAAAB5AgcAAACQJ3AAAAAAeQIHAAAAkCdwAAAAAHkCBwAAAJAncAAAAAB5AgcAAACQJ3AAAAAA
eQIHAAAAkCdwAAAAAHkCBwAAAJAncAAAAAB5AgcAAACQJ3AAAAAAeQIHAAAAkCdwAAAAAHkCBwAA
AJAncAAAAAB5AgcAAACQJ3AAAAAAeQIHAAAAkCdwAAAAAHkCBwAAAJAncAAAAAB5AgcAAACQJ3AA
AAAAeQIHAAAAkCdwAAAAAHkCBwAAAJAncAAAAAB5AgcAAACQJ3AAAAAAeQIHAAAAkCdwAAAAAHkC
BwAAAJAncAAAAAB5AgcAAACQJ3AAAAAAeQIHAAAAkCdwAAAAAHkCBwAAAJAncAAAAAB5AgcAAACQ
J3AAAAAAeQIHAAAAkCdwAAAAAHkCBwAAAJAncAAAAAB5AgcAAACQJ3AAAAAAeQIHAAAAkCdwAAAA
AHkCBwAAAJAncAAAAAB5AgcAAACQJ3AAAAAAeQIHAAAAkCdwAAAAAHkCBwAAAJAncAAAAAB5AgcA
AACQJ3AAAAAAeQIHAAAAkCdwAAAAAHkCBwAAAJAncAAAAAB5AgcAAACQJ3AAAAAAeQIHAAAAkCdw
AAAAAHkCBwAAAJAncAAAAAB5AgcAAACQJ3AAAAAAeQIHAAAAkCdwAAAAAHkCBwAAAJAncAAAAAB5
AgcAAACQJ3AAAAAAeQIHAAAAkCdwAAAAAHkCBwAAAJAncAAAAAB5AgcAAACQJ3AAAAAAeQIHAAAA
kCdwAAAAAHkCBwAAAJAncAAAAAB5AgcAAACQJ3AAAAAAeQIHAAAAkCdwAAAAAHkCBwAAAJAncAAA
AAB5AgcAAACQJ3AAAAAAeQIHAAAAkCdwAAAAAHkCBwAAAJAncAAAAAB5AgcAAACQJ3AAAAAAeQIH
AAAAkCdwAAAAAHkCBwAAAJAncAAAAAB5AgcAAACQJ3AAAAAAeQIHAAAAkCdwAAAAAHkCBwAAAJAn
cAAAAAB5AgcAAACQJ3AAAAAAeQIHAAAAkCdwAAAAAHkCBwAAAJAncAAAAAB5AgcAAACQJ3AAAAAA
eQIHAAAAkCdwAAAAAHkCBwAAAJAncAAAAAB5AgcAAACQJ3AAAAAAeQIHAAAAkCdwAAAAAHkCBwAA
AJAncAAAAAB5AgcAAACQJ3AAAAAAeQIHAAAAkCdwAAAAAHkCBwAAAJAncAAAAAB5AgcAAACQJ3AA
AAAAeQIHAAAAkCdwAAAAAHkCBwAAAJAncAAAAAB5AgcAAACQJ3AAAAAAeQIHAAAAkCdwAAAAAHkC
BwAAAJAncAAAAAB5AgcAAACQJ3AAAAAAeQIHAAAAkCdwAAAAAHkCBwAAAJAncAAAAAB5AgcAAACQ
J3AAAAAAeQIHAAAAkCdwAAAAAHkCBwAAAJAncAAAAAB5AgcAAACQJ3AAAAAAeQIHAAAAkCdwAAAA
AHkCBwAAAJAncAAAAAB5AgcAAACQJ3AAAAAAeQIHAAAAkCdwAAAAAHkCBwAAAJAncAAAAAB5AgcA
AACQJ3AAAAAAeQIHAAAAkCdwAAAAAHkCBwAAAJAncAAAAAB5AgcAAACQJ3AAAAAAeQIHAAAAkCdw
AAAAAHkCBwAAAJAncAAAAAB5AgcAAACQJ3AAAAAAeQIHAAAAkCdwAAAAAHkCBwAAAJAncAAAAAB5
AgcAAACQJ3AAAAAAeQIHAAAAkCdwAAAAAHkCBwAAAJAncAAAAAB5AgcAAACQJ3AAAAAAeQIHAAAA
kCdwAAAAAHkCBwAAAJAncAAAAAB5AgcAAACQJ3AAAAAAeQIHAAAAkCdwAAAAAHkCBwAAAJAncAAA
AAB5AgcAAACQJ3AAAAAAeQIHAAAAkCdwAAAAAHkCBwAAAJAncAAAAAB5AgcAAACQJ3AAAAAAeQIH
AAAAkCdwAAAAAHkCBwAAAJAncAAAAAB5AgcAAACQJ3AAAAAAeQIHAAAAkCdwAAAAAHkCBwAAAJAn
cAAAAAB5AgcAAACQJ3AAAAAAeQIHAAAAkCdwAAAAAHkCBwAAAJAncAAAAAB5AgcAAACQJ3AAAAAA
eQIHAAAAkCdwAAAAAHkCBwAAAJAncAAAAAB5AgcAAACQJ3AAAAAAeQIHAAAAkCdwAAAAAHkCBwAA
AJAncAAAAAB5AgcAAACQJ3AAAAAAeQIHAAAAkCdwAAAAAHkCBwAAAJAncAAAAAB5AgcAAACQJ3AA
AAAAeQIHAAAAkCdwAAAAAHkCBwAAAJAncAAAAAB5AgcAAACQJ3AAAAAAeQIHAAAAkCdwAAAAAHkC
BwAAAJAncAAAAAB5AgcAAACQJ3AAAAAAeQIHAAAAkCdwAAAAAHkCBwAAAJAncAAAAAB5AgcAAACQ
J3AAAAAAeQIHAAAAkCdwAAAAAHkCBwAAAJAncAAAAAB5AgcAAACQJ3AAAAAAeQIHAAAAkCdwAAAA
AHkCBwAAAJAncAAAAAB5AgcAAACQJ3AAAAAAeQIHAAAAkCdwAAAAAHkCBwAAAJAncAAAAAB5AgcA
AACQJ3AAAAAAeQIHAAAAkCdwAAAAAHkCBwAAAJAncAAAAAB5AgcAAACQJ3AAAAAAeQIHAAAAkCdw
AAAAAHkCBwAAAJAncAAAAAB5AgcAAACQJ3AAAAAAeQIHAAAAkCdwAAAAAHkCBwAAAJAncAAAAAB5
AgcAAACQJ3AAAAAAeQIHAAAAkCdwAAAAAHkCBwAAAJAncAAAAAB5AgcAAACQJ3AAAAAAeQIHAAAA
kCdwAAAAAHkCBwAAAJAncAAAAAB5AgcAAACQJ3AAAAAAeQIHAAAAkCdwAAAAAHkCBwAAAJAncAAA
AAB5AgcAAACQJ3AAAAAAeQIHAAAAkCdwAAAAAHkCBwAAAJAncAAAAAB5AgcAAACQJ3AAAAAAeQIH
AAAAkCdwAAAAAHkCBwAAAJAncAAAAAB5AgcAAACQJ3AAAAAAeQIHAAAAkCdwAAAAAHkCBwAAAJAn
cAAAAAB5AgcAAACQJ3AAAAAAeQIHAAAAkCdwAAAAAHkCBwAAAJAncAAAAAB5AgcAAACQJ3AAAAAA
eQIHAAAAkCdwAAAAAHkCBwAAAJAncAAAAAB5AgcAAACQJ3AAAAAAeQIHAAAAkCdwAAAAAHkCBwAA
AJAncAAAAAB5AgcAAACQJ3AAAAAAeQIHAAAAkCdwAAAAAHkCBwAAAJAncAAAAAB5AgcAAACQJ3AA
AAAAeQIHAAAAkCdwAAAAAHkCBwAAAJAncAAAAAB5AgcAAACQJ3AAAAAAeQIHAAAAkCdwAAAAAHkC
BwAAAJAncAAAAAB5AgcAAACQJ3AAAAAAeQIHAAAAkCdwAAAAAHkCBwAAAJAncAAAAAB5AgcAAACQ
J3AAAAAAeQIHAAAAkCdwAAAAAHkCBwAAAJAncAAAAAB5AgcAAAA1s/LbAAAgAElEQVSQJ3AAAAAA
eQIHAAAAkCdwAAAAAHkCBwAAAJAncAAAAAB5AgcAAACQJ3AAAAAAeQIHAAAAkCdwAAAAAHkCBwAA
AJAncAAAAAB5AgcAAACQJ3AAAAAAeQIHAAAAkCdwAAAAAHkCBwAAAJAncAAAAAB5AgcAAACQJ3AA
AAAAeQIHAAAAkCdwAAAAAHkCBwAAAJAncAAAAAB5AgcAAACQJ3AAAAAAeQIHAAAAkCdwAAAAAHkC
BwAAAJAncAAAAAB5AgcAAACQJ3AAAAAAeQIHAAAAkCdwAAAAAHkCBwAAAJAncAAAAAB5AgcAAACQ
J3AAAAAAeQIHAAAAkCdwAAAAAHkCBwAAAJAncAAAAAB5AgcAAACQJ3AAAAAAeQIHAAAAkCdwAAAA
AHkCBwAAAJAncAAAAAB5AgcAAACQJ3AAAAAAeQIHAAAAkCdwAAAAAHkCBwAAAJAncAAAAAB5AgcA
AACQJ3AAAAAAeQIHAAAAkCdwAAAAAHkCBwAAAJAncAAAAAB5AgcAAACQJ3AAAAAAeQIHAAAAkCdw
AAAAAHkCBwAAAJAncAAAAAB5AgcAAACQJ3AAAAAAeQIHAAAAkCdwAAAAAHkCBwAAAJAncAAAAAB5
AgcAAACQJ3AAAAAAeQIHAAAAkCdwAAAAAHkCBwAAAJAncAAAAAB5AgcAAACQJ3AAAAAAeQIHAAAA
kCdwAAAAAHkCBwAAAJAncAAAAAB5AgcAAACQJ3AAAAAAeQIHAAAAkCdwAAAAAHkCBwAAAJAncAAA
AAB5AgcAAACQJ3AAAAAAeQIHAAAAkCdwAAAAAHkCBwAAAJAncAAAAAB5AgcAAACQJ3AAAAAAeQIH
AAAAkCdwAAAAAHkCBwAAAJAncAAAAAB5AgcAAACQJ3AAAAAAeQIHAAAAkCdwAAAAAHkCBwAAAJAn
cAAAAAB5AgcAAACQJ3AAAAAAeQIHAAAAkCdwAAAAAHkCBwAAAJAncAAAAAB5AgcAAACQJ3AAAAAA
eQIHAAAAkCdwAAAAAHkCBwAAAJAncAAAAAB5AgcAAACQJ3AAAAAAeQIHAAAAkCdwAAAAAHkCBwAA
AJAncAAAAAB5AgcAAACQJ3AAAAAAeQIHAAAAkCdwAAAAAHkCBwAAAJAncAAAAAB5AgcAAACQJ3AA
AAAAeQIHAAAAkCdwAAAAAHkCBwAAAJAncAAAAAB5AgcAAACQJ3AAAAAAeQIHAAAAkCdwAAAAAHkC
BwAAAJAncAAAAAB5AgcAAACQJ3AAAAAAeQIHAAAAkCdwAAAAAHkCBwAAAJAncAAAAAB5AgcAAACQ
J3AAAAAAeQIHAAAAkCdwAAAAAHkCBwAAAJAncAAAAAB5AgcAAACQJ3AAAAAAeQIHAAAAkCdwAAAA
AHkCBwAAAJAncAAAAAB5AgcAAACQJ3AAAAAAeQIHAAAAkCdwAAAAAHkCBwAAAJAncAAAAAB5AgcA
AACQJ3AAAAAAeQIHAAAAkCdwAAAAAHkCBwAAAJAncAAAAAB5AgcAAACQJ3AAAAAAeQIHAAAAkCdw
AAAAAHkCBwAAAJAncAAAAAB5AgcAAACQJ3AAAAAAeQIHAAAAkCdwAAAAAHkCBwAAAJAncAAAAAB5
AgcAAACQJ3AAAAAAeQIHAAAAkCdwAAAAAHkCBwAAAJAncAAAAAB5AgcAAACQJ3AAAAAAeQIHAAAA
kCdwAAAAAHkCBwAAAJAncAAAAAB5AgcAAACQJ3AAAAAAeQIHAAAAkCdwAAAAAHkCBwAAAJAncAAA
AAB5AgcAAACQJ3AAAAAAeQIHAAAAkCdwAAAAAHkCBwAAAJAncAAAAAB5AgcAAACQJ3AAAAAAeQIH
AAAAkCdwAAAAAHkCBwAAAJAncAAAAAB5AgcAAACQJ3AAAAAAeQIHAAAAkCdwAAAAAHkCBwAAAJAn
cAAAAAB5AgcAAACQJ3AAAAAAeQIHAAAAkCdwAAAAAHkCBwAAAJAncAAAAAB5AgcAAACQJ3AAAAAA
eQIHAAAAkCdwAAAAAHkCBwAAAJAncAAAAAB5AgcAAACQJ3AAAAAAeQIHAAAAkCdwAAAAAHkCBwAA
AJAncAAAAAB5AgcAAACQJ3AAAAAAeQIHAAAAkCdwAAAAAHkCBwAAAJAncAAAAAB5AgcAAACQJ3AA
AAAAeQIHAAAAkCdwAAAAAHkCBwAAAJAncAAAAAB5AgcAAACQJ3AAAAAAeQIHAAAAkCdwAAAAAHkC
BwAAAJAncAAAAAB5AgcAAACQJ3AAAAAAeQIHAAAAkCdwAAAAAHkCBwAAAJAncAAAAAB5AgcAAACQ
J3AAAAAAeQIHAAAAkCdwAAAAAHkCBwAAAJAncAAAAAB5AgcAAACQJ3AAAAAAeQIHAAAAkCdwAAAA
AHkCBwAAAJAncAAAAAB5AgcAAACQJ3AAAAAAeQIHAAAAkCdwAAAAAHkCBwAAAJAncAAAAAB5AgcA
AACQJ3AAAAAAeQIHAAAAkCdwAAAAAHkCBwAAAJAncAAAAAB5AgcAAACQJ3AAAAAAeQIHAAAAkCdw
AAAAAHkCBwAAAJAncAAAAAB5AgcAAACQJ3AAAAAAeQIHAAAAkCdwAAAAAHkCBwAAAJAncAAAAAB5
AgcAAACQJ3AAAAAAeQIHAAAAkCdwAAAAAHkCBwAAAJAncAAAAAB5AgcAAACQJ3AAAAAAeQIHAAAA
kCdwAAAAAHkCBwAAAJAncAAAAAB5AgcAAACQJ3AAAAAAeQIHAAAAkCdwAAAAAHkCBwAAAJAncAAA
AAB5AgcAAACQJ3AAAAAAeQIHAAAAkCdwAAAAAHkCBwAAAJAncAAAAAB5AgcAAACQJ3AAAAAAeQIH
AAAAkCdwAAAAAHkCBwAAAJAncAAAAAB5AgcAAACQJ3AAAAAAeQIHAAAAkCdwAAAAAHkCBwAAAJAn
cAAAAAB5AgcAAACQJ3AAAAAAeQIHAAAAkCdwAAAAAHkCBwAAAJAncAAAAAB5AgcAAACQJ3AAAAAA
eQIHAAAAkCdwAAAAAHkCBwAAAJAncAAAAAB5AgcAAACQJ3AAAAAAeQIHAAAAkCdwAAAAAHkCBwAA
AJAncAAAAAB5AgcAAACQJ3AAAAAAeQIHAAAAkCdwAAAAAHkCBwAAAJAncAAAAAB5AgcAAACQJ3AA
AAAAeQIHAAAAkCdwAAAAAHkCBwAAAJAncAAAAAB5AgcAAACQJ3AAAAAAeQIHAAAAkCdwAAAAAHkC
BwAAAJAncAAAAAB5AgcAAACQJ3AAAAAAeQIHAAAAkCdwAAAAAHkCBwAAAJAncAAAAAB5AgcAAACQ
J3AAAAAAeQIHAAAAkCdwAAAAAHkCBwAAAJAncAAAAAB5AgcAAACQJ3AAAAAAeQIHAAAAXO3dP2xV
9/3/8TcO+I9sC0tliBnS2yUSqgcjRWqldrgsGVjidGnLYpMlVRhwpg5FwlESqapUQaq2yoQhA2WL
vWQF1EQqS3FUIqQsdiMFMiD1Itu1DQa+Q5XoJwG/ULB97qt5PFZsn9fmw9PnfC7xBA4AAAAgnsAB
AAAAxBM4AAAAgHgCBwAAABBP4AAAAADiCRwAAABAPIEDAAAAiCdwAAAAAPEEDgAAACCewAEAAADE
EzgAAACAeAIHAAAAEE/gAAAAAOIJHAAAAEA8gQMAAACIJ3AAAAAA8QQOAAAAIJ7AAQAAAMQTOAAA
AIB4AgcAAAAQT+AAAAAA4gkcAAAAQDyBAwAAAIgncAAAAADxBA4AAAAgnsABAAAAxBM4AAAAgHgC
BwAAABBP4AAAAADiCRwAAABAPIEDAAAAiCdwAAAAAPEEDgAAACCewAEAAADEEzgAAACAeAIHAAAA
EE/gAAAAAOIJHAAAAEA8gQMAAACIJ3AAAAAA8QQOAAAAIJ7AAQAAAMQTOAAAAIB4AgcAAAAQT+AA
AAAA4gkcAAAAQDyBAwAAAIgncAAAAADxBA4AAAAgnsABAAAAxBM4AAAAgHgCBwAAABBP4AAAAADi
CRwAAABAPIEDAAAAiCdwAAAAAPEEDgAAACCewAEAAADEEzgAAACAeAIHAAAAEE/gAAAAAOIJHAAA
AEA8gQMAAACIJ3AAAAAA8QQOAAAAIJ7AAQAAAMQTOAAAAIB4AgcAAAAQT+AAAAAA4gkcAAAAQDyB
AwAAAIgncAAAAADxBA4AAAAgnsABAAAAxBM4AAAAgHgCBwAAABBP4AAAAADiCRwAAABAPIEDAAAA
iCdwAAAAAPEEDgAAACCewAEAAADEEzgAAACAeAIHAAAAEE/gAAAAAOIJHAAAAEA8gQMAAACIJ3AA
AAAA8QQOAAAAIJ7AAQAAAMQTOAAAAIB4AgcAAAAQT+AAAAAA4gkcAAAAQDyBAwAAAIgncAAAAADx
BA4AAAAgnsABAAAAxBM4AAAAgHgCBwAAABBP4AAAAADiCRwAAABAPIEDAAAAiCdwAAAAAPEEDgAA
ACCewAEAAADEEzgAAACAeAIHAAAAEE/gAAAAAOIJHAAAAEA8gQMAAACIJ3AAAAAA8QQOAAAAIJ7A
AQAAAMQTOAAAAIB4AgcAAAAQT+AAAAAA4gkcAAAAQDyBAwAAAIgncAAAAADxBA4AAAAgnsABAAAA
xBM4AAAAgHgCBwAAABBP4AAAAADiCRwAAABAPIEDAAAAiCdwAAAAAPEEDgAAACCewAEAAADEEzgA
AACAeAIHAAAAEE/gAAAAAOIJHAAAAEA8gQMAAACIJ3AAAAAA8QQOAAAAIJ7AAQAAAMQTOAAAAIB4
AgcAAAAQT+AAAAAA4gkcAAAAQDyBAwAAAIgncAAAAADxBA4AAAAgnsABAAAAxBM4AAAAgHgCBwAA
ABBP4AAAAADiCRwAAABAPIEDAAAAiCdwAAAAAPEEDgAAACCewAEAAADEEzgAAACAeAIHAAAAEE/g
AAAAAOIJHAAAAEA8gQMAAACIJ3AAAAAA8QQOAAAAIJ7AAQAAAMQTOAAAAIB4AgcAAAAQT+AAAAAA
4gkcAAAAQDyBAwAAAIgncAAAAADxBA4AAAAgnsABAAAAxBM4AAAAgHgCBwAAABBP4AAAAADiCRwA
AABAPIEDAAAAiCdwAAAAAPEEDgAAACCewAEAAADEEzgAAACAeAIHAAAAEE/gAAAAAOIJHAAAAEA8
gQMAAACIJ3AAAAAA8QQOAAAAIJ7AAQAAAMQTOAAAAIB4AgcAAAAQT+AAAAAA4gkcAAAAQDyBAwAA
AIgncAAAAADxBA4AAAAgnsABAAAAxBM4AAAAgHgCBwAAABBP4AAAAADiCRwAAABAPIEDAAAAiCdw
AAAAAPEEDgAAACCewAEAAADEEzgAAACAeAIHAAAAEE/gAAAAAOIJHAAAAEA8gQMAAACIJ3AAAAAA
8QQOAAAAIJ7AAQAAAMQTOAAAAIB4AgcAAAAQT+AAAAAA4gkcAAAAQDyBAwAAAIgncAAAAADxBA4A
AAAgnsABAAAAxBM4AAAAgHgCBwAAABBP4AAAAADiCRwAAABAPIEDAAAAiCdwAAAAAPEEDgAAACCe
wAEAAADEEzgAAACAeAIHAAAAEE/gAAAAAOIJHAAAAEA8gQMAAACIJ3AAAAAA8QQOAAAAIJ7AAQAA
AMQTOAAAAIB4AgcAAAAQT+AAAAAA4gkcAAAAQDyBAwAAAIgncAAAAADxBA4AAAAgnsABAAAAxBM4
AAAAgHgCBwAAABBP4AAAAADiCRwAAABAPIEDAAAAiCdwAAAAAPEEDgAAACCewAEAAADEEzgAAACA
eAIHAAAAEE/gAAAAAOIJHAAAAEA8gQMAAACIJ3AAAAAA8QQOAAAAIJ7AAQAAAMQTOAAAAIB4AgcA
AAAQT+AAAAAA4gkcAAAAQDyBAwAAAIgncAAAAADxBA4AAAAgnsABAAAAxBM4AAAAgHgCBwAAABBP
4AAAAADiCRwAAABAPIEDAAAAiCdwAAAAAPEEDgAAACCewAEAAADEEzgAAACAeAIHAAAAEE/gAAAA
AOIJHAAAAEA8gQMAAACIJ3AAAAAA8QQOAAAAIJ7AAQAAAMQTOAAAAIB4AgcAAAAQT+AAAAAA4gkc
AAAAQDyBAwAAAIgncAAAAADxBA4AAAAgnsABAAAAxBM4AAAAgHgCBwAAABBP4AAAAADiCRwAAABA
PIEDAAAAiCdwAAAAAPEEDgAAACCewAEAAADEEzgAAACAeAIHAAAAEE/gAAAAAOIJHAAAAEA8gQMA
AACIJ3AAAAAA8QQOAAAAIJ7AAQAAAMQTOAAAAIB4AgcAAAAQT+AAAAAA4gkcAAAAQDyBAwAAAIgn
cAAAAADxBA4AAAAgnsABAAAAxBM4AAAAgHgCBwAAABBP4AAAAADiCRwAAABAPIEDAAAAiCdwAAAA
APEEDgAAACCewAEAAADEEzgAAACAeAIHAAAAEE/gAAAAAOIJHAAAAEA8gQMAAACIJ3AAAAAA8QQO
AAAAIJ7AAQAAAMQTOAAAAIB4AgcAAAAQT+AAAAAA4gkcAAAAQDyBAwAAAIgncAAAAADxBA4AAAAg
nsABAAAAxBM4AAAAgHgCBwAAABBP4AAAAADiCRwAAABAPIEDAAAAiCdwAAAAAPEEDgAAACCewAEA
AADEEzgAAACAeAIHAAAAEE/gAAAAAOIJHAAAAEA8gQMAAACIJ3AAAAAA8QQOAAAAIJ7AAQAAAMQT
OAAAAIB4AgcAAAAQT+AAAAAA4gkcAAAAQDyBAwAAAIgncAAAAADxBA4AAAAgnsABAAAAxBM4AAAA
gHgCBwAAABBP4AAAAADiCRwAAABAPIEDAAAAiCdwAAAAAPEEDgAAACCewAEAAADEEzgAAACAeAIH
AAAAEE/gAAAAAOIJHAAAAEA8gQMAAACIJ3AAAAAA8QQOAAAAIJ7AAQAAAMQTOAAAAIB4AgcAAAAQ
T+AAAAAA4gkcAAAAQDyBAwAAAIgncAAAAADxBA4AAAAgnsABAAAAxBM4AAAAgHgCBwAAABBP4AAA
AADiCRwAAABAPIEDAAAAiCdwAAAAAPEEDgAAACCewAEAAADEEzgAAACAeAIHAAAAEE/gAAAAAOIJ
HAAAAEA8gQMAAACIJ3AAAAAA8QQOAAAAIJ7AAQAAAMQTOAAAAIB4AgcAAAAQT+AAAAAA4gkcAAAA
QDyBAwAAAIgncAAAAADxBA4AAAAgnsABAAAAxBM4AAAAgHgCBwAAABBP4AAAAADiCRwAAABAPIED
AAAAiCdwAAAAAPEEDgAAACCewAEAAADEEzgAAACAeAIHAAAAEE/gAAAAAOIJHAAAAEA8gQMAAACI
J3AAAAAA8QQOAAAAIJ7AAQAAAMQTOAAAAIB4AgcAAAAQT+AAAAAA4gkcAAAAQDyBAwAAAIgncAAA
AADxBA4AAAAgnsABAAAAxBM4AAAAgHgCBwAAABBP4AAAAADiCRwAAABAPIEDAAAAiCdwAAAAAPEE
DgAAACCewAEAAADEEzgAAACAeAIHAAAAEE/gAAAAAOIJHAAAAEA8gQMAAACIJ3AAAAAA8QQOAAAA
IJ7AAQAAAMQTOAAAAIB4AgcAAAAQT+AAAAAA4gkcAAAAQDyBAwAAAIgncAAAAADxBA4AAAAgnsAB
AAAAxBM4AAAAgHgCBwAAABBP4AAAAADiCRwAAABAPIEDAAAAiCdwAAAAAPEEDgAAACCewAEAAADE
EzgAAACAeAIHAAAAEE/gAAAAAOIJHAAAAEA8gQMAAACIJ3AAAAAA8QQOAAAAIJ7AAQAAAMQTOAAA
AIB4AgcAAAAQT+AAAAAA4gkcAAAAQDyBAwAAAIgncAAAAADxBA4AAAAgnsABAAAAxBM4AAAAgHgC
BwAAABBP4AAAAADiCRwAAABAPIEDAAAAiCdwAAAAAPEEDgAAACCewAEAAADEEzgAAACAeAIHAAAA
EE/gAAAAAOIJHAAAAEA8gQMAAACIJ3AAAAAA8QQOAAAAIJ7AAQAAAMQTOAAAAIB4AgcAAAAQT+AA
AAAA4gkcAAAAQDyBAwAAAIgncAAAAADxBA4AAAAgnsABAAAAxBM4AAAAgHgCBwAAABBP4AAAAADi
CRwAAABAPIEDAAAAiCdwAAAAAPEEDgAAACCewAEAAADEEzgAAACAeAIHAAAAEE/gAAAAAOIJHAAA
AEA8gQMAAACIJ3AAAAAA8QQOAAAAIJ7AAQAAAMQTOAAAAIB4AgcAAAAQT+AAAAAA4gkcAAAAQDyB
AwAAAIgncAAAAADxBA4AAAAgnsABAAAAxBM4AAAAgHgCBwAAABBP4AAAAADiCRwAAABAPIEDAAAA
iCdwAAAAAPEEDgAAACCewAEAAADEEzgAAACAeAIHAAAAEE/gAAAAAOIJHAAAAEA8gQMAAACIJ3AA
AAAA8QQOAAAAIJ7AAQAAAMQTOAAAAIB4AgcAAAAQT+AAAAAA4gkcAAAAQDyBAwAAAIgncAAAAADx
BA4AAAAgnsABAAAAxBM4AAAAgHgCBwAAABBP4AAAAADiCRwAAABAPIEDAAAAiCdwAAAAAPEEDgAA
ACCewAEAAADEEzgAAACAeAIHAAAAEE/gAAAAAOIJHAAAAEA8gQMAAACIJ3AAAAAA8QQOAAAAIJ7A
AQAAAMQTOAAAAIB4AgcAAAAQT+AAAAAA4gkcAAAAQDyBAwAAAIgncAAAAADxBA4AAAAgnsABAAAA
xBM4AAAAgHgCBwAAABBP4AAAAADiCRwAAABAPIEDAAAAiCdwAAAAAPEEDgAAACCewAEAAADEEzgA
AACAeAIHAAAAEE/gAAAAAOIJHAAAAEA8gQMAAACIJ3AAAAAA8QQOAAAAIJ7AAQAAAMQTOAAAAIB4
AgcAAAAQT+AAAAAA4gkcAAAAQDyBAwAAAIgncAAAAADxBA4AAAAgnsABAAAAxBM4AAAAgHgCBwAA
ABBP4AAAAADiCRwAAABAPIEDAAAAiCdwAAAAAPEEDgAAACCewAEAAADEEzgAAACAeAIHAAAAEE/g
AAAAAOIJHAAAAEA8gQMAAACIJ3AAAAAA8QQOAAAAIJ7AAQAAAMQTOAAAAIB4AgcAAAAQT+AAAAAA
4gkcAAAAQDyBAwAAAIgncAAAAADxBA4AAAAgnsABAAAAxBM4AAAAgHgCBwAAABBP4AAAAADiCRwA
AABAPIEDAAAAiCdwAAAAAPEEDgAAACCewAEAAADEEzgAAACAeAIHAAAAEE/gAAAAAOLtqqoHTY8A
AAAAeBae4AAAAADiCRwAAABAPIEDAAAAiCdwAAAAAPEEDgAAACCewAEAAADEEzgAAACAeAIHAAAA
EE/gAAAAAOIJHAAAAEA8gQMAAACIJ3AAAAAA8QQOAAAAIJ7AAQAAAMQTOAAAAIB4AgcAAAAQT+AA
AAAA4gkcAAAAQDyBAwAAAIgncAAAAADxBA4AAAAgnsABAAAAxBM4AAAAgHgCBwAAABBP4AAAAADi
CRwAAABAPIEDAAAAiCdwAAAAAPEEDgAAACCewAEAAADEEzgAAACAeAIHAAAAEE/gAAAAAOIJHAAA
AEA8gQMAAACIJ3AAAAAA8QQOAAAAIJ7AAQAAAMQTOAAAAIB4AgcAAAAQT+AAAAAA4gkcAAAAQDyB
AwAAAIi3u+kBwNNrtVr1yiuvVFXV/Px8LS0tNTsIAACgIbuq6kHTI4D/3smTJ2t6erpGRkaqqqrT
6dShQ4dqYWGh4WXAd1lPT08NDAzU4OBgDQwMVG9vb+3atauqqh48eFB37typtbW1Wl1drbW1tbp/
/37DiwGA/xUCB4Rpt9s1OztbrVbroX+7fPlytdvtHd8EfLf19PTU0NBQ7d27t/bt21cHDhyoH/7w
h/Xiiy/W888/X729vVVVdefOnfrqq6/q888/r88++6yuX79et27dqn/961/173//W+wAtl2r1apT
p07VxMRE01O+MTc3V2+++aYncWELCBwQotVq1ezs7LcGjK//Ugqw3b4OG6Ojo/Xyyy/Xq6++Wi+9
9FINDw8/0fcvLy/X3/72t7pw4UJ98skndfPmzVpZWRE6gG3RarXq6tWr3zz92k06nU4dPHhQ5IBn
JHBAlxsZGanjx4/XzMzME329wAHshL6+vhodHa1f/vKX9dprr1Wr1ardu5/uaK/Nzc1aWlqqM2fO
1F/+8pe6efNmbWxsbPFi4Ltubm7um7PLutH8/HxXPVkCiQQO6GKTk5M1MzPzyNdRHkfgALZbf39/
HT58uE6cOFFjY2O1Z8+eLfm5d+/erWvXrtU777xTH330Ua2vr2/JzwWo+s85QN3OfRw8G4EDutD4
+HidOnXqqc7T8IsR2E67d++ud955p44dO1ZDQ0Pbco2VlZX605/+VCdOnKjNzc1tuQbw3ZMQOA4e
POjAeHgGPiYWusjIyEidOnWqpqammp4C8Eh//OMfa3Jysvr7+7ftGkNDQ3X8+PEaGRmpX/3qV9t2
HYBu043ng0CSnqYHAP9x/PjxWlxcFDeArrR79+56//33tz1ufK2/v78mJyfr/ffff+qzPQCA7xaB
AxrWbrfr6tWrdfr0adUe6Er9/f317rvv7ljc+H+vOzk5We++++6OXhcAyCRwQENarVZ9+OGHdfHi
xRofH296DsAj9fX11eHDh+uNN95oJDL09/fXG2+8UYcPH66+vr4dvz4AkEPggAacPHmyrl696qPA
gK7W09NTo6OjdeLEiW07UPRJDA0N1YkTJ2p0dLR6ety6AACP5i4BdtDExEQtLi7WzMyM11GArjc0
NFRHjhypsbGxpqfU2NhYHTlypNHQAgB0N4EDdkCr1aqLFy/Whx9+WK1Wq+k5AN/q66c3jh49Wnv2
7Gl6Tu3Zs6eOHj1a+/fv9xQHAPBI7hBgG339sa+Li4vVbrebngPwxIaHh+vll1/uqijbarXqJz/5
SQ0ODjY9BQDoQgIHbJPJyclaXFys6enppqcA/Nf27t1br776ald9ROvu3bvr5z//uVf8AIBHEjhg
i7Xb7bp48WKdPXvWTTgQqaenp773ve/VSy+91PSUh/z4x/aZpm8AAAbqSURBVD+uffv2eU0FAHiI
uwPYIiMjIzU7O1sXL170OgoQbWBgoA4cOFDDw8NNT3nI8PBwHThwoAYGBpqeAgB0GYEDtsDJkydr
cXGxpqammp4C8MwGBwe74pNTHmdsbMw5HADAQ7rnxVoI1G63a3Z2tqsO4QN4VgMDA/Xiiy82PeOx
Xnjhherr62t6BgDQZQQOeEqzs7Oe2AD+J/X29tbzzz/f9IzH2r9/f/X29jY9AwDoMl5RgafQbrfF
DeB/1q5du7o6IAwNDdVzzz3X9AwAoMsIHPAUHCIKAADQXQQOeApzc3NNTwDYNg8ePKg7d+40PeOx
VlZW6t69e03PAAC6jMABT2FhYaHOnTvX9AyAbXHnzp366quvmp7xWDdu3OjqAAMANEPggKc0NTVV
hw4dqk8//bTpKQBbam1trT7//POmZzzWF198URsbG03PAAC6jMABz+DSpUs1Pj5eb775Zt2+fbvp
OQBbYnV1ta5du9b0jMe6du1ara6uNj0DAOgyAgdsgdOnT1er1ar33nuv6SkAz2xtba2uX79ey8vL
TU95yPLycl2/fr3W1taangIAdBmBA7ZIp9Op6enpOnjwYF2+fLnpOQBP7f79+3Xr1q26cuVK01Me
cuXKlbp161bdv3+/6SkAQJcROGCLLSwsVLvdrqNHj9Y///nPpucAPJVOp1MXLlzoqk8ruXfvXl24
cKE6nU7TUwCALiRwwDY5e/ZsjY+P11tvvdX0FID/2urqan388ce1tLTU9JRvLC0t1SeffOL8DQDg
kQQO2EadTqdmZmbqBz/4Qc3Pzzc9B+CJ3b9/v27evFlnzpypu3fvNj2n7t69W2fOnKkbN254PQUA
eCSBA3bA0tJSTUxM1KFDh7y2AsRYWVmp8+fP12effdb0lPrHP/5R58+fr5WVlaanAABdSuCAHXTp
0qVqtVr11ltv+VhZoOt9/RTH22+/3WhYWF5erl//+tf15ZdfenoDAHgsgQMaMDMzU61Wq86dO9f0
FID/r42Njfroo4/qz3/+c62vr+/49dfX1+u3v/1t/fWvf+2KV2UAgO4lcEBDOp1OTU1N1aFDh+rT
Tz9teg7AY62vr9dvfvOb+uCDD2pjY2PHrruxsVEffPBB/e53v9vR6wIAmQQOaNilS5dqfHy8jh49
6rUVoGttbm7W66+/XufOnduRJznW19fr3Llz9frrr9fm5ua2Xw8AyCdwQJc4e/ZstVqteu+995qe
AvBYx44dqz/84Q/beibH8vJyvf3223Xs2LFtuwYA8L9H4IAu0ul0anp6ug4ePFiXL19ueg7AQzY3
N+vkyZM1OTlZCwsLW3ouxt27d+vvf/97/exnP6vf//73ntwAvnM6nU7TEyDarqp60PQI4NEmJibq
9OnT9f3vf/+Jv2fXrl3buAjgP/r6+mp0dLSOHDlSr732WrVarXruueee6mfdu3evlpaW6syZM3X+
/Pn68ssvHSgKbLkHD7r/vz3u4+DZCBzQ5UZGRmp6erqmp6dr79693/r1fjECO6Wnp6eGhoZqdHS0
fvrTn9YvfvGL+tGPflTDw8NP9P3Ly8t15cqVunDhQn388cd18+bNWllZ8VGwwLaYm5urV155pekZ
jzU/P18TExNNz4BoAgeEaLVadfr06W/9xSxwADutp6enBgcHa2RkpPbt21cHDhyosbGxeuGFF2r/
/v01NDRUVVUrKyt148aN+uKLL+ratWt1/fr1unXrVnU6nVpdXRU2gG3VarVqYWHhif5gtNNu375d
4+PjtbS01PQUiCZwQJh2u11nz5595Gsryj/QtJ6enhoYGKjBwcHq6+ur3t7eb15duXfvXt25c6c2
NjZqdXW11tbWRA1gRz3pH4x20vz8fE1PT4sbsAUEDgg1PT1dMzMz3/wV4vbt29Vut2thYaHhZQAA
3W98fLxGRkYau36n03HfBltM4IBgIyMjNTU1VZ1Op+bm5py8DQAAfGcJHAAAAEC8nqYHAAAAADwr
gQMAAACIJ3AAAAAA8QQOAAAAIJ7AAQAAAMQTOAAAAIB4AgcAAAAQT+AAAAAA4gkcAAAAQDyBAwAA
AIgncAAAAADxBA4AAAAgnsABAAAAxBM4AAAAgHgCBwAAABBP4AAAAADiCRwAAABAPIEDAAAAiCdw
AAAAAPEEDgAAACCewAEAAADEEzgAAACAeAIHAAAAEE/gAAAAAOIJHAAAAEA8gQMAAACIJ3AAAAAA
8QQOAAAAIJ7AAQAAAMQTOAAAAIB4AgcAAAAQT+AAAAAA4gkcAAAAQDyBAwAAAIgncAAAAADxBA4A
AAAgnsABAAAAxBM4AAAAgHgCBwAAABBP4AAAAADiCRwAAABAPIEDAAAAiPd/wZx4lm1sRnAAAAAA
SUVORK5CYII=
" width="800px"&gt;</msg>
<doc>Takes a screenshot of the current page and embeds it into the log.</doc>
<status status="PASS" start="2024-01-31T16:42:20.616660" elapsed="0.835999"/>
</kw>
<msg time="2024-01-31T16:42:21.453658" level="FAIL">AttributeError: 'WebDriver' object has no attribute 'close_app'</msg>
<doc>*DEPRECATED!!* in selenium v4, check `Close Application` keyword.</doc>
<status status="FAIL" start="2024-01-31T16:42:20.610657" elapsed="0.868001">AttributeError: 'WebDriver' object has no attribute 'close_app'</status>
</kw>
<status status="FAIL" start="2024-01-31T16:42:19.646031" elapsed="1.833627">AttributeError: 'WebDriver' object has no attribute 'close_app'</status>
</kw>
<status status="FAIL" start="2024-01-31T16:41:57.382722" elapsed="24.096936">Suite teardown failed:
AttributeError: 'WebDriver' object has no attribute 'close_app'</status>
</suite>
<statistics>
<total>
<stat pass="0" fail="2" skip="0">All Tests</stat>
</total>
<tag>
</tag>
<suite>
<stat pass="0" fail="2" skip="0" id="s1" name="Appdemosstep">Appdemosstep</stat>
</suite>
</statistics>
<errors>
<msg time="2024-01-31T16:42:14.021008" level="WARN">Keyword 'AppiumLibrary.Tap' is deprecated. Since selenium v4, use `Tap With Positions` keyword.</msg>
<msg time="2024-01-31T16:42:17.997238" level="WARN">Keyword 'AppiumLibrary.Tap' is deprecated. Since selenium v4, use `Tap With Positions` keyword.</msg>
<msg time="2024-01-31T16:42:20.611658" level="WARN">Keyword 'AppiumLibrary.Quit Application' is deprecated. in selenium v4, check `Close Application` keyword.</msg>
</errors>
</robot>
