<?xml version="1.0" encoding="UTF-8"?>
<robot generator="Robot 7.0 (Python 3.12.0 on win32)" generated="2024-01-31T17:54:36.592676" rpa="false" schemaversion="5">
<suite id="s1" name="Appdietstep" source="e:\[MySkill - Quality Assurance]\Latihan\Robot Framework\myskill-robotframework-mobile\step\appdietstep.robot">
<kw name="Start Session Apps" owner="appDietPages" type="SETUP">
<kw name="Open Application" owner="AppiumLibrary">
<arg>http://localhost:4723/wd/hub</arg>
<arg>platformName=Android</arg>
<arg>platformVersion=11.0</arg>
<arg>deviceName=emulator-5554</arg>
<arg>appPackage=com.fghilmany.dietmealapp</arg>
<arg>appActivity=com.fghilmany.dietmealapp.ui.main.MainActivity</arg>
<arg>automationName=UiAutomator2</arg>
<arg>autoGrantPermissions=true</arg>
<arg>noReset=true</arg>
<doc>Opens a new application to given Appium server.
Capabilities of appium server, Android and iOS,
Please check https://github.com/appium/appium/blob/master/docs/en/writing-running-appium/server-args.md
| *Option*            | *Man.* | *Description*     |
| remote_url          | Yes    | Appium server url |
| alias               | no     | alias             |
| strict_ssl          | No     | allows you to send commands to an invalid certificate host like a self-signed one. |</doc>
<status status="PASS" start="2024-01-31T17:54:37.278614" elapsed="14.693678"/>
</kw>
<kw name="Sleep" owner="BuiltIn">
<msg time="2024-01-31T17:54:52.976010" level="INFO">Slept 1 second.</msg>
<arg>1</arg>
<doc>Pauses the test executed for the given time.</doc>
<status status="PASS" start="2024-01-31T17:54:51.974294" elapsed="1.004673"/>
</kw>
<status status="PASS" start="2024-01-31T17:54:37.276584" elapsed="15.703382"/>
</kw>
<test id="s1-t1" name="As a user i want to open diet app" line="10">
<kw name="Sleep" owner="BuiltIn">
<msg time="2024-01-31T17:54:57.983525" level="INFO">Slept 5 seconds.</msg>
<arg>5</arg>
<doc>Pauses the test executed for the given time.</doc>
<status status="PASS" start="2024-01-31T17:54:52.981976" elapsed="5.002287"/>
</kw>
<kw name="Page Should Contain Text" owner="AppiumLibrary">
<msg time="2024-01-31T17:54:58.144295" level="INFO">Current page contains text 'Welcome...'.</msg>
<arg>Welcome...</arg>
<doc>Verifies that current page contains `text`.</doc>
<status status="PASS" start="2024-01-31T17:54:57.985262" elapsed="0.159033"/>
</kw>
<status status="PASS" start="2024-01-31T17:54:52.979966" elapsed="5.165294"/>
</test>
<test id="s1-t2" name="As a user i want to input my Data" line="14">
<kw name="User Input Welcome Data" owner="appDietPages">
<kw name="Input Text" owner="AppiumLibrary">
<msg time="2024-01-31T17:54:58.152264" level="INFO">Typing text 'MySkill' into text field 'id=com.fghilmany.dietmealapp:id/et_name'</msg>
<msg time="2024-01-31T17:54:59.324970" level="INFO">criteria is com.fghilmany.dietmealapp:id/et_name</msg>
<arg>${homePageNameField}</arg>
<arg>MySkill</arg>
<doc>Types the given `text` into text field identified by `locator`.</doc>
<status status="PASS" start="2024-01-31T17:54:58.149299" elapsed="1.175671"/>
</kw>
<kw name="Input Text" owner="AppiumLibrary">
<msg time="2024-01-31T17:54:59.330966" level="INFO">Typing text '70' into text field 'id=com.fghilmany.dietmealapp:id/et_weight'</msg>
<msg time="2024-01-31T17:55:00.445119" level="INFO">criteria is com.fghilmany.dietmealapp:id/et_weight</msg>
<arg>${homePageWeightField}</arg>
<arg>70</arg>
<doc>Types the given `text` into text field identified by `locator`.</doc>
<status status="PASS" start="2024-01-31T17:54:59.325968" elapsed="1.120159"/>
</kw>
<kw name="Input Text" owner="AppiumLibrary">
<msg time="2024-01-31T17:55:00.451121" level="INFO">Typing text '180' into text field 'id=com.fghilmany.dietmealapp:id/et_height'</msg>
<msg time="2024-01-31T17:55:01.631320" level="INFO">criteria is com.fghilmany.dietmealapp:id/et_height</msg>
<arg>${homePageHeightField}</arg>
<arg>180</arg>
<doc>Types the given `text` into text field identified by `locator`.</doc>
<status status="PASS" start="2024-01-31T17:55:00.446127" elapsed="1.185193"/>
</kw>
<kw name="Tap" owner="AppiumLibrary">
<msg time="2024-01-31T17:55:01.632324" level="WARN">Keyword 'AppiumLibrary.Tap' is deprecated. Since selenium v4, use `Tap With Positions` keyword.</msg>
<msg time="2024-01-31T17:55:02.570458" level="INFO">criteria is com.fghilmany.dietmealapp:id/rb_male</msg>
<arg>${homePageGenderMaleButton}</arg>
<doc>*DEPRECATED!!* Since selenium v4, use `Tap With Positions` keyword.</doc>
<status status="PASS" start="2024-01-31T17:55:01.632324" elapsed="0.938134"/>
</kw>
<status status="PASS" start="2024-01-31T17:54:58.148265" elapsed="4.423200"/>
</kw>
<kw name="User Tap Next Button" owner="appDietPages">
<kw name="Click Element" owner="AppiumLibrary">
<msg time="2024-01-31T17:55:02.582466" level="INFO">Clicking element '//android.widget.Button[@resource-id="com.fghilmany.dietmealapp:id/bt_next"]'.</msg>
<msg time="2024-01-31T17:55:04.448879" level="INFO">xpath criteria: //android.widget.Button[@resource-id="com.fghilmany.dietmealapp:id/bt_next"]</msg>
<arg>${homePageNextButton}</arg>
<doc>Click element identified by `locator`.</doc>
<status status="PASS" start="2024-01-31T17:55:02.577460" elapsed="1.871419"/>
</kw>
<status status="PASS" start="2024-01-31T17:55:02.575459" elapsed="1.874419"/>
</kw>
<status status="PASS" start="2024-01-31T17:54:58.147263" elapsed="6.312617"/>
</test>
<kw name="Close Apps" owner="appDietPages" type="TEARDOWN">
<kw name="Capture Page Screenshot" owner="AppiumLibrary">
<msg time="2024-01-31T17:55:05.665758" level="INFO" html="true">&lt;/td&gt;&lt;/tr&gt;&lt;tr&gt;&lt;td colspan="3"&gt;&lt;img src="data:image/png;base64, iVBORw0KGgoAAAANSUhEUgAABDgAAAjoCAYAAAA5jhrUAAAAAXNSR0IArs4c6QAAAARzQklUCAgI
CHwIZIgAACAASURBVHic7N15WFXV/sfxLwqKKCIiEkqKoQwOaQ6ZmvPcdUhzRDNvZXW1a9lk2S1t
umW3wZvmrSxv18Q5p9ScUlNTMcXUHEBxDBVBBkFAQfbvD3+SKHvvM+xzDvvwfj0Pz8NhrbPWdx1x
P5zP2Xttj1pBkYoAAAAAAACYWDlXFwAAAAAAAGAvAg4AAAAAAGB6BBwAAAAAAMD0CDgAAAAAAIDp
EXAAAAAAAADTI+AAAAAAAACmR8ABAAAAAABMj4ADAAAAAACYHgEHAAAAAAAwPQIOAAAAAABgegQc
AAAAAADA9Ag4AAAAAACA6RFwAAAAAAAA0yPgAAAAAAAApkfAAQAAAAAATI+AAwAAAAAAmB4BBwAA
AAAAMD0CDgAAAAAAYHoEHAAAAAAAwPQIOAAAAAAAgOkRcAAAAAAAANMj4AAAAAAAAKZHwAEAAAAA
AEyPgAMAAAAAAJgeAQcAAAAAADA9Ag4AAAAAAGB6BBwAAAAAAMD0CDgAAAAAAIDpEXAAAAAAAADT
I+AAAAAAAACmR8ABAAAAAABMj4ADAAAAAACYHgEHAAAAAAAwPQIOAAAAAABgegQcAAAAAADA9Ag4
AAAAAACA6RFwAAAAAAAA0yPgAAAAAAAApkfAAQAAAAAATI+AAwAAAAAAmB4BBwAAAAAAMD0CDgAA
AAAAYHoEHAAAAAAAwPQIOAAAAAAAgOkRcAAAAAAAANMj4AAAAAAAAKZHwAEAAAAAAEyPgAMAAAAA
AJiep6sLAAAAAAAA5jJk6AAJubuWZp9PPvrcSdXc4FErKFJx6owAAAAAAMDUliybI23atNLsU/uu
KCdVcwOXqAAAAAAAANMj4AAAAAAAAKbHJSoAAAAAAKBEjRpHyltvvyZt2t5v91g7d+yWyW++L4d+
P2pAZXdyacDh51dVgoODJCPzslw4n+yqMgxVsWJFCQmpJdcLr8sff5yTgvwCV5cEAAAAAIBNLNlr
wxo7d+yWQQMfM2y8Wzk94BgydIAMGNhHmtzbUPz9qxX9PDc3T+Ljj8lPG3+W/34TI+npGYbOO+2z
9yUyKtzq5/285Rd5/71PNPs0bBQpTzw5Ulq3bil1Q++WcuVuXPlTUHBdTpw4JTt37JavZ82RE4mn
bCkdAAAAAACXSLpwxPAxHbX5qNMCjvDwMPn0s/elWbMmun0vXkyVKW++LyuWrzFs/m2//Cj3hIVa
/bwfVv4ozzz1gmr7q5MmyNPPjJYKFSpojpOTkyv//vQ/MmP6LKtrAAAAAADAFcwUcHg6ZNTbREY2
kHkLvpagu2oW+3laWrpkZlyWSpW8pWZQYNGZDzVr1pB/T/9APD095fslKw2poXqAvyHj3OqDqZPl
0ceGFfvZtWvX5MKFi+Lh4SHBwXeJp2d5ERHx8akkr73+glSuUlmmvj/N8FoAAAAAACjLnBJwTP/8
w2Lhxs6dv8qnH8+UX7bvKvpZ3dA6MnbcEzI8+hEpX768eHl5yVvvvCZbf/5FUlIu2TV/pUreUrWq
b7H5k/44b9Fz98XtL/Hnffr2kpGjhhY9vnbtmnz15f/ki5mziy6vqV07WJ6b8DeJHjFIPDw8RERk
7LgnZdvWnbLjl1hblwMAAAAAAG7j8IDjyTGjpGGjyKLH69b+JI+PfvaOfqdPnZGJL0+Wy5ezZOy4
J0RExN+/mox5erT8892P7aohrH69orNDRES+nT1PVv2w1q4xxzw1qii0UBRFXn/tHZkXs6RYn6Sk
8/LKS2/KpdRLMv75Z0RExNOzvPxt7OMEHAAAAAAAGKicfhf79Ordtej7K1dyZNJr72j2//en/5HM
zMtFj43YrTUkpFaxx2dOn7VrPH//anJv00ZFj/fFHbgj3LjV1A/+LSdPnC563KJlM7vmBwAAAAAA
xTk84KjfIKzo+wMHDuneDjY7+4ocPXqs6HHI3bXtriE4+K6i769fvy7x8cftGi88PKzYpqK7Y/fq
PmfXrj1F3/v5VZW7DVgXAAAAAAC4weGXqGxYv7koDDiw/3eLnpOZkVn0va9vFdV+//zgTXlkUD8p
KCiQL7/4Vj6b9kWJ/WoGBRZ9n5GRKVevXrWoDjX+1asVe5yWlq77nEuX0oo9rhEYIGfPJtlVBwAA
AAAAuMHhAcfLL75h9XNuDTVycnJK7NPq/uYy6rFhRftgvPDiWPnufwuKNvi8VWBgjaLvU1PT7mi3
1qVLxQMNv2p+us+p5le16HtFUeRicorddQAAAAAAgBscfomKtfz8qhbblPTA/kOq/W6GGyIiXl5e
qmd7BNxyi9jUlNSi7ytV8pbIyAYSGdlAKlasaHGN+/YdKLZPiCV7ajS7796i78+eTZKkJMvu4gIA
AAAAAPSVuoDjtUkTxO+Wsx1i5i4qsd+WLdtlX9yBoserV62XM2f+KLFvjRoBRd9nZFyWia8+Jxt+
WiaH42Plpy0r5actKyXx1D7Z+ssa+ecHbxbbs6MkBfkF8uOaDUWP77+/ufTr31u1/6OPDZPGTaKK
Hq9YvkZzfAAAAAAAYB2PWkGRiquLELmxEeiLLz8rw4YPLDozY83qDTLmifGqz/H08pR27VpLXm6e
xGps9PnLznUSWq+OiNy4POTWMz9KkpGRKa+/9o4sX7Zatc9dwUHy/dI5ReNeuZIjn3z8uXw9a44U
5BeIiEjFihVl3N+flGf/PqboDJHf9h2QQQMfk9zcPM0aAAAAAABwtaQLRwwfs/ZdUfqdbOCSgOOp
Z0bLAw+0FBERrwpeEhhYQxo0uEe8vb2L+vy08WcZ+8yLkp19xe75DsfHFjsrxBLXrl2T58e/pnm2
RaPGkfLNf2cUuyNKZuZlOXvmxuahdUPvLnbZzKHfj8qoR5/RvZMMAAAAAAClAQGHjs//85E8POAv
JbZduZIj77/3ifx3dowhc1Wq5C3HTsQVnbVRWFgoG9Zvlh9WrpX4+OOSdTlL6t1TV7p26yhDhw4Q
36q+Rc9NSbkkvXsMkvPnL6iO7+9fTWZ+8bF06NhWs44li1bIiy/+o+jsDgAAAAAASjszBRzlfavU
mOKQkTX8pU8PiYwKL7GtQgUvaXJvI6lQsYLE7tpj/2QeIgnxxyXtUpoUFFyX99/7RKa+P02OHkmQ
lJRUuXw5S06fPitbNm+XTZu2SbfunYrOuqhc2Uc8PDxky5btJQ5dMyhQ3nr7NenWvZOUK6e9nck9
YaFSo0aA7NyxWwoKCDkAAAAAAKXfiy89a/iYn3z0ueFjirjoDI4OHdvKPfeEioiIdyVvqRlYQ+5t
2khatWounl5/3rl21Q9r5ekxE5xaW5cuHeTb72ZK+fLlRUTk3LkL0qp55zv6+ftXkwWLZhdtHqoo
iuzeHSc/bdgiJ0+elvLlPSU8PEx6P9RNohpGFD1v86ZtMvqxsZzJAQAAAAAo9cx0Bkep2WRUROS+
5vfKRx+/U+zsjremTJWvvvjWqXUsWfo/adP2/qLHXTv1k6NHjxXrM3/hN0WXpRQUXJd33vpQvp41
p8TxJk+ZKE89M/rP8RetkOfGv2p84QAAAAAAGMhMAUepuk3svrgDMiL6KUlJuVT0s9Gjhzu9jm3b
dhV73OTeRsUe9+nbq9ieG//7dp5quCFyI6RZvWpd0eMBj/SRVvc3N6haAAAAAABQqgIOEZEL55Nl
+dJVRY/rhtYpdjaFM5w8carY4+oB/sUe9+vfq+j7vLw8+fenX+iO+cnHM0VRbpwsU758eRk0uL/9
hQIAAAAAABEphQGHiMi+fQeKPb63aSOVno6Rl3e12GMvT89ij8Pq31P0/YnEU3LpUprumEePJMi5
c3/ejSUysoGdVQIAAAAAgJs89bvY7u67a8tDfXoUPd6141fZv/933edlXc4u9rhixYo2zV+xYkUZ
Hv3In/Pv2iNHjyToPi/gtjM2MjIyiz2uXNmn6Pvs7CsW13Nr31vHAAAAAAAA9nFowBEQUF3enPxK
0ePP/v2lRQFHjcCAYo/T0tJtmv/q1avy6qQJRbd9nfXl/2TK5A90n9ewUWSxxwkJicUeZ2f9GcD4
VfOzuB6/qr5F32dlZWv0BAAAAAAA1nDoJSqJJ07JtWvXih63aNHUoufdvgHn7wcO21zDiVv203iw
/QMWPadTpweLvk9Pz5DdsXuLtZ8/n1z0fdg9oVI3tI7umPc1v1fuCg4qenzr5SoAAAAAAMA+Dg04
si5nyb59B4set2l7vzz0l+6azwkPD5M+fXoWPT518oz89ttBjWdo27Rxa9H3UQ0j5DGdu7KMf/4Z
uScstOjxTxt+vqPP1q07ir739PKU1yY9r1vHKxOfK/Z48+Ztus8BAAAAAACWcfgmo9/M+q7o7iHl
ypWTTz59T/76+IgS+3bu0l6+nTNTqvr9eSnHf2fHqI79zw/elPjje+TQ0V0y/vlnSuwzZ86CYred
fWPyKzLm6cdK7Dv++WfkxRfHFT3Ozc2TWbP+d0e/+TFL5OzZpKLHffv1lumff1jsDI2b6tQJkf/+
7/Nit5U9evSYLFm0QnVdAAAAAADAOh61giIVR08y9cMpMnLU0GI/O3fughw+dFQyMi5LpUreUr/B
PRIeHiYeHh5Ffdat/UkeH/1siWO2ur+5LFsxt6h/fn6+3HdvB0lPz7ij76DB/eSjT94VLy+vYvMf
+v2IZGZmSdWqVaRxk4ZSq9ZdxZ73rw8/k2mf/KfE+Xv26iozZv5LfHwqFf3sypUcOXDgkCRfuCge
Hh4SHBwk9zZtJN7e3kV9MjMvy5OPj5cdv8SqvVwAAAAAAJQKSReOGD5m7buiDB9TxMGbjN408ZUp
cjkrW54c86hUqFBBRERq1brrjkDhpsLCQvl+yUqZ+PIU1TH9/KoWC0O8vLzE17dKiQHHksUrRTw8
ZMpbr4q/fzXd+RVFkf/MnK0abojcCF+eHfuyvPvPfxSNU7myj7Rp00r1OadOnpGJr0wm3AAAAAAA
wGBOOYPjpuYtmsrTz4yWjp0eLLqzya2uXbsmsbv2yuxv5sr6dZs0x/L08pTlK2Lkvub3iojI6lXr
5aknn9N8Tp06IfLs+Kek90PdpHp1/zvar127JnFxB+Tzz2bJpk1bSxjhTgEB1WXsuCekT79eEhJS
q8Q+p06ekZUr1sjMmbMl63KWReMCAAAAAOBqRxN2i+8tdwS1V9blLIkMv9+w8W7l1IDjJk8vT2nX
rrXUq1dXqlb1lZycXDl37rxs27bLqgDg5jh5uXkSe9udTvS0aXu/RETUl6pVfSU7+4pcvJgqv2zf
VeIZIJZq2ChSmjVrLNX+/9axaWkZsnfPb3LsWKLOMwEAAAAAKH1efOlZeeGlcfodLfTJR5/Lxx/N
MGy8W7kk4AAAAAAAAObQpu390rat/Wdd7NixW3bu2G1ARSUj4AAAAAAAAKbn8NvEAgAAAAAAOBoB
BwAAAAAAMD0CDgAAAAAAYHoEHAAAAAAAwPQIOAAAAAAAgOkRcAAAAAAAANMj4AAAAAAAAKZHwAEA
AAAAAEyPgAMAAAAAAJgeAQcAAAAAADA9Ag4AAAAAAGB6BBwAAAAAAMD0CDgAAAAAAIDpEXAAAAAA
AADTI+AAAAAAAACmR8ABAAAAAABMj4ADAAAAAACYHgEHAAAAAAAwPQIOAAAAAABgegQcAAAAAADA
9Ag4AAAAAACA6RFwAAAAAAAA0yPgAAAAAAAApkfAAQAAAAAATI+AAwAAAAAAmB4BBwAAAAAAMD0C
DgAAAAAAYHoEHAAAAAAAwPQIOAAAAAAAgOkRcAAAAAAAANMj4AAAAAAAAKZHwAEAAAAAAEyPgAMA
AAAAAJgeAQcAAAAAADA9Ag4AAAAAAGB6BBwAAAAAAMD0CDgAAAAAAIDpEXAAAAAAAADTI+AAAAAA
AACmR8ABAAAAAABMj4ADAAAAAACYHgEHAAAAAAAwPQIOAAAAAABgegQcAAAAAADA9Ag4AAAAAACA
6RFwAAAAAAAA0yPgAAAAAAAApkfAAQAAAAAATI+AAwAAAAAAmB4BBwAAAAAAMD0CDgAAAAAAYHoE
HAAAAAAAwPQIOAAAAAAAgOkRcAAAAAAAANMj4AAAAAAAAKZHwAEAAAAAAEyPgAMAAAAAAJgeAQcA
AAAAADA9Ag4AAAAAAGB6BBwAAAAAAMD0CDgAAAAAAIDpEXAAAAAAAADTI+AAAAAAAACmR8ABAAAA
AABMj4ADAAAAAACYHgEHAAAAAAAwPQIOAAAAAABgegQcAAAAAADA9Ag4AAAAAACA6RFwAAAAAAAA
0yPgAAAAAAAApkfAAQAAAAAATI+AAwAAAAAAmB4BBwAAAAAAMD0CDgAAAAAAYHoEHAAAAAAAwPQI
OAAAAAAAgOkRcAAAAAAAANMj4AAAAAAAAKZHwAEAAAAAAEyPgAMAAAAAAJgeAQcAAAAAADA9Ag4A
AAAAAGB6BBwAAAAAAMD0CDgAAAAAAIDpeSiKori6CAAAAAAAAHtwBgcAAAAAADA9Ag4AAAAAAGB6
BBwAAAAAAMD0CDgAAAAAAIDpEXAAAAAAAADTI+AAAAAAAACmR8ABAAAAAABMj4ADAAAAAACYHgEH
AAAAAAAwPQIOAAAAAABgegQcAAAAAADA9Ag4AAAAAACA6RFwAAAAAAAA0yPgAAAAAAAApkfAAQAA
AAAATI+AAwAAAAAAmB4BBwAAAAAAMD0CDgAAAAAAYHoEHAAAAAAAwPQIOAAAAAAAgOkRcAAAAAAA
ANMj4AAAAAAAAKZHwAEAAAAAAEyPgAMAAAAAAJgeAQcAAAAAADA9Ag4AAAAAAGB6BBwAAAAAAMD0
CDgAAAAAAIDpEXAAAAAAAADTI+AAAAAAAACmR8ABAAAAAABMj4ADAAAAAACYHgEHAAAAAAAwPQIO
AAAAAABgegQcAAAAAADA9Ag4AAAAAACA6RFwAAAAAAAA0yPgAAAAAAAApkfAAQAAAAAATI+AAwAA
AAAAmB4BBwAAAAAAMD0CDgAAAAAAYHoEHAAAAAAAwPQIOAAAAAAAgOkRcAAAAAAAANMj4AAAAAAA
AKZHwAEAAAAAAEyPgAMAAAAAAJgeAQcAAAAAADA9Ag4AAAAAAGB6BBwAAAAAAMD0CDgAAAAAAIDp
EXAAAAAAAADTI+AAAAAAAACmR8ABAAAAAABMj4ADAAAAAACYHgEHAAAAAAAwPQIOAAAAAABgegQc
AAAAAADA9Ag4AAAAAACA6RFwAAAAAAAA0yPgAAAAAAAApkfAAQAAAAAATI+AAwAAAAAAmB4BBwAA
AAAAMD0CDgAAAAAAYHoEHAAAAAAAwPQIOAAAAAAAgOkRcAAAAAAAANMj4AAAAAAAAKZHwAEAAAAA
AEyPgAMAAAAAAJgeAQcAAAAAADA9Ag4AAAAAAGB6BBwAAAAAAMD0CDgAAAAAAIDpEXAAAAAAAADT
I+AAAAAAAACmR8ABAAAAAABMj4ADAAAAAACYHgEHAAAAAAAwPQIOAAAAAABgegQcAAAAAADA9Ag4
AAAAAACA6RFwAAAAAAAA0yPgAAAAAAAApkfAAQAAAAAATI+AAwAAAAAAmB4BBwAAAAAAMD0CDgAA
AAAAYHoEHAAAAAAAwPQIOAAAAAAAgOkRcAAAAAAAANMj4AAAAAAAAKZHwAEAAAAAAEyPgAMAAAAA
AJgeAQcAAAAAADA9Ag4AAAAAAGB6BBwAAAAAAMD0CDgAAAAAAIDpEXAAAAAAAADTI+AAAAAAAACm
R8ABAAAAAABMj4ADAAAAAACYHgEHAAAAAAAwPQIOAAAAAABgegQcAAAAAADA9Ag4AAAAAACA6RFw
AAAAAAAA0yPgAAAAAAAApkfAAQAAAAAATI+AAwAAAAAAmB4BBwAAAAAAMD0CDgAAAAAAYHoEHAAA
AAAAwPQIOAAAAAAAgOkRcAAAAAAAANMj4AAAAAAAAKZHwAEAAAAAAEyPgAMAAAAAAJgeAQcAAAAA
ADA9Ag7ARFJTU8XDw0P1a9y4ca4uEQAAAABcgoADAAAAAACYHgEHAAAAAAAwPQIOAAAAAABgeqYP
OIYPH665J8G7777r6hKtNmPGDM01rVixwtUlWu3JJ59UXU/lypUlPT3d1SUCAAAAAEzM9AHHgAED
NNvnzZsn169fd1I19lMURWJiYjT7LFu2zEnVGCMjI0Pmz5+v2j548GDx9/d3YkUAAAAAAHdj+oCj
a9eu4u3trdp+5MgRiYuLc2JF9jl8+LDs2rVLs8/ChQtNdcbD5s2bJScnR7X94YcfdmI1AAAAAAB3
ZPqAIyAgQB555BHNPj/++KOTqrHf6tWrdfvk5eXJpk2bnFCNMbTOOPHx8ZHOnTs7sRoAAAAAgDsy
fcAhon+ZSkxMjCkuUyksLJS5c+da1Hfp0qUOrsYYaWlpsnjxYtX24cOHi5+fnxMrAgAAAAC4I7cI
OLp06aJ5mUpCQoLs3bvXiRXZZt++fXLw4EGL+i5evFhSU1MdXJH9Nm3aJHl5eart/fr1c2I1AAAA
AAB35RYBh7+/vwwZMkSzjxkuU1m1apXFffPz82Xjxo0OrMYYWmea+Pr6SqdOnZxXDAAAAADAbblF
wCGiv1HlvHnzpKCgwEnVWK+goEC+++47q55T2i9TSU1NlSVLlqi2Dx8+XKpWrerEigAAAAAA7spt
Ao7OnTuLj4+Pantpv0xl165dkpiYaNVzFi9eLMnJyQ6qyH4bN26U/Px81XYuTwEAAAAAGMVtAo5q
1arJsGHDNPusWbPGSdVY74cffrDpeRs2bDC4EuNonWHi5+cnHTt2dGI1AAAAAAB35jYBh4hI//79
NdtjYmJK5WUqeXl5Vl+ecpPWHUpcKTk5WbO26OhoqVKlihMrAgAAAAC4M7cKODp27Ci+vr6q7YmJ
ibJnzx4nVmSZ7du3y/nz51Xbg4ODVdtWrlwpSUlJjijLLnoboPbt29dJlQAAAAAAygK3Cjj8/PxM
eZnKihUrVNvat28vL7/8subz169fb3RJdtPaXNTf3186dOjgxGoAAAAAAO7OrQIOEf2NK0vb3VSy
s7MlJiZGtX3EiBHy0EMPaY6xaNEio8uyy/nz52X58uWq7dHR0VK5cmUnVgQAAAAAcHduF3B07NhR
/Pz8VNsTExPl119/dWJF2jZv3izp6emq7T179pSIiAhp3769ap+1a9fK6dOnHVGeTfQ2PuXuKQAA
AAAAo7ldwOHr6yvDhw/X7LN69WonVaNP60yH3r17S2hoqIiI7ppK02UqWpuLBgQEaIY1AAAAAADY
wu0CDhHLLlPJz893UjXq0tPTZcGCBartt+4n0rt3b82xtMZxpj/++ENWrVql2j5ixAipVKmSEysC
AAAAAJQFbhlwtG/fXvz9/VXbT548Kbt373ZiRSXbuHGj5OTkqLb36NGj6PvQ0FDp2bOnat9NmzZJ
YmKiofXZQu9MEu6eAgAAAABwBLcMOKpUqSLR0dGafX788UcnVaNO604jgwcPlrvuuqvYz4YOHao5
3rp16wypyx5aG54GBQVJu3btnFgNAAAAAKCs8HR1AY7St29f+fzzz1XbY2JiZPLkyeLl5eXEqv6U
nJysGQYMGjTojp9pncEhcuMylbFjx9pdm61Onz6tGbJER0e75PKUq1evSmJioiQkJMjhw4fl8OHD
kpqaKpcuXZKLFy9Kenq6BAcHS82aNaV69epSu3ZtadKkiURFRUl4eLjUqlXL6TW7m/z8fDl58qQk
JiZKfHy8HD58WC5cuCDp6emSkpIiFy5ckAoVKkhgYKBUr15dAgICJCIiQho0aCBhYWHSuHFjCQwM
dPUyrJKbmyuJiYly7NgxOXr0qBw5ckRSU1MlLS1NLl68KKmpqRIQEFBszZGRkRIVFVW07ipVqrh6
GcWkpqZq/jusWbNG93K6kpw4cUIOHTokx48fl/j4eDlx4oSkp6dLamqqXLx4UapXr170OtWtW1ca
NWokEREREhkZKWFhYfYsyWqpqaly5MgROXbsmMTHx0t8fLykpaXJpUuXJDk5Wa5duyb+/v7i7+8v
devWldDQUAkLC5MmTZpIw4YNJSgoyKn1OhLHVgAAUNq4bcDRvn17CQgIkEuXLpXYfurUKYmNjZUH
H3zQyZXdoBUEeHt7S7du3e74ea1atWTAgAGybNmyEp+3bds2iY+Pl4iICMPqtIbe5Sl9+vRxUiU3
3lzu3LlTVq9eLTExMZKcnKzZPysrSxISEkpsa9eunQwbNkx69uwpDRo0cES5bikrK0t++eUXWbdu
nSxcuFDOnz+v+5yUlBTVtp49e0rv3r2le/fu0rBhQyNLNUx6erps3bpV1qxZIwsXLpTMzEzN/llZ
WXLq1KkS23x8fGTQoEHSp08f6dSpk+kCHj1xcXHy448/yvLly2XPnj2afXNycuSPP/4ose2BBx6Q
wYMHS+/evSUqKsoRpUpiYqJs2rRJfvjhB/nhhx90+2dlZcmZM2dk//79d7T17NlT+vfvL/379zfl
G3yOrQAAoFRT3Nj48eMVEVH9eu2111xW20MPPaRa1+jRo1WfN2/ePM01TZs2zYmrKK5r166qdQUH
Byu5ubkOryElJUX58MMPlaCgIM3XydavHj16KBs2bFAKCwsdvha19WnVN3bsWJfUdauEhATllVde
UXx9fR3ybyAiSv/+/ZVVq1YpV69edfVyFUVRlAMHDihjx45VvL29Hbbm0aNHK7/++qtL16n3+7dm
zRrN51+7dk1ZuXKl0qtXL4e8RqNGjVL27t1ryFoLCwuV7du3KyNHjnRIrd7e3sq4ceOUhIQEQ+p1
NHc/tgIAAPfg1gHH+vXrNf+gqlOnjkveIJ06dUqzrhUrVqg+NyUlRfHy8lJ9bqtWrVzyB2JiYqLm
ml566SWHzp+amqq89957ir+/v8PeYN761b17d+Wnn35y6JpKUpoDjv379ytPPPGEU17/m1+tW7dW
Nm3a5LI17969Wxk+fLhT1/zwww8rW7dudcl67Qk4du/erXTq1Mkpr9HTTz+tpKam2rzOuLg4I+qi
iAAAIABJREFUpUePHk6p1cvLS3njjTeUrKwsm+t1pLJybAUAAO7BrQOOnJwc3U+bXPFG4YsvvlCt
x8/PT7l8+bLm80eMGKG5pt9//91JK/nTzJkzNWvavHmzw+b+8ccflbCwMKf88X3719ixY5W0tDSH
re12pTHguHz5svLmm2+65PW/+TVy5EglKSnJaWtOT09XJk6c6NI1jxs3TklJSXHamhXFtoAjJydH
eeWVV5z++tSvX9/qN8oZGRnKG2+84ZJ/z5YtWyq//fabUf9UhihLx1YAAOAe3DrgUBRFmTBhguYf
Ua+++qrTa+rQoYPmmxY933//veaa/vWvfzlhFcVprSkkJETJy8szfM6MjAzl73//u0v++L71KyIi
wqEBzq1KW8CxefNmpXHjxi7/NxARJSwsTNm5c6fD17x+/XolIiLC5esVuXEW2rJlyxy+5pusDTiS
kpKcdiaE2tf8+fMtWltCQoLSokULl9bq5+enrF+/3hH/dFYpi8dWAADgHjwURVHEjW3atEm6du2q
2h4SEiKJiYlSoUIFp9QTHx8vkZGRqu3r16+X7t27a46RmZkpd999t2RlZZXY3qxZM4mLixMPDw+7
arXUsWPHJDw8XLV94sSJ8sEHHxg657lz52To0KGyfft2m54fFBQk4eHh4uvrKxUrVpQrV65IWlqa
HD58WHJycmwa85tvvpHHH3/cpudaSu8uFmPHjtW8e5BRFEWRmTNnyrPPPmvzGD4+PlK3bl2pUaOG
VK9eXfLz8yU9PV3Onz+vuvGmHi8vL5k9e7aMHDnS5rrUKIoi06ZNkxdeeMHmMQICAiQkJEQCAgKk
atWqcuXKFUlNTZVz587pbtao5a233pJJkyaJp6dj94225i4qx48fl969e8vx48etmiMqKkruuusu
8fX1lXLlysmVK1ckKSlJDh8+bHPd//3vf2X06NGq7Vu3bpVhw4ZZtBHurby8vCQyMlJq1qwpvr6+
UlhYKFeuXJFTp05JYmKiTbV6eXnJ0qVLnbop863K6rEVAAC4CdfmK46Xm5urBAcHa35K9PPPPzut
nk8//VS1juDgYCUnJ8eiccaMGaO5Jmee6jx9+nTNWoy+DOjo0aNKw4YNrfoksHv37sqMGTOUHTt2
KJcuXVIdu6CgQDl79qyydu1a5a233rL67ISpU6c6dA+U0nAGR15envLCCy9Y/WlsVFSUMmXKFGXN
mjVKQkKCcu3aNdU5Ll26pMTFxSlfffWVMnDgQM19Z0r6WrBggaFrzs3NtekT7Xbt2imffvqpsnnz
ZuXs2bOqvxuFhYXKuXPnlK1btyozZsxQunTpYvVcjz/+uJKdnW3oum9n6RkcSUlJSpMmTXRrDggI
UJ599lll8eLFytGjRzWPf3l5ecqhQ4eU+fPnK48++qji4+Nj1eujdibAxo0bLf79Cg0NVSZNmqSs
XLlSOXnypOYeTtnZ2UpcXJzy9ddfK3379rWqVl9fX2XXrl12/VvZoiwfWwEAgHtw+4BDURTlpZde
0vzD6ZVXXnFKHYWFhZqnQL/88ssWj7V69WrNNb3//vsOXElxbdq0Ua3D6I1cExISlJCQEIv+IPb3
91cmT56sHD9+3Ob5CgsLlZ07d1q1eeaUKVMMW+/tXB1wXL16VXcPmFu/vL29lQkTJihxcXHK9evX
bZ73woULyvTp05WoqCiL5vXy8lJWr15tyJrz8vKUYcOGWbxmf39/5Z133rH77hgnT55UPvroI6vu
WtG3b1+LQ1JbWBJwZGVlKe3atdPs16ZNG2XRokXKlStXbK7lwoULyocffqj4+flZ9NqEhoYq586d
KzZGXFycRZtn9uvXT9mwYYNmKKcnPj5e95LJW7/Cw8Pt2ijVWmX92AoAANxDmQg4Nm/erPlHU+3a
tR2yR8TtfvvtN806tm3bZvFY2dnZSkBAgOpYjRs3tusNpaWOHDmiuaZJkyYZNldKSopy3333WfSH
8IQJE+54M2Ovffv2WfxJ7Ny5cw2d+yZXBhyFhYVWvUGbOHGicubMGUNryMnJUaZPn675u3/rmzB7
3oApyo01P/fccxat18vLS/nnP/9p+Maf6enpyrRp0yy+7e6YMWOUgoICQ2u4yZKA47XXXtM81s6Z
M0fJz883rKYzZ84oQ4YMsei1GTZsWNHzkpKSlHr16mn2b9q0qbJu3TrDalWUG6FKy5YtLar3mWee
MXRuNRxbAQCAuygTAUdeXp7uJ1PO2MjsvffeU52/Xr16Vn86OH78eM017dmzx0Er+ZPWJTciomzf
vt2QeXJzc5V+/frp/vEbFhbm0FsM5ufnKzNnzlS8vb016/D29lZ27Nhh+PyuDDimTp1q0RuQli1b
OnyzzzNnzii9evXSraVHjx52nUFk6Zrbt2+v7N+/38AV3uno0aNKz549Lapn8uTJDqlB7/dv3Lhx
qm29evUyPPC6KT8/X3nrrbcsem22bdumFBYWKiNHjtTs9+STTyoZGRkOqTcjI8Pis4JiY2MdUsNN
HFsBAIA7KRMBh6Iourd0tObyEFsUFBRonl7/5ptvWj3mxo0bNdf09ttvO2AlfyosLFRatWqlOr8t
oY2aDz74QPcP8A4dOihnz541ZD4927dvV2rXrq37hsDo2xy6KuDYsGGDRW/GHnvsMSUrK8shNdwu
Ly9PefnllzXrCQgIUOLi4mwa39I1jx07VsnNzTV4dSW7du2axbdcNeoSnVvp/f5p/V448tIZRblx
PHrnnXd0a+nZs6eyePFizT6TJ092+H4POTk5ytChQ3Xr7devn0Pr4NgKAADcSZkJOLZu3ar5B5Oj
L1PZtWuX5vy7d++2esy8vDzNPwTDw8MNPRX8dr///rvmmv7xj38YNo/eJoA9evRw2Ketag4dOqR7
ZpDRwZkrAo60tDSLbos6adIkh/6+leT69evKq6++WmI9AwcOVE6fPm3TuJauecqUKQ67HERNYWGh
8vHHH+vWFhYWZvjlMrYEHI8++qih+/BoKSgoUB599FHdmrTOEnjjjTectpllWlqaRbemddTZQRxb
AQCAuykzAcfVq1eVOnXqaP7B5MjLVF5//XXVee3ZL0PvzBRHXirwr3/9y+Fz5+fnK927d9ecp02b
Ni77NO+3337T3aTQyLshuCLgsGQPigkTJrjsDgfXr19X/va3vxXV4u/vr3z77bd27UGjd/mXyI3N
iV15VwdLLskw+vfB2oCjffv2yuXLlw2tQc+FCxd0zwBQ+4qOjnZ6SLdjxw7duozcy+gmjq0AAMAd
lZmAQ1EUZdKkSZp/LL344osOmVcvXJk6darNY2/btk1zTUadRXG7wsJCzU3pwsLCDHmjsGjRIs31
BQUFKceOHTNgRbZbsWKFZo2dOnUy7I2wswOO2NhY3TdfAwYMcMomvVouX76stG7dWunfv79y4sQJ
u8ayZM2DBg1y2lkJavLz83X3kRAxNuS0JuDw9vZWDh06ZNjc1vjmm2+sDjdCQkKUCxcuuKTeWwM6
tdqMDl44tgIAAHdUpgKO7du3a/6xFBwc7JBr6fXu4nLw4EGbx87Pz1fCwsJUxzZyH4xb7d+/X3NN
tuwpcrv8/HyldevWmvMsWrTIgNXY7/nnn9esc8uWLYbM4+yAQ2+PgJCQECU5OdnQOW114cIFQy4X
sWTNFy9eNKBi+6WlpWn+/xcRZejQoYbNZ03AYU9wa6/s7GwlNDTUqoBjwYIFLqv30KFDuvXZupdM
STi2AgAAd1VOypD7779f6tWrp9p+/vx52bFjh+Hz/vDDD6ptrVu3lkaNGtk8tqenp4wcOVK1/eTJ
kxIbG2vz+Gp+/PFHzfa//OUvds+xYcMGzdoHDx4sgwYNsnseI7z55psSGhqq2v755587rxiDxMXF
ycKFCzX7fPzxx1KzZk0nVaQtKChIypcvb9cYlqz5k08+kcDAQLvmMYq/v7989NFHmn0WLlwo+/bt
c1JFN9SuXVueeuopp855q8qVK8vjjz9ucf9WrVrJwIEDHViRtoYNG0qvXr00++zatcuw+Ti2AgAA
d1WmAg4vLy8ZMWKEZp/Vq1cbOmdubq589913qu0jRowQDw8Pu+bQCxOMXlNhYaHExMSotoeHh0uL
Fi3snmf69Oma7a+//rrdr51R/P395R//+Idq++LFi+XgwYNOrMh+em8c+vbtK4MHD3ZSNc6ht+Z+
/fqVmjd+N/Xv318GDBig2ec///mPk6q54bnnnpNq1ao5dc7b9enTx+K+L7zwgnh5eTmwGn3Dhg3T
bN+/f79hc3FsBQAA7qpMBRwi+mFATEyM5OXlGTbfzz//LCkpKartvXv3tnuOFi1aSOPGjVXb586d
K1evXrV7npv279+v+QfliBEj7P4k/cyZM5pniURHR0vTpk3tmsNo0dHRUqdOHdV2vbNeSpO0tDSZ
N2+eZp8XXnih1LwJMoIla54wYUKpW7OHh4eMHz9es09MTIxkZGQ4qSIpFSFQ48aNJSgoSLefv7+/
Icdhe7Vu3Vqz3agzODi2AgAAd1bmAo6WLVtK/fr1VduTk5Pll19+MWy+5cuXq7Z16dJFsxZLlStX
TvMylT/++EN27txp9zw3rVmzRrP9oYcesnuOzZs3a7b/9a9/tXsOo1WqVEmeeeYZ1falS5c6sRr7
bN68WTPoa9++vXTs2NGJFTmemdfcsWNHefDBB1Xbc3JyZOvWrU6ppUuXLpqXAjqLl5eXdOvWTbff
oEGDxM/PzwkVaQsPD9e89Gn//v2GhO8cWwEAgDsrcwGHp6en7mUqq1atMmSuzMxMzU+E9U5Jtobe
J5BGren69eual6dERUVJ8+bN7Z5nxYoVqm3BwcHSoUMHu+dwhH79+qm2xcbGyvHjx51Yje209o0R
EXnqqadK3ZkM9jLzmj08PGTMmDGafYw6Buix5tIQR2vSpIluH0tCEGcoV66ctG3bVrNPamqq3fNw
bAUAAO6szAUcIvpnGMTExEhubq7d82zevFmysrJU2/U2lbNGkyZNpFWrVqrtc+fONWRNcXFxcuTI
EdX2ESNGSLly9v1aZWdna74ZGzx4sFSoUMGuORylYcOG0rBhQ9V2R2xia7SrV6/K4sWLNft06tTJ
OcU4iTusWe+N6aJFi6SgoMDhdRix/45R6tatq9unNF2OER4ertlub8DBsRUAALi7MhlwtGjRQiIi
IlTbU1JSZPv27XbP8/3336u29evXT+6++26757jJw8ND88yU5ORkQ9akd3mKEdeyJyYmSn5+vmq7
3qecruTh4aH5Ghw+fNiJ1dgmMTFRcnJyVNu7dOkiISEhTqzI8dxhzaGhoZqXqWRmZsqpU6ccXofe
m3Rn0rvbja+vb6m4nOYmvT1DtH5HLcGxFQAAuLsyGXCUL1/e4XdTSU1N1bzd5JAhQ+wavyR6Z4To
nYKvp6CgQObOnava3rhxY2nWrJldc4iIHDt2TLNda0PV0kDrEh0j74TgKHqvf5cuXZxUifO4y5r1
6tRbp70CAgIs2tjTWapWrarZ3rRp01J1xoLenWfs3SyaYysAAHB3ZTLgENE/02DevHl2XdKxYcMG
1U/KvLy8pHv37jaPrSYiIkLzNPV58+bJlStXbB5/z549mtc5G3F5iojI0aNHNdstOe3cle655x7V
ttjYWKdcJmAPvU9CIyMjnVSJ87jLmrXOTBPR/79lr8jIyFK1T4leeBEaGuqcQiykV6+9AQfHVgAA
4O7KbMDRvHlzzet57b1MRet6/kGDBknNmjVtHltLdHS0atulS5fsupOC3lktRu0ponUafb169aRK
lSqGzOMotWrVUm1LT0+X5ORkJ1ZjvZMnT2q2h4WFOakS53GXNevdlcnRl6jUrl3boeNby8vLS7P9
rrvuclIlltELOBRFsWt8jq0AAMDdldmAo1y5crqXqdh6Sce5c+dk2bJlqu2PPPKITeNaomfPnprt
K1eutGnc/Px8zbunNGvWzLDN+tLT01XbTp48KR4eHqX6S+9T0OzsbENeJ0fJyMjQbC9tbwqN4C5r
1qtTb5328vHxcej4RvP29nZ1CU7FsRUAALi7MhtwiFh2mYotm7qtXbtWtc3Hx0e6du1q9ZiWCg0N
1VzX/PnzNe/soiY2NlbzU+7hw4cbdmq6o9+EuZo9lwk5Q1pamma72d7EWsJd1qxXp6P/b1WqVMmh
4xutrAUcHFsBAIC7K9MBR9OmTaVJkyaq7ZcuXZJt27ZZPe6CBQtU26Kjo3U3krPX0KFDVdsyMzNl
y5YtVo+pd/cUI295q/dm0+xK+x/hly5d0mw3y5t9a7jLmvUCBkf/3ypN+29Ywmz12otjKwAAcHdl
OuCw5DKVVatWWTVmYmKibNiwQbV9wIABVo1nix49emi2r1ixwqrxrl69Kt99951q+3333acZFFnr
2rVrho1VGtmzea0zaL3+Xl5eUr58eSdW4xzusma9PSfs3aQS5saxFQAAuLsyHXCI6J95MH/+fKs+
FdK6PCUgIEA6duxo8Vi2Cg4OlkGDBqm2z58/36pTlXft2iV//PGHavuIESMM/SS0evXqho1VGpWm
21KWROv1z8/Pl7y8PCdW4xzusma9S+rc/f8WtLn7v39pP7YCAADHK/MBx7333ivNmjVTbbf2MhWt
jThHjhwplStXtqo+W2ltZJqTkyObN2+2eCxn3T3lJnf/I7y071Og9/rbsi9Naecua9ar09/f30mV
oDTi2AoAANxdmQ84PDw8NG+tKmL53VQOHz4sO3fuVG3v16+fVbXZo1u3bpob6Gnd5eVWeXl5Mnfu
XNX2Vq1aad5u1xZae5TUr19fFEUx9Vfr1q0Nfb2MprdHjC2b1JZ27rJmvTodvf8PSjeOrQAAwN2V
+YBDxLLLVCy5/ZzWmQ61a9eWdu3aWV2brWrUqCGDBw9WbV+8eLHuxooiIjt27JDz58+rtkdHRxu+
UV9wcLBq2/Hjx7nO2sH0bjV66tQp5xTiRFq/cyKieQeh0kSvzpo1azqpEpRGHFsBAIC7I+AQkcaN
G0vLli1V29PT03UvU1EURfPylFGjRknFihVtrtEWAwcOVG3Ly8uTn376SXcMvU1We/bsaXVdeqKi
ojTbtfYDgf30zsg5duyYkypxHr3fuYSEBCdVYh+9fxu9dcK9cWwFAADujoBDblymMnz4cM0+epep
7Nu3T/bv36/a3rdvX5tqs0fnzp3F19dXtX3p0qWaz8/NzdW8POWBBx5wyBumiIgIzfbDhw8bPif+
pPf6//77706qxHn01nzgwAEnVWIfvTr11gn3xrEVAAC4OwKO/6d3mcq8efM0L1PROtMhPDxcWrVq
ZXNttvLz89PcX2Tp0qVy8eJF1fbt27dLSkqKarteKGSrBg0aaLbv3r3bIfPihvr162u2L1++XAoK
CpxUjXPo/c4tW7as1N9iNS8vT3dvnXvuucdJ1aA04tgKAADcHQHH/4uKitLcoCwzM1O2bt1aYltB
QYF89913qs8dOXKkeHp62l2jLfr376/alp+fLxs3blRt1ztrxRGXp4jcuJ2u1n4lixYtkuvXrztk
btzYv6VNmzaq7WfOnJG4uDgnVuR4er9z58+fl7179zqxIuv9+uuvmvvqdO7cWfz8/JxYEUobjq0A
AMDdEXD8P0suU1m5cmWJP4+NjZXjx4+rPq9Pnz521WaPjh07SkBAgGr7kiVLSvz5lStXZN68earP
e/DBBx16uvuQIUNU244fPy6xsbEOmxvar7+IyJo1a5xUifPorVlvPxpX07ud86BBg5xUCUozjq0A
AMCdEXDcQu+MhAULFpR4G0atMx2aNWsmzZo1s7s2W/n4+Mijjz6q2r5s2bIS75KydetWzU+Dhw4d
akh9arp3767Z/u233zp0/rKuR48emu0zZsyQ9PR0J1XjHHq/czNmzNC8ZMuVUlJSZObMmZp9unXr
5qRqUJpxbAUAAO6MgOMWkZGRmqfvZmZmys8//1zsZ1evXtXciHPkyJGG30bVWv369dNs37Bhwx0/
07s8RW/PEntFRkZqXjI0a9YsOXLkiENrKMuioqKkRYsWqu2XLl3SvGuQGen9zmVlZWn+X3elefPm
lRi+3tSmTRsJDw93YkUorTi2AgAAd0bAcZthw4Zptt9+mcr27dslKSlJtX/v3r0Nqcsebdu2ldq1
a6u2L168uNjj7OxszctTOnXqpLsRpb08PDxk/Pjxmn3effddURTFoXWUVZa8/h988IEkJyc7qSLH
s2TNU6dOlXPnzjmpIsskJyfL1KlTNfvorQtlB8dWAADgzgg4bqN3av6CBQvk8uXLRY9XrFih2rdd
u3bSsGFDw2qzVcWKFWXUqFGq7atWrZKzZ88WPd6yZYtkZmaq9tfbq8AoAwcO1LwN7bx583RvdQvb
DRo0SDPISkpKkjfffNOJFTme3u9ccnKyvPHGG06sSN+UKVNKvMzspoiICHn44YedWBFKO46tAADA
XRFw3CY8PFzat2+v2p6VlVV0mUp2drbmKetat2h1Nr2NTtetW1f0vdpmqjfphUBG8fb2lokTJ2r2
GTdunOYGr7Cdj4+PvPLKK5p9vvrqK93fF2dZs2aNHDt2zK4xLPmdmz17tixfvtyueYyydu1a+eKL
LzT7TJw4Uby9vZ1UEcyAYysAAHBXBBwlsPQylS1btmhutFgaLk+56f7779f8NH7RokUicmOfkQUL
Fqj269Kli4SFhRlen5ohQ4ZIy5YtVduTk5Nl2LBhkpqa6rSatFy9elW2bdvm6jIMM3z4cGncuLFm
n1GjRsm+ffucVFHJDhw4IIMHD5YWLVrIrFmzpKCgwOax9H7nRERGjx7t8jUfPnxY88wskRubHDvr
jCuYC8dWAADgjgg4SqB3hsLChQslMzNT81PcHj16SL169YwuzWaenp6ad1PZsGGDnDx5UrZs2aK5
WaGj755yu0qVKuneHWLv3r3yyCOPyMWLF51UVcmuXr0qTz/9tHTt2rXEjVvNqEqVKjJ9+nTNPpmZ
mTJ48GCXfdqblJQko0aNkpycHMnKypKnnnpKHnnkETl58qRN41WqVElmzJih2SczM1OGDBli8xz2
OnfunERHR+ve1eXzzz+XypUrO6kqmAnHVgAA4I4IOEpQv3596dy5s2p7VlaWfP/99zJ//nzVPnpn
gbjCX/7yF832devW6Z5676zLU27VqlUrefvttzX7bN26Vfr06eOyN9kpKSkSHR0t//vf/yQ/P18G
Dx4se/bscUktRuvUqZO8/PLLmn0SExOla9eu8uuvvzqpqhvOnTsn/fv3l/379xf7+cqVK6VFixYy
Z84cKSwstHrc1q1by5QpUzT7HD9+XLp3737H3I4WHx9v0byTJk2Stm3bOqkqmBHH1hvS0tJk7dq1
MmfOHFm6dKmhazXr2AAAmJaCEn3xxReKiKh++fv7a7YnJSW5egl3uH79utKkSRPVmlu0aKH4+Pio
tvfo0cNltV+5ckXp0qWL5msuIkpgYKCyYsUKp9a2c+dOJSoq6o5aQkJClPj4eEPnSklJ0Vz/2LFj
DZ3vpoyMDKVly5a6r7+vr68yf/58pbCw0CF13OrXX39VGjZsqFvT7t27bRo/Oztb6dSpk+74AQEB
TvudW79+vRISEqJb0wMPPKBkZmYaPr+rfv9sdejQIc1633vvPVeXWMyCBQs0612zZo3hc5blY2t+
fr7y6aefKn5+fnfMMXLkSOXcuXNlbmwAAMyOgEPFiRMndP/gU/saOHCgq8tXNXXqVJvXNWvWLJfW
fuHCBaVp06YW1Tp69Gjl1KlTDq0nJSVFeemllzTraNy4saFhlyvfYJ44cUKpV6+eRa//kCFDHPb6
5+TkKNOnT1e8vb1163jrrbfsmispKUlp3LixRWt+8sknlQsXLhi0yuLS0tKU559/3qI6wsLCHPba
E3A4lisCDkUpm8fWwsJC5e9//7vmHFFRUcrZs2fLzNgAALgDAg4N3bt3tzoEEBFl/vz5ri5d1cGD
B21ak4gop0+fdnX5yrFjx5Q6depYVK+3t7fy+uuvK8eOHTO0hj/++EN55513dM/iufk1d+5cw+Z2
9RvMuLg4i9ft4+OjvPbaa8rJkycNmTsvL09ZtmyZxW/EunTpouTm5to975EjR5Tg4GCL5gwICFA+
+OADJTk52YAV3wg2pk2bptSuXdui+f39/ZV9+/YZMndJXP37Zy0CDsuVtWPrkiVLLJqjf//+Vp+R
ZtaxAQBwBwQcGr766iuL/pC4/Q+/lJQUV5euqrCwUGndurXV6+rVq5erSy9y8OBBJSIiwqr6BwwY
oMydO9fmTx7Pnj2rLFmyRBk6dKhV83700UeGrr00vMHctm2bEhQUZPFr4OXlpYwaNUpZvHixcvHi
Ravmys/PV+Li4pSpU6dafPaIiCitWrUy9GyKvXv3KqGhoRbP7+fnp4wfP15Zu3atkpWVZdVcOTk5
yk8//aS89NJLSmBgoMVzBgcHK9u3bzdszSUpDb9/1iDgsE5ZOrZ26NDB4rn27t1bJsYGAMAdeApU
2bKh5uDBg6VGjRoOqMYYHh4eMmLECImNjbXqeaXpVpONGzeWTZs2yaOPPiqbNm2y6DnLli2TZcuW
iYhIeHi4dOjQQSIiIqRWrVoSGBgo3t7e4uXlJQUFBZKbmyuZmZly+vRpOXHihGzbtk0OHjxodZ3T
pk2T5557zurnlXYPPvigbNmyRYYMGWLR65Kfny9z5syROXPmiIhImzZtpFWrVtKoUSMJDAyUKlWq
SOXKlaWwsFBycnIkMzNTTpw4IUeOHJGNGzdKUlKSVfU1bdpUli1bJkFBQTatryTNmzeXzZs3y7Bh
wyz6v5OZmSmfffaZfPbZZ+Lj4yPt27eX5s2bS2RkpFSrVk2qVKkiPj4+kpeXJ1lZWZKZmSnx8fHy
22+/ybZt2yQzM9Oq+po0aSKLFy+WiIgIW5cIlJlja0ZGhmzdutXi/nFxcdK8eXO3HhtHXpiJAAAg
AElEQVQAAHdBwKGhbt260qtXL1m7dq3Fz3nkkUccWJExevXqZfVzunfv7oBKbFerVi1ZsWKFvPTS
S/Lll19a9dyEhARJSEhwUGUigYGBMmfOHJteZ7OIjIyUDRs2yJgxY+SHH36w6rk7d+6UnTt3OqSu
Pn36yJdffim1atUyfOzQ0FBZs2aN/O1vf5NFixZZ/LycnBxZt26drFu3zvCaREQeeughmT17tqGB
DsqusnBszc7Otqp/RkaG248NAIC74DaxOgYPHmxxX19fX83by5YWDRo0sKrOPn36SEhIiAMrsk2V
KlXkiy++kDVr1pSaT6779esnO3bscOtw46agoCBZunSpzJ49WwICAlxdjrzxxhuyZMkSh4QbN1Wv
Xl3mz58vMTExLg8U/P39ZdasWbJixQqX1wL34u7HVj8/P6v6W3NWplnHBgDAXRBw6LDmzIURI0ZI
1apVHViNcYYPH25xX2tCHlfo3bu3xMbGyuuvvy7e3t4uqaFOnToyb948WbZsmdSvX98lNbiCp6en
/PWvf5V9+/bJY4895pIaOnfuLL/88ou8/fbbUrFiRYfPV65cOYmOjpa4uDh54oknHD5fSYYNGyZx
cXHy5JNPiqcnJ+LBMdz12Orr62tVUNKqVSu3HxsAAHdBwKHj7rvvlj59+ljU9+GHH3ZwNcbp2bOn
xX27devmwEqM4efnJ++++64cP35c3n33XQkMDHTKvFFRUfLNN9/IoUOHZPjw4VKuXNn8L3X33XfL
t99+KwcOHJBx48aJl5eXw+ds2bKlLFy4UNavXy9t27Z1+Hy3q1Wrlnz99dfy+++/y9ixY50y52OP
PSZ79uyR+fPnS2hoqFPmRNnmrsfW8ePHW9QvOjpaGjVqVCbGBgDAHZTNd2NWGjRokG6fwMBA6dDh
/9i77/goqsX//+8QEBIgoYUOktCkCqJSjSBNerkgKEiJgB9FEVAQFcvl6uOCSBMQrkgRQQVB6Qqh
RBSlhiIGIYD0lpAQAiEFmN8f+WW+iaTsht3sTvJ6Ph4+3CVzzpw5O2XnvTNnAnOgNY5RuXJldezY
McvpunXr5tRL/h2tQoUKeuedd3T06FF9+eWX6t27t8NPtn19ffXSSy9p48aN2r9/v4KCglSkSBGH
zsOq6tWrp1mzZunYsWOaOnWqmjdv7tD6vb29NXToUP3yyy/atWuXnnnmGZdfwVCnTh3Nnj1bJ06c
0OTJkx3+q+nDDz+sjz76SGFhYVq0aJEaNWrk0PoBW+S2fWuHDh00duzYTKdp0KCBpk2blmfqBgAg
N+DaZhvYcpvK888/Ly8vrxxojeP06dNHGzZsyHQaKwyamp7ixYtrwIABGjBggKKjo80T4gMHDmjX
rl26evWqzXX5+vrqySefVIsWLfTYY4/pkUcescytSK5SpUoVjRo1SqNGjdKJEyf0888/a9++fdqz
Z4/27Nljcz2+vr569NFHFRgYqMDAQD366KNuGyYFBATojTfe0BtvvKG//vpLISEhCg0N1c6dO+16
UkTNmjXVpEkTNWrUSC1btlTdunXl4eHhxJYDtstN+9b//ve/qly5st59911FR0en+dugQYP08ccf
Z/uKFavWDQCA1XkYhmG4uhFATrpz547OnTunS5cu6caNG7p586Zu3Lih+Ph4FSpUSF5eXvLy8lLp
0qVVoUIF+fn55dlbT5zh5s2bOnXqlKKiosz+v3nzpjw8PFS4cGEVLlxYPj4+qlSpksqXLy9PT09X
N/m+RUdH69SpU7p+/bpu3Lih2NhY3bp1S15eXipSpIiKFCkiHx8fVa5cmYEBYVlW3bdGR0dr165d
unLligoXLqwGDRqoatWqebpuAACsioADAAAAAABYnut/OgEAAAAAALhPBBwAAAAAAMDyCDgAAAAA
AIDlEXAAAAAAAADLI+AAAAAAAACWR8ABAAAAAAAsj4ADAAAAAABYHgEHAAAAAACwPAIOAAAAAABg
eQQcAAAAAADA8gg4AAAAAACA5RFwAAAAAAAAyyPgAAAAAAAAlkfAAQAAAAAALI+AAwAAAAAAWB4B
BwAAAAAAsDwCDgAAAAAAYHkEHAAAAAAAwPIIOAAAAAAAgOURcAAAAAAAAMsj4AAAAAAAAJZHwAEA
AAAAACyPgAMAAAAAAFgeAQcAAAAAALA8Ag4AAAAAAGB5BBwAAAAAAMDyCDgAAAAAAIDlEXAAAAAA
AADLI+AAAAAAAACWR8ABAAAAAAAsj4ADAAAAAABYHgEHAAAAAACwPAIOAAAAAABgeQQcAAAAAADA
8gg4AAAAAACA5RFwAAAAAAAAyyPgAAAAAAAAlkfAAQAAAAAALI+AAwAAAAAAWB4BBwAAAAAAsDwC
DgAAAAAAYHkEHAAAAAAAwPIIOAAAAAAAgOURcAAAAAAAAMsj4AAAAAAAAJZHwAEAAAAAACyPgAMA
AAAAAFgeAQcAAAAAALA8Ag4AAAAAAGB5BBwAAAAAAMDyCDgAAAAAAIDlEXAAAAAAAADLI+AAAAAA
AACWR8ABAAAAAAAsj4ADAAAAAABYHgEHAAAAAACwvPyubgAAAICVRUVFaeXKlZKkNm3ayN/f38Ut
AgAgbyLgAAAAuA8//fSThg0bpkKFCuncuXOubg4AAHkWt6gAAADch++++06S1Lt3b5UsWdLFrQEA
IO8i4AAAAMimCxcuaNWqVZKknj17urg1AADkbQQcAAAA2bRx40ZJUtGiRdWqVSsXtwYAgLyNgCOb
Lly4oO7du8vf31+fffaZQ+tOSEjQ8uXL9fzzz6tmzZry8fFRnTp19PLLLyskJMSh84LzXbhwQR4e
HvLw8NB7772X6XTOWqdgHbauLwDrintYvny5JOnZZ5+Vr6+vi1uDvCQ37ANyahlyQ18BsI3lA44Z
M2aYO6ycPPmfMWOGVq9erVOnTmn48OEKDw93SL2XL19Wp06d1KdPHy1ZskTHjh1TbGyswsLCNGfO
HLVq1cr8MoXcxVnrFADAOU6fPq2ffvpJktS9e3cXtwYAAPAUlWzy8PBI8z5//vvvSsMwNHToUG3Z
skWSVKNGDfXr108VK1ZUZGSkfv/9d23ZskUtW7a873nB/ThjnQIAOE9KuFGyZEkFBga6uDUAAIAz
qGwaMWKE/vrrLx08eFBvvfWWQ555v2PHDq1du1aS1K1bNy1ZskRFihRJM83JkydVunTp+54X3I8z
1imktW3bNh0/flyS1L9/f3l5ebm4RQByijO2/2+//VaS1K9fPxUuXPi+6wMAAPeHgCObypcvb46a
7ii7du0yX7///vv3hBuSFBAQ4NB5wn04Y51CWuvWrdPUqVMlSb169SLgAPIQR2//4eHh5q2xXbt2
vd/mAQAAB7D8GBy5SUREhPm6WrVqLmwJAADITMrtKeXKlVPz5s1d3BoAACARcLiVpKQk87W3t7cL
WwIAADJiGIa+/vprScm3uxQqVMjFLQIAABIBBwAAgF3CwsK0c+dOSVKXLl1c3BoAAJAiTwYcYWFh
mjx5snr37q3atWurWLFiqlixoh5//HENHTpUc+bMUVhYWKZ1OOJ52lu2bDHr8PDwMO8NlpKfoJH6
byn/pTxhJT2JiYnatGmTxo4dqyeffFIVK1aUj4+PateurX79+mnu3Lk6ffq0ze1LvYxz5841/z0h
IUFr1qzRiBEj1LRpU5UtW1bHjh2zqWxiYqJ+/PFHvfbaa2rSpIlKlSqlEiVK6PHHH9drr72m4OBg
3blzJ8M2HTp0SBMnTlSXLl3k7+8vHx8f1alTR71799asWbN04cIFm5cvJCTEbOOyZctsLpdi5cqV
Nn0utrJ1nbqfz8UeOdU/GS3P3bt3tX37dr3zzjt66qmnVLFiRRUrVkwNGjRQ//79NX/+fEVFRWXa
hsy2sRIlSti1jbnb+vJPd+7c0fjx48159O/fX7du3cpWXVbYfv8pOjpaX3/9tV544QXVr19fxYoV
U/ny5dWqVSu9/fbb2r59u+7evZur+yC1EydOaNq0aerWrZs5n2rVqqlnz56aMmVKlse41Fyx7h88
eFBz585V//791bRpU1WsWFGlS5dWw4YN9cILL2jhwoU5uv3/04YNGyRJVapUUZMmTdL8zYrrTk5t
P47Yr2fEEeuMLcvgzp9jao7cB6Tm6H7OiGEYCg0N1YQJE9SlSxfVqVNHJUqUcMi6Yg97jq05tQ46
czvKTE4fCxxxvvZPObWvc/R3ctjJsLjp06cbkgxJxrZt2zKdNjIy0njxxRfN6bP6LzAw0Ni0aZNx
9+7de+o6f/68Od27776brbZv3rzZ5rak/Ld58+Z061qzZo1Rr169LMsXKFDAGDVqlBEREZFl+1Iv
45w5cwzDMIzffvst3fn89ddfWZb9888/jaZNm2bZxqeeesoIDw9PU19kZKQRFBSUZVlvb29j+vTp
xp07d7Jcvm3btpnlvv322yyn/6cVK1Zk+bn8sy8yW1eyM529n4s9XNE/Kctz8uRJo0OHDll+3n5+
fsaXX36Z7jZqGI7dxtxtfUktMTHRGDFihFnu+eefN27dumV3G9Nrg7tuvymSkpKMzz77zPDz88uy
/pYtWxr79u3LNX2Q3rpy69Yt44MPPrBpXR8wYIBx5syZLOeTU+u+YRjGhg0bjHbt2tnU/uLFi+fY
9p/a3bt3jQYNGhiSjPHjx9/zdyusOylycvtx1H79nxy5zmS1DO72OebUPiCn+jllGY4fP2506dLF
oeuKM4+tObkOOms7skVOHQsceb6WIif3dc74Tg775JmnqERHR6tLly76/fffJSU/s75Xr16qU6eO
fH19lZiYqKioKO3fv1/BwcG6evWqtm/frilTpqh169by8PBweJtq1KihpUuXmu+XLFmiH3/8UZL0
+eefp/vIuRo1aqR5n5CQoLfffjvNL1P+/v7q2bOnKleurMKFC+vChQs6cOCAvv/+eyUlJWnatGla
s2aNvvvuOzVs2NDm9m7dulWdOnVSfHy8SpYsqZ49e6pevXoqVqxYlo+u3bp1q7p3767Y2Fj5+fmp
R48eqlu3rnx9fXX9+nXt3btX3333neLi4rR161a1bdtWmzdvVtWqVXX48GE988wzOnLkiCSpadOm
at++vcqXLy9PT0+dO3dO69at0549exQXF6eRI0fqzJkzmjJlis3LZmX387m4o507d6pz5866evWq
vL291alTJzVu3FglS5ZUYmKiTp06pbVr1+rw4cOKiIjQwIEDdebMGY0fP/6euhyxjbm7+Ph4DR8+
XAsWLJAkDRw4UP/73/9UsGBBh83DXbffmJgYDRkyRCtWrDD/rVu3bmrevLn8/PyUmJioM2fOaMOG
Ddq/f79CQkLUpEkTffnll3r22WdzRR+kFh0drX/961/atm2bJKlq1arq0aOHKlWqpMKFC+v8+fPa
t2+f1qxZI0lavHixNm7cqOXLlyswMNCueTlabGysxo4dm+YXsAoVKqhLly6qVq2aSpUqpcTERJ09
e1Y//fST9uzZo+joaA0cOFCRkZEaPXr0PXU6a/s/cOCADhw4IEnq3LlzltO767qTk9uPI/frKZyx
zmTGXT/H1JyxD8jpft65c6eefvppxcTEOGxdyQ5bjq2u6BtHb0fuxhnnazn9XSE3fSe3LFcnLPfL
1is4xowZY0738ssvG1FRURlOe/36deObb74xatSoYezYsSPdaRxxBcc/jR492qwzs/aluHPnjjF8
+HCzTOXKlY1Vq1YZ8fHx6U5/4sQJ46WXXkqT7h4+fDjD+v+5jOXKlTMkGe+9916W7UtdduTIkUaF
ChUMScb7779vREdHp1vmzJkzRo8ePcxy7dq1MyIiIswUtG7duhl+xrdv3zaWLVtmFC1a1Cy/YsWK
TNvobr/IZ3c6ez4Xe7iif8aMGWP4+/sbkoxXX33VOH/+fLplEhMTjYULFxqFChUyy27YsCHLNtm7
jaXmbuuLYRhGbGys0adPH3P6oKCgDLd/e1hh+42Pjzd69uxpTv/cc8/d84tpijt37hibNm0yatWq
ZU6/du1ay/dB6jaOGzfOXBf8/f2N1atXZ7guHD16NM0vyUWLFjX27t2b4XxyYt2Pj483mjRpYkgy
unTpYgQHBxtJSUnpTnvnzh1j9erVRpkyZcx6d+/enWU77mf7T+3DDz80JBk1a9Y0bt++fc/frbDu
5OT246z9urPXGSt8jjmxD8jJfu7du7dRuXJlp3wHcMaxNSf7xtnfj2yRE8cCR5+v5eS+zpnfyWGf
PBFwxMbGmgeMFi1aGImJiTbVfePGjQz/5g4Bx5dffmlO36JFC5suM7x7967x2WefmeUeffRR4+bN
m+lOm3oZvb29DUnG559/btOypC6b8t/8+fOzLBcXF2e0atXKLPPwww+b/79w4UKW5detW2eWbdSo
UYYHGsNwvxPW7Exn7+diD1f0T8p/n3zyiU2XVa5atcos07Rp03RPNlLLTQFHdHS00blzZ3PaIUOG
OCTc+Gcb3HX7nTZtWpp+suVy7oiICKNFixaGJKNMmTKZtskKfZC6jSnHuMDAQOPcuXNZzufu3bvG
p59+mqadsbGx6U6bU+v+b7/9ZixYsMDmS6qDg4PNegcMGJDl9I4IOG7fvm3UrFnTkGR8+OGH6U5j
hXXHFduPM/brzlxnrPA55tQ+IKf72RnrirOOrbmhb2zl7GOBM87XcnJf58zv5LBPngg4/vrrL3Oa
SZMmOWS+rg44oqKizBS4ePHixrFjx+yaV+p7ClPuGfunf+5Y+/fvb/MO/J9lX3jhBZvb9vvvv9+z
Q9+5c6fN5VOn7q7+VdIwnBtw2Pu52MNVAUffvn3tuoe8b9++ZtnQ0NBMp80tAcfly5fTfIEeNmyY
kZCQYHebbGmDO26/ly5dMr8E9erVy64vbmfOnDFKlixpSMm/eGbE3fsgvTaWLFnSOH78uM3zMQwj
zVWAs2bNSneanByDw14dO3Y0T+7i4uIyndYRAcfOnTuz3N+4+7rjiu3Hmft1e9m6zrj755heG521
D8iO7Pazs9YVdzi2pnC3vrGVs48Fjj5fc8W+zlnfyWGfPPcUlWvXrrm6CQ6xcuVKXb58WZI0YcIE
Va9e3a7yH3zwgYoXLy5JmjJlim7fvp1lmREjRmR7LJIRI0bYPG3jxo1Vu3Zt8323bt3UuHFjm8v3
7dvXfJ1yn3Rudj+fizt6/fXXlS+f7bumfv36ma/37dvnjCa5lfPnz6tr167mPdb/93//p1mzZumB
Bx5w2jzdbftdsWKFYmNjJUnvv/++PD09ba6/UqVKeueddyRJs2fPVnR0tE3l3K0P0vPhhx+qatWq
Nk+fUiblWDBt2jSbjgXupF27dpKS74X/+++/nT6/9evXS5IaNGigBg0a2FTG3dYdV2w/7rRfz+46
426fY3rcaR+Q3X521bqSk8dWq/WNKzjifM1V3xVy03dyq8oTAUflypXl6+srSVqwYIFOnjzp4hbd
vx9++MF83bNnT7vLFy9eXAMGDJAkHT9+PMsDaOXKlfXoo4/aPR8pedC2evXq2Ty9h4dHmsGuunTp
Ytf86tSpY74+e/asXWWt5n4+F3dUtWpVNWrUyK4ydevWNV+fOnXKwS1yLydPnlSHDh20a9cuSdLw
4cP16aefqkCBAk6bpztuvykD5D3xxBNpPn9bpbQpNjZWv/32W5bTu2Mf/FOBAgXUvXt3u+YjScWK
FVNQUJCk5MdKHjx40O46XKlMmTLm65iYGKfOKykpSUuWLJEkPffcczZ9iXXHdSentx93269nZ51x
x8/xn9xtH5CdfnbVupLTx1Yr9U1OcvT5Wk7v63Lbd3IryxMBh5eXl9544w1J0uXLlxUYGKh58+Y5
7FnjOS0hIUFbt26VJLVt21bly5fPVj1t27Y1X//555+ZThsYGJjtRLJFixZ2l0090nDqX0FskfJL
hCSbE1erup/PxR098cQTdi9PiRIlzNe5+fMOCwtT+/bt9ccff0iSevfurenTpzs13JDcb/uNj483
f2Fr3ry5XXWnCAgIkJ+fnyTp8OHDWU7vbn2QnjZt2qhs2bJ2zSdFyq+JUvJ6ZiWp1/9bt245dV67
du0yf23t2LGjTWXcbd1xxfbjbvv17Kwz7vY5psfd9gHZ6WdXrCuuOLZapW9ymiPP11yxr8tt38mt
LM88JvaNN97QpUuXNHv2bJ0/f17Dhg2TJDVs2FDNmzdX/fr1Va9ePdWuXVs+Pj4ubm3mIiIiFB8f
Lyn5kbDZlfpAeP78+UynTZ0226tUqVJ2l0n9+L6UNNdWhQoVMl+n9FNudT+fiztKOZDYIy983qGh
oeratWua7TQkJESnTp1StWrVnDpvd9t+IyMjlZSUJEmaOHGiJk6caHf7Ujtz5kyW07hbH6THUccC
dwj+jxw5ovXr12vv3r36888/dfHiRV29ejXLcoZhOLVda9eulSQ1adLE5hNWd1t3XLH95MR+3dnr
jLt9junJiX2As/s5p78DOPLYmtv6xlUcdb7min1dbvtObmV5JuAoVKiQZs6cqU6dOmnWrFnasGGD
JGn//v3av3+/OV2BAgXUoUMH9ejRQ7169VKRIkVc1eQMpd5JZWeHl6JYsWLm65s3b2Y6rbe3d7bn
k/qZ4dnhzLEFrO5+Phd3lPpgjGS//vqrunfvbn5RCgwM1Pbt2xUREaFBgwbpp59+cup+yt22X0d/
SUu5Pzcz7tYH6cnOCViK1L8WZ3UscKZbt27pvffe0yeffOKyNmQkISFBS5culWT77SmS+607rth+
nLlfz6l1xt0+x/Q4cx+QU/2ck98BHHVszY1940qOOl9zxb4ut30nt7I8E3BIyfdEdujQQR06dFBk
ZKT279+vAwcOaN++fdq+fbsuXryopKQkrVmzRmvWrNHEiRO1fPly1a9f39VNT8PLy8t8HRERke16
Ug/gk/qXBtjG2ZdDWx39k1Z2+mPbtm2aPn26eWD9/PPPNXDgQPXt21c//PCDduzYoTFjxuizzz7L
M5dFpt7/9e7dO1v3nKeW3Vv83E1kZGS2y6a+dNkZYZkt675hGHr11Vc1f/58Sclfcrt166ZGjRrJ
z88vwxPE3bt3a8aMGQ5tb3p27Nhh/sr79NNPO31+zpKbth93X2dymrP2Abmxnx11bM2NfeNMtn4P
csT5Wm7a18F+eSrgSK1UqVJq27atOQ6FYRg6efKkdu7cqS+++EIhISE6evSo2rVrpz179qhSpUou
bvH/4+fnJ29vb8XFxd3XqPGXLl0yX1esWNERTbOU1L/IZCfptcL9jPeD/knLFf3x66+/Skr+0rRk
yRL961//kiT973//09GjRxUWFqa5c+fqkUce0dChQ+2u34pS7/98fX313HPPubpJbsFRx4L0vsTl
xLq/bds28yShVatWWrBggapUqZJluYIFC+bIiULKYHWtWrWy+6ll7iQ3bT/uvs7kNGftA3JjPzvq
2Job+yYzrvgelN3ztdy0r4P98sQgo7bw8PBQ1apV1a9fPwUHB+vtt9+WlDzIzddff+3i1qX1wAMP
qE2bNpKk4ODgbN8zHRwcbL7OzujCVle0aFHz9ZUrV+wuHxoa6sjmuB36Jy1X9Yevr6/WrVtnfgGT
kg/cS5cuNds0YsQIc/T33C71/u+nn35SQkKCi1vkHjZv3pzmJMUemzZtMl+nfnpDipxY91PGt5CS
f0215SQhp8TFxZlPT0n9+E4ryk3bjzuvM67grH1Abu1nRxxbc2vfZMQdvhfaer6Wm/Z1sB8BRzry
58+vsWPHmu/d8UQt9aVW33//vd3lr127psWLF0uSatasqYcffthhbbOKChUqmK937txpV9mYmBit
X7/e0U1yK/RPWq7ojwoVKig4OFitW7e+528NGjTQvHnzJCX/kjJgwIBsf7m1mpT937lz58z7c/O6
pKQkrVq1yu5y165d04IFCyQlPwozvVsyc2LdP3r0qCSpVq1adg3ulxO3wv3888/mffrt27d3+vyc
LbdsP+68zriCs/YBubGfHXVszY19kxl3+16Y1flabtnXwX4EHBnw8fExB4tx9sjs2dGzZ0+VK1dO
kvTee+/p+PHjdpV///33zUvFXn/9dXl6ejq8je6uePHiatmypaTkkMieZ4QvWrTovsY/sYLc2D+p
78m0ZXTz1FzRH0FBQXrssccy/HufPn3MXy+OHTum//u//1NiYqLd87Ga1Pu/cePG2d23d+/edUaz
XG78+PE6efKkXWXeffdd81gwatSodI8FObHupzw2MT4+3uZjblxcnKZMmWJzW7K7/afcntKhQwc9
+OCDNpdzV7ll+8mJdcZqnLEPyI397Khja27sm8y44/fCzM7Xcsu+DvbLEwHH7du3NXv2bN24ccPm
Mnv37lVcXJyk5Csc3I2vr685YnN0dLQGDx6ss2fPZlnOMAzNnTtXn376qaTkx93179/fqW11ZwMH
DjRfv/POO7p9+3aWZX799VeNGzfOmc1yG7mtf1LfW3zo0CG7y7tjf7z33nvq0qWLJGn16tX673//
67R5uQtfX1/zC+KxY8fUt29fmy+XjY+P1/Dhw/XNN984s4k5rnjx4rp69aoGDx6c5WO/peRjwcyZ
MzVr1ixJyY/gGzBgQIbTO3vdr1evnqTkcQRsud0qMTFR48eP14EDB2yqX8re9n/9+nVzXXnmmWds
npc7yy3bT06sM1birH1AXu1nW46tebFvnHkscPT5Wm7Z18F+eSLgWLZsmV555RU1btxYn3/+eZYJ
3qFDh8znLktKc3+eO3n22Wc1cuRISck7j8DAQK1ZsybD+8xOnjyp4cOH66WXXpIklStXTgsXLkzz
q1Ze06tXLzVo0ECS9PXXX2vIkCG6ePFiutPeunVL8+bNU/v27RUfH6/XX389J5vqErmtf5o2bWq+
njBhwj3LYhiG9u7dm2F5d+yPggULat68eeaB/YMPPjB/cc7N+vbtq9GjR0uStiCX3WUAACAASURB
VG7dqmbNmmnlypUZ7v8Mw9DPP/+s9u3ba+7cuQoKClJYWFhONtmp3n77bbVt21bbt2/XE088obVr
12bYF8eOHdOQIUM0YsQIScknRgsXLsz0EXfOXvd79uxpvh40aJD27NmT4bRHjhzR888/r2nTpqlF
ixZZ1p0iO9t/SEiIYmJiJEnt2rWzeV7uLjdsPzmxzliJs/YBebWfbTm25sW+ceaxwBnna7lhXwf7
5YmnqKR8YQkLC9OLL76oF198US1btlSLFi1UpkwZ+fr6KikpSRcvXtRvv/2W5j6tKVOmmBuyu/Hw
8NDHH3+sAgUKaPLkyTp16pS6deumqlWrqkePHqpcubIKFy6sCxcu6ODBg1qxYoVZtlq1alqxYoUe
eughFy6B6xUpUkRLlixR27ZtdfHiRX355Zf6/vvv9a9//UuNGjWSj4+Pbty4ofDwcK1atcq8HG/q
1Kl67LHHLHuZoa1yW/80bNhQvXv31nfffaeDBw+qUaNGCgoKUkBAgG7evKl169Zp27ZtOnbsWLqD
hblrf5QpU0ZLly5VYGCg4uLiFBQUpB07drjl1WeO4uHhoUmTJsnLy0sfffSRTpw4oV69eqlKlSrq
1KmTHnroIfn4+Cg2NlZnz57VmjVrdOTIEbP8v//9b9WqVcuFS+BYRYoU0YIFC9SjRw/t3btXXbt2
VbVq1dS9e3fzWHD+/Hnt27dPq1evNstVqFBBK1asyHIcJmev+4888oj+/e9/6/3339fRo0f1+OOP
q0OHDnryySdVtmxZJSYm6sKFC9q9e7d5jO7SpYtee+01cyC5rGRn+08Z46pHjx656jGBuWH7yYl1
xkqctQ/Iy/2c1bE1L/aNM48Fzjhfyw37OmSDYXHTp083JBmSjG3btqU7zd27d43169cbTz/9tDlt
Vv9VqVLF+PbbbzOc7/nz581p3333XYcsy+jRo806o6Ki7Cq7du1ao169elkuV4ECBYxRo0YZERER
WdZ5P8t4v/0zadIks3x4eLhdZWNjY82yw4YNs6nMyZMnbVo/KlSoYKxfv94wDMP45ZdfzH/fvHlz
hnXb2heOns6R3KF/MpKQkGCWDwoKynL6S5cuGa1atcp0OTLb9g3Dffvjq6++Mss2adLEiImJsau8
I9pgGDm//W7atMl47LHHbNq3N2nSxAgODs6yTiv0Qeo2zpkzxzAMw7h+/boxatQom/oiKCjIOHfu
nF1tc+a6f+fOHWPGjBlGoUKFsqz/rbfeMm7evGlz3Sns2f6joqLMtnz99dc295EV1p3U3HH7sXW/
7sx1xgqfY07tA9y5n21dV5x1bM0NfZMdzjgWOON8LTV33NfBOfLEFRweHh7q2LGjOnbsqLCwMO3a
tUu7du1SWFiYzp07p8uXL6t06dKqUqWKGjZsqCeffFJPPfVUmschubvOnTurbdu2CgkJ0ebNm7Vr
1y4dP35cN27cUPny5dWwYUMFBgaqQ4cOuf4xVtnh7++vDRs2aMeOHdq4caN27NihU6dOKTIyUuXL
l9ejjz6qdu3aqWvXripWrJirm5vjclP/lClTRuvXr9eKFSu0du1a7dmzR9HR0QoICFCrVq30zDPP
qHHjxpnW4a790b9/fx06dEiTJ0/Wzp079cYbb+h///ufPDw8cqwNrtC2bVu1atVKO3bs0JYtW7Rn
zx799ddfunr1qipVqqTKlSurcePGatWqlZo2baoHHnjA1U12mqJFi2rq1KkaMmSI1q1bp59//lmH
Dh1SVFSUypUrp3r16umJJ55Qx44ds3UFnzPX/Xz58mnEiBHq0aOHVq1apZCQEB0+fFgXL15UpUqV
VLVqVQUGBqpLly7ZvjrJnu1/y5Ytio+PV4ECBdS2bdtszc8KrLz95MQ6YzXO2Afk9X7O7NiaV/vG
GccCZ5+vWXlfB/t4GIYbPiIEAADAhZ599ll9++23eu6557R06VJXNwcAANggTwwyCgAAYKsrV65o
5cqVktIOJAgAANwbAQcAAEAqwcHBSkpKkre3t1q3bu3q5gAAABsRcAAAAKSS8tSxZ5991u3HFQIA
AP8PY3AAAAAAAADL4woOAAAAAABgeQQcAAAAAADA8gg4AAAAAACA5RFwAAAAAAAAyyPgAAAAAAAA
lkfAAQAAAAAALI+AAwAAAAAAWB4BBwAAAAAAsDwCDgAAAAAAYHkEHAAAAAAAwPIIOAAAAAAAgOUR
cAAAAAAAAMsj4AAAAAAAAJZHwAEAAAAAACyPgAMAAAAAAFgeAQcAAAAAALA8Ag4AAAAAAGB5BBwA
AAAAAMDyCDgAAAAAAIDlEXAAAAAAAADLI+AAAAAAAACWR8ABAAAAAAAsj4ADAAAAAABYHgEHAAAA
AACwPAIOAAAAAABgeQQcAAAAAADA8gg4AAAAAACA5RFwAAAAAAAAyyPgAAAAAAAAlkfAAQAAAAAA
LI+AAwAAAAAAWB4BBwAAAAAAsDwCDgAAAAAAYHkEHAAAAAAAwPIIOAAAAAAAgOURcAAAAAAAAMsj
4AAAAAAAAJZHwAEAAAAAACyPgAMAAAAAAFgeAQcAAAAAALA8Ag4AAAAAAGB5BBwAAAAAAMDyCDgA
AAAAAIDlEXAAAAAAAADLI+AAAAAAAACWR8ABAAAAAAAsj4ADAAAAAABYHgEHAAAAAACwPAIOAAAA
AABgeQQcAAAAAADA8gg4AAAAAACA5RFwAAAAAAAAyyPgAAAAAAAAlkfAAQAAAAAALI+AAwAAAAAA
WB4BBwAAAAAAsDwCDgAAAAAAYHkEHAAAAAAAwPIIOAAAAAAAgOURcAAAAAAAAMsj4AAAAAAAAJZH
wAEAAAAAACyPgAMAAAAAAFgeAQcAAAAAALA8Ag4AAAAAAGB5BBwAAAAAAMDyCDgAAAAAAIDlEXAA
AAAAAADLI+AAAAAAAACWR8ABAAAAAAAsj4ADAAAAAABYHgEHAAAAAACwPAIOAAAAAABgeQQcAAAA
AADA8gg4AAAAAACA5RFwAAAAAAAAyyPgAAAAAAAAlkfAAQAAAAAALI+AAwAAAAAAWB4BBwAAAAAA
sDwCDgAAAAAAYHkEHAAAAAAAwPIIOAAAAAAAgOURcAAAAAAAAMsj4AAAAAAAAJZHwAEAAAAAACyP
gAMAAAAAAFgeAQcAAAAAALA8Ag4AAAAAAGB5BBwAAAAAAMDyCDgAAAAAAIDlEXAAAAAAAADLI+AA
AAAAAACWR8ABAAAAAAAsj4ADAAAAAABYHgEHAAAAAACwPAIOAAAAAABgeQQcAAAAAADA8gg4AAAA
AACA5RFwAAAAAAAAyyPgAAAAAAAAlkfAAQAAAAAALI+AI4ctXrxYL774olauXJntOqZNm6YXX3xR
wcHBDmwZAAAAAADWRcDhIps2bVJoaKirmwEAAAAAQK5AwOFCX331lS5fvuzqZgAAAAAAYHkEHC4U
FxenRYsWKT4+3tVNAQAAAADA0gg4XKRo0aKSpJMnT+qHH36QYRgubhEAAAAAANZFwOEijRo1UuvW
rSVJISEh2rVrl4tbBAAAAACAdeV3dQPysm7duunMmTMKDw/X0qVLVbFiRVWsWNHh84mLi9Off/6p
EydO6PTp04qKilJSUpJKlCihqlWrql69eqpdu7by5cs673r11VeVmJiot99+Ww8++KBu376tY8eO
af/+/Tp37pwuX76sEiVKqFy5cnrkkUdUt25dFShQIE0dt2/f1tGjR3XgwAFduHBBFy9elLe3typU
qKA6dero0Ucflbe3t93Lefr0aR04cEDh4eG6dOmSJKls2bKqWbOmGjVqpPLly9tdJwAAAADAGnJN
wJGQkKATJ07owoULunr1qm7duuW02z4GDx7skHoKFiyogQMH6uOPP9b169e1aNEijR49Olsn9+lJ
TEzUli1btGnTJsXFxd3z95s3b+rs2bMKCQlR3bp1NXDgQPn4+Nhc/9WrV7VkyRKFhYWlW+/u3bsV
EBCgF154QaVKlZIkXbx4UV9++aX+/vvve8pERETowIED2rBhg4YMGaJq1arZ1I74+HitXLlS27dv
v+dvsbGxCg8P17p169ShQwd17txZ+fPf32q/cOHC+yoPAAAAAK7i4eEhLy8vlSxZUuXLl1fVqlVV
sGBBVzfLIXJFwLFv3z798ccflhzHws/PTwMHDtTMmTN19uxZLVu2TIMGDZKHh8d917106VLt3LlT
ktS4cWPVr19fFSpUUOHChXX37l1FR0fr0KFD2rhxow4fPqz58+frlVdeueeKi/Rcv35d8+fP1+XL
l9W6dWs1bNhQpUqVkqenp2JiYhQWFqYff/xRJ0+e1IwZM/TWW28pIiJCU6dOVXx8vJo0aaLGjRur
TJkyeuCBB3Tjxg2Fh4drw4YNio6O1syZM/Xmm29medVFbGys5s6dq+PHj8vb21tt27ZV7dq1VaxY
MUnStWvXdOTIEQUHB+vHH3/UxYsXFRQUlGs2YAAAAACwh2EYiouLU1xcnPnDdL169dSoUSNXN+2+
WTrguHbtmrZv366rV6+6uin3pW7duuratavWrFmjnTt3KiAgQE8++eR919u8eXNdu3ZNffr0STco
KFasmPz9/VWzZk19+umn+uuvvxQaGqrGjRtnWfeyZct08+ZNvf7666pRo0aav/n4+KhSpUqqXbu2
pkyZoitXrmjNmjU6duyY4uPjNWTIED322GNpyhQtWlTlypVTnTp1NGPGDF2+fFkrV67Uq6++mmEb
DMPQd999p+PHj99zpUjqZaxSpYoef/xxffHFF+YVIj169MhyGQEAAAAgtzMMQ4cOHdL58+cVGBho
/lhsRZYNOK5du6aNGzemufWidOnSqlatmsqVK6ciRYrYNKaEu2jfvr1Onz6tgwcPatmyZapUqZIC
AgLuq84aNWooICAgy1syHnroIbVq1UqbN2/W3r17bQo4IiIiNHTo0HvCjdQqVaqkHj166Ouvv9a2
bdskJY878s9wI7WSJUuqV69emj17tg4fPqyLFy+qXLly6U4bGhqqXbt2ydfXV8OGDVPx4sUzrffF
F1/UxIkT9dNPP6l+/fqqWrVqlsuZHkfdogQAAAAAOe3u3bu6ceOGLl68qOPHj+vKlSuSkocg2Lhx
o9q3b2/ZkMM6CcA/bN++PU240axZM3Xq1Ek1a9aUj4+PpcINScqfP7/69esnPz8/3blzR4sWLVJs
bKxD6rVF7dq1JUlHjhzR3bt3s5y+UqVKeuSRR7KcrmHDhuZrLy8vm65MqV27tvkY3XPnzmU43ebN
myVJnTt3zjTcSFGsWDF17dpVkvTzzz9nOT0AAAAA5Db58uWTj4+PatasqU6dOqlZs2bm3+Li4tId
29AqrJUC/P/27duX5raUdu3aqWbNmi5skWP4+vpq8ODB8vT01OXLl/XNN9/YFDY4at6SlJSUpPj4
+Cynf+SRR2wKkXx8fMwrMOrWravChQtnWSZ//vzmAKNRUVHpThMREaGTJ09Kkh5++OEs60xRv359
SclXf9iynAAAAACQm9WsWVPt2rUz31+9elX79u1zYYuyz3IBR0JCgv744w/zfbNmzVShQgUXtsix
qlatqt69e0tKDnJSrlJwBMMwlJSUZA4ok/q/xMREc7rbt29nWVfp0qVtnm/K1RX2PKY15Wkut27d
Svfvly9fliSVKlVKBQoUSHeZ0vsvX758KleunJKSksxLsQAAAAAgL6tQoUKaKzn++OMPJSQkuLBF
2WO5MThOnDhhPi2ldOnSueLKjX9q2bKlTp06pZ07d2rlypWqUqVKpmNdZCYxMVGhoaE6cOCAjh8/
7pDbXqTk201slXKbjD1lPD09JSnDK1hu3rwpSYqMjNSoUaNsrjc1R/UFAAAAAFhdzZo1zTE5DMPQ
iRMnzKEMrMJyV3BcuHDBfJ1yG0Nu4+HhoT59+qhSpUqSpEWLFunatWt213Pt2jVNnTpVCxcu1P79
+x16Qu+Ix9i62p07d1zdBAAAAABwG6nPsVOfe1uF5a7gSD32RkZP18gNvL29NWjQIE2ePFlXr17V
V199pZdeesnmQUMNw9DSpUv1999/q0SJEuratatq1KghX1/fdOu4ePGiPvjgAwcvhfMUKVJEUvIt
Kh999JGLWwMAAAAA1pf6HDv1ubdVWO4KjtRjMqSc5OZWFStWVL9+/SRJhw8f1o8//mhz2QsXLujQ
oUOSpJdeeklNmzZVyZIlbQ5I3F3ZsmUlJd+iEh0d7eLWAAAAAID1pT7Hzmg8RHdmuYAjZfwNSZZ7
FGx2PP7442rdurUkad26dTp8+LBN5SIjIyUlJ3CVK1fOcnpbBhZ1JyVLltRDDz0kSdqzZ4+LWwMA
AAAA1pf6HDv1ubdV5P6EIBfo1q2bqlevLkn68ssvbbpUKGWQzvj4eJseNbtly5b7a6QLpDzKaP36
9Tp37pxNZZKSkiwX5gAAAAAAskbAYQEFCxbUwIED5ePjo+vXrysiIiLLMimPZI2Ojs70GcZ3797V
unXr9PvvvzusvTmlTp06ateuneLj4/XZZ58pPDw80+mvXbumefPmafny5TaFPgAAAAAA68gdAzLk
AX5+fho4cKBmzpxp0/QlSpRQmzZttHnzZn3xxRc6fvy4HnvsMRUrVkwPPPCAbty4obNnz+qXX35R
eHi4evTooR9++MHJS+F4Xbp0UXR0tPbs2aNPPvlEjRs31qOPPqqyZcvKy8tLiYmJio6O1pEjR7Rl
yxbdunVLDz30kOLj4+Xt7e3q5gMAAAAAHISAw0Lq1q2rrl27as2aNTZN3717dyUkJOiXX35RSEiI
QkJC7pmmQIEC6tevnxo0aGDJgOOBBx5QUFCQ/P399cMPP2jXrl3atWtXhtO3bt1anTt3JtwAAAAA
gFyGgMNi2rdvr9OnT+vgwYNZTlugQAH1799fjRs31v79+3X8+HFFRETIy8tLpUuXVq1atdSwYUOV
Ll1a169fz4HWO0e+fPnUunVrNWrUSAcOHNCxY8d05swZxcTEqHjx4vLz81OtWrVUp06dXP1oYQAA
AADIyzwMiw2NunDhQvP14MGDXdgSAAAAAAByFyufczPIKAAAAAAAsDwCDgAAAAAAYHkEHAAAAAAA
wPIIOAAAAAAAgOURcAAAAAAAAMsj4AAAAAAAAJZHwAEAAAAAACyPgAMAAAAAAFgeAQcAAAAAALA8
Ag4AAAAAAGB5BBwAAAAAAMDyCDgAAAAAAIDlEXAAAAAAAADLI+AAAAAAAACWR8ABAAAAAAAsj4AD
AAAAAABYHgEHAAAAAACwPAIOAAAAAABgeQQcAAAAAADA8gg4AAAAAACA5RFwAAAAAAAAyyPgAAAA
AAAAlkfAAQAAAAAALI+AAwAAAAAAWB4BBwAAAAAAsDwCDgAAAAAAYHkEHAAAAAAAwPIIOAAAAAAA
gOURcAAAAAAAAMsj4AAAAAAAAJZHwAEAAAAAACyPgAMAAAAAAFgeAQcAAAAAALA8Ag4AAAAAAGB5
BBwAAAAAAMDyCDgAAAAAAIDlEXAAAAAAAADLI+AAAAAAAACWR8ABAAAAAAAsj4ADAAAAAABYHgEH
AAAAAACwPAIOAAAAAABgeQQcAAAAAADA8gg4kCd88sknCggIUEBAgFasWOG0+axYsUKtW7dW586d
tXnzZqe0LaeWBQAAAACsJL+rGwDkFuHh4Ro7dqz5/uWXX9Zvv/2mUqVKubBVAAAAAJA3EHC4QJ06
dXTr1i35+/tr9erVKlKkiFPnFxcXp+7du+v48eOSpJMnTzp1ftl1+fJl7d69WwcPHtTJkyd1+vRp
RUVFSZLKli0rPz8/1axZU7Vq1VLdunVVvXp1eXh4uLjVGfP09JSnp6ermwEAAAAAeQIBhwv9/fff
WrRokV555RWnzmfx4sVmuOGOwsPDNW/evExvt4iJidHRo0f166+/mv/WsGFD9ezZU926dXN6SGSL
6tWr6+OPP9acOXPk5eWl0aNHq3jx4q5uFgAAAADkCQQcLjZ79mx17NhRAQEBTqn/9OnTmjlzplPq
doRvvvlGEyZMUEJCQpp/9/f3V40aNVS0aFHly5dPkZGROnXqVJqrT/bv36/9+/fr888/13/+8x8F
BgbmdPPv0atXL/Xq1cvVzQAAAACAPIeAw8USEhI0efJkffbZZw6/3cIwDE2bNk23bt1yaL2Osnjx
Yn3wwQfm+5o1a+rFF19U8+bN5efnl26ZCxcu6I8//tD333+v4OBgSdLZs2d1586dnGgyAAAAAMBN
EXC4gY0bNyo4OFjt2rVzaL3bt2/XmjVrHFqnoxw9ejRNuPH8889r3Lhx8vLyyrRc+fLlVb58ebVv
317h4eGaMWOGDhw4oGbNmjm5xQAAAAAAd0bA4SYmTZqkpk2bqmjRog6p79atW/r4448dUpczLFmy
xHzdpk0bvffee3YPyFm9enXNnDlTJ06cUMGCBR3dRAAAAACAheRzdQPyuvbt20tKHnB04cKFDqv3
66+/1pEjRyRJffv2dVi9jnD79m2tW7fOfD9s2LBsP23Ew8ND1apVc1TTAAAAAAAWRcDhYiNGjFDZ
smUlSbNmzXLI007OnTun6dOnS5ICAgI0dOhQm8q9/fbbCggIUEBAQJorLLLrm2++MeubN2+e+e+R
kZGKiYkx31evXv2+5+Vs+/fvV5MmTczlmTJliu7evXvPdJ988ok5TWZPhQEAAAAAOBYBh4uVKFFC
48aNk5R8ZcPkyZNlGMZ91Tl9+nTdvHlTkjRu3Dibb3t57rnnzNfz58+/58km9khMTNT8+fMlSYUL
F1aPHj3Mv/1z+QoUKJDt+eSE7du3a8CAAbpy5Yok6Y033tDo0aOVLx+bDwAAAAC4C87Q3ECnTp3M
R5wGBwdr06ZN2a7rt99+0/fffy8p+faX1q1b21y2bt26atu2raTkx8tu2bIl2+3YunWr+UjXAQMG
qFSpUubffH19lT///xv+JTw8PNvzcba1a9dqyJAhZmA0fvx4vfzyyw5/4g0AAAAA4P4QcLgBT09P
vfnmm+b7iRMnKjY21u564uPjNXHiRElSwYIFNWbMGLtPxAcOHGi+XrBgQbq3YWTFMIw044k888wz
af7u7e2tVq1ame/nzp2rpKQku+fjbIsXL9Zrr72m27dvS5L+85//KCgoyMWtAgAAAACkh4DDTdSq
VUvDhw+XlHz1xIIFC+yuY/ny5Tp8+LAk6ZVXXlFAQIDddTRp0kSNGjWSJIWGhmrXrl1217F7927t
2bNHktSnTx89+OCD90wzYMAA8/XGjRv18ssv68KFC3bPyxnu3r2rGTNmpHmM7SeffKJ+/fq5rlEA
AAAAgEwRcLiRIUOGqFKlSpKk2bNn23XrxqVLlzRt2jRJyQOLDho0KFttyJcvn1544QXz/eLFi+2u
I/UApanH9UitefPm5tgjkrRlyxa1bt1aH330kUJDQ5WYmGj3fB0hKSlJH374oWbMmCFJyp8/v2bN
mqWePXu6pD0AAAAAANsQcLgRX19f81aVlAFHbb1F5NNPPzWfTDJu3DgVLlw42+146qmnzEevbty4
UWFhYTaXPXr0qNavXy9Jat26terVq5fhtMOGDdOMGTPk6+srSUpISND8+fPVq1cvNWvWTOPGjdPK
lSt19OhR3blzJ9vLY6u4uDi9+eabWrRokaTk23zmzJmjjh07On3eAAAAAID7Q8DhZp5++mk99dRT
kqTNmzfbNODo7t279e2330qSOnToYNfAoul54IEH0ow1kVK3LZYtW2a+Tj2eR0a6dOmi4OBgjRw5
UiVKlDD/PSoqSsuXL9eYMWPUoUMHNW3aVOPGjdPq1at18eJFm9tjq5iYGI0YMUKrVq2SlPzkl3nz
5t13XwIAAAAAcgYBh5vJly+f3nzzTfMpI5MmTdL169cznD4xMVGTJk2SlHzFwRtvvOGQJ3x06tRJ
pUuXlpQccJw/fz7LMpcuXdI333wjSWrYsKGaNm1q07xKlSqlESNG6Ndff9WSJUv00ksvmVeQpIiM
jNTy5cs1atQoNW/eXIMGDdLmzZsdcmXH5cuXNXToUG3dulVS8pU0CxYsUIsWLe67bgAAAABAziDg
cEPVq1dPM+Do/PnzM5x2xYoV2r9/vyRpxIgR8vf3d0gbihYtqsGDB0tKvl1mxYoVWZb5/vvvlZCQ
IEkKCgqSp6enXfMsVKiQmjVrpjFjxmjjxo0KCQnRzJkzFRQUdM9ybd++XcOGDVOfPn10/Phxu+aT
2unTpzVo0CDt3bvX/Le33npLjz32WLbrBAAAAADkPAIONxUUFGQ+fWTOnDk6duzYPdNcuXJFU6ZM
kSRVq1bNpltC7NGzZ095eXlJkhYtWmSO8ZGe2NhY88kv/v7+atOmzX3N28PDQ5UrV1anTp00fvx4
83adCRMmqHbt2uZ0oaGheu6559IEFLY6cuSInn/+eR09ejTNv8+ZM0eXL1++r/YDAAAAAHIWAYeb
Klq0qN566y1JyVdQfPzxx/cMODp79mxFR0dLkt588015e3s7tA1+fn7m41xjYmK0du3aDKddv369
oqKiJCWHMwULFnRoWzw8PFStWjX1799fq1ev1syZM80xOyIjIzVixAhduXLF5vr27t2r559/XufO
nZOUPLBq9erVJSVf1fHmm28qPj7eocsAAAAAAHAeAg431rZtW7Vv316StHXrVv3000/m30JDQ/XV
V19Jkjp27GgOTOpoffr0MV/Pnz8/3ZP+xMRE8+qNEiVKqEuXLk5pSwpPT0916tRJy5cvV9myZSUl
j/+RMkBoVjZv3qyBAweagUz37t316aefavr06ebTZ7Zv364pU6bIMAznLAQAAAAAwKEIONyYh4eH
xowZY14NMWnSJMXExOj27dtOGVg0PVWqVFHv3r0lJV/ZsGXLlnumCQkJMcfBGDx4sHx8fJzSln8K
CAjQSy+9ZL7fsWOHTeU2bdqkW7duSUp+0sukSZPk7e2tWrVqafLkyeZ0tVvYmQAAIABJREFU8+fP
18qVKx3baAAAAACAUxBwuLmAgACNGDFCknT27Fl98cUXWrVqlfbs2SNJeu2111SlShWntqFfv37m
64ULF6a5VcYwDC1atEhSctjSq1cvp7blnx5++GHz9YkTJ+wq++qrr2r8+PEqUKCA+W9PP/20Ro4c
ab5/9913zUFcAQAAAADui4DDAgYOHGg+NnX27Nn673//Kyn5aSspY2Q4U/369c1bYEJDQ7Vz507z
b3v27DHf9+vXT2XKlHF6e1LL7pUr7777rkaOHJnuk16GDx+uzp07S5ISEhI0evRoBh0FAAAAADdH
wGEB3t7e5oCjksyBRceNG+fwgUUzMmjQIPP14sWLzddLliwxX6ceryMriYmJDmlX6iegpH66SmZG
jhypwYMHZxiOeHp6asKECapTp46k5Ftzxo4dy6CjAAAAAODGCDgsomXLluZVBZLUqVMntWzZMsfm
37RpUzVs2FBS8hgWf/75p8LDw7Vu3TpJUteuXc2nkGQlJiZGvXv31r59++6rTbGxsebtMZJs7o/y
5ctnOU2xYsU0bdo0FS9eXJL0yy+/6JNPPmHQUQAAAABwUwQcFuHh4aHXX39dXl5eKliwoF5//XWn
DSyaHk9PTwUFBZnvv/32Wy1btsx8b8+tMt98843++OMP9e7dWxMmTNDp06ftbk90dLTGjBmjsLAw
ScmhRadOneyuJzPVqlXTlClTzPcLFixg0FEAAAAAcFMEHBby4IMPauvWrQoJCXH6wKLpadOmjfz9
/SVJy5Yt09KlSyVJLVq0MK/usEWRIkXM14sWLVKrVq30yiuvaMWKFQoPD9edO3fSLWcYhs6cOaOv
vvpKnTp10qZNm8y/TZw4Ub6+vtlZrEy1bNkyze1BDDoKAAAAAO4pv6sbAPvk9CCeqRUsWFAvvPCC
xo8fr9u3b+v27duSlOl4Funp37+/atWqpY8++kgHDhyQJG3YsEEbNmyQJJUoUUL+/v4qXbq0ihcv
rvj4eMXExOiPP/7QlStX0tRVunRpTZ48WS1atHDQUt4rKChIx44d08qVK5WQkKCRI0dq2bJlKlu2
rNPmCQAAAACwDwEH7NK5c2dNnTpVUVFRkpIH9gwMDLS7nkaNGum7777Ttm3btHLlSm3cuNH8W1RU
lFl/Rry8vDRo0CANHDhQpUuXtnv+9vD09NR7772nv//+W6GhoTp79qzGjh2rzz//XIUKFXLqvAEA
AAAAtiHggF18fHzUtm1bc/yNF154Id1HrdrC09NTbdq0UZs2bRQZGakDBw4oLCxM4eHh+vvvv3Xp
0iVdv35dPj4+8vPzU5UqVVSjRg3Vr19fjz/+uIoWLerIRctU0aJFNXXqVPXt21eXLl3Sr7/+qsmT
J2v8+PE5OhYKAADA/8fevUdVXef7H3+hoICIIgSCIRo3b0SKpuIltVGzvFXe0sbUaqhzlmemuTTn
ZzOt6pyZpjNNdmzMtCatc7KpUZvRzNTygkIXJUK8ISAyIAiCotwEA35/sPieTd7YG3Dzoedjrdb6
fjffz/fz3qWt9XnxuQAArs6lzrBjIdauXWtdL1682ImV/DAVFRVp/PjxKi8vV1BQkHbs2HHTjqoF
AAAAALQuk8fcbDIKu2zYsEHl5eWS6mdvEG4AAAAAANoCAg40WUFBgVavXi1J8vHx0cyZM51cEQAA
AAAA9Qg4YPn+CSW2ampq9Pvf/14XLlyQJD3xxBPy8fG5WaUBAAAAAHBdBByQJGVmZmrixIl69913
VVpa2uhn+fn5WrZsmbZs2SJJGjhwoBYsWOCMMgEAAAAAuCpOUYHq6ur0u9/9TqWlpXruuef00ksv
KTY2Vn5+fsrLy9PXX3+tqqoqSfVLU1555RX23gAAAAAAtCkEHJCLi4sWLlyoo0ePqrCwUJWVlfr8
88+veG7AgAF6+eWXFR4e7oQqAQAAAAC4NgIOSJLGjRunnTt36tNPP1VCQoKOHj2q/Px8+fn5KTo6
WnfffbcmTpwod3d3Z5cKAAAAAMAVCDhg6dq1q2bPnq3Zs2c7uxQAAAAAAOzCJqMAAAAAAMB4BBwA
AAAAAMB4BBwAAAAAAMB4BBwAAAAAAMB4BBwAAAAAAMB4BBwAAAAAAMB4BBwAAAAAAMB4BBwAAAAA
AMB4BBwAAAAAAMB4BBwAAAAAAMB4BBwAAAAAAMB4BBwAAAAAAMB4BBwAAAAAAMB4BBwAAAAAAMB4
BBwAAAAAAMB4BBwAAAAAAMB4BBwAAAAAAMB4BBwAAAAAAMB4BBwAAAAAAMB4BBwAAAAAAMB4BBwA
AAAAAMB4BBwAAAAAAMB4BBwAAAAAAMB4BBwAAAAAAMB4BBwAAAAAAMB4BBwAAAAAAMB4BBwAAAAA
AMB4BBwAAAAAAMB4BBwAAAAAAMB4BBwAAAAAAMB4BBwAAAAAAMB4BBwAAAAAAMB4BBwAAAAAAMB4
BBwAAAAAAMB4BBwAAAAAAMB4BBwAAAAAAMB4BBwAAAAAAMB4BBwAAAAAAMB4BBwAAAAAAMB4BBwA
AAAAAMB4xgUcLi4u1nVtba0TKwEAAAAAoP2wHWPbjr1NYVzA4eHhYV2XlZU5sRIAAAAAANoP2zG2
7djbFMYFHL6+vtZ1fn6+EysBAAAAAKD9sB1j2469TWFcwBEUFGRdZ2RkOLESAAAAAADaD9sxtu3Y
2xTGBRyhoaHWWqDCwkKlpaU5uSIAAAAAAMyWlpamwsJCSfX7b4SGhjq5IvsZF3B07txZUVFR1n1i
YqJOnz7txIoAAAAAADDX6dOnlZiYaN1HRUWpc+fOTqzIMcYFHJIUExPTaD3Qjh07mMkBAAAAAICd
0tLStGPHDuve19dXMTExTqzIcS51dXV1zi7CESUlJdq+fbsqKiqsz/z9/RUWFqbAwEB5eXmpQwcj
8xsAAAAAAFpFbW2tysrKlJ+fr4yMDGtZiiR5enpq8uTJ6t69uxMrdJyxAYdUH3LEx8eruLjY2aUA
AAAAAGAsX19fjR071thwQzI84GiQlJSk1NRUtYOvAgAAAADATePi4qKoqChjl6XYahcBhyRVVVUp
MzNTeXl5Ki4uVmVlJYEHAAAAAAA2XFxc5OHhIV9fXwUFBSk0NNTIDUWvpt0EHAAAAAAA4IeLXTgB
AAAAAIDxCDgAAAAAAIDxCDgAAAAAAIDxCDgAAAAAAIDxCDgAAAAAAIDxCDgAAAAAAIDxCDgAAAAA
AIDxCDgAAAAAAIDxCDgAAAAAAIDxCDgAAAAAAIDxCDgAAAAAAIDxCDgAAAAAAIDxCDgAAAAAAIDx
CDgAAAAAAIDxCDgAAAAAAIDxCDgAAAAAAIDxCDgAAAAAAIDxCDgAAAAAAIDxCDgAAAAAAIDxCDgA
AAAAAIDxCDgAAAAAAIDxCDgAAAAAAIDxCDgAAAAAAIDxCDgAAAAAAIDxCDgAAAAAAIDxCDgAAAAA
AIDxCDgAAAAAAIDxCDgAAAAAAIDxCDjQompra/Xhhx/q6aef1ubNm1VXV+e0WhITExUXF6eXX37Z
aTUAAAAAAG4OAo6b4OLFi4qLi1NcXJxSUlLsbn/48GGrfX5+vt3td+/erbi4OL3++ut2t7VXUVGR
Pv/8c124cEFbt25VWVlZq/cJAAAAAAABx03g7e2twYMHS6oPK+x16NAh6/ro0aN2tz948KAk6Y47
7rC7rb38/Pw0YcIEdevWTVOnTpWXl1er9wkAAAAAAAHHTdIQLhw8eFBVVVVNbldVVaUDBw5Y9w1h
RVMVFhYqIyNDktS/f3+72jqiQ4cOmjt3rv7rv/5L06ZNk4uLS6v36QwVFRXWrJqcnBxnlwMAAAAA
P3gEHDdJv379JNUPjDMzM5vcLj09XRUVFfL09JQknTx5UgUFBU1uf/z4cUnSgAED5OPjY0fFAAAA
AACYg4DjJunevbsGDRokyb5lKg3LUyZPnqyQkBBJ9i1TSUpKkiQNGTKkyW0AAAAAADANAcdN1LAP
x4EDB/Tdd9/d8Pmqqip9/fXXkqRBgwZp2LBhkv4vtLiR4uJiawZHwwwSAAAAAADaI1dnF/BD0rAH
xsWLF3Xy5ElFRERc9/n09HRVVlYqODhYvXr1UocOHbRhwwalp6ersLBQ/v7+123fEG6Eh4frlltu
ue6ztbW1Onr0qFJTU5WZmamioiK5u7urd+/e6t+/v2JiYuTt7d2k7/nuu+8qISFB06ZN09SpU5vU
5syZM/r222914sQJnT59WrW1terZs6d69+6tIUOGqG/fvurQoT6Pe+GFF3T69Gk99dRTdgc3JSUl
Sk1N1ZEjR1RQUKCSkhL16NFDt912m6KiojRo0CCrn+8rLCzUb3/72ys+/8///M8rPps3b57Gjx9v
V20AAAAAAMe1m4CjqqpKmZmZysvLU3FxsSorK1VXV9cqfS1evNihdr6+vurXr5+OHz+uI0eO3DDg
aDhSdtiwYXJxcVFgYKBCQkKUnZ2t48eP3zDg+OabbyRJMTEx132uqKhI69atU3p6eqPPKysrdf78
eaWkpOgf//iHFixYYM0iaSmXL1/W1q1btW3btit+dvHiRZ04cUKfffaZoqOjNX/+fHXv3t2hfurq
6vTVV1/pgw8+UEVFRaOfVVRUKDc3V/Hx8erfv78WLVrkcD/NtXbtWqf0CwAAAOCHwcXFRR4eHvL1
9VVQUJBCQ0PVuXNnZ5fVItpFwJGUlKTU1NRWCzRa0pAhQ3T8+HEdOHBAM2bMuOZsAdvTUwYOHCip
/g/isGHDlJ2drW+++UZjx469Zj8lJSXWXh/XOz3l1KlTWrVqlUpKShQYGKi7775boaGh8vLyUk1N
jQoKCpScnKw9e/borbfeUkFBQZNnZdxIRUWF1qxZo2PHjkmqD2KGDx+ugIAAeXp6qry8XPn5+dq/
f79SUlKUm5urX/ziFw71tXfvXr3//vvy8/PTjBkzFBYWJm9vb9XW1urcuXM6dOiQduzYoWPHjun1
11/XU089JQ8Pj0bv8PPz0/Lly63an3nmGUnSL3/5S/Xq1avRs25ubg7VCQAAAACtqa6uThUVFaqo
qFBOTo6+/vprRUVF3fAX4yYwOuAoKSlRfHy8iouLnV1KkzWEDcXFxTp16pRuu+22qz73/eUpDQYO
HKgNGzbo2LFjKi4ulq+v71XbNyxP6dOnjwICAq76THl5udatW6eSkhKNGjVKc+bMkbu7e6NnfHx8
1K9fP8XExGjNmjXasmWLgoODFR0dbfd3t1VXV2d9jy5duuiRRx654p3e3t4KDAzU4MGD9eWXX+q9
997TO++8o+rqarv6ys3NVXp6uoYMGaIf//jH1ok0Dbp3767bbrtN/fr104oVK5Sdna3du3fr3nvv
bfRchw4drmgrSe7u7lf9HAAAAADaurq6Oh06dEinT5/W2LFjnTabvSUYG3CUlJRo+/btjZYb+Pv7
KywsTIGBgfLy8rrm7Ahn8vf312233aaTJ0/q6NGj1ww4Gpan3HnnnXJxcbE+t12mcuzYMY0ePfqq
7b/99ltJ0tChQxu1t7V161bl5+dr0KBBmj9/vlxdr/3HISIiQo899piWL1+u9evXKywsTF26dGnS
d76a5ORkJSQkSJKWLFlinTBzNS4uLho5cqRcXV311ltv2d1XQ1C0cOHCK2Zl2OrXr5+mTZumv//9
7/rss880ceLEmz4Tw9HlTwAAAADQFLW1tSorK1N+fr4yMjJUWFgoqf6X8Nu3b9fkyZONDTnaXgLQ
RPHx8Y3CjdjYWN13332KjIyUt7d3mww3GgwdOlSSdPDgwasuq7na8pQGDctUpPqQ4GouXrxo/exa
y1MuXLigPXv2SJJmzJhx3XCjQb9+/TRq1CiVlJRY+3s4aufOnZKkMWPGXDfcsDV06FDr35297rnn
nuuGG7Z9SPWzW/Ly8hzqCwAAAADaqg4dOsjb21uRkZG67777FBsba/2soqJC8fHxTqyuedpuCnAd
SUlJjZalTJo0SZGRkU6syD4DBgyQJOXn5ys3N/eKnzcsTwkJCVFQUNAVP28IPQ4fPqySkpIrfp6W
liZJ6tWr1xV7Q9j2UVNTo759+6p3795Nrr0hAGiYIeKIoqIinTx5UpI0fPjwJrdrmMnhiKb++fDz
81O3bt0k6ar/bgEAAACgPYmMjNSkSZOs++LiYiUlJTmxIscZF3BUVVUpNTXVuo+Njb3mIL6t6tmz
p0JCQiRJR48eveLn3z895fsalqlIsjbotKe9VB+uSFJwcLC1wUxT/mkY/J84cUI1NTX2fnVJ9UfC
NujTp49dbfv27Wt3f7fccou6du3apGddXFzUo0cPSfVLWwAAAACgvevVq1ejmRypqamqqqpyYkWO
MW4PjszMTGtZh7+/v1EzNxq4uLho6NChys7O1oEDBzRp0iQriLje8hTb9nfeeaeys7OVnJzcaFZD
eXm5tXykYabI1ZSWlkqqX+rjyBSk6upqVVRUNDk4sFVeXi6p/thce/e48PT0lLu7uy5dutTkNt7e
3nb10bBcp7a21q52AAAAAGCqyMhIa0+Ouro6ZWZmXndM2RYZN4PDdl+EsLAwJ1bSPA1/UHJychrN
aDhx4oS1PCUwMPCG7VNSUnTx4kXr87S0NNXU1CggIEDBwcGtVH09R2dwNLhZx/q25f1YAAAAAKCt
sB1jm7gnoXEzOGz33rheANDW9erVS0FBQcrLy9OxY8es73Lo0CFJV56e8n3fP02lYS8L2+Up1xvY
N8xqmDBhgubOndsi36mpvLy8JEnnzp1TVVWVOnfu3OS25eXlds3eAAAAAAA0je0Y23bsbQrjfrVt
uy9Cw0DZRLanoTRs4HLp0qUbLk+xbX/nnXdK+r8NPysqKqzlKTdq37BvSXp6+k2bSdGgZ8+e1nV2
drZdbbOyslq6HAAAAACAGo+xTdyT0LiAw3YwbvrSg4YQomGdU8PylL59+zYKAa7FdplKaWmp0tPT
VV1dLV9f3xtu3hkeHq5OnTopJydHGRkZzf4u9vD19VVERIQk6Ysvvmhyu7q6OrueBwAAAAA0ne0Y
+2b/IrwlmJ0QGC44OFgBAQGSpOPHj1vLU653+omthmUqNTU1SktLs06XufPOO28Y/nh5eVlHAW3c
uFEVFRVNqrmpz93IxIkTJUmJiYnWspobOXDgQJs5rsh2c1TbPVAAAAAAAM5BwOFEHTp0sJapfPnl
l9bylKbuVGu7TOWLL77QwYMHJd14eUqDyZMnKzw8XFlZWVqzZs0N11hlZ2frD3/4Q4vMooiKitJd
d90lSXr77betpTVXU1dXpy+//FLvvvtuq2+c2lRubm7WUb22xxYDAAAAAJzDuE1G25uBAwfq448/
VmZmpiSpb9++dm2e2hCGHD58WJLUrVs39e3bt0ltO3XqpEWLFumNN97QsWPH9MILL2j8+PEaMGCA
/Pz85ObmpsrKShUUFOjbb7/V/v37JdWf/DJixIgmzTK5FhcXF91///0qLi7W4cOHtXr1ag0ePFgj
R45Uz5495eHhofLycuXn5yshIUGHDx+Wt7e3Hn/8cT377LMO99uSRowYoezsbO3evVteXl6KiYmR
h4eHCgsLFR8fr/nz58vT09PZZQIAAADADwIBh5OFhISoR48eOnfunCRZMzqayvY0lYb2rq5N/8/q
5+enn//859q0aZP27dunbdu2adu2bVd9tkuXLpo+fbruuuuuZoUbDTw8PPTkk09q69at+uSTT5Sc
nKzk5OSrPjtgwAA99NBD8vf3tz6zXSbiDGPGjNGRI0d0+PBhbdmyRVu2bGn084EDB2rkyJFOqg4A
AAAAflgIOJysY8eOuvPOO/Xpp59KavrykgYNy1QaAo5BgwbZXYOnp6cefvhhjRs3TocOHVJGRoby
8vJ06dIl+fn5qWfPnurfv7+ioqKs42Vbiqurq2bMmKERI0YoOTlZaWlpOn36tGpraxUQEKDevXsr
Ojpa4eHh6tixo6qrq6229hwv2xrc3Nz0xBNP6Msvv1RycrL++c9/ysXFRX369FFMTIyGDh3q1PoA
AAAA4IfEpc6wrVHXrl1rXS9evNiJlcAZiouLtWzZMknSyy+/rK5duzq5IgAAAABoP0wec7PJKIyS
lZUlqf4EGsINAAAAAEADAg44TXl5uWpra5v8/Hfffac9e/ZIqt/gEwAAAACABuzBAaeora3VO++8
o5qaGs2cOfOGx79evnxZGzduVHp6ury9va3jcQEAAAAAkAg44CTnz59XYWGh8vPzdfjwYQ0aNEi3
3367evfura5du8rd3V3fffedLly4oOzsbMXHxysnJ0cdO3bUI4880uKbnQIAAAAAzEbAAafw9fXV
r371K+3atUt79+7V4cOHdfjw4eu2CQgI0I9//GOFh4ffpCoBAAAAAKYg4IDTdOnSRdOmTdOPfvQj
nThxQqdOndKpU6d0/vx5nT9/Xp6envLx8VHfvn0VERGhgQMHytWVP7IAAAAAgCsxWoTTeXh4KDo6
WtHR0c4uBQAAAABgKE5RAQAAAAAAxiPgAAAAAAAAxiPgAAAAAAAAxiPgAAAAAAAAxiPgAAAAAAAA
xiPgAAAAAAAAxiPgAAAAAAAAxiPgAAAAAAAAxiPgAAAAAAAAxiPgAAAAAAAAxiPgAAAAAAAAxiPg
AAAAAAAAxiPgAAAAAAAAxiPgAAAAAAAAxiPgAAAAAAAAxiPgAAAAAAAAxiPgAAAAAAAAxiPgAAAA
AAAAxiPgAAAAAAAAxiPgAAAAAAAAxiPgAAAAAAAAxiPgAAAAAAAAxiPgAAAAAAAAxiPgAAAAAAAA
xiPgAAAAAAAAxiPgAAAAAAAAxiPgAAAAAAAAxiPgAAAAAAAAxiPgAAAAAAAAxiPgAAAAAAAAxiPg
AAAAAAAAxiPgAAAAAAAAxiPgAAAAAAAAxiPgAAAAAAAAxiPgAAAAAAAAxiPgAAAAAAAAxiPgAAAA
AAAAxiPgAAAAAAAAxnN1dgE/BK+//rpefvnlVnl3Wlqa3NzcmvRsTU2NDh06pP379yslJUVZWVkq
LCyUn5+fgoODFR0drdjYWA0dOrTJ7wQAAAAARy1dulTV1dWSpGXLlikkJKRZ7ysoKNBrr72ms2fP
SpJmzJihKVOmyMXFxa73XL58WadOnVJWVpby8vKUn5+v0tJSlZaWyt3dXd26dZO/v7969eql3r17
KzQ0VJ6ens2qHc1HwPEDkZiYqOXLlyspKemKn5WXlys7O1v79+/XypUrFRERoaeeekqTJk2y+38E
AAAAAOAM3w83pk6dane4UVhYqC+++EJ79uxRRUXFVZ+prq7WxYsXlZOTY42v3NzcNGLECI0ePVp9
+vRp9neBYwg4brJhw4YpMjLS4fYHDhxQWlqa9S5X1+v/J6yqqtKKFSu0atWqRp/37NlTgwcPVrdu
3VRWVqbU1FRlZ2dLkk6cOKEnn3xSc+bM0TPPPKOuXbs6XC8AAAAAtLaCggL9+c9/tsKNe++9V1On
Tm1yuFFRUaGdO3fqk08+ueJnHTt2VJ8+fdSjRw+5u7vr0qVLunDhggoLC1VSUiKpfsbHvn37tG/f
Po0aNUr3338/4ygnIOC4ye677z4tXLjQobaVlZW65557rPtHH330un9hq6ur9Zvf/EYbN260Pps5
c6YeeeQRRUVFqUOH/9uCpa6uTunp6frrX/+qdevWSZI+/PBDFRQUaMWKFfzlBAAAANAmFRYW6s9/
/rMKCwslSZMnT9b06dObHG7k5ubqrbfeUn5+vvWZt7e37rrrLg0YMEDBwcFXXcJfW1urM2fOKDMz
U3v37lVOTo4kKSEhQSdOnFBcXJyCg4Nb4BuiqQg4DLJ9+3brL01ERITGjx9/3edfe+01K9zw8PDQ
H//4R917771XfdbFxUURERF69tlnNXHiRD311FMqLCzU3r179fzzz+uPf/wjy1UAAAAAtCmFhYV6
7bXXrHDjRz/6kWbOnNnkscvx48e1atUqXbp0SZLUqVMnTZs2TWPGjJGHh8d123bo0EFBQUEKCgrS
yJEjlZKSoo8++khnz57V2bNnlZCQoHnz5jXvC8IuBByGqKmp0V/+8hfr/vHHH7/uRqBfffWVVq5c
ad2vXLlS48aNa1JfI0eO1Jo1a7RgwQKVl5dr06ZNGjt2rKZPn+5w/QAAAADQkr4/c2P8+PF68MEH
G81Uv55Tp07pjTfesMKN4OBgPfroowoMDLS7FldXV8XExCg0NFT/8z//ox49emjWrFl2vwfNwzGx
hti7d6+OHDkiqX7/jClTplzz2ZqaGr3yyivW/dKlS5scbjS4/fbb9cwzz1j3f/rTn1RWVmZf0QAA
AADQChrCjYKCAknSXXfdpTlz5jQ53CgvL9fbb7+tyspKSVJoaKh+9rOfORRu2OrevbueeOIJzZs3
74b7JaLlEXAYoK6uTm+//bZ1//jjj1/3CKKvvvpKBw4ckCT5+fnp0UcfdajfWbNmaeDAgZKknJwc
ffrppw69BwAAAABayvfDjTFjxmju3LlNDjckafPmzVZ7X19f/eQnP5GXl1eL1Ofm5qaOHTu2yLtg
HwKOm+C+++7T+vXrtX79ek2YMMHu9gcPHlRiYqIkqWvXrpo5c+Z1n9+yZYt1vWjRInl7e9vdp1Q/
zWrx4sXW/QcffKC6ujqH3gUAAAAAzfX9cCM2Nlbz5s2zK1A4ffq09uzZY90vWLBA3bt3b+lS4QTM
mbkJQkJCFBIS4nD7d955x7petGiRfHx8rvlsVVVVo6ONHAlUbI0dO9a6TkpKUm5uLjsBAwAAALjp
zp492yjcGD58uBYsWGD3UpCEhATr+o477rBmrcN8zOBo444dO2YFFq6urpo9e/Z1nz9x4oRKS0sl
1S9PCQ8Pb1b/fn5+Gjp0qHWfmprarPcBAAAAgL2Kior02muvWeHGsGHD9OMf/9jucKOqqkpffvml
dX+jkylhFgKONm79+vXW9fz583Xrrbde9/lTp05Z1yNGjGiRtV8UI4UmAAAgAElEQVS2AcfJkyeb
/T4AAAAAaKqioqJGMzeGDBmihQsXXvdUyWvJzc1VeXm5JKlbt24KCwtr0VrhXAQcbVhOTo7ee+89
6/6hhx66YZu8vDzruqWWkgQFBVnX2dnZLfJOAAAAALiRhnAjPz9fkhQdHa1FixapU6dODr3PdrwU
GRnJSSftDAFHG/bhhx9a19OmTVNkZOQN21y4cMG69vX1bZE6bPf8KC4ubpF3AgAAAMD1fD/c8PPz
05IlS9S5c2eH33nu3DnrurlHwqLtIeBoo4qKirRu3TrrfuHChU1qV1FRYV035y++Ldv3NOzvAQAA
AACtpbi4uFG4IdWPkWz3z3DEpUuXrGtPT89mvetq6urqVFtbq9raWk6gdALm47RRH330kbU2bPTo
0RoyZIiTKwIAAACA1ldcXKzXXnvNCjd8fX2tmeTvv/++fHx8FB0d7cwSrykrK0svvfSSJGngwIH6
t3/7NydX9MPCDI42qKysTH/5y1+s+yVLlsjFxaVJbW1TyKqqqhapx/Y9Xbt2bZF3AgAAAMD3fT/c
GDZsmJ599lmNGDHCeubtt99udLiCPdzd3a1r29nvaB8IONqgrVu3qrCwUJI0aNAgjRkzpsltu3Xr
Zl231H4Z58+ft65bal8PAAAAALB19uzZRstShg4dqkceeUTu7u6aP3++Bg4cKKl+mcnq1at19uxZ
u/vo0aOHdW27/AXtAwFHG1NdXd1o9sZjjz1m11Gvtiee5OTktEhNtjsNh4SEtMg7AQAAAMDWO++8
Y409vn8UbOfOnbV48WLrpMhz587pzTffVFlZmV192I6X0tLS9N1337VQ9WgLCDjamF27dikjI0NS
fZgwadIku9r36dPHuv76669VU1PT7JqSkpKs69tuu63Z7wMAAACA76uurpYkDR48WIsWLbri0ISu
XbsqLi7OmlWenZ2ttWvXWu2a4tZbb1WXLl0k1Z9A2TD2QvtAwNGG1NbW6q233rLuH3300UZrxJoi
IiLC2iejsLBQ6enpzaqpqKhIBw4csO6joqKa9T4AAAAAuJbo6GgtXrz4midC3nLLLYqLi5OHh4ck
6fDhw/rggw9UW1vbpPd37ty50X4eu3bt4rSTdoSAow1JTEzUN998I0ny8fHRtGnT7H5H586dde+9
91r3u3fvblZN8fHx1vWQIUN06623Nut9AAAAAHA1t99+u5YsWXLNcKNBSEiIHn/8cet+//79+uST
T5rcz6hRo6zrlJQUHTlyxP5i0SYRcLQh69ats66XLFnSaMNQe9gGI++8845KS0sdes93332ntWvX
Wvfz5s1r8mkuAAAAAGCPqVOnNnkG+8CBA/XII49Y91u2bFFiYmKT2vbq1Uvjxo2z7t97771GByvA
XAQcbURKSop27dolqX4WxqxZsxx+1/DhwzVs2DBJ9ctUbDcttceGDRusNDM4OFj33HOPwzUBAAAA
QEuKjY3VjBkzrPt33nlHR48ebVLbadOmKSAgQFL9hqVr1qxx+BfDaDsIONqI//3f/7WuH374Yesv
myM6duyop556yrpfsWKF9uzZY9c7UlNT9eKLL1r3v/jFL+Tl5eVwTQAAAADQ0qZMmdJoNsabb77Z
pNMkvby8tGTJEmsvj5MnT+rVV19tdIIkzEPA0QacPHlSGzdutO4feuihZr9zxIgR+td//VfrfunS
pdq+fXuT2n799deKi4uzEsz777/fof1AAAAAAKA1ubi4aPbs2Ro8eLAkqaKiQqtXr9a5c+du2LZP
nz564oknrGUxubm5+v3vf68dO3aosrLS7lpOnTqlzZs3290OLYeAow14//33resHH3ywxY5iXbp0
qR544AFJUnl5uZ588kk9/fTTSk1NvepOwenp6frd736nefPm6cyZM5Kku+66S8899xx7bwAAAABo
k1xdXbVw4UKFhYVJks6ePas333xTFRUVN2zbr18//epXv1JgYKAk6fLly9q4caOeffZZffzxxzp5
8qQuX7581bZ1dXU6f/68Dh48qNdff10vvviijh07Jklyc3OzQhfcPC51hp2JY7vp5eLFi51YScso
KCjQuHHjVFVVJUn66KOPFB0d3WLvr6qq0n//93/rjTfeaPR5UFCQBg8eLG9vb5WXlys1NVVZWVmN
npk1a5Z++9vfWsfOAgAAAEBLWrp0qaqrqyVJy5YtU0hIiMPvKikp0auvvqr8/HxJ0uDBg/XYY4/J
1dX1hm0rKiq0c+fOq57G4ubmpj59+sjHx0fu7u6qqqpSeXm58vLyrjpTpF+/fpo3b54VmpjG5DH3
jf9Lo1X97W9/s8KNCRMmtGi4IdVvWPr0009r9OjReuWVV6xjaPPy8q65viwiIkI/+9nPNHnyZGZu
AAAAADBC9+7dFRcXp1deeUUXL15UcnKyNmzYoLlz595wXOPp6akZM2Zo5MiRSkxM1N69e60ZIJcv
X1Z6evoN+x81apRiY2MVGhrKOMpJCDic6MKFC43SsUWLFrVaX7GxsRo+fLhSUlKUkJCg5ORkZWVl
qaioSD169FBISIiio6MVGxuroUOHys3NrdVqAQAAAIDWEBgYqLi4OL366qu6fPmydu/eLR8fH02e
PLlJ7f39/TVz5kzdd999ysrKUlZWlvLy8pSfn6/S0lKVlZWpe/fu6tatm7p166bevXurd+/eCg4O
5lCGNoAlKgAAAAAAQJLZY242GQUAAAAAAMYj4AAAAAAAAMYj4AAAAAAAAMYj4AAAAAAAAMYj4AAA
AAAAAMYj4AAAAAAAAMYj4AAAAAAAAMYj4AAAAAAAAMYj4AAAAAAAAMYj4AAAAAAAAMYj4AAAAAAA
AMYj4AAAAAAAAMYj4AAAAAAAAMYj4AAAAAAAAMYj4AAAAAAAAMYj4AAAAAAAAMYj4AAAAAAAAMYj
4AAAAAAAAMYj4AAAAAAAAMYj4AAAAAAAAMYj4AAAAAAAAMYj4AAAAAAAAMYj4AAAAAAAAMYj4AAA
AAAAAMYj4AAAAAAAAMYj4AAAAAAAAMYj4AAAAAAAAMYj4AAAAAAAAMYj4AAAAAAAAMYj4AAAAAAA
AMYj4AAAAAAAAMYj4AAAAAAAAMYj4AAAAAAAAMYj4AAAAAAAAMYj4AAAAAAAAMYj4AAAAAAAAMYj
4AAAAAAAAMYj4AAAAAAAAMYj4AAAAAAAAMYj4AAAAAAAAMYj4AAAAAAAAMYj4AAAAAAAAMYj4AAA
AAAAAMYj4AAAAAAAAMYj4AAAAAAAAMYj4AAAAAAAAMYj4AAAAAAAAMYj4AAAAAAAAMYzLuBwcXGx
rmtra51YCQAAAAAA7YftGNt27G0K4wIODw8P67qsrMyJlQAAAAAA0H7YjrFtx96mMC7g8PX1ta7z
8/OdWAkAAAAAAO2H7RjbduxtCuMCjqCgIOs6IyPDiZUAAAAAANB+2I6xbcfepjAu4AgNDbXWAhUW
FiotLc3JFQEAAAAAYLa0tDQVFhZKqt9/IzQ01MkV2c+4gKNz586Kioqy7hMTE3X69GknVgQAAAAA
gLlOnz6txMRE6z4qKkqdO3d2YkWOMS7gkKSYmJhG64F27NjBTA4AAAAAAOyUlpamHTt2WPe+vr6K
iYlxYkWOc6mrq6tzdhGOKCkp0fbt21VRUWF95u/vr7CwMAUGBsrLy0sdOhiZ3wAAAAAA0Cpqa2tV
Vlam/Px8ZWRkWMtSJMnT01OTJ09W9+7dnVih44wNOKT6kCM+Pl7FxcXOLgUAAAAAAGP5+vpq7Nix
xoYbkuEBR4OkpCSlpqaqHXwVAAAAAABuGhcXF0VFRRm7LMVWuwg4JKmqqkqZmZnKy8tTcXGxKisr
CTwAAAAAALDh4uIiDw8P+fr6KigoSKGhoUZuKHo17SbgAAAAAAAAP1zswgkAAAAAAIxHwAEAAAAA
AIxHwAEAAAAAAIxHwAEAAAAAAIxHwAEAAAAAAIxHwAEAAAAAAIxHwAEAAAAAAIxHwAEAAAAAAIxH
wAEAAAAAAIxHwAEAAAAAAIxHwAEAAAAAAIxHwAEAAAAAAIxHwAEAAAAAAIxHwAEAAAAAAIxHwAEA
AAAAAIxHwAEAAAAAAIxHwAEAAAAAAIxHwAEAAAAAAIxHwAEAAAAAAIxHwAEAAAAAAIxHwAEAAAAA
AIxHwAEAAAAAAIxHwAEAAAAAAIxHwAEAAAAAAIxHwAEAAAAAAIxHwAEAAAAAAIxHwAEAAAAAAIxH
wAEAAAAAAIxHwAG7XLx4UStXrtQzzzyj5ORkp9by7rvvKi4uTh9//LFT6wAAAAAAOB8Bx03WMCh/
//33HX7H8uXLFRcXp507d7ZgZU2TlpamQ4cOqaioSJ999tlN7x8AAAAAgKsh4IBdIiMjNWjQIPn6
+mrixInOLgcAAAAAAEmSq7MLgFm8vb21dOlSZ5fR6o4fP67ly5dLklavXu3kagAAAAAAN8IMDgAA
AAAAYDwCDgAAAAAAYDwCDgAAAAAAYDz24PiBqK2t1dGjR5WamqrMzEwVFRXJ3d1dvXv3Vv/+/RUT
EyNvb+8mvWvp0qWqrq7WT3/6Uw0YMOCGz9fV1SkjI0OHDh1SRkaGCgoK5OHhoZ49eyosLExDhgxR
QECAJOn8+fP693//d0n1p8V4enra9T3z8vKUkpKiEydO6OzZs7p06ZJuueUWRUREaPDgwerTp881
2x48eFBvvvnmFZ/HxcVd8dn/+3//77rvAgAAAADcXO0m4KiqqlJmZqby8vJUXFysyspK1dXVtUpf
ixcvbpX3tpaioiKtW7dO6enpjT6vrKzU+fPnlZKSon/84x9asGCBhg0b1qJ9l5SUaP369UpJSWn0
eXl5uYqKinT48GH9/e9/15QpU3Tfffc53E9VVZW2bdumbdu2XfGz0tJSnTx5Up9++qnuvvtu3X//
/XJzc3O4r+ZYu3atU/oFAAAAAElycXGRh4eHfH19FRQUpNDQUHXu3NnZZbWIdhFwJCUlKTU1tdUC
DZOdOnVKq1atUklJiQIDA3X33XcrNDRUXl5eqqmpUUFBgZKTk7Vnzx699dZbKigo0NSpU1uk79zc
XK1atUpFRUXq1KmTxowZozvuuEM9evSQm5ubLl68qKysLO3Zs0fbtm3T6dOnNXv2bLv7qamp0fr1
6/Xll18qPDxc48aNU3BwsDw9PXX58mUVFBRo//79OnjwoD7//HNdvnxZ8+fPl4uLS6P33HHHHdbJ
Kenp6Xr99dclyfrMlru7uwP/RgAAAADAuerq6lRRUaGKigrl5OTo66+/VlRUlGJiYpxdWrMZHXCU
lJQoPj5excXFzi6lTSovL9e6detUUlKiUaNGac6cOVcMzH18fNSvXz/FxMRozZo12rJli4KDgxUd
Hd2svisqKrR27VoVFRUpODhYS5YsUVBQUKNnunXrpuDgYI0cOVL/+Mc/tHPnTrm62v9Hcs+ePaqo
qND06dM1ZcoUdejQeGuZHj16qF+/furdu7c2bdqk+Ph4DRkyRP3792/0nKurq9W/bYJp7zIZAAAA
ADBFXV2dDh06pNOnT2vs2LHq3r27s0tymLEBR0lJibZv366KigrrM39/f4WFhSkwMFBeXl5XDHTb
ksuXLzeq3R41NTVNem7r1q3Kz8/XoEGDNH/+/OuGBxEREXrssce0fPlyrV+/XmFhYerSpYtD9UnS
J598otzcXHl7e+tf/uVf1KNHj2s+6+bmplmzZum7777T7t277e6roqJCo0eP1r333nvFrIwGLi4u
mjhxotLS0nTkyBElJCRcEXDcDKYtbwIAAADQvtTW1qqsrEz5+fnKyMhQYWGhJKm4uFjbt2/X5MmT
jQ05jA044uPjGwUEsbGxioyMdGJF9klISFBCQkKrvf/ChQvas2ePJGnGjBlNmhnRr18/jRo1SgkJ
Cfrmm280ZswYh/q+ePGidu3aJUl68MEHrxtu2JoxY4aSk5NVUlJid5+TJ0++ZrjRoEOHDoqNjdWR
I0d0+PBhfffddw7NGAEAAAAAU3Xo0EHe3t7y9vZWZGSk0tLSlJiYKKn+l8fx8fGaPn26k6t0TNud
4nAdSUlJjZalTJo0yahw42ZIT09XTU2N+vbtq969eze53dChQyVJ3377bbP7dnd31+23397kdh4e
Hho9erTd/YWFhcnf379Jz/bq1UtS/QarpaWldvcFAAAAAO1JZGSkJk2aZN0XFxcrKSnJiRU5zrhf
X1dVVSk1NdW6j42NtQatJhk3bpweeughh9ouX75cx48fv+4z+fn5kqTg4GC7lsJ069ZNknTixAnV
1NSoY8eOdteXl5cnqf4vir37V4SFhdndX0hISJOftV12c+nSJbv7AgAAAID2plevXoqNjbVmcqSm
pmrQoEHGna5iXMCRmZlpnZbi7+/PzI1raJidEB8fr/j4eLvbV1dXq6KiQl27dnW476YuTbHlSH8e
Hh5NftZ2X5ba2lq7+wIAAACA9igyMtLak6Ourk6ZmZkaMGCAs8uyi3FLVBpmB0iO/bYfTdfUzUyd
7UZ7bwAAAAAAbsx2jG079jaFcTM4bPfeCAwMdGIlbZu3t7ckacKECZo7d65T+nbk+F72xQAAAAAA
57AdYzsynnM242ZwVFZWWtdeXl5OrKRta9iXJD093VrSc7MEBQVJko4fP273UbgnTpxojZIAAAAA
ADdgO8a2HXubwriAw3awbrufAhoLDw9Xp06dlJOTo4yMjJvet5ubm6qrq5WcnNzkdpWVldamNm3J
zQ6IAAAAAMAZbMfYJo6DSAjaKS8vL+uon40bNzZ5JoW9My6upmvXrvrRj35k9X327Nkmtfv73/+u
kpKSZvffEjp16mRdl5WVObESAAAAAEBTEHC0Y5MnT1Z4eLiysrK0Zs2aG66hys7O1h/+8Ad98cUX
ze77nnvuUUhIiMrLy/X6668rNzf3ms9evnxZGzZs0J49exQcHNzsvluC7QkwNzqSFwAAAADgfMZt
Moqm69SpkxYtWqQ33nhDx44d0wsvvKDx48drwIAB8vPzk5ubmyorK1VQUKBvv/1W+/fvlyTl5ORo
xIgRzTqdxN3dXYsXL9aqVauUl5enl156SaNHj9bgwYPVo0cPubm5qbS0VCdPntTevXuVm5uriIgI
TZ8+XS+//HJL/StwWPfu3TV48GAlJyfrgw8+UE1NjcLDwyVJ//znP3X06FEtWLDAyVUCAAAAABoQ
cLRzfn5++vnPf65NmzZp37592rZtm7Zt23bVZ7t06aLp06frrrvuapGjVwMDA/XLX/5S69evV3Jy
snbt2qVdu3Zd9dkJEyZo2rRpjWaZuLo694/nAw88oJycHBUVFWnt2rVX/Hz8+PHWhqoAAAAAAOci
4PgB8PT01MMPP6xx48bp0KFDysjIUF5eni5duiQ/Pz/17NlT/fv3V1RUlHXEa0vx9vZWXFycMjMz
dejQIaWnp+vMmTNyd3dXQECAwsPDFR0drVtvvVWSlJ+fL6l+9ombm1uL1mIvf39//frXv9a+ffuU
mpqqM2fOqEuXLgoPD9eIESMINwAAAACgDXGpM2xrVNvfpC9evNiJlaA1fPPNN1q9erXCwsL0q1/9
ytnlAAAAAMAPisljbjYZRZvScKRtWFiYkysBAAAAAJiEgAOt5uLFi3Y9X1xcrH379kmSoqKiWqMk
AAAAAEA7RcCBVnHx4kW9+OKL+tvf/qaSkpIbPl9SUqJ169apurpaAwcOVGho6E2oEgAAAADQXrDJ
KFrF6dOnVVFRoc8++0y7d+/WiBEjFBkZqV69eqlLly5yc3NTVVWVzp07p/T0dO3evVsXL15Ujx49
tGDBghY5xQUAAAAA8MNBwIFW0b9/fy1btkzbt29XQkKC9c/1DBw4UAsWLJCvr+9NqhIAAAAA0F4Q
cKDVBAQEaOHChZo2bZpOnDihrKws5ebmqqSkRKWlperWrZt8fX0VGhqq/v3767bbbmPmBgAAAADA
IQQcaHU+Pj4aPny4hg8f7uxSAAAAAADtFJuMAgAAAAAA4xFwAAAAAAAA4xFwAAAAAAAA4xFwAAAA
AAAA4xFwAAAAAAAA4xFwAAAAAAAA4xFwAAAAAAAA4xFwAAAAAAAA4xFwAAAAAAAA4xFwAAAAAAAA
4xFwAAAAAAAA4xFwAAAAAAAA4xFwAAAAAAAA4xFwAAAAAAAA4xFwAAAAAAAA4xFwAAAAAAAA4xFw
AAAAAAAA4xFwAAAAAAAA4xFwAAAAAAAA4xFwAAAAAAAA4xFwAAAAAAAA4xFwAAAAAAAA4xFwAAAA
AAAA4xFwAAAAAAAA4xFwAAAAAAAA4xFwAAAAAAAA4xFwAAAAAAAA4xFwAAAAAAAA4xFwAAAAAAAA
4xFwAAAAAAAA4xFwAAAAAAAA4xFwAAAAAAAA4xFwAAAAAAAA4xFwAAAAAAAA4xFwAAAAAAAA4xFw
AAAAAAAA4xFwAAAAAAAA4xFwAAAAAAAA47k6u4D2bsWKFXr11Vdv+NzYsWO1bt06h/ooKCjQF198
oaNHj+r48eM6c+aMzp49q86dO6tnz5665ZZbFB4eriFDhuj222+Xv7+/Q/3Yqqmp0aFDh7R//36l
pKQoKytLhYWF8vPzU3BwsKKjoxUbG6uhQ4fKzc2t2f0BAAAAaB+qqqqUlZWlU6dOKS8vT2fOnFFp
aanKysrk6empHj16KCAgQL1791afPn3Up08fdehg/+/mly5dqurqagUEBGjZsmVyd3dvhW/zf6qq
qvTiiy8qPz9fkrR69epW7Q9XIuAwWFZWllatWqUNGzZc85nCwkJJ0ueff259NmvWLP3kJz9RWFiY
Q/0mJiZq+fLlSkpKuuJn5eXlys7O1v79+7Vy5UpFREToqaee0qRJk+Ti4uJQfwAAAADMd+bMGSUm
Jio+Pl6VlZVXfaa6ulolJSU6efKkvvjiC0nSLbfcogkTJmjEiBHy9PS0u9+CggLt2rVL9957b7Pq
v5E9e/ZY4Qacg4CjlYWHh+vhhx++6s/OnDmjzz77zKH3bt68Wb/+9a9VVVXV6POwsDBFRESoa9eu
qqurU2lpqY4fP66srCzrmQ0bNmjLli36j//4D82aNavJfVZVVWnFihVatWpVo8979uypwYMHq1u3
biorK1Nqaqqys7MlSSdOnNCTTz6pOXPm6JlnnlHXrl0d+r4AAAAAzFRWVqbt27drx44dV/zMzc1N
ffv2Vffu3dW5c2eVlZXpwoULysvL06VLlyRJZ8+e1QcffKCdO3fqwQcfVExMjN2/PP3kk08UExOj
gICAFvlO31dYWKiPP/64Vd6NpiPgaGVTpkzRlClTrvqzxMREhwKOrVu36mc/+5l1Hx4erri4OI0e
Pfqay0/OnDmjffv2afXq1Tp58qSqqqr09NNPy9XVVTNnzrxhn9XV1frNb36jjRs3Wp/NnDlTjzzy
iKKiohpNGaurq1N6err++te/WstuPvzwQxUUFGjFihWEHAAAAMAPxKlTp/SXv/zFmlkuSd27d9e4
cePUv39/3XrrrXJ1vXJYWl1drVOnTunYsWPatWuXLl26pHPnzunNN9/UyZMn9cADD1y13bVcvnxZ
H330keLi4lp8ZnldXZ02b96s6urqFn0v7Mcmo4Y5d+6cnn32Wet+9uzZ+uijj/TAAw9cd2+Nnj17
Nnq2wW9/+9smTaN67bXXrHDDw8NDf/7zn/XKK68oOjr6ivVwLi4uioiI0LPPPqv33nvPqmvv3r16
/vnnVVdXZ9d3BgAAAGCeI0eO6E9/+pMVbri7u2vu3Ll6/vnnNWXKFPXp0+eaIUWnTp0UERGhGTNm
6LnnntPdd99t/ezzzz/XoUOH7K4nOTlZKSkpjn2Z6zh69KgOHDjQ4u+F/Qg4DLNr1y6dP39ekhQV
FaXnnnvOrnVoXbt21QsvvKBBgwZJqt8zY9u2bddt89VXX2nlypXW/cqVK5u8fm3kyJFas2aNunTp
IknatGmTtmzZ0uR6AQAAAJgnMzNTb7zxhjWrISQkRMuWLdOECRPs3uzTx8dHc+bM0WOPPSY3NzfN
mTNHQ4YMcaiuTZs2XXP/D0dUV1dr06ZNLfY+NA8Bh2GOHTtmXc+ePVseHh52v8PT01Nz58617pOT
k6/5bE1NjV555RXrfunSpRo3bpxd/d1+++165plnrPs//elPKisrs+sdAAAAAMxQWlqqtWvXWuFG
eHi4fvrTnzZ7/4thw4bp+eefbzSbo6kGDx4sqX7DUdsDGJorPj5eubm5kqQxY8a02HvhGAIOw5w7
d866bs7/IHr27GldX7hw4ZrPffXVV9Z0Kz8/Pz366KMO9Tdr1iwNHDhQkpSTk6NPP/3UofcAAAAA
aNs2b96ss2fPSpL8/f31k5/8xJrR3Vy+vr4OtZs6dap8fHwk1W842hKnnRQXF1uz0wMCAjRx4sRm
vxPNQ8BhGNu/0AUFBQ6/x3aTn+sFJbbLSRYtWiRvb2+H+nN1ddXixYut+w8++IC9OAAAAIB2Jjc3
V/Hx8db9/PnzHR5DtCQvLy9rL8Kamhp99NFHzR6PbN682Trp5cEHH3Rodj1aFgGHYYYOHWpdb9iw
wfoLZY9Lly5pw4YN1v2IESOu+lxVVZU++eQT637ChAl292Vr7Nix1nVSUpI1lQsAAABA+5CQkGBd
Dxky5P+zd+9xUdf5HsffgIqACqJooHiDtQwtS1q18C65uybkJbNOZRdbuxy1cmvbNK/lrm2ZtXXS
3OzonuxkZoqlpmlqZhclJUXFBFkv4yoiN7kpMucPljmYMzDADPCF1/Px4PH48Zvf7/v9zmwz67z5
fj9fdevWrRZHc6XIyEjbrPKEhATt27evym0dPnxY3333naSS5S833HCDS8aI6iHgMMyAAQNsHxI/
/fST5s6dq7y8PKfvz8vL05w5c2x1N371q19p2LBhdq89cuSIcnJyJJUsT/nVr35VrbG3bt36ioBm
//791WoPAAAAQN1RWFho+9IvSYMGDarF0VzN09Pzih0lq9E9LpsAACAASURBVFpw9NKlS7bCoo0b
N9bIkSNdvvUsqoaAwzA+Pj569dVXFRgYKEn68MMPdddddykuLk7nzp1zeF9aWprWrFmj0aNH63//
938lSYGBgVqwYIGaNWtm957U1FTbcZ8+feTl5VXt8ZcNOFJSUqrdHgAAAIC64eTJk7Y/vgYEBKhL
ly61PKKrtW/f3rYj5NmzZ/Xll19Wuo2dO3fqn//8pyTpd7/7XbWLp8J17G86jDqtW7duWrVqlebM
maNt27bp0KFDeuqppyRJXbt2VdeuXdWsWTNZrVZduHBBR44c0c8//3xFG4MHD9aLL76ojh07OuzH
YrHYjkNDQ10y9pCQENtx6YcCAAAAAPOV/f7QtWtXNWpUN79uRkdH64cfftC5c+e0YcMGRUZGKjg4
2Kl7MzIyFBcXJ6mklmF1l/HDtermf3GoUKdOnfT3v/9d//3f/62XXnrJdv7IkSM6cuRIuffOnDlT
999/vzw9y5/AU3Z3lapWK/6l0srFUknVYQAAAAD1Q9kdH50NDGqDr6+vRo0apXfffddWcPTxxx93
apnJ559/bpulMnr0aDVt2tTdw0UlsETFUElJSXryySevCDecNXv2bE2aNOmqWR2/VLa2h7e3d6X7
sadsO6X1PQAAAACYr+wGCL6+vrU4kordfPPNtsKgCQkJthqF5fn555/19ddfX3U/6g5mcBho3bp1
eu6551RYWCippC7HqFGjNGDAAHXu3Flt2rSRr6+viouLVVBQoLNnz+rYsWPavn271qxZo9zcXG3Y
sEHbtm3T/Pnzdccdd9TyMwIAAACAmuPh4aGRI0cqMTFRly9f1urVq3Xdddc5DGaKioquKCx65513
Uli0DmIGh2G2bt2qKVOm2MKNkSNHavPmzZo7d66GDh2qsLAwNW/eXF5eXmrcuLGaN2+usLAwDR06
VHPnztWmTZs0evRoSVJ+fr4mT56sr776ym5fZd/cpf1VV9l2mjdv7pI2AQAAANS+sss1KrPTY20J
CQmxFRxNS0srt+Dorl27bJskDB8+nMKidRQBh0Gys7M1ffp02+8PPfSQXnnllSsKd1YkODhYf/nL
XzRhwgTbuWnTpikzM/Oqa/39/W3HrqqXkZGRYTt2VV0PAAAAALWvdKdHSTp9+nQtjsR5Q4YMUZs2
bSRJGzduvKJQaqmsrCytWbNGUsn3KQqL1l0EHAbZsmWL/vWvf0mSwsPDNXXq1Cpt3erl5aWnn35a
3bp1kyT961//0saNG6+6rmxwcuLEiSqO+kplPzDK28EFAAAAgFnKfn84cuSIioqKanE0zvHx8bHN
cC8tOGq1Wq+4Zv369crNzZUkjRo1ymX1CeF6BBwG2b17t+149OjR1Src4+PjozFjxth+37Vr11XX
dOrUyXb8ww8/6PLly1Xur1R8fLztuC7uiw0AAACgatq3b2/7jpKZmWlb0lHX3XjjjbrpppskST/9
9JN+/PFH22MpKSnatm2bJKlXr17q0aNHbQwRTiLgMMg///lP23F4eHi12wsLC7MdJycnX/V4165d
bXUyzp49W+GuKxU5d+7cFSENHw4AAABA/eHt7a0+ffrYfi8NBuq60oKjjRs3liStXr1aeXl5tuKj
EoVFTUHAYZCyU6UaNar+Bjilb2DJfhFRb29vW9EdSQ6LkTprx44dtuObb75Z7du3r1Z7AAAAAOqW
2267zXYcHx+vQ4cO1eJonNe2bVsNHz5cUskfZjdv3qzvv//e9kfeO+64w1arA3UXAYdBrrnmGtux
K4r2lK2H4ShsGDFihO142bJlysnJqVJfRUVFev/9922/jxs3jvQTAAAAqGfat2+v/v37235fsWKF
srOza3FEzhs8eLCCg4MlldTdWLVqlaSSwqKDBg2qzaHBSQQcBim7pGPDhg1XFb+pDKvVqs8//9z2
e+mas1/q3bu3brnlFkkly1Tee++9KvW3atUqJSYmSpJCQ0P1m9/8pkrtAAAAAKjbYmJiFBQUJKnk
O8SSJUtsRTqrq6CgwCXt2OPt7W0rOCrJNubRo0dTWNQQBBwGGThwoO3466+/1meffVblttatW3fF
mrjbb7/d7nWlO66UevPNNyu9lm7//v3685//bPt96tSpatasWaXaAAAAAGCG5s2b68EHH1STJk0k
leyo8uabb+rMmTPVajcpKUmzZs3S3r17XTFMu7p3767IyEjb75GRkerevbvb+oNrEXAYpHPnznr8
8cdtv0+dOlWffvqpiouLnW7j8uXLWrVqlf7whz/Yzt133322LWPt6dOnj5588knb75MmTdIXX3zh
VH8//PCDJk6caFvaMnLkyCuWvQAAAACof8LDwzVx4kRb3b/U1FTNmzdPW7durfQsjNzcXG3YsEEL
FixQRkaGFi1apAMHDrhj2PLw8FBsbKyaNGmixo0bKzY2lqX1Bql+pUrUqMcff1wHDx7U9u3bVVRU
pKlTp2rdunUaN26cevfuLX9/f7v3ZWZm6vvvv9eKFSv09ddf287/+te/1rPPPlthv5MmTdLp06e1
evVq5ebm6vHHH9eYMWN0//33q3v37le96X/++WetXLnyiiUtAwYM0KxZs/iAAAAAABqA7t276w9/
+IP+/ve/Ky0tTQUFBfroo4/0xRdfaODAgbr++uvVrl07uxsoFBUV6fjx40pKStKWLVuuqAU4cOBA
de3a1W3jbtOmjebOnStJCggIcFs/cD0CDsM0a9ZMb731lmbPnm0rerNt2zbbspFu3bqpS5cutiUg
OTk5Sk5OVlJS0lVt3XnnnZo1a5ZtK9jyNGnSRC+//LLatGmjRYsWSSqpq7Fq1SqFhITopptuUosW
LZSbm6v9+/fr2LFjV9w/ZswYvfjii071BQAAAKB+6NSpk55//nlt2LBBX375paSSP76uWbNGa9as
UZMmTdSlSxf5+/vL29tbubm5ysrKksViUV5e3hVtBQQEKCYmRrfeeqvb/2hKsGEmAg4D+fn56ZVX
XtGIESO0ePFi7dq1y/bYoUOHKtyKKSoqSg8//LAGDBhQqQ8Gb29vPffcc4qKitKCBQv0448/SirZ
jaXsjixlde3aVU899ZSGDRvGzA0AAACgAWrWrJnuuusuRUVFaefOndq5c6dtmcrFixd1+PDhcu8P
DAzU7bffrj59+sjHx6cmhgxDEXAYrF+/furXr59SUlK0Z88eHT58WIcPH9a5c+eUlpamoqIitWzZ
Uh06dFBYWJi6d++uXr16qUuXLtXq99Zbb1Xv3r2VkJCgb775Rnv37tWxY8d07tw5BQYGqmPHjrrx
xht16623KjIy0rbuDgAAAEDDFRwcrLvuuksxMTFKSUlRamqqTp06pX/961/KyclRbm6ufH19FRgY
qLZt2yo0NFSdO3dWx44d7S5jAX7Jw1qdvUZrwfvvv287fuihh2pxJAAAAAAA1C8mf+dmFxUAAAAA
AGA8Ag4AAAAAAGA8Ag4AAAAAAGA8Ag4AAAAAAGA8Ag4AAAAAAGA8Ag4AAAAAAGA8Ag4AAAAAAGA8
Ag4AAAAAAGA8Ag4AAAAAAGA8Ag4AAAAAAGA8Ag4AAAAAAGA8Ag4AAAAAAGA8Ag4AAAAAAGA8Ag4A
AAAAAGA8Ag4AAAAAAGA8Ag4AAAAAAGA8Ag4AAAAAAGA8Ag4AAAAAAGA8Ag4AAAAAAGA8Ag4AAAAA
AGA8Ag4AAAAAAGA8Ag4AAAAAAGA8Ag4AAAAAAGA8Ag4AAAAAAGA8Ag4AAAAAAGA8Ag4AAAAAAGA8
Ag4AAAAAAGA8Ag4AAAAAAGA8Ag4AAAAAAGA8Ag4AAAAAAGA8Ag4AAAAAAGA8Ag4AAAAAAGA8Ag4A
AAAAAGA8Ag4AAAAAAGA8Ag4AAAAAAGA8Ag4AAAAAAGA8Ag4AAAAAAGA8Ag4AAAAAAGA8Ag4AAAAA
AGA8Ag4AAAAAAGA8Ag4AAAAAAGA8Ag4AAAAAAGA8Ag4AAAAAAGA8Ag4AAAAAAGA8Ag4AAAAAAGA8
Ag4AAAAAAGA8Ag4AAAAAAGA8Ag4AAAAAAGA84wIODw8P23FxcXEtjgQAAAAAgPqj7Hfsst+9TWFc
wOHj42M7vnDhQi2OBAAAAACA+qPsd+yy371NYVzA0apVK9vx6dOna3EkAAAAAADUH2W/Y5f97m0K
4wKOkJAQ2/HRo0drcSQAAAAAANQfZb9jl/3ubQrjAo6wsDDbWqCzZ88qKSmplkcEAAAAAIDZkpKS
dPbsWUkl9TfCwsJqeUSVZ1zA4e3trR49eth+37Vrl06dOlWLIwIAAAAAwFynTp3Srl27bL/36NFD
3t7etTiiqjEu4JCkXr16XbEeaNOmTczkAAAAAACgkpKSkrRp0ybb761atVKvXr1qcURV52G1Wq21
PYiqyMzM1BdffKG8vDzbuTZt2ig8PFzBwcFq1qyZPD2NzG8AAAAAAHCL4uJiXbhwQadPn9bRo0dt
y1IkydfXV8OGDVNAQEAtjrDqjA04pJKQY8eOHUpPT6/toQAAAAAAYKxWrVqpf//+xoYbkuEBR6n4
+Hjt379f9eCpAAAAAABQYzw8PNSjRw9jl6WUVS8CDkkqLCxUcnKyLBaL0tPTlZ+fT+ABAAAAAEAZ
Hh4e8vHxUatWrRQSEqKwsDAjC4raU28CDgAAAAAA0HBRhRMAAAAAABiPgAMAAAAAABiPgAMAAAAA
ABiPgAMAAAAAABiPgAMAAAAAABiPgAMAAAAAABiPgAMAAAAAABiPgAMAAAAAABiPgAMAAAAAABiP
gAMAAAAAABiPgAMAAAAAABiPgAMAAAAAABiPgAMAAAAAABiPgAMAAAAAABiPgAMAAAAAABiPgAMA
AAAAABiPgAMAAAAAABiPgAMAAAAAABiPgAMAAAAAABiPgAMAAAAAABiPgAMAAAAAABiPgAMAAAAA
ABiPgAMAAAAAABiPgAMAAAAAABiPgAMAAAAAABiPgAMAAAAAABiPgAMAAAAAABiPgAMAAAAAABiP
gAMAAAAAABiPgAMAAAAAABiPgAMAAAAAABiPgAMAAAAAABiPgAMAAAAAABiPgAMAAAAAABiPgAMA
AAAAABiPgAMAAAAAABiPgAMAAAAAABiPgAMAAAAAABiPgAMAAAAAABiPgAMAAAAAABiPgAMAAAAA
ABiPgAMAAAAAABiPgAMAAAAAABiPgAMAAAAAABiPgAMAAAAAABiPgAMAAAAAABiPgAMAAAAAABiP
gAMAAAAAABiPgAMAAAAAABiPgAMAAAAAABiPgAMAAAAAABiPgAMAAAAAABiPgAMAAAAAABiPgAMA
AAAAABiPgAMAAAAAABiPgANVdvToUXl4eMjDw0OvvPJKbQ8HAAAAANCANartAbiL1WrVoUOHtGPH
Du3bt08JCQmyWCzKyMhQx44d1a5dO3Xs2FFRUVHq06ePwsPD5eHhUdvDBgAAAAAAVVDvAo7Lly/r
888/12uvvaYdO3bYvebAgQM6cOCAJOndd9+VJA0ZMkTPP/+8hgwZQtABAAAAAIBh6lXAceTIET39
9NNav379FeeHDRumyMhItW/fXr6+vsrOzta5c+cUHx+vzz77TJK0ZcsWbdmyRTExMVqyZInatGlT
G08BAAAAAABUQb0JODZv3qx77rlH6enpkqTOnTvr2Wef1ahRo9S2bVuH96Wnp+uzzz7T7NmzdezY
McXFxenYsWP6+OOPde2119bU8AEAAAAAQDXUiyKjmzZt0vDhw23hxtSpU/Xjjz/q8ccfLzfckKRW
rVpp/PjxSkhI0LPPPitJ8vX1VUBAgNvHDQAAAAAAXMP4GRwHDx7U2LFjdenSJUnS0qVL9dBDD1W6
nebNm2v+/Pm64YYbNHjw4AqDEQAAAAAAUHcYHXBcvHhR//mf/6msrCxJ0ltvvVWlcKOUh4eH7rvv
PlcNDwAAAAAA1BCjl6isXr1aX331lSTp7rvv1hNPPFEr48jIyNCKFSv0yCOP6IYbblBAQIBCQkI0
aNAgvfDCC9qxY4eKi4udbs9iscjDw0MeHh5atGiR7XxxcbF27NihadOmafDgwWrfvr0CAgLUs2dP
3XfffXrvvfd0/vz5Kj+P7OxsrVq1Sk888YRuueUWtWnTRq1bt1afPn301FNP6YsvvlBRUVGV2y9V
U69XYWGh4uLiNHnyZPXt21fXXHONjhw5Uu3xAwAAAADqIKuhLl++bO3Zs6dVklWS9eeff67xMVy6
dMn6X//1X9agoCDbOBz9DBw40BofH+9Uu6dOnbLd984771itVqs1JSXF+tvf/rbCfoKCgqzLli2z
FhcXV+p5LFmyxNquXbsK2+/bt6/1wIEDVqvVav35559t5+fPn1+nXq9du3ZZe/TocVW7hw8fdvp1
AQAAAACYw9glKnv37tW+ffskSY8++qjCw8NrtP+srCxNmDBBq1atsp2LjY3VbbfdpqCgIF28eFHH
jx/X+vXrtXfvXm3btk19+vTRsmXLdM8991Sqr++++0533HGH0tPT5evrq+HDh6t3795q1aqVLl68
qNTUVK1bt04HDhxQWlqaxo8fr+PHj2v69OkVtp2Tk6OJEyfqww8/tJ3r3LmzRo0apQ4dOsjPz08W
i0Xx8fFau3atvv32W/3617/WihUrFBERUSdfr61bt2r48OEqKChQq1atNGrUKPXo0UMBAQFs/wsA
AAAA9VVtJyxV9frrr9v+Kv/555/XaN8FBQXWUaNG2fq/9957Hc4guXz5snXTpk3Wbt262a5ft25d
ue2XnZHw7LPPWjt37myVZJ00aZL11KlTdu+5ePGi9f3337c2bdrUdu/69evL7efixYvWu+++23Z9
hw4drGvWrLEWFBTYvf7IkSPWBx980CrJ2rx5c+uHH37o1AyOmny9XnzxRWtwcLBVknXGjBnW8+fP
l3svAAAAAKB+MDbgeOCBB2xfah196XeXsuHKiy++aL18+XKF96SlpVmjoqKskqxt27a1WiwWh9eW
/cJe+vPqq686texkzZo1VywnKSoqcnjt3/72N9u1UVFR1uPHj1fY/uXLl60LFiywhRzOBBw1+Xr5
+vpaJVnffffdCvsAAAAAANQfxhYZTUpKkiQFBQUpODi4xvo9c+aMZsyYIUkaM2aMZs6cKU/Pil/G
1q1ba8WKFWrVqpXOnDmjN9980+k+x40bp6effloeHh4VXhsbG6tx48ZJkr799lv99NNPdq9LS0uz
LWFp2bKlli5dqtDQ0Arb9/T01FNPPaVHH31UOTk5FV5f069XXl6e7rvvPk2YMMGp6wEAAAAA9YOx
AceZM2ckSSEhIU598XeVVatW2b7Yz5w5U15eXk7fGxoaqmnTpkmS3n77bWVkZDh139SpU50KBUr9
x3/8h+04Pj7e7jUff/yxbXvdOXPm6Fe/+pXT7Xt4eGjevHlq3rx5hdfWxus1efLkGv1vAgAAAABQ
+4wNONxh27Zttu1GP/roI7vXxMXFSZL69eun7t27V7qPESNGSCop7rlr164Krw8LC1OvXr0q1UfZ
caWmptq9Zu3atbbjUaNGVap9qWSGxQMPPFDhdTX9enXo0EGRkZGV7gcAAAAAYDZjA462bdtKkiwW
i6xWa430WVBQoK+++kqSdNttt1WpjS5duigoKEiSdODAgQqv79evX6VnIwQGBtqO7c16KCws1I4d
[...]
iHXr1mnixIl1ZkeV/Px8h7M3oqOj68w4K6uhv//4HAQAAHCsbn0zrmFTAkL0ZsZp/bPoyr84JRTm
6pEzR/VJ8HVOtRPg2UhL24ZLbcO1PT9L2/KylVVcpH3/rufR09tP/p6NNNC3RZWKgY62JNmtDdKx
kbemuHFXl7po+vTpCggI0B//+EcVFBRow4YN2rBhg91r//SnP2n69On68ccfXT6ORo0a6aWXXtKA
AQM0bdo07d69W6mpqXr77bcd3tOnTx/NnTvXpV8yUPP69eunnTt3KiMj44rzFotFK1eu1Pjx42tp
ZFdavny53dogLVu2VL9+/WphRK7T0N9/fA4CAADY16ADDqlkBsQjZ45edX7thfN6Ju2YFgR1rlR7
A3z8XbqjySNnjjpcMjPDiV1X6htPT09NnjxZI0eO1Jo1a7Rt2zYdOHBAp0+fVmhoqMLCwtS/f3+N
GDFC1157rdvHEx0drUGDBumbb77Rli1btHv3bh0+fFjp6ekKDQ1Vhw4d1Lt3bw0aNEh9+/ZVkyZN
3D4muF90dLRWrlx51fnExETFxcUpJiamFkb1/1auXOlwyUx0dHQNj8Z9Gur7j89BAAAA+zyszpZh
r8cGnzygHfnZdh97r214rdW4WJZ91m74IpUUJ10d4twMEwCut2jRIqWkpNh9bOzYsbVW42LPnj12
wxdJioiIqDMzTAAAAABXI+BQSY2LwScT9ZODLWKnBATrtUrO5KiuR84c1TI7W8JKJdvCOrvzCgD3
yM/P16JFi3T69Gm7j/fr108jRoyo0TGtXLlSe/bssftYcHCwHnvsMWNrbwAAAAAVIeD4t4TCXA0+
ecBhkdABPv76JORat4cKmcVFGm1Jcrgsxd/TS/EdeqpTY2+3jgNAxSwWixYtWqSCggK7j4eFhemB
Bx5we6iQn5+v5cuXO1yW0rRpUz399NNq2bKlW8cBAAAA1CYCjjK252dpyMlEh4/f6O2nBUGdXFpj
45f9P5OWaregaKkt7SPc1j+AyktOTtbixYsdPh4SEqIRI0YoLCzMbf2vW7fObkHRUhMnTnRb/wAA
AEBdQcDxC+XVvSg1wMdfC4I66UZvP5f0mVCYq2fSUh3O2ihVm/VAADhWXt2LUmFhYRoxYoRCQlyz
85HFYtG6descztooVZv1QAAAAICaRMBhx/b8LI2yHHa4XKXU+BZtFOsXqP6+LSq9dCWzuEg78rK1
Nve8w1obpfw9vbQ65DpmbgB1WHJyspYtW+ZwuUqpyMhIRUREqEuXLpVeupKfn6+UlBQlJiY6rLVR
qmnTpho/fjwzNwAAANBgEHA4kFCYq4fOHHVYePSXYpsF6kZvPw38dwjh7+llm+GRUJhrC0u25Wdp
e152hbM1St3g7afVwddRcwMwgMVi0UcffeSw8OgvRUREKCQkxBZCNG3a1DbDw2Kx2MKS5ORkpaSk
VDhbo1RwcLAefPBBam4AAACgQSHgKEdmcZFGWQ473ELW3WL8ArX0mnB2SwEMkp+fr2XLljncQtbd
IiIiNHbsWHZLAQAAQINDwOGEZdlnNSf9hP5ZVFgj/XVs5K0ZrUKptwEYbM+ePdq8ebMyMjJqpL+W
LVsqOjqaehsAAABosAg4KuGNTIvmpJ+osDZHVfl7emlGq1BNCXBNEUIAte/rr7/W5s2bK6zNUVVN
mzZVdHS0+vXr55b2AQAAAFMQcFRSZnGRlmWf1bLsNKfrc1TkBm8/jW8RpPEt2rAcBaiH8vPztWfP
Hu3Zs8fp+hwVCQ4OVmRkpCIjI1mOAgAAAIiAo1pSLxVqe36W1l44r7jc85W6N8YvULHNAjXAx58C
okADkpGRoeTkZCUmJioxMbFS90ZERCgiIkJhYWEUEAUAAAB+gYDDxUp3R8m8fFn7/j3Do6e3nwK8
vCSJrV4BXKV0d5SCggJZLBZJUkhIiJo2bSpJbPUKAAAAOIGAAwAAAAAAGM+ztgcAAAAAAABQXQQc
AAAAAADAeAQcAAAAAADAeAQcAAAAAADAeAQcAAAAAADAeAQcAAAAAADAeAQcAAAAAADAeAQcAAAA
AADAeAQcAAAAAADAeAQcAAAAAADAeAQcAAAAAADAeAQcAAAAAADAeAQcAAAAAADAeAQcAAAAAADA
eAQcAAAAAADAeAQcAAAAAADAeAQcAAAAAADAeAQcAAAAAADAeAQcAAAAAADAeAQcAAAAAADAeAQc
AAAAAADAeAQcAAAAAADAeAQcAAAAAADAeAQcAAAAAADAeAQcAAAAAADAeAQcAAAAAADAeAQcAAAA
AADAeAQcAAAAAADAeAQcAAAAAADAeAQcAAAAAADAeAQcAAAAAADAeAQcAAAAAADAeAQcAAAAAADA
eAQcAAAAAADAeAQcAAAAAADAeAQcAAAAAADAeAQcAAAAAADAeAQcAAAAAADAeAQcAAAAAADAeAQc
AAAAAADAeAQcAAAAAADAeAQcAAAAAADAeAQcAAAAAADAeAQcAAAAAADAeAQcAAAAAADAeAQcAAAA
AADAeAQcAAAAAADAeAQcAAAAAADAeAQcAAAAAADAeAQcAAAAAADAeAQcAAAAAADAeAQcAAAAAADA
eAQcAAAAAADAeAQcAAAAAADAeAQcAAAAAADAeAQcAAAAAADAeAQcAAAAAADAeAQcAAAAAADAeAQc
AAAAAADAeAQcAAAAAADAeAQcAAAAAADAeAQcAAAAAADAeAQcAAAAAADAeAQcAAAAAADAeAQcAAAA
AADAeAQcAAAAAADAeAQcAAAAAADAeAQcAAAAAADAeAQcAAAAAADAeAQcAAAAAADAeAQcAAAAAADA
eAQcAAAAAADAeAQcAAAAAADAeAQcAAAAAADAeAQcAAAAAADAeAQcAAAAAADAeAQcAAAAAADAeAQc
AAAAAADAeAQcAAAAAADAeAQcAAAAAADAeAQcAAAAAADAeAQcAAAAAADAeAQcAAAAAADAeAQcAAAA
AADAeAQcAAAAAADAeAQcAAAAAADAeAQcAAAAAADAeAQcAAAAAADAeAQcAID/Y+/eo+eu6zuPv2fm
lxsBQgiJCdeQkAhSFrqt64qyCtvSWqt0t1WPbLEooFwtu7J2qyjuYrdrra1gAeViwWWp9y49rdfT
UnRla7vHgoC65GLCVRMuCZD8CPnNzP4R5reTkARI8mPm9evjcc6cOXN//+b31/d5Pt/PAABAPIED
AAAAiCdwAAAAAPEEDgAAACCewAEAAADEEzgAAACAeAIHAAAAEE/gAAAAAOIJHAAAAEA8gQMAAACI
J3AAAAAA8QQOAAAAIJ7AAQAAAMQTOAAAAIB4AgcAAAAQT+AAAAAA4gkcAAAAQDyBAwAAAIgncAAA
AADxBA4AAAAgnsABAAAAxBM4AAAAgHgCBwAAABBP4AAAAADiCRwAAABAPIEDAAAAiCdwAAAAAPEE
DgAAACCewAEAAADEEzgAAACAeAIHAAAAEE/gAAAAAOIJHAAAAEA8gQMAAACIJ3AAAAAA8QQOAAAA
IJ7AAQAAAMQTOAAAAIB4AgcAAAAQT+AAAAAA4gkcAAAAQDyBAwAAAIgncAAAAADxBA4AAAAgnsAB
AAAAxBM4AAAAgHgCBwAAABBP4AAAAADiCRwAAABAPIEDAAAAiCdwAAAAAPEEDgAAACCewAEAAADE
EzgAAACAeAIHAAAAEE/gAAAAAOIJHAAAAEA8gQMAAACIJ3AAAAAA8QQOAAAAIJ7AAQAAAMQTOAAA
AIB4AgcAAAAQT+AAAAAA4gkcAAAAQDyBAwAAAIgncAAAAADxBA4AAAAgnsABAAAAxBM4AAAAgHgC
BwAAABBP4AAAAADiCRwAAABAPIEDAAAAiCdwAAAAAPEEDgAAACCewAEAAADEEzgAAACAeAIHAAAA
EE/gAAAAAOIJHAAAAEA8gQMAAACIJ3AAAAAA8QQOAAAAIJ7AAQAAAMQTOAAAAIB4AgcAAAAQT+AA
AAAA4gkcAAAAQDyBAwAAAIgncAAAAADxBA4AAAAgnsABAAAAxBM4AAAAgHgCBwAAABBP4AAAAADi
CRwAAABAPIEDAAAAiCdwAAAAAPEEDgAAACCewAEAAADEEzgAAACAeAIHAAAAEE/gAAAAAOIJHAAA
AEA8gQMAAACIJ3AAAAAA8QQOAAAAIJ7AAQA2daW1AAAgAElEQVQAAMQTOAAAAIB4AgcAAAAQT+AA
AAAA4gkcAAAAQDyBAwAAAIgncAAAAADxBA4AAAAgnsABAAAAxBM4AAAAgHgCBwAAABBP4AAAAADi
CRwAAABAPIEDAAAAiCdwAAAAAPEEDgAAACCewAEAAADEEzgAAACAeAIHAAAAEE/gAAAAAOIJHAAA
AEA8gQMAAACIJ3AAAAAA8QQOAAAAIJ7AAQAAAMQTOAAAAIB4AgcAAAAQT+AAAAAA4gkcAAAAQDyB
AwAAAIgncAAAAADxBA4AAAAgnsABAAAAxBM4AAAAgHgCBwAAABBP4AAAAADiCRwAAABAPIEDAAAA
iCdwAAAAAPEEDgAAACCewAEAAADEEzgAAACAeAIHAAAAEE/gAAAAAOIJHAAAAEA8gQMAAACIJ3AA
AAAA8QQOAAAAIJ7AAQAAAMQTOAAAAIB4AgcAAAAQT+AAAAAA4gkcAAAAQDyBAwAAAIgncAAAAADx
BA4AAAAgnsABAAAAxBM4AAAAgHgCBwAAABBP4AAAAADiCRwAAABAPIEDAAAAiCdwAAAAAPEEDgAA
ACCewAEAAADEEzgAAACAeAIHAAAAEE/gAAAAAOIJHAAAAEA8gQMAAACIJ3AAAAAA8QQOAAAAIJ7A
AQAAAMQTOAAAAIB4AgcAAAAQT+AAAAAA4gkcAAAAQDyBAwAAAIgncAAAAADxBA4AAAAgnsABAAAA
xBM4AAAAgHgCBwAAABBP4AAAAADiCRwAAABAPIEDAAAAiCdwAAAAAPEEDgAAACCewAEAAADEEzgA
AACAeAIHAAAAEE/gAAAAAOIJHAAAAEA8gQMAAACIJ3AAAAAA8QQOAAAAIJ7AAQAAAMQTOAAAAIB4
AgcAAAAQT+AAAAAA4gkcAAAAQDyBAwAAAIgncAAAAADxBA4AAAAgnsABAAAAxBM4AAAAgHgCBwAA
ABBP4AAAAADiCRwAAABAPIEDAAAAiCdwAAAAAPEEDgAAACCewAEAAADEEzgAAACAeAIHAAAAEE/g
AAAAAOIJHAAAAEA8gQMAAACIJ3AAAAAA8QQOAAAAIJ7AAQAAAMQTOAAAAIB4AgcAAAAQT+AAAAAA
4gkcAAAAQDyBAwAAAIgncAAAAADxBA4AAAAgnsABAAAAxBM4AAAAgHgCBwAAABBP4AAAAADiCRwA
AABAPIEDAAAAiCdwAAAAAPEEDgAAACCewAEAAADEEzgAAACAeAIHAAAAEE/gAAAAAOIJHAAAAEA8
gQMAAACIJ3AAAAAA8QQOAAAAIJ7AAQAAAMQTOAAAAIB4AgcAAAAQT+AAAAAA4gkcAAAAQDyBAwAA
AIgncAAAAADxBA4AAAAgnsABAAAAxBM4AAAAgHgCBwAAABBP4AAAAADiCRwAAABAPIEDAAAAiCdw
AAAAAPEEDgAAACCewAEAAADEEzgAAACAeAIHAAAAEE/gAAAAAOIJHAAAAEA8gQMAAACIJ3AAAAAA
8QQOAAAAIJ7AAQAAAMQTOAAAAIB4AgcAAAAQT+AAAAAA4gkcAAAAQDyBAwAAAIgncAAAAADxBA4A
AAAgnsABAAAAxBM4AAAAgHgCBwAAABBP4AAAAADiCRwAAABAPIEDAAAAiCdwAAAAAPEEDgAAACCe
wAEAAADEEzgAAACAeAIHAAAAEE/gAAAAAOIJHAAAAEA8gQMAAACIJ3AAAAAA8QQOAAAAIJ7AAQAA
AMQTOAAAAIB4AgcAAAAQT+AAAAAA4gkcAAAAQDyBAwAAAIgncAAAAADxBA4AAAAgnsABAAAAxBM4
AAAAgHgCBwAAABBP4AAAAADiCRwAAABAPIEDAAAAiCdwAAAAAPEEDgAAACCewAEAAADEEzgAAACA
eAIHAAAAEE/gAAAAAOIJHAAAAEA8gQMAAACIJ3AAAAAA8QQOAAAAIJ7AAQAAAMQTOAAAAIB4AgcA
AAAQT+AAAAAA4gkcAAAAQDyBAwAAAIgncAAAAADxBA4AAAAgnsABAAAAxBM4AAAAgHgCBwAAABBP
4AAAAADiCRwAAABAPIEDAAAAiCdwAAAAAPEEDgAAACCewAEAAADEEzgAAACAeAIHAAAAEE/gAAAA
AOIJHAAAAEA8gQMAAACIJ3AAAAAA8QQOAAAAIJ7AAQAAAMQTOAAAAIB4AgcAAAAQT+AAAAAA4gkc
AAAAQDyBAwAAAIgncAAAAADxBA4AAAAgnsABAAAAxBM4AAAAgHgCBwAAABBP4AAAAADiCRwAAABA
PIEDAAAAiCdwAAAAAPEEDgAAACCewAEAAADEEzgAAACAeAIHAAAAEE/gAAAAAOIJHAAAAEA8gQMA
AACIJ3AAAAAA8QQOAAAAIJ7AAQAAAMQTOAAAAIB4AgcAAAAQT+AAAAAA4gkcAAAAQDyBAwAAAIgn
cAAAAADxBA4AAAAgnsABAAAAxBM4AAAAgHgCBwAAABBP4AAAAADiCRwAAABAPIEDAAAAiCdwAAAA
APEEDgAAACCewAEAAADEEzgAAACAeAIHAAAAEE/gAAAAAOIJHAAAAEA8gQMAAACIJ3AAAAAA8QQO
AAAAIJ7AAQAAAMQTOAAAAIB4AgcAAAAQT+AAAAAA4gkcAAAAQDyBAwAAAIgncAAAAADxBA4AAAAg
nsABAAAAxBM4AAAAgHgCBwAAABBP4AAAAADiCRwAAABAPIEDAAAAiCdwAAAAAPEEDgAAACCewAEA
AADEEzgAAACAeAIHAAAAEE/gAAAAAOIJHAAAAEA8gQMAAACIJ3AAAAAA8QQOAAAAIJ7AAQAAAMQT
OAAAAIB4AgcAAAAQT+AAAAAA4gkcAAAAQDyBAwAAAIgncAAAAADxBA4AAAAgnsABAAAAxBM4AAAA
gHgCBwAAABBP4AAAAADiCRwAAABAPIEDAAAAiCdwAAAAAPEEDgAAACCewAEAAADEEzgAAACAeAIH
AAAAEE/gAAAAAOIJHAAAAEA8gQMAAACIJ3AAAAAA8QQOAAAAIJ7AAQAAAMQTOAAAAIB4AgcAAAAQ
T+AAAAAA4gkcAAAAQDyBAwAAAIgncAAAAADxBA4AAAAgnsABAAAAxBM4AAAAgHgCBwAAABBP4AAA
AADiCRwAAABAPIEDAAAAiCdwAAAAAPEEDgAAACCewAEAAADEEzgAAACAeAIHAAAAEE/gAAAAAOIJ
HAAAAEA8gQMAAACIJ3AAAAAA8QQOAAAAIJ7AAQAAAMQTOAAAAIB4AgcAAAAQT+AAAAAA4gkcAAAA
QDyBAwAAAIgncAAAAADxBA4AAAAgnsABAAAAxBM4AAAAgHgCBwAAABBP4AAAAADiCRwAAABAPIED
AAAAiCdwAAAAAPEEDgAAACCewAEAAADEEzgAAACAeAIHAAAAEE/gAAAAAOIJHAAAAEA8gQMAAACI
J3AAAAAA8QQOAAAAIJ7AAQAAAMQTOAAAAIB4AgcAAAAQT+AAAAAA4gkcAAAAQDyBAwAAAIgncAAA
AADxBA4AAAAgnsABAAAAxBM4AAAAgHgCBwAAABBP4AAAAADiCRwAAABAPIEDAAAAiCdwAAAAAPEE
DgAAACCewAEAAADEEzgAAACAeAIHAAAAEE/gAAAAAOIJHAAAAEA8gQMAAACIJ3AAAAAA8QQOAAAA
IJ7AAQAAAMQTOAAAAIB4AgcAAAAQT+AAAAAA4gkcAAAAQDyBAwAAAIgncAAAAADxBA4AAAAgnsAB
AAAAxBM4AAAAgHgCBwAAABBP4AAAAADiCRwAAABAPIEDAAAAiCdwAAAAAPEEDgAAACCewAEAAADE
EzgAAACAeAIHAAAAEE/gAAAAAOIJHAAAAEA8gQMAAACIJ3AAAAAA8QQOAAAAIJ7AAQAAAMQTOAAA
AIB4AgcAAAAQT+AAAAAA4gkcAAAAQDyBAwAAAIgncAAAAADxBA4AAAAgnsABAAAAxBM4AAAAgHgC
BwAAABBP4AAAAADiCRwAAABAPIEDAAAAiCdwAAAAAPEEDgAAACCewAEAAADEEzgAAACAeAIHAAAA
EE/gAAAAAOIJHAAAAEA8gQMAAACIJ3AAAAAA8QQOAAAAIJ7AAQAAAMQTOAAAAIB4AgcAAAAQT+AA
AAAA4gkcAAAAQDyBAwAAAIgncAAAAADxBA4AAAAgnsABAAAAxBM4AAAAgHgCBwAAABBP4AAAAADi
CRwAAABAPIEDAAAAiCdwAAAAAPEEDgAAACCewAEAAADEEzgAAACAeAIHAAAAEE/gAAAAAOIJHAAA
AEA8gQMAAACIJ3AAAAAA8QQOAAAAIJ7AAQAAAMQTOAAAAIB4AgcAAAAQT+AAAAAA4gkcAAAAQDyB
AwAAAIgncAAAAADxBA4AAAAgnsABAAAAxBM4AAAAgHgCBwAAABBP4AAAAADiCRwAAABAPIEDAAAA
iCdwAAAAAPEEDgAAACCewAEAAADEEzgAAACAeAIHAAAAEE/gAAAAAOIJHAAAAEA8gQMAAACIJ3AA
AAAA8QQOAAAAIJ7AAQAAAMQTOAAAAIB4AgcAAAAQT+AAAAAA4o0MeoA9qdvtbnUNAAAAPFuj0djq
ejKYFIGj2+1Wp9OpTqdT3W5X4AAAAICdaDQa1Wg0qtlsVrPZnBShIzpw9MJGu92utU8/Xp9/5La6
5fG76s7R+2rN2PpqdzuDHhEAAACGRqvRrHkjs+qYGYfUifv+TL15zvE1d+q+1Wq14kNHoxu63KHb
7dbY2Fi12+36L/d/oS5b81VBAwAAAF6AVqNZvz3vdfXBg99UrVarRkZGYiNHZODodDo1NjZWdz95
b52z+tq6feOqQY8EAAAAsY7ba2FdddiZdfTeh9bIyEg1m3m/SRIVOHr7a/Tixr9d/rF6aPNjgx4L
AAAA4i2YMru+fMR7xiNHb5+OFDFJptdh2u12jY2N1dmrrhE3AAAAYA95aPNjdfaqa8a3g6jK+pXS
iMDR+0J7p6Zc+sAX647R1QOeCgAAACaXO0ZX16UPfLHGxsaq09myz2VK5Bj6wNH7InunpqzZtL4u
X/u1AU8FAAAAk9Pla79Wazatr7Gxsa2OyYfdUAeO/i+y3W5Xu92uLzz6v/1aCgAAAEyQdrez5dj7
mePwlMgxtIGj/wvsXdrtdv3tE3cPeDIAAACY3P72ibvH40bvUjXckWNoA0fV/48bnU5nvBzd9dT9
gx4LAAAAJrW7nrp//Di80+lsFTmG1VAGjv4vrT9ydDqdWtt+fICTAQAAwOS3tv34+HH4tnFjWEPH
UAaOqq1PTek/RcX+GwAAADCx2t3Os05RGfZVHEMbOKqevXqj9xM1AAAAwMTqPxYf9rhRNYSBY3ub
i/ZHDgAAAGDibRs3hn2z0aELHFXb34MjoRYBAADAZLGj4/FhPTYfysDRk3SuDwAAAEwmacfkQxs4
drSKAwAAAJh4Sas3qoY4cGxL4AAAAIAXT9pxeEzgAAAAANgRgQMAAACIJ3AAAAAA8QQOAAAAIJ7A
AQAAAMQTOAAAAIB4AgcAAAAQT+AAAAAA4gkcAAAAQDyBAwAAAIgncAAAAADxBA4AAAAgnsABAAAA
xBM4AAAAgHgCBwAAABBP4AAAAADiCRwAAABAPIEDAAAAiCdwAAAAAPFGBj0AALC1G5ZeUG+Z+6pq
dzv1jmVX1OfWfme33u8LR11Ub9j/56uq6uzln6rrf3rLC55lT3jjD36/vvHYHdt97N0H/kr9weFv
q6qqx8Y21El3XlI/3Hj/Ln3OuxacXJctekdVVa146if16jveX4+NbdjqOct//oo6eNqcXXr/nTn9
nk/UZ3fz/wUA7BorOABgSLUazfrjRafX0XsdMuhRJtzlD36lvvrYP1ZV1eyRmfXJI965S+9z9F6H
1H8+9C1VVbWps7nOX3Hts+IGADA5WcEBAENs/5F96rql59VJ37+kNnY2DXSWbzx2Ry176qFdfv2q
p9bu9PHzl19T/+vY36sFU2fXK/ZZWh8+7NS6ePVNL+gzrjzirNpvZGZVbYkmt6y7a7vPu/6nt9Ts
KXvv9L0OmTqn3jjn5VVVtXz0J/X1dbc/5+ffM7rr3w8AsHsEDgAYcsfNXFifWHxGnbHsyoHO8Tfr
76yPP/CXE/b+Dzz9aF304xvqM0vfXa1Gsy448HV1y/o766/X3fm8Xn/pYW+tV+yztKqqvvvEPfWB
1X+2w+d++L4vPuf7/bt5/2o8cKzetLbes/L65zUHADAYTlEBgACnzjuhzlnwS4MeY8J96eG/qxvW
bNkjZFpzSl2++Iya/cyKjJ157ayj690H/kpVbdnD4+zlV0/onADA8BE4AGCIPTr2RFVVNapRlx72
1jp+3yMHPNHEu2jlZ+oHz2wwunj6/PrjZzYM3ZFZrb3qE4vPrGnNKVVV9cHVn93lDUoBgFwCBwAM
sSse/Frdu+nhqqrauzW9rllydh0wZd8BTzWxNnY21fkrrq3RztNVVfWWucfXafNes8Pn/9Gi02vJ
jAVVVfXnj3y3rvnJN1+UOQGA4SJwAMAQ29DZVO9a/snxg/3F0+fXNUvOGfBUE++2x39Uf3j/zVW1
ZfXKf1v4m+MRo99b555Qp847oaqq7t30cP32ik+/qHMCAMND4ACAIXfLurvqQ6s/N377dbN/ti4+
9DcGONGL4/fu+1J9a/0PqqpqzpR96srFZ231+MLp8+oPDj+tGtWosW67Llz56Vqzef0gRgUAhoDA
AQABLnvwr+qza78zfvu9B/9avX7/nxvgRC+O81ZcU49s3rIPyQmzXlYfOPRN449dufismvvM6Tqf
fOgb9ZVHvzeQGQGA4SBwAECIC1ZcW9/fsLqqqqY2RuqKxWfVoukvGfBUE2vZ6EP1vtU3Vbe6VVX1
noPeWK/e96h678G/Viftd0xVVX3vyZX1u6tuHOSYAMAQEDgAIMQT7dF6xz1XjP+yyvyp+9V1S86t
KY3WgCebWDf89Jb6/NrbqqpqenNKfWrJu+p3Dv43VbXlOzl/xbW1udse5IgAwBAYGfQAAMDzd9fG
e+vCFX9an156Xo00WvXKfV9aHz38t+rClRO/ueZJs46pQ6Yd8IJf9631d9fNj/zDbn32hSs/XS/f
54haNP0ltXj6/PH7L733C/W9J1fu1nsDAJODwAEAYT7/8G113N6H13846A1VVfXOBb9Y/+fJFXXj
mlsn9HNPnn1snVzH7tJrdzdwPDa2oS768Q315aPeO37f3z+xrC5/8Cu79b4AwOThFBUACPS+Vf+j
/nrdnVVV1axGffTwt9VxMxcOdqgJ9utz/uVWt4+dubBOnr1rwQUAmHys4ACAUGcsu6Ju/WeX1mHT
5tbskZl17dJz68TvX1JPtEcn5PP+06ob6+MP/OWEvPdzOW3ea+rUeSdUVdXmbrumNFo1rTmlPrH4
zHrVHe+vhzc/PpC5AIDhYQUHAIT6ydPr6qxlV9XGzqaqqvqZvQ6tK49454Cn2vOOnHFQfeTw06pR
jepWt85dfnX945M/rqqqw6bNrSsWnzXgCQGAYSBwAECwb63/QX1w9WfHb7/pgFfWhQf96gAn2vOu
XnJ27T+yd1VV3bTm2/Xf19xa5yz/VK1vb6yqqlPmvLzOW/DLgxwRABgCAgcAhPuTB79aN6359vjt
Sw59c7121tEDnGjP+cjhp9W/2GdJVVX939EH68KVf1pVVbdvWFUfWv258eddcthb6p/vvWggMwIA
w0HgAIBJ4PwV19btG1ZVVdWM5tT61JKza/7U/QY71G56/f4/V+c+szJjtPN0nbv86q32F7nqoa/X
nz/y3aqq2rc1o6464p01vTllILMCAIMncADAJLCxs6nefs+f1CObn6iqLXtTXLfkvAFPtesOnLp/
XbboHTWl0aqqqo/e/z/rO4//6FnPu2DFdbXqqTVVteVXVf7w8N96UecEAIaHwAEAk8QPN95f7155
XY1121VV9a/3O6Y+fNipA55q11x5xFl18LQ5VVV1y7q76r/e9+XtPu/hzY/XBSuuq02dzVVV9faX
nFRvOuCVL9qcAMDwEDgAYBL50sN/Vx9/4K/Gb1940Otr6YwDBzjRC3fRwW+sX579s1VVtWbz+jpn
xdU7ff43191Rlz/4laqqajWa9bFFp9fC6fMmfE4AYLgIHAAwyVy8+qb65ro7qqpqpNGqlwYFjlfu
+9J63yG/XlVVnerWRStvGD8FZWc+sPrP6rZnTmGZN2VWffKId03onADA8BE4AGASOuOeK+vHzyMM
DJN9ntkodK/mtKqquv6nf1Off/i25/36s5dfPb4HyWtnHV0XH/obEzInADCcRgY9AACw563ZvL7O
XHZl/cXLfrdmtqbtkfc8adYxdci0A3b59Q9uerQ+9sBf7PDxjy96ex0546Cqqrpr47110crPvKD3
v2f0wfqdVTfWNUvOrkY16qKDTqlvr/9h3br+7l2eGQDIIXAAwCT1ncd/VBevvqn+aNHp1ajGbr/f
ybOPrZPr2F1+/fc3rN5h4Dht3mvq1HknVFXVk+2n6tzl19TGzqYX/Bk3rrm1XjvrZfWb815T05tT
6sojzqpX3/H+emxswy7PDQBkcIoKAExiVz309bpxzbcGPcZOHTnjoPrI4aeNR5jfv+/L9fdPLNvl
9/v3K6+vH40+UFVVi6fPr8sXn7lH5gQAhluj2+12Bz1Ev263W91utzqdTnU6nWq32zU2NlabNm2q
0dHRWnLvfxz0iAAAADDpLTv0ozVjxoyaNm1ajYyMVKvVqmazWc1msxqNRjUau79CdE+yggMAAACI
J3AAAAAA8QQOAAAAIJ7AAQAAAMQTOAAAAIB4AgcAAAAQT+AAAAAA4gkcAAAAQDyBAwAAAIgncAAA
AADxBA4AAAAgnsABAAAAxBM4AAAAgHgCBwAAABBP4AAAAADiCRwAAABAPIEDAAAAiCdwAAAAAPEE
DgAAACCewAEAAADEEzgAAACAeAIHAAAAEE/gAAAAAOLFBY5WI25kAAAAiJJ47B038ZzG3oMeAQAA
ACa1xGPvmMDRaDSq0WjUkSPzBz0KAAAATGpHjswfPw5PERM4el41femgRwAAAIBJLfHYOyZwNBqN
ajab9aszjos8FwgAAAAStBpbjr2bzaYVHBOl2WzW/q2Zdfq04wc9CgAAAExKp087vvZvzaxmMyoZ
ZAWO3iqOC2b+Qh3VWjDocQAAAGBSOaq1oC6Y+QtxqzeqwgJH1ZZVHK1Wqz40/Q01t7HPoMcBAACA
SWFuY5/60PQ3VKvVilu9URUUOHq7tzYajWq1WrVk6vy6bNqb68imX1UBAACA3XFkc8sx9pKp86vV
am11DJ5iaANH70vs/1J7p6g0m80aGRmppdMW1HVTT6u3tV5Rzcr50gEAAGAYNKtRb2u9oq6belot
nbagRkZGxo+7tz0er6qhDh6NbrfbHfQQ/brd7vil0+lUu92udrtdY2NjtXnz5h1eHhl7sr7Z+WH9
Q2dVLeuurUdrQ3VqqP40AAAAGKhmNWr/mllLGnPr5c2F9YvNo2rOyN41ZcqUHV5GRkaq1WqNn7oy
rKs7hjJwVFV1Op3qdrvjgaPdbtfmzZu3Ch1jY2Pjl95zemEEAAAA2L5eqOiFi5GRkfFLf9iYMmXK
+HN6p6709ucYtsAxMugBttVoNKrb7W51ve3pKa1WazyA9IJI77GqEjgAAABgJ3rHz71VGf0Ro3ff
9lZrDPOpKkMXOPr1h41ut1utVmurU1j6n9fpdMb/QUO2KAUAAACGSi9Q9C8k6K3g2FnoGGZDGTj6
v7QdRY7+x5vNZnU6nfFVHQAAAMDObXumRC9y7GwVxzCHjqEMHP36z+/ZNmz0/zN6gWPb5wEAAABb
294Kjh2dptKLHMNuaAPHtl9ef+jov69/Bce2p64AAAAA27e9/S77r5NWb1QNceDo6a9Kvdu9S2/f
jW1PTxE5AAAAYMf6NwvtX6mx7aqNlP03qoY8cPT/kkpVjceMbWNHb38OgQMAAACeW3/g6D+23t71
MP9ySr9GN6AG9IeL7V3svQEAAAAvXP+Cgu2djpISN6qGfAVHz7YrOfrv679f4AAAAIDnb3srOfpv
9z9n2EWs4OjpH3VHp6QE/TkAAAAwMNsuIuhdb+/+BFGBo2dHQSPwTwEAAICB2VHMSAobPZGBoyd4
dAAAABg6iWGjJ2IPjh3Z3hcvegAAAMBzS44Z2xMdOLZnsv2DAAAAgOfWHPQAAAAAALtL4AAAAADi
CRwAAABAPIEDAAAAiCdwAAAAAPEEDgAAACCewAEAAADEEzgAAACAeAIHAAAAEE/gAAAAAOIJHAAA
AEA8gQMAAACIJ3AAAAAA8QQOAAAAIJ7AAQAAAMQTOAAAAIB4AgcAAAAQT+AAAAAA4gkcAAAAQDyB
AwAAAIgncAAAAADxBA4AAAAgnsABAAAAxGtUVXfQQwAAAADsDis4AAAAgHgCBwAAABBP4AAAAADi
CRwAAABAPIEDAAAAiCdwAAAAAPEEDgAAACCewAEAAADEEzgAAACAeAIHAAAAEE/gAAAAAOIJHAAA
AEA8gQMAAACIJ3AAAAAA8QQOAAAAIJ7AAQAAAMQTOAAAAIB4AgcAAAAQT+AAAAAA4gkcAAAAQDyB
AwAAAIgncAAAAADxBA4AAAAgnsABAAAAxBM4AAAAgHgCBwAAABBP4AAAAADiCRwAAABAPIEDAAAA
iCdwAAAAAPEEDgAAACCewAEAAADEEzgAAACAeAIHAAAAEE/gAAAAAOIJHAAAAEA8gQMAAACIJ3AA
AAAA8QQOAAAAIJ7AAQAAAMQTOAAAAIB4AgcAAAAQT+AAAAAA4o0MegBg1y1cuLBOOeWUqqq6+eab
a9WqVYMdCAAAYEAaVdUd9BDAC3fJJZfUhRdeWPvtt19VVa1bt65OPPHEuv322wc8GfBPWbPZrBkz
ZtTMmTNrxowZNXXq1Go0GlVV1e126+mnn67R0dHasGFDjY6OVqfTGfDEAP+vvfuHqer+/zj+FpU/
4RJvUgdxsKeLCSkDJE3apB2ui4NLsTXQwT4AAAqfSURBVEtbF8DFRgdx6lASMWrSNGnEpm2c+ONg
2YTFFU01qUvFFEPiAjVRHEh6DfDlv36HRvNLlF/9IpdzTn08VoHz2jg+OedzgX8LgQNyplQqRX9/
fyRJ8tK/3bhxI0ql0pZvAt5uVVVVUSgUYteuXbF79+5oamqK999/P/bv3x979uyJ6urqiIhYXl6O
x48fx/379+PevXsxMTERMzMz8ddff8V//vMfsQOouCRJ4sKFC9HW1pb2lBeGh4fj1KlTnsSFTSBw
QE4kSRL9/f3/GDCe/6UUoNKeh43GxsY4ePBgHD58OD744INoaGh4re+fnZ2N3377LYaGhuLWrVsx
PT0dc3NzQgdQEUmSxJ07d148/Zol5XI5WltbRQ54QwIHZFyxWIyTJ09GT0/Pa329wAFshZqammhs
bIwvv/wyjh49GkmSxI4dGzvaa3V1NaampqKvry9++eWXmJ6ejqWlpU1eDLzthoeHX5xdlkUjIyOZ
erIE8kjggAxrb2+Pnp6eV76Osh6BA6i02traOHToUHR3d0dzc3Ps3LlzU37uyspKjI+Px7lz5+La
tWuxuLi4KT8XIOLvc4Cyzn0cvBmBAzKopaUlLly4sKHzNPxiBCppx44dce7cuThx4kQUCoWKXGNu
bi5++umn6O7ujtXV1YpcA3j75CFwtLa2OjAe3oCPiYUMKRaLceHChejo6Eh7CsAr/fjjj9He3h61
tbUVu0ahUIiTJ09GsViMr776qmLXAciaLJ4PAnlSlfYA4G8nT56MyclJcQPIpB07dsSlS5cqHjee
q62tjfb29rh06dKGz/YAAN4uAgekrFQqxZ07d6K3t1e1BzKptrY2zp8/v2Vx4/9et729Pc6fP7+l
1wUA8knggJQkSRJXr16N0dHRaGlpSXsOwCvV1NTEoUOH4vjx46lEhtra2jh+/HgcOnQoampqtvz6
AEB+CByQgtOnT8edO3d8FBiQaVVVVdHY2Bjd3d0VO1D0dRQKheju7o7GxsaoqnLrAgC8mrsE2EJt
bW0xOTkZPT09XkcBMq9QKMSRI0eiubk57SnR3NwcR44cSTW0AADZJnDAFkiSJEZHR+Pq1auRJEna
cwD+0fOnNzo7O2Pnzp1pz4mdO3dGZ2dn7N2711McAMAruUOACnr+sa+Tk5NRKpXSngPw2hoaGuLg
wYOZirJJksTHH38c9fX1aU8BADJI4IAKaW9vj8nJyejq6kp7CsD/bNeuXXH48OFMfUTrjh074vPP
P/eKHwDwSgIHbLJSqRSjo6MxMDDgJhzIpaqqqnjnnXfigw8+SHvKSz766KPYvXu311QAgJe4O4BN
UiwWo7+/P0ZHR72OAuRaXV1dNDU1RUNDQ9pTXtLQ0BBNTU1RV1eX9hQAIGMEDtgEp0+fjsnJyejo
6Eh7CsAbq6+vz8Qnp6ynubnZORwAwEuy82It5FCpVIr+/v5MHcIH8Kbq6upi//79ac9Y1759+6Km
pibtGQBAxggcsEH9/f2e2AD+laqrq2PPnj1pz1jX3r17o7q6Ou0ZAEDGeEUFNqBUKokbwL/Wtm3b
Mh0QCoVCbN++Pe0ZAEDGCBywAQ4RBQAAyBaBAzZgeHg47QkAFfPs2bNYXl5Oe8a65ubmYm1tLe0Z
AEDGCBywAWNjYzE4OJj2DICKWF5ejsePH6c9Y12PHj3KdIABANIhcMAGdXR0xIEDB+Lu3btpTwHY
VAsLC3H//v20Z6zrwYMHsbS0lPYMACBjBA54A9evX4+WlpY4depUPHnyJO05AJtifn4+xsfH056x
rvHx8Zifn097BgCQMQIHbILe3t5IkiQuXryY9hSAN7awsBATExMxOzub9pSXzM7OxsTERCwsLKQ9
BQDIGIEDNkm5XI6urq5obW2NGzdupD0HYMOePn0aMzMzcfv27bSnvOT27dsxMzMTT58+TXsKAJAx
AgdssrGxsSiVStHZ2Rl//vln2nMANqRcLsfQ0FCmPq1kbW0thoaGolwupz0FAMgggQMqZGBgIFpa
WuLMmTNpTwH4n83Pz8fNmzdjamoq7SkvTE1Nxa1bt5y/AQC8ksABFVQul6Onpyfee++9GBkZSXsO
wGt7+vRpTE9PR19fX6ysrKQ9J1ZWVqKvry8ePXrk9RQA4JUEDtgCU1NT0dbWFgcOHPDaCpAbc3Nz
ceXKlbh3717aU+KPP/6IK1euxNzcXNpTAICMEjhgC12/fj2SJIkzZ874WFkg854/xXH27NlUw8Ls
7Gx8/fXX8fDhQ09vAADrEjggBT09PZEkSQwODqY9BeD/tbS0FNeuXYuff/45FhcXt/z6i4uL8e23
38avv/6aiVdlAIDsEjggJeVyOTo6OuLAgQNx9+7dtOcArGtxcTG++eabuHz5ciwtLW3ZdZeWluLy
5cvx3Xffbel1AYB8EjggZdevX4+Wlpbo7Oz02gqQWaurq3Hs2LEYHBzckic5FhcXY3BwMI4dOxar
q6sVvx4AkH8CB2TEwMBAJEkSFy9eTHsKwLpOnDgRP/zwQ0XP5JidnY2zZ8/GiRMnKnYNAODfR+CA
DCmXy9HV1RWtra1x48aNtOcAvGR1dTVOnz4d7e3tMTY2tqnnYqysrMTvv/8en332WXz//fee3ADe
OuVyOe0JkGvbIuJZ2iOAV2tra4ve3t549913X/t7tm3bVsFFAH+rqamJxsbGOHLkSBw9ejSSJInt
27dv6Getra3F1NRU9PX1xZUrV+Lhw4cOFAU23bNn2f9vj/s4eDMCB2RcsViMrq6u6Orqil27dv3j
1/vFCGyVqqqqKBQK0djYGJ988kl88cUX8eGHH0ZDQ8Nrff/s7Gzcvn07hoaG4ubNmzE9PR1zc3M+
ChaoiOHh4fj000/TnrGukZGRaGtrS3sG5JrAATmRJEn09vb+4y9mgQPYalVVVVFfXx/FYjF2794d
TU1N0dzcHPv27Yu9e/dGoVCIiIi5ubl49OhRPHjwIMbHx2NiYiJmZmaiXC7H/Py8sAFUVJIkMTY2
9lp/MNpqT548iZaWlpiamkp7CuSawAE5UyqVYmBg4JWvrSj/QNqqqqqirq4u6uvro6amJqqrq1+8
urK2thbLy8uxtLQU8/PzsbCwIGoAW+p1/2C0lUZGRqKrq0vcgE0gcEBOdXV1RU9Pz4u/Qjx58iRK
pVKMjY2lvAwAIPtaWlqiWCymdv1yuey+DTaZwAE5ViwWo6OjI8rlcgwPDzt5GwAAeGsJHAAAAEDu
VaU9AAAAAOBNCRwAAABA7gkcAAAAQO4JHAAAAEDuCRwAAABA7gkcAAAAQO4JHAAAAEDuCRwAAABA
7gkcAAAAQO4JHAAAAEDuCRwAAABA7gkcAAAAQO4JHAAAAEDuCRwAAABA7gkcAAAAQO4JHAAAAEDu
CRwAAABA7gkcAAAAQO4JHAAAAEDuCRwAAABA7gkcAAAAQO4JHAAAAEDuCRwAAABA7gkcAAAAQO4J
HAAAAEDuCRwAAABA7gkcAAAAQO4JHAAAAEDuCRwAAABA7gkcAAAAQO4JHAAAAEDuCRwAAABA7gkc
AAAAQO4JHAAAAEDuCRwAAABA7gkcAAAAQO4JHAAAAEDuCRwAAABA7gkcAAAAQO4JHAAAAEDuCRwA
AABA7gkcAAAAQO79F8BXuPCgvHJrAAAAAElFTkSuQmCC
" width="800px"&gt;</msg>
<doc>Takes a screenshot of the current page and embeds it into the log.</doc>
<status status="PASS" start="2024-01-31T17:55:04.467878" elapsed="1.206923"/>
</kw>
<kw name="Close Application" owner="AppiumLibrary">
<doc>Closes the current application and also close webdriver session.</doc>
<status status="PASS" start="2024-01-31T17:55:05.675761" elapsed="1.447641"/>
</kw>
<status status="PASS" start="2024-01-31T17:55:04.466878" elapsed="2.657527"/>
</kw>
<status status="PASS" start="2024-01-31T17:54:36.606692" elapsed="30.517713"/>
</suite>
<statistics>
<total>
<stat pass="2" fail="0" skip="0">All Tests</stat>
</total>
<tag>
</tag>
<suite>
<stat pass="2" fail="0" skip="0" id="s1" name="Appdietstep">Appdietstep</stat>
</suite>
</statistics>
<errors>
<msg time="2024-01-31T17:55:01.632324" level="WARN">Keyword 'AppiumLibrary.Tap' is deprecated. Since selenium v4, use `Tap With Positions` keyword.</msg>
</errors>
</robot>
